
2022-10-13 16:32:51    ExceptOrderAplFeedback_AP0W 例外订购申请反馈{数量:5}
2022-10-13 16:32:51    ReceivePurchaseOrder_AP11 DMS支给件总成{数量:4}
2022-10-13 16:33:51    OutSyncTicket_AW0B LMS外同步票接口{数量:12}
2022-10-13 16:33:51    ReceivePurchaseOrder_AP11 DMS支给件总成{数量:5}
2022-10-13 16:34:51    ReceivePurchaseOrder_AP11 DMS支给件总成{数量:5}
2022-10-13 16:35:51    OutSyncTicket_AW0B LMS外同步票接口{数量:4}
2022-10-13 16:35:51    VehicOverPointInfo_BM00 二厂整车过点{数量:1}
2022-10-13 16:35:51    ReceivePurchaseOrder_AP11 DMS支给件总成{数量:5}
2022-10-13 16:36:51    VehicOverPointInfo_BM00 二厂整车过点{数量:1}
2022-10-13 16:36:51    ReceivePurchaseOrder_AP11 DMS支给件总成{数量:5}
2022-10-13 16:37:51    OutSyncTicket_AW0B LMS外同步票接口{数量:14}
2022-10-13 16:37:51    ReceivePurchaseOrder_AP11 DMS支给件总成{数量:5}
2022-10-13 16:38:51    VehicOverPointInfo_BM00 二厂整车过点{数量:1}
2022-10-13 16:38:51    ReceivePurchaseOrder_AP11 DMS支给件总成{数量:5}
2022-10-13 16:38:51    VehicOverPointInfo_AM0D 整车实绩过点信息{数量:1}
2022-10-13 16:39:51    OutSyncTicket_AW0B LMS外同步票接口{数量:24}
2022-10-13 16:39:51    VehicOverPointInfo_BM00 二厂整车过点{数量:1}
2022-10-13 16:39:51    ReceivePurchaseOrder_AP11 DMS支给件总成{数量:5}
2022-10-13 16:40:51      null

2022-10-13 16:41:51    OutSyncTicket_AW0B LMS外同步票接口{数量:5}
2022-10-13 16:41:51    VehicOverPointInfo_BM00 二厂整车过点{数量:1}
2022-10-13 16:41:51    VehicOverPointInfo_AM0D 整车实绩过点信息{数量:1}
2022-10-13 16:42:52    ReceivePurchaseOrder_AP11 DMS支给件总成{数量:1}
2022-10-13 16:43:52    OutSyncTicket_AW0B LMS外同步票接口{数量:91}
2022-10-13 16:44:52    ReceivePurchaseOrder_AP11 DMS支给件总成{数量:1}
2022-10-13 16:45:52    OutSyncTicket_AW0B LMS外同步票接口{数量:6}
2022-10-13 16:45:52    ReceivePurchaseOrder_AP11 DMS支给件总成{数量:1}
2022-10-13 16:46:52    VehicOverPointInfo_BM00 二厂整车过点{数量:1}
2022-10-13 16:46:52    ReceivePurchaseOrder_AP11 DMS支给件总成{数量:3}
2022-10-13 16:46:52    VehicOverPointInfo_AM0D 整车实绩过点信息{数量:1}
2022-10-13 16:47:52    OutSyncTicket_AW0B LMS外同步票接口{数量:15}
2022-10-13 16:47:52    ReceivePurchaseOrder_AP11 DMS支给件总成{数量:3}
2022-10-13 16:47:52    VehicOverPointInfo_AM0D 整车实绩过点信息{数量:1}
2022-10-13 16:48:52    ReceivePurchaseOrder_AP11 DMS支给件总成{数量:4}
2022-10-13 16:48:52    VehicOverPointInfo_AM0D 整车实绩过点信息{数量:1}
2022-10-13 16:49:52    OutSyncTicket_AW0B LMS外同步票接口{数量:7}
2022-10-13 16:49:52    VehicOverPointInfo_BM00 二厂整车过点{数量:1}
2022-10-13 16:49:52    ReceivePurchaseOrder_AP11 DMS支给件总成{数量:4}
2022-10-13 16:49:52    VehicOverPointInfo_AM0D 整车实绩过点信息{数量:1}
2022-10-13 16:50:52    PickGoodsPlan_AJ09 取货计划{数量:1}
2022-10-13 16:50:52    VehicOverPointInfo_AM0D 整车实绩过点信息{数量:1}
2022-10-13 16:51:52    VehicOverPointInfo_BM00 二厂整车过点{数量:1}
2022-10-13 16:51:52    ReceivePurchaseOrder_AP11 DMS支给件总成{数量:1}
2022-10-13 16:51:52    VehicOverPointInfo_AM0D 整车实绩过点信息{数量:1}
2022-10-13 16:52:52    ReceivePurchaseOrder_AP11 DMS支给件总成{数量:1}
2022-10-13 16:52:52    VehicOverPointInfo_AM0D 整车实绩过点信息{数量:1}
2022-10-13 16:53:52    OutSyncTicket_AW0B LMS外同步票接口{数量:2}
2022-10-13 16:53:52    ReceivePurchaseOrder_AP11 DMS支给件总成{数量:1}
2022-10-13 16:53:52    VehicOverPointInfo_AM0D 整车实绩过点信息{数量:1}
2022-10-13 16:54:52    ReceivePurchaseOrder_AP11 DMS支给件总成{数量:1}
2022-10-13 16:54:52    VehicOverPointInfo_AM0D 整车实绩过点信息{数量:1}
2022-10-13 16:55:52    OutSyncTicket_AW0B LMS外同步票接口{数量:7}
2022-10-13 16:55:52    ReceivePurchaseOrder_AP11 DMS支给件总成{数量:1}
2022-10-13 16:55:52    VehicOverPointInfo_AM0D 整车实绩过点信息{数量:1}
2022-10-13 16:56:52    VehicOverPointInfo_BM00 二厂整车过点{数量:1}
2022-10-13 16:56:52    ReceivePurchaseOrder_AP11 DMS支给件总成{数量:1}
2022-10-13 16:56:52    VehicOverPointInfo_AM0D 整车实绩过点信息{数量:1}
2022-10-13 16:57:52    OutSyncTicket_AW0B LMS外同步票接口{数量:2}
2022-10-13 16:57:52    ReceivePurchaseOrder_AP11 DMS支给件总成{数量:1}
2022-10-13 16:57:52    VehicOverPointInfo_AM0D 整车实绩过点信息{数量:1}
2022-10-13 16:58:52    VehicOverPointInfo_BM00 二厂整车过点{数量:1}
2022-10-13 16:58:52    ReceivePurchaseOrder_AP11 DMS支给件总成{数量:3}
2022-10-13 16:58:52    VehicOverPointInfo_AM0D 整车实绩过点信息{数量:1}
2022-10-13 16:59:52    OutSyncTicket_AW0B LMS外同步票接口{数量:5}
2022-10-13 16:59:52    ReceivePurchaseOrder_AP11 DMS支给件总成{数量:3}
2022-10-13 16:59:52    VehicOverPointInfo_AM0D 整车实绩过点信息{数量:1}
2022-10-13 17:00:52    ReceivePurchaseOrder_AP11 DMS支给件总成{数量:1}
2022-10-13 17:00:52    VehicOverPointInfo_AM0D 整车实绩过点信息{数量:1}
2022-10-13 17:01:52    OutSyncTicket_AW0B LMS外同步票接口{数量:3}
2022-10-13 17:01:52    ReceivePurchaseOrder_AP11 DMS支给件总成{数量:1}
2022-10-13 17:01:52    VehicOverPointInfo_AM0D 整车实绩过点信息{数量:1}
2022-10-13 17:02:53    VehicOverPointInfo_BM00 二厂整车过点{数量:1}
2022-10-13 17:02:53    ReceivePurchaseOrder_AP11 DMS支给件总成{数量:2}
2022-10-13 17:02:53    VehicOverPointInfo_AM0D 整车实绩过点信息{数量:1}
2022-10-13 17:03:53    OutSyncTicket_AW0B LMS外同步票接口{数量:79}
2022-10-13 17:04:53    ReceivePurchaseOrder_AP11 DMS支给件总成{数量:3}
2022-10-13 17:04:53    VehicOverPointInfo_AM0D 整车实绩过点信息{数量:1}
2022-10-13 17:05:53    OutSyncTicket_AW0B LMS外同步票接口{数量:2}
2022-10-13 17:05:53    ReceivePurchaseOrder_AP11 DMS支给件总成{数量:3}
2022-10-13 17:05:53    VehicOverPointInfo_AM0D 整车实绩过点信息{数量:1}
2022-10-13 17:06:53    ReceivePurchaseOrder_AP11 DMS支给件总成{数量:5}
2022-10-13 17:06:53    VehicOverPointInfo_AM0D 整车实绩过点信息{数量:1}
2022-10-13 17:07:53    OutSyncTicket_AW0B LMS外同步票接口{数量:2}
2022-10-13 17:07:53    ReceivePurchaseOrder_AP11 DMS支给件总成{数量:5}
2022-10-13 17:07:53    VehicOverPointInfo_AM0D 整车实绩过点信息{数量:1}
2022-10-13 17:08:53    ReceivePurchaseOrder_AP11 DMS支给件总成{数量:6}
2022-10-13 17:08:53    VehicOverPointInfo_AM0D 整车实绩过点信息{数量:1}
2022-10-13 17:09:53    OutSyncTicket_AW0B LMS外同步票接口{数量:20}
2022-10-13 17:09:53    ReceivePurchaseOrder_AP11 DMS支给件总成{数量:6}
2022-10-13 17:09:53    VehicOverPointInfo_AM0D 整车实绩过点信息{数量:1}
2022-10-13 17:09:53    MaterialMasterData_AD04 sap物流主数据{数量:1}
2022-10-13 17:10:53    VehicOverPointInfo_AM0D 整车实绩过点信息{数量:1}
2022-10-13 17:11:53    OutSyncTicket_AW0B LMS外同步票接口{数量:62}
2022-10-13 17:12:53    ExceptOrderAplFeedback_AP0W 例外订购申请反馈{数量:2}
2022-10-13 17:12:53    VehicOverPointInfo_AM0D 整车实绩过点信息{数量:1}
2022-10-13 17:13:53    OutSyncTicket_AW0B LMS外同步票接口{数量:9}
2022-10-13 17:13:53    VehicOverPointInfo_AM0D 整车实绩过点信息{数量:1}
2022-10-13 17:14:53    VehicOverPointInfo_AM0D 整车实绩过点信息{数量:1}
2022-10-13 17:15:53    OutSyncTicket_AW0B LMS外同步票接口{数量:24}
2022-10-13 17:15:53    VehicOverPointInfo_AM0D 整车实绩过点信息{数量:1}
2022-10-13 17:16:53    ReceivePurchaseOrder_AP11 DMS支给件总成{数量:10}
2022-10-13 17:16:53    VehicOverPointInfo_AM0D 整车实绩过点信息{数量:1}
2022-10-13 17:17:54    OutSyncTicket_AW0B LMS外同步票接口{数量:25}
2022-10-13 17:17:54    ReceivePurchaseOrder_AP11 DMS支给件总成{数量:10}
2022-10-13 17:18:54    ReceivePurchaseOrder_AP11 DMS支给件总成{数量:12}
2022-10-13 17:18:54    VehicOverPointInfo_AM0D 整车实绩过点信息{数量:1}
2022-10-13 17:19:54    OutSyncTicket_AW0B LMS外同步票接口{数量:56}
2022-10-13 17:20:54    VehicOverPointInfo_AM0D 整车实绩过点信息{数量:1}
2022-10-13 17:21:54    OutSyncTicket_AW0B LMS外同步票接口{数量:12}
2022-10-13 17:21:54    VehicOverPointInfo_BM00 二厂整车过点{数量:1}
2022-10-13 17:22:54    VehicOverPointInfo_BM00 二厂整车过点{数量:1}
2022-10-13 17:22:54    VehicOverPointInfo_AM0D 整车实绩过点信息{数量:1}
2022-10-13 17:23:54    OutSyncTicket_AW0B LMS外同步票接口{数量:7}
2022-10-13 17:23:54    VehicOverPointInfo_AM0D 整车实绩过点信息{数量:1}
2022-10-13 17:24:54    VehicOverPointInfo_BM00 二厂整车过点{数量:1}
2022-10-13 17:24:54    SuperBom_AG03 超级bom{数量:3}
2022-10-13 17:24:54    VehicOverPointInfo_AM0D 整车实绩过点信息{数量:1}
2022-10-13 17:25:54    OutSyncTicket_AW0B LMS外同步票接口{数量:23}
2022-10-13 17:25:54    SuperBom_AG03 超级bom{数量:3}
2022-10-13 17:26:54    VehicOverPointInfo_AM0D 整车实绩过点信息{数量:1}
2022-10-13 17:27:54    OutSyncTicket_AW0B LMS外同步票接口{数量:5}
2022-10-13 17:27:54    VehicOverPointInfo_BM00 二厂整车过点{数量:1}
2022-10-13 17:28:54    VehicOverPointInfo_AM0D 整车实绩过点信息{数量:1}
2022-10-13 17:29:55    VehicOverPointInfo_BM00 二厂整车过点{数量:1}
2022-10-13 17:29:55    VehicOverPointInfo_AM0D 整车实绩过点信息{数量:1}
2022-10-13 17:30:55    ReceivePurchaseOrder_AP11 DMS支给件总成{数量:2}
2022-10-13 17:30:55    VehicOverPointInfo_AM0D 整车实绩过点信息{数量:1}
2022-10-13 17:31:55    OutSyncTicket_AW0B LMS外同步票接口{数量:75}
2022-10-13 17:32:55    VehicOverPointInfo_BM00 二厂整车过点{数量:1}
2022-10-13 17:32:55    ReceivePurchaseOrder_AP11 DMS支给件总成{数量:2}
2022-10-13 17:33:55    OutSyncTicket_AW0B LMS外同步票接口{数量:7}
2022-10-13 17:33:55    VehicOverPointInfo_BM00 二厂整车过点{数量:1}
2022-10-13 17:33:55    ReceivePurchaseOrder_AP11 DMS支给件总成{数量:2}
2022-10-13 17:33:55    VehicOverPointInfo_AM0D 整车实绩过点信息{数量:1}
2022-10-13 17:34:55    VehicOverPointInfo_BM00 二厂整车过点{数量:1}
2022-10-13 17:34:55    ReceivePurchaseOrder_AP11 DMS支给件总成{数量:2}
2022-10-13 17:34:55    VehicOverPointInfo_AM0D 整车实绩过点信息{数量:1}
2022-10-13 17:35:55    OutSyncTicket_AW0B LMS外同步票接口{数量:38}
2022-10-13 17:35:55    VehicOverPointInfo_BM00 二厂整车过点{数量:1}
2022-10-13 17:35:55    ReceivePurchaseOrder_AP11 DMS支给件总成{数量:2}
2022-10-13 17:36:55    VehicOverPointInfo_BM00 二厂整车过点{数量:1}
2022-10-13 17:36:55    ReceivePurchaseOrder_AP11 DMS支给件总成{数量:2}
2022-10-13 17:36:55    VehicOverPointInfo_AM0D 整车实绩过点信息{数量:1}
2022-10-13 17:37:55    VehicOverPointInfo_BM00 二厂整车过点{数量:1}
2022-10-13 17:37:55    ReceivePurchaseOrder_AP11 DMS支给件总成{数量:2}
2022-10-13 17:37:55    VehicOverPointInfo_AM0D 整车实绩过点信息{数量:1}
2022-10-13 17:38:55    VehicOverPointInfo_BM00 二厂整车过点{数量:1}
2022-10-13 17:38:55    ReceivePurchaseOrder_AP11 DMS支给件总成{数量:2}
2022-10-13 17:38:55    VehicOverPointInfo_AM0D 整车实绩过点信息{数量:1}
2022-10-13 17:39:55    VehicOverPointInfo_BM00 二厂整车过点{数量:1}
2022-10-13 17:39:55    ReceivePurchaseOrder_AP11 DMS支给件总成{数量:2}
2022-10-13 17:39:55    VehicOverPointInfo_AM0D 整车实绩过点信息{数量:1}
2022-10-13 17:40:55    VehicOverPointInfo_BM00 二厂整车过点{数量:1}
2022-10-13 17:40:55    VehicOverPointInfo_AM0D 整车实绩过点信息{数量:1}
2022-10-13 17:41:55    VehicOverPointInfo_BM00 二厂整车过点{数量:1}
2022-10-13 17:42:55    VehicOverPointInfo_BM00 二厂整车过点{数量:1}
2022-10-13 17:42:55    VehicOverPointInfo_AM0D 整车实绩过点信息{数量:1}
2022-10-13 17:43:55    OutSyncTicket_AW0B LMS外同步票接口{数量:2}
2022-10-13 17:43:55    VehicOverPointInfo_BM00 二厂整车过点{数量:1}
2022-10-13 17:43:55    VehicOverPointInfo_AM0D 整车实绩过点信息{数量:1}
2022-10-13 17:44:55    VehicOverPointInfo_BM00 二厂整车过点{数量:1}
2022-10-13 17:44:55    ReceivePurchaseOrder_AP11 DMS支给件总成{数量:1}
2022-10-13 17:45:55    OutSyncTicket_AW0B LMS外同步票接口{数量:8}
2022-10-13 17:45:55    VehicOverPointInfo_BM00 二厂整车过点{数量:1}
2022-10-13 17:45:55    ReceivePurchaseOrder_AP11 DMS支给件总成{数量:1}
2022-10-13 17:45:55    VehicOverPointInfo_AM0D 整车实绩过点信息{数量:1}
2022-10-13 17:46:55    VehicOverPointInfo_BM00 二厂整车过点{数量:1}
2022-10-13 17:46:55    ReceivePurchaseOrder_AP11 DMS支给件总成{数量:3}
2022-10-13 17:46:55    VehicOverPointInfo_AM0D 整车实绩过点信息{数量:1}
2022-10-13 17:47:55    OutSyncTicket_AW0B LMS外同步票接口{数量:11}
2022-10-13 17:47:55    VehicOverPointInfo_BM00 二厂整车过点{数量:1}
2022-10-13 17:47:55    ReceivePurchaseOrder_AP11 DMS支给件总成{数量:3}
2022-10-13 17:48:55    VehicOverPointInfo_BM00 二厂整车过点{数量:1}
2022-10-13 17:48:55    ReceivePurchaseOrder_AP11 DMS支给件总成{数量:4}
2022-10-13 17:49:55    VehicOverPointInfo_BM00 二厂整车过点{数量:1}
2022-10-13 17:49:55    ReceivePurchaseOrder_AP11 DMS支给件总成{数量:4}
2022-10-13 17:50:55    VehicOverPointInfo_BM00 二厂整车过点{数量:1}
2022-10-13 17:50:55    ReceivePurchaseOrder_AP11 DMS支给件总成{数量:1}
2022-10-13 17:50:55    VehicOverPointInfo_AM0D 整车实绩过点信息{数量:1}
2022-10-13 17:51:55    OutSyncTicket_AW0B LMS外同步票接口{数量:2}
2022-10-13 17:51:55    VehicOverPointInfo_BM00 二厂整车过点{数量:1}
2022-10-13 17:51:55    ReceivePurchaseOrder_AP11 DMS支给件总成{数量:1}
2022-10-13 17:51:55    VehicOverPointInfo_AM0D 整车实绩过点信息{数量:1}
2022-10-13 17:52:55    VehicOverPointInfo_BM00 二厂整车过点{数量:1}
2022-10-13 17:52:55    ReceivePurchaseOrder_AP11 DMS支给件总成{数量:2}
2022-10-13 17:52:55    VehicOverPointInfo_AM0D 整车实绩过点信息{数量:1}
2022-10-13 17:53:55    OutSyncTicket_AW0B LMS外同步票接口{数量:29}
2022-10-13 17:53:55    VehicOverPointInfo_BM00 二厂整车过点{数量:1}
2022-10-13 17:53:55    ReceivePurchaseOrder_AP11 DMS支给件总成{数量:2}
2022-10-13 17:54:55    VehicOverPointInfo_BM00 二厂整车过点{数量:1}
2022-10-13 17:54:55    ReceivePurchaseOrder_AP11 DMS支给件总成{数量:2}
2022-10-13 17:54:55    SuperBom_AG03 超级bom{数量:6}
2022-10-13 17:54:55    VehicOverPointInfo_AM0D 整车实绩过点信息{数量:1}
2022-10-13 17:55:55    OutSyncTicket_AW0B LMS外同步票接口{数量:6}
2022-10-13 17:55:55    VehicOverPointInfo_BM00 二厂整车过点{数量:1}
2022-10-13 17:55:55    ReceivePurchaseOrder_AP11 DMS支给件总成{数量:2}
2022-10-13 17:55:55    SuperBom_AG03 超级bom{数量:3}
2022-10-13 17:55:55    VehicOverPointInfo_AM0D 整车实绩过点信息{数量:1}
2022-10-13 17:56:55    VehicOverPointInfo_BM00 二厂整车过点{数量:1}
2022-10-13 17:56:55    ReceivePurchaseOrder_AP11 DMS支给件总成{数量:7}
2022-10-13 17:56:55    VehicOverPointInfo_AM0D 整车实绩过点信息{数量:1}
2022-10-13 17:57:56    OutSyncTicket_AW0B LMS外同步票接口{数量:8}
2022-10-13 17:57:56    ExceptOrderAplFeedback_AP0W 例外订购申请反馈{数量:1}
2022-10-13 17:57:56    VehicOverPointInfo_BM00 二厂整车过点{数量:1}
2022-10-13 17:57:56    ReceivePurchaseOrder_AP11 DMS支给件总成{数量:7}
2022-10-13 17:57:56    VehicOverPointInfo_AM0D 整车实绩过点信息{数量:1}
2022-10-13 17:58:56    VehicOverPointInfo_BM00 二厂整车过点{数量:1}
2022-10-13 17:58:56    ReceivePurchaseOrder_AP11 DMS支给件总成{数量:7}
2022-10-13 17:58:56    VehicOverPointInfo_AM0D 整车实绩过点信息{数量:1}
2022-10-13 17:59:56    ReceivePurchaseOrder_AP11 DMS支给件总成{数量:7}
2022-10-13 17:59:56    VehicOverPointInfo_AM0D 整车实绩过点信息{数量:1}
2022-10-13 18:00:56    VehicOverPointInfo_BM00 二厂整车过点{数量:1}
2022-10-13 18:00:56    ReceivePurchaseOrder_AP11 DMS支给件总成{数量:2}
2022-10-13 18:01:56    OutSyncTicket_AW0B LMS外同步票接口{数量:7}
2022-10-13 18:01:56    VehicOverPointInfo_BM00 二厂整车过点{数量:1}
2022-10-13 18:01:56    TransferVehicleBOM_BD00 二厂单车BOM{数量:15}
2022-10-13 18:01:56    ReceivePurchaseOrder_AP11 DMS支给件总成{数量:2}
2022-10-13 18:01:56    TransferVehicleBOM_AD08 单车BOM{数量:28}
2022-10-13 18:01:56    VehicOverPointInfo_AM0D 整车实绩过点信息{数量:1}
2022-10-13 18:02:56    ExceptOrderAplFeedback_AP0W 例外订购申请反馈{数量:2}
2022-10-13 18:02:56    TransferVehicleBOM_BD00 二厂单车BOM{数量:38}
2022-10-13 18:02:56    VehicOverPointInfo_BM00 二厂整车过点{数量:1}
2022-10-13 18:02:56    ReceivePurchaseOrder_AP11 DMS支给件总成{数量:4}
2022-10-13 18:02:56    TransferVehicleBOM_AD08 单车BOM{数量:74}
2022-10-13 18:02:56    VehicOverPointInfo_AM0D 整车实绩过点信息{数量:1}
2022-10-13 18:03:56    OutSyncTicket_AW0B LMS外同步票接口{数量:23}
2022-10-13 18:03:56    TransferVehicleBOM_BD00 二厂单车BOM{数量:53}
2022-10-13 18:03:56    VehicOverPointInfo_BM00 二厂整车过点{数量:1}
2022-10-13 18:03:56    ReceivePurchaseOrder_AP11 DMS支给件总成{数量:4}
2022-10-13 18:03:56    TransferVehicleBOM_AD08 单车BOM{数量:116}
2022-10-13 18:03:56    VehicOverPointInfo_AM0D 整车实绩过点信息{数量:1}
2022-10-13 18:04:56    TransferVehicleBOM_BD00 二厂单车BOM{数量:65}
2022-10-13 18:04:56    VehicOverPointInfo_BM00 二厂整车过点{数量:1}
2022-10-13 18:04:56    ReceivePurchaseOrder_AP11 DMS支给件总成{数量:4}
2022-10-13 18:04:56    TransferVehicleBOM_AD08 单车BOM{数量:154}
2022-10-13 18:04:56    VehicOverPointInfo_AM0D 整车实绩过点信息{数量:1}
2022-10-13 18:05:56    OutSyncTicket_AW0B LMS外同步票接口{数量:3}
2022-10-13 18:05:56    TransferVehicleBOM_BD00 二厂单车BOM{数量:55}
2022-10-13 18:05:56    VehicOverPointInfo_BM00 二厂整车过点{数量:1}
2022-10-13 18:05:56    ReceivePurchaseOrder_AP11 DMS支给件总成{数量:4}
2022-10-13 18:05:56    TransferVehicleBOM_AD08 单车BOM{数量:203}
2022-10-13 18:05:56    VehicOverPointInfo_AM0D 整车实绩过点信息{数量:1}
2022-10-13 18:06:56    TransferVehicleBOM_BD00 二厂单车BOM{数量:45}
2022-10-13 18:06:56    VehicOverPointInfo_BM00 二厂整车过点{数量:1}
2022-10-13 18:06:56    ReceivePurchaseOrder_AP11 DMS支给件总成{数量:4}
2022-10-13 18:06:56    TransferVehicleBOM_AD08 单车BOM{数量:267}
2022-10-13 18:06:56    VehicOverPointInfo_AM0D 整车实绩过点信息{数量:1}
2022-10-13 18:07:56    OutSyncTicket_AW0B LMS外同步票接口{数量:3}
2022-10-13 18:07:56    TransferVehicleBOM_BD00 二厂单车BOM{数量:35}
2022-10-13 18:07:56    VehicOverPointInfo_BM00 二厂整车过点{数量:1}
2022-10-13 18:07:56    ReceivePurchaseOrder_AP11 DMS支给件总成{数量:4}
2022-10-13 18:07:56    TransferVehicleBOM_AD08 单车BOM{数量:332}
2022-10-13 18:07:56    VehicOverPointInfo_AM0D 整车实绩过点信息{数量:1}
2022-10-13 18:08:56    TransferVehicleBOM_BD00 二厂单车BOM{数量:25}
2022-10-13 18:08:56    VehicOverPointInfo_BM00 二厂整车过点{数量:1}
2022-10-13 18:08:56    ReceivePurchaseOrder_AP11 DMS支给件总成{数量:4}
2022-10-13 18:08:56    TransferVehicleBOM_AD08 单车BOM{数量:373}
2022-10-13 18:09:56    OutSyncTicket_AW0B LMS外同步票接口{数量:92}
2022-10-13 18:10:56    TransferVehicleBOM_BD00 二厂单车BOM{数量:5}
2022-10-13 18:10:56    VehicOverPointInfo_BM00 二厂整车过点{数量:1}
2022-10-13 18:10:56    TransferVehicleBOM_AD08 单车BOM{数量:483}
2022-10-13 18:10:56    VehicOverPointInfo_AM0D 整车实绩过点信息{数量:1}
2022-10-13 18:11:56    OutSyncTicket_AW0B LMS外同步票接口{数量:41}
2022-10-13 18:11:56    VehicOverPointInfo_BM00 二厂整车过点{数量:1}
2022-10-13 18:11:56    ReceivePurchaseOrder_AP11 DMS支给件总成{数量:4}
2022-10-13 18:11:56    TransferVehicleBOM_AD08 单车BOM{数量:547}
2022-10-13 18:11:56    VehicOverPointInfo_AM0D 整车实绩过点信息{数量:1}
2022-10-13 18:12:56    VehicOverPointInfo_BM00 二厂整车过点{数量:1}
2022-10-13 18:12:56    ReceivePurchaseOrder_AP11 DMS支给件总成{数量:6}
2022-10-13 18:12:56    TransferVehicleBOM_AD08 单车BOM{数量:620}
2022-10-13 18:12:56    VehicOverPointInfo_AM0D 整车实绩过点信息{数量:1}
2022-10-13 18:13:56    OutSyncTicket_AW0B LMS外同步票接口{数量:33}
2022-10-13 18:13:56    VehicOverPointInfo_BM00 二厂整车过点{数量:1}
2022-10-13 18:13:56    ReceivePurchaseOrder_AP11 DMS支给件总成{数量:6}
2022-10-13 18:13:56    TransferVehicleBOM_AD08 单车BOM{数量:668}
2022-10-13 18:13:56    VehicOverPointInfo_AM0D 整车实绩过点信息{数量:1}
2022-10-13 18:14:57    VehicOverPointInfo_BM00 二厂整车过点{数量:1}
2022-10-13 18:14:57    ReceivePurchaseOrder_AP11 DMS支给件总成{数量:7}
2022-10-13 18:14:57    TransferVehicleBOM_AD08 单车BOM{数量:716}
2022-10-13 18:14:57    VehicOverPointInfo_AM0D 整车实绩过点信息{数量:1}
2022-10-13 18:15:57    OutSyncTicket_AW0B LMS外同步票接口{数量:7}
2022-10-13 18:15:57    VehicOverPointInfo_BM00 二厂整车过点{数量:1}
2022-10-13 18:15:57    ReceivePurchaseOrder_AP11 DMS支给件总成{数量:7}
2022-10-13 18:15:57    TransferVehicleBOM_AD08 单车BOM{数量:778}
2022-10-13 18:15:57    VehicOverPointInfo_AM0D 整车实绩过点信息{数量:1}
2022-10-13 18:16:57    VehicOverPointInfo_BM00 二厂整车过点{数量:1}
2022-10-13 18:16:57    ReceivePurchaseOrder_AP11 DMS支给件总成{数量:7}
2022-10-13 18:16:57    TransferVehicleBOM_AD08 单车BOM{数量:835}
2022-10-13 18:16:57    VehicOverPointInfo_AM0D 整车实绩过点信息{数量:1}
2022-10-13 18:17:57    OutSyncTicket_AW0B LMS外同步票接口{数量:35}
2022-10-13 18:17:57    VehicOverPointInfo_BM00 二厂整车过点{数量:1}
2022-10-13 18:17:57    ReceivePurchaseOrder_AP11 DMS支给件总成{数量:7}
2022-10-13 18:17:57    TransferVehicleBOM_AD08 单车BOM{数量:911}
2022-10-13 18:17:57    VehicOverPointInfo_AM0D 整车实绩过点信息{数量:1}
2022-10-13 18:18:57    VehicOverPointInfo_BM00 二厂整车过点{数量:1}
2022-10-13 18:18:57    ReceivePurchaseOrder_AP11 DMS支给件总成{数量:7}
2022-10-13 18:18:57    TransferVehicleBOM_AD08 单车BOM{数量:945}
2022-10-13 18:18:57    VehicOverPointInfo_AM0D 整车实绩过点信息{数量:1}
2022-10-13 18:19:57    OutSyncTicket_AW0B LMS外同步票接口{数量:6}
2022-10-13 18:19:57    VehicOverPointInfo_BM00 二厂整车过点{数量:1}
2022-10-13 18:19:57    ReceivePurchaseOrder_AP11 DMS支给件总成{数量:7}
2022-10-13 18:19:57    TransferVehicleBOM_AD08 单车BOM{数量:978}
2022-10-13 18:20:57    VehicOverPointInfo_BM00 二厂整车过点{数量:1}
2022-10-13 18:20:57    TransferVehicleBOM_AD08 单车BOM{数量:990}
2022-10-13 18:21:57    OutSyncTicket_AW0B LMS外同步票接口{数量:25}
2022-10-13 18:21:57    VehicOverPointInfo_BM00 二厂整车过点{数量:1}
2022-10-13 18:21:57    TransferVehicleBOM_AD08 单车BOM{数量:995}
2022-10-13 18:21:57    VehicOverPointInfo_AM0D 整车实绩过点信息{数量:1}
2022-10-13 18:22:57    VehicOverPointInfo_BM00 二厂整车过点{数量:1}
2022-10-13 18:22:57    ReceivePurchaseOrder_AP11 DMS支给件总成{数量:1}
2022-10-13 18:22:57    TransferVehicleBOM_AD08 单车BOM{数量:1005}
2022-10-13 18:22:57    VehicOverPointInfo_AM0D 整车实绩过点信息{数量:1}
2022-10-13 18:23:57    OutSyncTicket_AW0B LMS外同步票接口{数量:11}
2022-10-13 18:23:57    VehicOverPointInfo_BM00 二厂整车过点{数量:1}
2022-10-13 18:23:57    ReceivePurchaseOrder_AP11 DMS支给件总成{数量:1}
2022-10-13 18:23:57    TransferVehicleBOM_AD08 单车BOM{数量:1017}
2022-10-13 18:24:57    VehicOverPointInfo_BM00 二厂整车过点{数量:2}
2022-10-13 18:24:57    ReceivePurchaseOrder_AP11 DMS支给件总成{数量:3}
2022-10-13 18:24:57    TransferVehicleBOM_AD08 单车BOM{数量:1027}
2022-10-13 18:25:57    OutSyncTicket_AW0B LMS外同步票接口{数量:18}
2022-10-13 18:25:57    VehicOverPointInfo_BM00 二厂整车过点{数量:1}
2022-10-13 18:25:57    ReceivePurchaseOrder_AP11 DMS支给件总成{数量:3}
2022-10-13 18:25:57    TransferVehicleBOM_AD08 单车BOM{数量:1024}
2022-10-13 18:26:57    VehicOverPointInfo_BM00 二厂整车过点{数量:1}
2022-10-13 18:26:57    ReceivePurchaseOrder_AP11 DMS支给件总成{数量:3}
2022-10-13 18:26:57    TransferVehicleBOM_AD08 单车BOM{数量:1004}
2022-10-13 18:27:57    OutSyncTicket_AW0B LMS外同步票接口{数量:35}
2022-10-13 18:27:57    ExceptOrderAplFeedback_AP0W 例外订购申请反馈{数量:12}
2022-10-13 18:27:57    VehicOverPointInfo_BM00 二厂整车过点{数量:1}
2022-10-13 18:27:57    ReceivePurchaseOrder_AP11 DMS支给件总成{数量:3}
2022-10-13 18:27:57    TransferVehicleBOM_AD08 单车BOM{数量:984}
2022-10-13 18:28:57    VehicOverPointInfo_BM00 二厂整车过点{数量:1}
2022-10-13 18:28:57    ReceivePurchaseOrder_AP11 DMS支给件总成{数量:3}
2022-10-13 18:28:57    TransferVehicleBOM_AD08 单车BOM{数量:964}
2022-10-13 18:29:57    OutSyncTicket_AW0B LMS外同步票接口{数量:14}
2022-10-13 18:29:57    VehicOverPointInfo_BM00 二厂整车过点{数量:1}
2022-10-13 18:29:57    ReceivePurchaseOrder_AP11 DMS支给件总成{数量:3}
2022-10-13 18:29:57    TransferVehicleBOM_AD08 单车BOM{数量:944}
2022-10-13 18:30:57    VehicOverPointInfo_BM00 二厂整车过点{数量:1}
2022-10-13 18:30:57    TransferVehicleBOM_AD08 单车BOM{数量:924}
2022-10-13 18:31:57    OutSyncTicket_AW0B LMS外同步票接口{数量:5}
2022-10-13 18:31:57    VehicOverPointInfo_BM00 二厂整车过点{数量:1}
2022-10-13 18:31:57    TransferVehicleBOM_AD08 单车BOM{数量:904}
2022-10-13 18:32:57    VehicOverPointInfo_BM00 二厂整车过点{数量:1}
2022-10-13 18:32:57    TransferVehicleBOM_AD08 单车BOM{数量:884}
2022-10-13 18:32:57    VehicOverPointInfo_AM0D 整车实绩过点信息{数量:1}
2022-10-13 18:33:58    OutSyncTicket_AW0B LMS外同步票接口{数量:65}
2022-10-13 18:34:58    VehicOverPointInfo_BM00 二厂整车过点{数量:1}
2022-10-13 18:34:58    ReceivePurchaseOrder_AP11 DMS支给件总成{数量:1}
2022-10-13 18:34:58    TransferVehicleBOM_AD08 单车BOM{数量:844}
2022-10-13 18:34:58    VehicOverPointInfo_AM0D 整车实绩过点信息{数量:1}
2022-10-13 18:35:58    OutSyncTicket_AW0B LMS外同步票接口{数量:10}
2022-10-13 18:35:58    VehicOverPointInfo_BM00 二厂整车过点{数量:1}
2022-10-13 18:35:58    ReceivePurchaseOrder_AP11 DMS支给件总成{数量:1}
2022-10-13 18:35:58    TransferVehicleBOM_AD08 单车BOM{数量:824}
2022-10-13 18:36:58    VehicOverPointInfo_BM00 二厂整车过点{数量:1}
2022-10-13 18:36:58    ReceivePurchaseOrder_AP11 DMS支给件总成{数量:1}
2022-10-13 18:36:58    TransferVehicleBOM_AD08 单车BOM{数量:804}
2022-10-13 18:37:58    OutSyncTicket_AW0B LMS外同步票接口{数量:1}
2022-10-13 18:37:58    VehicOverPointInfo_BM00 二厂整车过点{数量:1}
2022-10-13 18:37:58    ReceivePurchaseOrder_AP11 DMS支给件总成{数量:1}
2022-10-13 18:37:58    TransferVehicleBOM_AD08 单车BOM{数量:784}
2022-10-13 18:38:58    VehicOverPointInfo_BM00 二厂整车过点{数量:1}
2022-10-13 18:38:58    ReceivePurchaseOrder_AP11 DMS支给件总成{数量:5}
2022-10-13 18:38:58    TransferVehicleBOM_AD08 单车BOM{数量:764}
2022-10-13 18:38:58    VehicOverPointInfo_AM0D 整车实绩过点信息{数量:1}
2022-10-13 18:39:58    OutSyncTicket_AW0B LMS外同步票接口{数量:12}
2022-10-13 18:39:58    VehicOverPointInfo_BM00 二厂整车过点{数量:1}
2022-10-13 18:39:58    ReceivePurchaseOrder_AP11 DMS支给件总成{数量:5}
2022-10-13 18:39:58    SuperBom_AG03 超级bom{数量:1}
2022-10-13 18:39:58    TransferVehicleBOM_AD08 单车BOM{数量:744}
2022-10-13 18:39:58    VehicOverPointInfo_AM0D 整车实绩过点信息{数量:1}
2022-10-13 18:40:58    VehicOverPointInfo_BM00 二厂整车过点{数量:1}
2022-10-13 18:40:58    ReceivePurchaseOrder_AP11 DMS支给件总成{数量:6}
2022-10-13 18:40:58    TransferVehicleBOM_AD08 单车BOM{数量:724}
2022-10-13 18:41:58    OutSyncTicket_AW0B LMS外同步票接口{数量:3}
2022-10-13 18:41:58    VehicOverPointInfo_BM00 二厂整车过点{数量:1}
2022-10-13 18:41:58    ReceivePurchaseOrder_AP11 DMS支给件总成{数量:6}
2022-10-13 18:41:58    TransferVehicleBOM_AD08 单车BOM{数量:704}
2022-10-13 18:42:58    VehicOverPointInfo_BM00 二厂整车过点{数量:1}
2022-10-13 18:42:58    ReceivePurchaseOrder_AP11 DMS支给件总成{数量:7}
2022-10-13 18:42:58    TransferVehicleBOM_AD08 单车BOM{数量:684}
2022-10-13 18:42:58    VehicOverPointInfo_AM0D 整车实绩过点信息{数量:1}
2022-10-13 18:43:58    VehicOverPointInfo_BM00 二厂整车过点{数量:1}
2022-10-13 18:43:58    ReceivePurchaseOrder_AP11 DMS支给件总成{数量:7}
2022-10-13 18:43:58    TransferVehicleBOM_AD08 单车BOM{数量:664}
2022-10-13 18:43:58    VehicOverPointInfo_AM0D 整车实绩过点信息{数量:1}
2022-10-13 18:44:58    VehicOverPointInfo_BM00 二厂整车过点{数量:1}
2022-10-13 18:44:58    ReceivePurchaseOrder_AP11 DMS支给件总成{数量:8}
2022-10-13 18:44:58    TransferVehicleBOM_AD08 单车BOM{数量:644}
2022-10-13 18:45:58    OutSyncTicket_AW0B LMS外同步票接口{数量:35}
2022-10-13 18:45:58    VehicOverPointInfo_BM00 二厂整车过点{数量:1}
2022-10-13 18:45:58    ReceivePurchaseOrder_AP11 DMS支给件总成{数量:8}
2022-10-13 18:45:58    TransferVehicleBOM_AD08 单车BOM{数量:624}
2022-10-13 18:45:58    VehicOverPointInfo_AM0D 整车实绩过点信息{数量:1}
2022-10-13 18:46:58    VehicOverPointInfo_BM00 二厂整车过点{数量:1}
2022-10-13 18:46:58    ReceivePurchaseOrder_AP11 DMS支给件总成{数量:10}
2022-10-13 18:46:58    TransferVehicleBOM_AD08 单车BOM{数量:604}
2022-10-13 18:47:58    OutSyncTicket_AW0B LMS外同步票接口{数量:49}
2022-10-13 18:47:58    VehicOverPointInfo_BM00 二厂整车过点{数量:1}
2022-10-13 18:47:58    ReceivePurchaseOrder_AP11 DMS支给件总成{数量:10}
2022-10-13 18:47:58    TransferVehicleBOM_AD08 单车BOM{数量:584}
2022-10-13 18:47:58    VehicOverPointInfo_AM0D 整车实绩过点信息{数量:1}
2022-10-13 18:48:58    VehicOverPointInfo_BM00 二厂整车过点{数量:1}
2022-10-13 18:48:58    ReceivePurchaseOrder_AP11 DMS支给件总成{数量:10}
2022-10-13 18:48:58    TransferVehicleBOM_AD08 单车BOM{数量:564}
2022-10-13 18:49:58    OutSyncTicket_AW0B LMS外同步票接口{数量:5}
2022-10-13 18:49:58    VehicOverPointInfo_BM00 二厂整车过点{数量:1}
2022-10-13 18:49:58    ReceivePurchaseOrder_AP11 DMS支给件总成{数量:10}
2022-10-13 18:49:58    TransferVehicleBOM_AD08 单车BOM{数量:544}
2022-10-13 18:50:58    VehicOverPointInfo_BM00 二厂整车过点{数量:1}
2022-10-13 18:50:58    TransferVehicleBOM_AD08 单车BOM{数量:524}
2022-10-13 18:51:59    OutSyncTicket_AW0B LMS外同步票接口{数量:5}
2022-10-13 18:51:59    VehicOverPointInfo_BM00 二厂整车过点{数量:1}
2022-10-13 18:51:59    TransferVehicleBOM_AD08 单车BOM{数量:504}
2022-10-13 18:52:59    ExceptOrderAplFeedback_AP0W 例外订购申请反馈{数量:2}
2022-10-13 18:52:59    VehicOverPointInfo_BM00 二厂整车过点{数量:1}
2022-10-13 18:52:59    TransferVehicleBOM_AD08 单车BOM{数量:484}
2022-10-13 18:53:59    OutSyncTicket_AW0B LMS外同步票接口{数量:13}
2022-10-13 18:53:59    VehicOverPointInfo_BM00 二厂整车过点{数量:1}
2022-10-13 18:53:59    TransferVehicleBOM_AD08 单车BOM{数量:464}
2022-10-13 18:53:59    VehicOverPointInfo_AM0D 整车实绩过点信息{数量:1}
2022-10-13 18:54:59    VehicOverPointInfo_BM00 二厂整车过点{数量:1}
2022-10-13 18:54:59    TransferVehicleBOM_AD08 单车BOM{数量:444}
2022-10-13 18:55:59    OutSyncTicket_AW0B LMS外同步票接口{数量:24}
2022-10-13 18:55:59    VehicOverPointInfo_BM00 二厂整车过点{数量:1}
2022-10-13 18:55:59    TransferVehicleBOM_AD08 单车BOM{数量:424}
2022-10-13 18:56:59    VehicOverPointInfo_BM00 二厂整车过点{数量:1}
2022-10-13 18:56:59    TransferVehicleBOM_AD08 单车BOM{数量:404}
2022-10-13 18:57:59    OutSyncTicket_AW0B LMS外同步票接口{数量:74}
2022-10-13 18:58:59    VehicOverPointInfo_BM00 二厂整车过点{数量:1}
2022-10-13 18:58:59    TransferVehicleBOM_AD08 单车BOM{数量:364}
2022-10-13 18:59:59    OutSyncTicket_AW0B LMS外同步票接口{数量:10}
2022-10-13 18:59:59    VehicOverPointInfo_BM00 二厂整车过点{数量:1}
2022-10-13 18:59:59    TransferVehicleBOM_AD08 单车BOM{数量:344}
2022-10-13 18:59:59    VehicOverPointInfo_AM0D 整车实绩过点信息{数量:1}
2022-10-13 19:00:59    VehicOverPointInfo_BM00 二厂整车过点{数量:1}
2022-10-13 19:00:59    TransferVehicleBOM_AD08 单车BOM{数量:324}
2022-10-13 19:01:59    OutSyncTicket_AW0B LMS外同步票接口{数量:10}
2022-10-13 19:01:59    VehicOverPointInfo_BM00 二厂整车过点{数量:1}
2022-10-13 19:01:59    TransferVehicleBOM_AD08 单车BOM{数量:304}
2022-10-13 19:01:59    VehicOverPointInfo_AM0D 整车实绩过点信息{数量:1}
2022-10-13 19:02:59    PickGoodsPlan_AJ09 取货计划{数量:1}
2022-10-13 19:02:59    ExceptOrderAplFeedback_AP0W 例外订购申请反馈{数量:2}
2022-10-13 19:02:59    VehicOverPointInfo_BM00 二厂整车过点{数量:1}
2022-10-13 19:02:59    TransferVehicleBOM_AD08 单车BOM{数量:284}
2022-10-13 19:03:59    OutSyncTicket_AW0B LMS外同步票接口{数量:33}
2022-10-13 19:03:59    PickGoodsPlan_AJ09 取货计划{数量:1}
2022-10-13 19:03:59    VehicOverPointInfo_BM00 二厂整车过点{数量:1}
2022-10-13 19:03:59    TransferVehicleBOM_AD08 单车BOM{数量:264}
2022-10-13 19:03:59    VehicOverPointInfo_AM0D 整车实绩过点信息{数量:1}
2022-10-13 19:04:59    VehicOverPointInfo_BM00 二厂整车过点{数量:1}
2022-10-13 19:04:59    TransferVehicleBOM_AD08 单车BOM{数量:244}
2022-10-13 19:04:59    VehicOverPointInfo_AM0D 整车实绩过点信息{数量:1}
2022-10-13 19:05:59    OutSyncTicket_AW0B LMS外同步票接口{数量:2}
2022-10-13 19:05:59    VehicOverPointInfo_BM00 二厂整车过点{数量:1}
2022-10-13 19:05:59    TransferVehicleBOM_AD08 单车BOM{数量:224}
2022-10-13 19:06:59    VehicOverPointInfo_BM00 二厂整车过点{数量:1}
2022-10-13 19:06:59    TransferVehicleBOM_AD08 单车BOM{数量:204}
2022-10-13 19:07:59    OutSyncTicket_AW0B LMS外同步票接口{数量:13}
2022-10-13 19:07:59    VehicOverPointInfo_BM00 二厂整车过点{数量:1}
2022-10-13 19:07:59    TransferVehicleBOM_AD08 单车BOM{数量:184}
2022-10-13 19:08:59    VehicOverPointInfo_BM00 二厂整车过点{数量:1}
2022-10-13 19:08:59    TransferVehicleBOM_AD08 单车BOM{数量:164}
2022-10-13 19:09:59    OutSyncTicket_AW0B LMS外同步票接口{数量:21}
2022-10-13 19:09:59    VehicOverPointInfo_BM00 二厂整车过点{数量:1}
2022-10-13 19:09:59    TransferVehicleBOM_AD08 单车BOM{数量:144}
本次程序运行时长:02时:37分:51秒

2022-10-13 19:10:59    VehicOverPointInfo_BM00 二厂整车过点{数量:1}
2022-10-13 19:10:59    TransferVehicleBOM_AD08 单车BOM{数量:124}
2022-10-13 19:11:59    OutSyncTicket_AW0B LMS外同步票接口{数量:2}
2022-10-13 19:11:59    TransferVehicleBOM_AD08 单车BOM{数量:104}
2022-10-13 19:12:59    VehicOverPointInfo_BM00 二厂整车过点{数量:1}
2022-10-13 19:12:59    TransferVehicleBOM_AD08 单车BOM{数量:84}
2022-10-13 19:13:59    TransferVehicleBOM_AD08 单车BOM{数量:64}
2022-10-13 19:14:59    VehicOverPointInfo_BM00 二厂整车过点{数量:1}
2022-10-13 19:14:59    TransferVehicleBOM_AD08 单车BOM{数量:44}
2022-10-13 19:14:59    VehicOverPointInfo_AM0D 整车实绩过点信息{数量:1}
2022-10-13 19:15:59    OutSyncTicket_AW0B LMS外同步票接口{数量:30}
2022-10-13 19:15:59    VehicOverPointInfo_BM00 二厂整车过点{数量:1}
2022-10-13 19:15:59    TransferVehicleBOM_AD08 单车BOM{数量:24}
2022-10-13 19:16:59    VehicOverPointInfo_BM00 二厂整车过点{数量:1}
2022-10-13 19:16:59    TransferVehicleBOM_AD08 单车BOM{数量:4}
2022-10-13 19:16:59    VehicOverPointInfo_AM0D 整车实绩过点信息{数量:1}
2022-10-13 19:17:59    OutSyncTicket_AW0B LMS外同步票接口{数量:27}
2022-10-13 19:17:59    VehicOverPointInfo_BM00 二厂整车过点{数量:1}
2022-10-13 19:18:59    VehicOverPointInfo_BM00 二厂整车过点{数量:1}
2022-10-13 19:19:59    OutSyncTicket_AW0B LMS外同步票接口{数量:9}
2022-10-13 19:19:59    VehicOverPointInfo_BM00 二厂整车过点{数量:1}
2022-10-13 19:19:59    SuperBom_AG03 超级bom{数量:1}
2022-10-13 19:20:59    VehicOverPointInfo_BM00 二厂整车过点{数量:1}
2022-10-13 19:21:59    OutSyncTicket_AW0B LMS外同步票接口{数量:98}
2022-10-13 19:22:59    VehicOverPointInfo_BM00 二厂整车过点{数量:1}
2022-10-13 19:23:59    OutSyncTicket_AW0B LMS外同步票接口{数量:6}
2022-10-13 19:23:59    VehicOverPointInfo_BM00 二厂整车过点{数量:1}
2022-10-13 19:25:00    VehicOverPointInfo_BM00 二厂整车过点{数量:1}
2022-10-13 19:25:00    VehicOverPointInfo_AM0D 整车实绩过点信息{数量:1}
2022-10-13 19:26:00    OutSyncTicket_AW0B LMS外同步票接口{数量:11}
2022-10-13 19:26:00    VehicOverPointInfo_BM00 二厂整车过点{数量:1}
2022-10-13 19:27:00    VehicOverPointInfo_BM00 二厂整车过点{数量:1}
2022-10-13 19:27:00    VehicOverPointInfo_AM0D 整车实绩过点信息{数量:1}
2022-10-13 19:28:00    OutSyncTicket_AW0B LMS外同步票接口{数量:84}
2022-10-13 19:29:00    VehicOverPointInfo_BM00 二厂整车过点{数量:1}
2022-10-13 19:29:00    BatteryFarmSecLock_AM64 电池锁定生产计划,二次锁定{数量:1}
2022-10-13 19:30:00    OutSyncTicket_AW0B LMS外同步票接口{数量:12}
2022-10-13 19:30:00    VehicOverPointInfo_BM00 二厂整车过点{数量:1}
2022-10-13 19:31:00    VehicOverPointInfo_BM00 二厂整车过点{数量:1}
2022-10-13 19:32:00    OutSyncTicket_AW0B LMS外同步票接口{数量:10}
2022-10-13 19:32:00    VehicOverPointInfo_BM00 二厂整车过点{数量:1}
2022-10-13 19:33:00    VehicOverPointInfo_BM00 二厂整车过点{数量:1}
2022-10-13 19:34:00    OutSyncTicket_AW0B LMS外同步票接口{数量:8}
2022-10-13 19:34:00    VehicOverPointInfo_BM00 二厂整车过点{数量:1}
2022-10-13 19:35:00    VehicOverPointInfo_BM00 二厂整车过点{数量:1}
2022-10-13 19:35:00    VehicOverPointInfo_AM0D 整车实绩过点信息{数量:1}
2022-10-13 19:36:00    OutSyncTicket_AW0B LMS外同步票接口{数量:38}
2022-10-13 19:36:00    VehicOverPointInfo_BM00 二厂整车过点{数量:1}
2022-10-13 19:37:00    VehicOverPointInfo_BM00 二厂整车过点{数量:1}
2022-10-13 19:38:00    OutSyncTicket_AW0B LMS外同步票接口{数量:10}
2022-10-13 19:38:00    VehicOverPointInfo_BM00 二厂整车过点{数量:1}
2022-10-13 19:39:00    VehicOverPointInfo_BM00 二厂整车过点{数量:1}
2022-10-13 19:39:00    VehicOverPointInfo_AM0D 整车实绩过点信息{数量:1}
2022-10-13 19:40:00    OutSyncTicket_AW0B LMS外同步票接口{数量:31}
2022-10-13 19:40:00    VehicOverPointInfo_BM00 二厂整车过点{数量:1}
2022-10-13 19:41:00    VehicOverPointInfo_BM00 二厂整车过点{数量:1}
2022-10-13 19:42:00    OutSyncTicket_AW0B LMS外同步票接口{数量:33}
2022-10-13 19:42:00    VehicOverPointInfo_BM00 二厂整车过点{数量:1}
2022-10-13 19:43:00    ExceptOrderAplFeedback_AP0W 例外订购申请反馈{数量:2}
2022-10-13 19:43:00    VehicOverPointInfo_BM00 二厂整车过点{数量:1}
2022-10-13 19:43:00    ReceivePurchaseOrder_AP11 DMS支给件总成{数量:1}
2022-10-13 19:44:00    VehicOverPointInfo_BM00 二厂整车过点{数量:1}
2022-10-13 19:44:00    ReceivePurchaseOrder_AP11 DMS支给件总成{数量:1}
2022-10-13 19:45:00    VehicOverPointInfo_BM00 二厂整车过点{数量:1}
2022-10-13 19:45:00    ReceivePurchaseOrder_AP11 DMS支给件总成{数量:2}
2022-10-13 19:45:00    VehicOverPointInfo_AM0D 整车实绩过点信息{数量:1}
2022-10-13 19:46:00    OutSyncTicket_AW0B LMS外同步票接口{数量:14}
2022-10-13 19:46:00    ReceivePurchaseOrder_AP11 DMS支给件总成{数量:2}
2022-10-13 19:47:00    VehicOverPointInfo_BM00 二厂整车过点{数量:1}
2022-10-13 19:47:00    ReceivePurchaseOrder_AP11 DMS支给件总成{数量:5}
2022-10-13 19:48:00    OutSyncTicket_AW0B LMS外同步票接口{数量:6}
2022-10-13 19:48:00    VehicOverPointInfo_BM00 二厂整车过点{数量:1}
2022-10-13 19:48:00    ReceivePurchaseOrder_AP11 DMS支给件总成{数量:5}
2022-10-13 19:49:00    VehicOverPointInfo_BM00 二厂整车过点{数量:1}
2022-10-13 19:49:00    ReceivePurchaseOrder_AP11 DMS支给件总成{数量:6}
2022-10-13 19:50:00    OutSyncTicket_AW0B LMS外同步票接口{数量:72}
2022-10-13 19:51:00    VehicOverPointInfo_BM00 二厂整车过点{数量:1}
2022-10-13 19:52:00    VehicOverPointInfo_BM00 二厂整车过点{数量:1}
2022-10-13 19:53:00    VehicOverPointInfo_BM00 二厂整车过点{数量:1}
2022-10-13 19:53:00    VehicOverPointInfo_AM0D 整车实绩过点信息{数量:1}
2022-10-13 19:54:00    OutSyncTicket_AW0B LMS外同步票接口{数量:6}
2022-10-13 19:54:00    VehicOverPointInfo_BM00 二厂整车过点{数量:1}
2022-10-13 19:55:00    VehicOverPointInfo_BM00 二厂整车过点{数量:1}
2022-10-13 19:56:00    VehicOverPointInfo_BM00 二厂整车过点{数量:1}
2022-10-13 19:57:00    VehicOverPointInfo_BM00 二厂整车过点{数量:1}
2022-10-13 19:58:00    OutSyncTicket_AW0B LMS外同步票接口{数量:30}
2022-10-13 19:58:00    VehicOverPointInfo_BM00 二厂整车过点{数量:1}
2022-10-13 19:58:00    VehicOverPointInfo_AM0D 整车实绩过点信息{数量:1}
2022-10-13 19:59:00    VehicOverPointInfo_BM00 二厂整车过点{数量:1}
2022-10-13 19:59:00    VehicOverPointInfo_AM0D 整车实绩过点信息{数量:1}
2022-10-13 20:00:00    VehicOverPointInfo_BM00 二厂整车过点{数量:1}
2022-10-13 20:01:00    VehicOverPointInfo_BM00 二厂整车过点{数量:1}
2022-10-13 20:02:00    OutSyncTicket_AW0B LMS外同步票接口{数量:5}
2022-10-13 20:02:00    VehicOverPointInfo_BM00 二厂整车过点{数量:1}
2022-10-13 20:03:00    ExceptOrderAplFeedback_AP0W 例外订购申请反馈{数量:7}
2022-10-13 20:03:00    VehicOverPointInfo_BM00 二厂整车过点{数量:1}
2022-10-13 20:03:00    VehicOverPointInfo_AM0D 整车实绩过点信息{数量:1}
2022-10-13 20:04:00    OutSyncTicket_AW0B LMS外同步票接口{数量:2}
2022-10-13 20:04:00    VehicOverPointInfo_BM00 二厂整车过点{数量:1}
2022-10-13 20:05:00    VehicOverPointInfo_BM00 二厂整车过点{数量:1}
2022-10-13 20:06:01    OutSyncTicket_AW0B LMS外同步票接口{数量:69}
2022-10-13 20:07:01    VehicOverPointInfo_BM00 二厂整车过点{数量:1}
2022-10-13 20:07:01    VehicOverPointInfo_AM0D 整车实绩过点信息{数量:1}
2022-10-13 20:08:01    VehicOverPointInfo_BM00 二厂整车过点{数量:1}
2022-10-13 20:09:01    VehicOverPointInfo_BM00 二厂整车过点{数量:1}
2022-10-13 20:10:01    OutSyncTicket_AW0B LMS外同步票接口{数量:5}
2022-10-13 20:10:01    VehicOverPointInfo_BM00 二厂整车过点{数量:1}
2022-10-13 20:10:01    VehicOverPointInfo_AM0D 整车实绩过点信息{数量:1}
2022-10-13 20:11:01    VehicOverPointInfo_BM00 二厂整车过点{数量:1}
2022-10-13 20:12:01    OutSyncTicket_AW0B LMS外同步票接口{数量:40}
2022-10-13 20:12:01    VehicOverPointInfo_BM00 二厂整车过点{数量:1}
2022-10-13 20:13:01    VehicOverPointInfo_BM00 二厂整车过点{数量:1}
2022-10-13 20:14:01    VehicOverPointInfo_BM00 二厂整车过点{数量:1}
2022-10-13 20:15:01    VehicOverPointInfo_BM00 二厂整车过点{数量:1}
2022-10-13 20:16:01    OutSyncTicket_AW0B LMS外同步票接口{数量:10}
2022-10-13 20:16:01    VehicOverPointInfo_BM00 二厂整车过点{数量:1}
2022-10-13 20:17:01    VehicOverPointInfo_BM00 二厂整车过点{数量:1}
2022-10-13 20:18:01    OutSyncTicket_AW0B LMS外同步票接口{数量:50}
2022-10-13 20:18:01    VehicOverPointInfo_BM00 二厂整车过点{数量:1}
2022-10-13 20:19:01    VehicOverPointInfo_BM00 二厂整车过点{数量:1}
2022-10-13 20:19:01    VehicLockProducPlan_AM0A 整车锁定生产计划,二次锁定{数量:1}
2022-10-13 20:20:01    VehicOverPointInfo_BM00 二厂整车过点{数量:1}
2022-10-13 20:21:01    VehicOverPointInfo_BM00 二厂整车过点{数量:1}
2022-10-13 20:22:01    OutSyncTicket_AW0B LMS外同步票接口{数量:4}
2022-10-13 20:22:01    VehicOverPointInfo_BM00 二厂整车过点{数量:1}
2022-10-13 20:23:01    VehicOverPointInfo_BM00 二厂整车过点{数量:1}
2022-10-13 20:24:01    OutSyncTicket_AW0B LMS外同步票接口{数量:52}
2022-10-13 20:25:01    VehicOverPointInfo_BM00 二厂整车过点{数量:1}
2022-10-13 20:25:01    ReceivePurchaseOrder_AP11 DMS支给件总成{数量:1}
2022-10-13 20:26:01    VehicOverPointInfo_BM00 二厂整车过点{数量:1}
2022-10-13 20:26:01    ReceivePurchaseOrder_AP11 DMS支给件总成{数量:1}
2022-10-13 20:27:01    VehicOverPointInfo_BM00 二厂整车过点{数量:1}
2022-10-13 20:27:01    ReceivePurchaseOrder_AP11 DMS支给件总成{数量:1}
2022-10-13 20:28:02    OutSyncTicket_AW0B LMS外同步票接口{数量:3}
2022-10-13 20:28:02    VehicOverPointInfo_BM00 二厂整车过点{数量:1}
2022-10-13 20:28:02    ReceivePurchaseOrder_AP11 DMS支给件总成{数量:1}
2022-10-13 20:29:02    VehicOverPointInfo_BM00 二厂整车过点{数量:1}
2022-10-13 20:29:02    ReceivePurchaseOrder_AP11 DMS支给件总成{数量:1}
2022-10-13 20:29:02    VehicLockProducPlan_AM0A 整车锁定生产计划,二次锁定{数量:1}
2022-10-13 20:30:02    OutSyncTicket_AW0B LMS外同步票接口{数量:36}
2022-10-13 20:30:02    VehicOverPointInfo_BM00 二厂整车过点{数量:1}
2022-10-13 20:30:02    ReceivePurchaseOrder_AP11 DMS支给件总成{数量:1}
2022-10-13 20:31:02    VehicOverPointInfo_BM00 二厂整车过点{数量:1}
2022-10-13 20:32:02    OutSyncTicket_AW0B LMS外同步票接口{数量:3}
2022-10-13 20:32:02    VehicOverPointInfo_BM00 二厂整车过点{数量:1}
2022-10-13 20:33:02    VehicOverPointInfo_BM00 二厂整车过点{数量:1}
2022-10-13 20:34:02    OutSyncTicket_AW0B LMS外同步票接口{数量:10}
2022-10-13 20:34:02    VehicOverPointInfo_BM00 二厂整车过点{数量:1}
2022-10-13 20:35:02    VehicOverPointInfo_BM00 二厂整车过点{数量:1}
2022-10-13 20:36:02    VehicOverPointInfo_BM00 二厂整车过点{数量:1}
2022-10-13 20:37:02    VehicOverPointInfo_BM00 二厂整车过点{数量:1}
2022-10-13 20:38:02    VehicOverPointInfo_BM00 二厂整车过点{数量:1}
2022-10-13 20:39:02    VehicOverPointInfo_BM00 二厂整车过点{数量:1}
2022-10-13 20:39:02    VehicLockProducPlan_AM0A 整车锁定生产计划,二次锁定{数量:1}
2022-10-13 20:40:02    VehicOverPointInfo_BM00 二厂整车过点{数量:1}
2022-10-13 20:41:02    VehicOverPointInfo_BM00 二厂整车过点{数量:1}
2022-10-13 20:42:02    VehicOverPointInfo_BM00 二厂整车过点{数量:1}
2022-10-13 20:43:02    VehicOverPointInfo_BM00 二厂整车过点{数量:1}
2022-10-13 20:44:02    VehicOverPointInfo_BM00 二厂整车过点{数量:1}
2022-10-13 20:45:02    VehicOverPointInfo_BM00 二厂整车过点{数量:1}
2022-10-13 20:46:02    OutSyncTicket_AW0B LMS外同步票接口{数量:1}
2022-10-13 20:46:02    VehicOverPointInfo_BM00 二厂整车过点{数量:1}
2022-10-13 20:47:02    VehicOverPointInfo_BM00 二厂整车过点{数量:1}
2022-10-13 20:48:02    VehicOverPointInfo_BM00 二厂整车过点{数量:1}
2022-10-13 20:49:02    VehicOverPointInfo_BM00 二厂整车过点{数量:1}
2022-10-13 20:49:02    VehicLockProducPlan_AM0A 整车锁定生产计划,二次锁定{数量:1}
2022-10-13 20:50:02    VehicOverPointInfo_BM00 二厂整车过点{数量:1}
2022-10-13 20:51:02    VehicOverPointInfo_BM00 二厂整车过点{数量:1}
2022-10-13 20:52:02    VehicOverPointInfo_BM00 二厂整车过点{数量:1}
2022-10-13 20:53:02    VehicOverPointInfo_BM00 二厂整车过点{数量:1}
2022-10-13 20:54:02    VehicOverPointInfo_BM00 二厂整车过点{数量:1}
2022-10-13 20:55:02    VehicOverPointInfo_BM00 二厂整车过点{数量:1}
2022-10-13 20:55:02    VehicPOInfoGrant_AM0C 整车W+3周生产计划,整车一次锁定{数量:1}
2022-10-13 20:56:02    VehicOverPointInfo_BM00 二厂整车过点{数量:1}
2022-10-13 20:57:02    VehicOverPointInfo_BM00 二厂整车过点{数量:1}
2022-10-13 20:58:02    OutSyncTicket_AW0B LMS外同步票接口{数量:2}
2022-10-13 20:58:02    VehicOverPointInfo_BM00 二厂整车过点{数量:1}
2022-10-13 20:59:02    VehicOverPointInfo_BM00 二厂整车过点{数量:1}
2022-10-13 21:00:02    VehicOverPointInfo_BM00 二厂整车过点{数量:1}
2022-10-13 21:01:02    VehicOverPointInfo_BM00 二厂整车过点{数量:1}
2022-10-13 21:02:02    VehicOverPointInfo_BM00 二厂整车过点{数量:1}
2022-10-13 21:03:02    VehicOverPointInfo_BM00 二厂整车过点{数量:1}
2022-10-13 21:03:02    VehicLockProducPlan_AM0A 整车锁定生产计划,二次锁定{数量:1}
2022-10-13 21:04:02    VehicOverPointInfo_BM00 二厂整车过点{数量:1}
2022-10-13 21:05:02    VehicOverPointInfo_BM00 二厂整车过点{数量:1}
2022-10-13 21:05:02    BatteryFarmSecLock_AM64 电池锁定生产计划,二次锁定{数量:1}
2022-10-13 21:06:02    VehicOverPointInfo_BM00 二厂整车过点{数量:1}
2022-10-13 21:07:02    VehicOverPointInfo_BM00 二厂整车过点{数量:1}
2022-10-13 21:08:02    VehicOverPointInfo_BM00 二厂整车过点{数量:1}
2022-10-13 21:09:02      null

2022-10-13 21:10:02    OutSyncTicket_AW0B LMS外同步票接口{数量:3}
2022-10-13 21:10:02    VehicOverPointInfo_BM00 二厂整车过点{数量:1}
2022-10-13 21:11:03    VehicOverPointInfo_BM00 二厂整车过点{数量:1}
2022-10-13 21:12:03    OutSyncTicket_AW0B LMS外同步票接口{数量:38}
2022-10-13 21:12:03    VehicOverPointInfo_BM00 二厂整车过点{数量:1}
2022-10-13 21:13:03    VehicOverPointInfo_BM00 二厂整车过点{数量:1}
2022-10-13 21:14:03    VehicOverPointInfo_BM00 二厂整车过点{数量:1}
2022-10-13 21:15:03    VehicOverPointInfo_BM00 二厂整车过点{数量:1}
2022-10-13 21:16:03    VehicOverPointInfo_BM00 二厂整车过点{数量:1}
2022-10-13 21:17:03    VehicOverPointInfo_BM00 二厂整车过点{数量:1}
2022-10-13 21:18:03    OutSyncTicket_AW0B LMS外同步票接口{数量:2}
2022-10-13 21:18:03    VehicOverPointInfo_BM00 二厂整车过点{数量:1}
2022-10-13 21:18:03    BatteryFarmSecLock_AM64 电池锁定生产计划,二次锁定{数量:1}
2022-10-13 21:19:03    VehicOverPointInfo_BM00 二厂整车过点{数量:1}
2022-10-13 21:19:03    VehicLockProducPlan_AM0A 整车锁定生产计划,二次锁定{数量:1}
2022-10-13 21:19:03    VehicOverPointInfo_AM0D 整车实绩过点信息{数量:1}
2022-10-13 21:20:03    OutSyncTicket_AW0B LMS外同步票接口{数量:19}
2022-10-13 21:20:03    VehicOverPointInfo_BM00 二厂整车过点{数量:1}
2022-10-13 21:21:03    VehicOverPointInfo_BM00 二厂整车过点{数量:1}
2022-10-13 21:21:03    VehicOverPointInfo_AM0D 整车实绩过点信息{数量:1}
2022-10-13 21:22:03    OutSyncTicket_AW0B LMS外同步票接口{数量:9}
2022-10-13 21:22:03    VehicOverPointInfo_BM00 二厂整车过点{数量:1}
2022-10-13 21:23:03    VehicOverPointInfo_BM00 二厂整车过点{数量:1}
2022-10-13 21:23:03    BatteryFarmSecLock_AM64 电池锁定生产计划,二次锁定{数量:1}
2022-10-13 21:24:03    OutSyncTicket_AW0B LMS外同步票接口{数量:10}
2022-10-13 21:24:03    VehicOverPointInfo_BM00 二厂整车过点{数量:1}
2022-10-13 21:25:03    VehicOverPointInfo_BM00 二厂整车过点{数量:1}
2022-10-13 21:26:03    OutSyncTicket_AW0B LMS外同步票接口{数量:92}
2022-10-13 21:27:03    VehicOverPointInfo_BM00 二厂整车过点{数量:1}
2022-10-13 21:28:03    VehicOverPointInfo_BM00 二厂整车过点{数量:1}
2022-10-13 21:29:03    VehicOverPointInfo_BM00 二厂整车过点{数量:1}
2022-10-13 21:29:03    VehicLockProducPlan_AM0A 整车锁定生产计划,二次锁定{数量:1}
2022-10-13 21:30:03    OutSyncTicket_AW0B LMS外同步票接口{数量:2}
2022-10-13 21:30:03    VehicOverPointInfo_BM00 二厂整车过点{数量:1}
2022-10-13 21:31:03    VehicOverPointInfo_BM00 二厂整车过点{数量:1}
2022-10-13 21:32:03    OutSyncTicket_AW0B LMS外同步票接口{数量:10}
2022-10-13 21:32:03    VehicOverPointInfo_BM00 二厂整车过点{数量:1}
2022-10-13 21:33:03    VehicOverPointInfo_BM00 二厂整车过点{数量:1}
2022-10-13 21:33:03    BatteryFarmSecLock_AM64 电池锁定生产计划,二次锁定{数量:1}
2022-10-13 21:33:03    VehicOverPointInfo_AM0D 整车实绩过点信息{数量:1}
2022-10-13 21:34:04    OutSyncTicket_AW0B LMS外同步票接口{数量:9}
2022-10-13 21:34:04    VehicOverPointInfo_BM00 二厂整车过点{数量:1}
2022-10-13 21:35:04    VehicOverPointInfo_BM00 二厂整车过点{数量:1}
2022-10-13 21:36:04    OutSyncTicket_AW0B LMS外同步票接口{数量:11}
2022-10-13 21:36:04    VehicOverPointInfo_BM00 二厂整车过点{数量:1}
2022-10-13 21:37:04    VehicOverPointInfo_BM00 二厂整车过点{数量:1}
2022-10-13 21:38:04    OutSyncTicket_AW0B LMS外同步票接口{数量:16}
2022-10-13 21:38:04    VehicOverPointInfo_BM00 二厂整车过点{数量:1}
2022-10-13 21:39:04    VehicOverPointInfo_BM00 二厂整车过点{数量:1}
2022-10-13 21:39:04    VehicPOInfoGrant_AM0C 整车W+3周生产计划,整车一次锁定{数量:8}
2022-10-13 21:39:04    VehicLockProducPlan_AM0A 整车锁定生产计划,二次锁定{数量:1}
2022-10-13 21:40:04    OutSyncTicket_AW0B LMS外同步票接口{数量:27}
2022-10-13 21:40:04    VehicOverPointInfo_BM00 二厂整车过点{数量:1}
2022-10-13 21:40:04    VehicPOInfoGrant_AM0C 整车W+3周生产计划,整车一次锁定{数量:6}
2022-10-13 21:41:04    VehicOverPointInfo_BM00 二厂整车过点{数量:1}
2022-10-13 21:41:04    VehicPOInfoGrant_AM0C 整车W+3周生产计划,整车一次锁定{数量:3}
2022-10-13 21:42:04    OutSyncTicket_AW0B LMS外同步票接口{数量:9}
2022-10-13 21:42:04    VehicOverPointInfo_BM00 二厂整车过点{数量:1}
2022-10-13 21:42:04    VehicPOInfoGrant_AM0C 整车W+3周生产计划,整车一次锁定{数量:1}
2022-10-13 21:43:04    ExceptOrderAplFeedback_AP0W 例外订购申请反馈{数量:2}
2022-10-13 21:43:04    VehicOverPointInfo_BM00 二厂整车过点{数量:1}
2022-10-13 21:44:04    OutSyncTicket_AW0B LMS外同步票接口{数量:10}
2022-10-13 21:44:04    VehicOverPointInfo_BM00 二厂整车过点{数量:1}
2022-10-13 21:45:04    VehicOverPointInfo_BM00 二厂整车过点{数量:1}
2022-10-13 21:46:04    OutSyncTicket_AW0B LMS外同步票接口{数量:38}
2022-10-13 21:46:04    VehicOverPointInfo_BM00 二厂整车过点{数量:1}
2022-10-13 21:47:04    VehicOverPointInfo_BM00 二厂整车过点{数量:1}
2022-10-13 21:48:04    OutSyncTicket_AW0B LMS外同步票接口{数量:31}
2022-10-13 21:48:04    VehicOverPointInfo_BM00 二厂整车过点{数量:1}
2022-10-13 21:49:04    VehicOverPointInfo_BM00 二厂整车过点{数量:1}
2022-10-13 21:49:04    VehicLockProducPlan_AM0A 整车锁定生产计划,二次锁定{数量:1}
2022-10-13 21:50:04    OutSyncTicket_AW0B LMS外同步票接口{数量:78}
2022-10-13 21:51:04    VehicOverPointInfo_BM00 二厂整车过点{数量:1}
2022-10-13 21:52:04    VehicOverPointInfo_BM00 二厂整车过点{数量:1}
2022-10-13 21:53:04    VehicOverPointInfo_BM00 二厂整车过点{数量:1}
2022-10-13 21:53:04    VehicLockProducPlan_AM0A 整车锁定生产计划,二次锁定{数量:1}
2022-10-13 21:54:04    OutSyncTicket_AW0B LMS外同步票接口{数量:17}
2022-10-13 21:54:04    VehicOverPointInfo_BM00 二厂整车过点{数量:1}
2022-10-13 21:54:04    BatteryFarmSecLock_AM64 电池锁定生产计划,二次锁定{数量:1}
2022-10-13 21:55:04    VehicOverPointInfo_BM00 二厂整车过点{数量:1}
2022-10-13 21:56:04    OutSyncTicket_AW0B LMS外同步票接口{数量:8}
2022-10-13 21:56:04    VehicOverPointInfo_BM00 二厂整车过点{数量:1}
2022-10-13 21:57:05    VehicOverPointInfo_BM00 二厂整车过点{数量:1}
2022-10-13 21:58:05    OutSyncTicket_AW0B LMS外同步票接口{数量:17}
2022-10-13 21:58:05    VehicOverPointInfo_BM00 二厂整车过点{数量:1}
2022-10-13 21:59:05    VehicOverPointInfo_BM00 二厂整车过点{数量:1}
2022-10-13 22:00:05    OutSyncTicket_AW0B LMS外同步票接口{数量:47}
2022-10-13 22:00:05    VehicOverPointInfo_BM00 二厂整车过点{数量:1}
2022-10-13 22:01:05    VehicOverPointInfo_BM00 二厂整车过点{数量:1}
2022-10-13 22:02:05    OutSyncTicket_AW0B LMS外同步票接口{数量:5}
2022-10-13 22:02:05    VehicOverPointInfo_BM00 二厂整车过点{数量:1}
2022-10-13 22:03:05    VehicOverPointInfo_BM00 二厂整车过点{数量:1}
2022-10-13 22:03:05    VehicLockProducPlan_AM0A 整车锁定生产计划,二次锁定{数量:1}
2022-10-13 22:04:05    OutSyncTicket_AW0B LMS外同步票接口{数量:16}
2022-10-13 22:04:05    VehicOverPointInfo_BM00 二厂整车过点{数量:1}
2022-10-13 22:05:05    VehicOverPointInfo_BM00 二厂整车过点{数量:1}
2022-10-13 22:06:05    OutSyncTicket_AW0B LMS外同步票接口{数量:11}
2022-10-13 22:06:05    VehicOverPointInfo_BM00 二厂整车过点{数量:1}
2022-10-13 22:07:05    VehicOverPointInfo_BM00 二厂整车过点{数量:1}
2022-10-13 22:08:05    OutSyncTicket_AW0B LMS外同步票接口{数量:31}
2022-10-13 22:08:05    VehicOverPointInfo_BM00 二厂整车过点{数量:1}
2022-10-13 22:09:05    VehicOverPointInfo_BM00 二厂整车过点{数量:1}
2022-10-13 22:09:05    BatteryFarmSecLock_AM64 电池锁定生产计划,二次锁定{数量:1}
2022-10-13 22:10:05    VehicOverPointInfo_BM00 二厂整车过点{数量:1}
2022-10-13 22:10:05    VehicOverPointInfo_AM0D 整车实绩过点信息{数量:1}
2022-10-13 22:11:05    VehicOverPointInfo_BM00 二厂整车过点{数量:1}
2022-10-13 22:12:05    OutSyncTicket_AW0B LMS外同步票接口{数量:69}
2022-10-13 22:13:05    VehicOverPointInfo_BM00 二厂整车过点{数量:1}
2022-10-13 22:14:05    OutSyncTicket_AW0B LMS外同步票接口{数量:7}
2022-10-13 22:14:05    VehicOverPointInfo_BM00 二厂整车过点{数量:1}
2022-10-13 22:15:05    VehicOverPointInfo_BM00 二厂整车过点{数量:1}
2022-10-13 22:16:05    OutSyncTicket_AW0B LMS外同步票接口{数量:38}
2022-10-13 22:16:05    VehicOverPointInfo_BM00 二厂整车过点{数量:1}
2022-10-13 22:17:05    VehicOverPointInfo_BM00 二厂整车过点{数量:1}
2022-10-13 22:18:05    OutSyncTicket_AW0B LMS外同步票接口{数量:14}
2022-10-13 22:18:05    VehicOverPointInfo_BM00 二厂整车过点{数量:1}
2022-10-13 22:19:05    VehicOverPointInfo_BM00 二厂整车过点{数量:1}
2022-10-13 22:19:05    VehicLockProducPlan_AM0A 整车锁定生产计划,二次锁定{数量:1}
2022-10-13 22:20:05    OutSyncTicket_AW0B LMS外同步票接口{数量:6}
2022-10-13 22:20:05    VehicOverPointInfo_BM00 二厂整车过点{数量:1}
2022-10-13 22:21:05    VehicOverPointInfo_BM00 二厂整车过点{数量:1}
2022-10-13 22:22:05    OutSyncTicket_AW0B LMS外同步票接口{数量:16}
2022-10-13 22:22:05    VehicOverPointInfo_BM00 二厂整车过点{数量:1}
2022-10-13 22:23:05    VehicOverPointInfo_BM00 二厂整车过点{数量:1}
2022-10-13 22:24:05    OutSyncTicket_AW0B LMS外同步票接口{数量:56}
2022-10-13 22:25:05    VehicOverPointInfo_BM00 二厂整车过点{数量:1}
2022-10-13 22:26:06    OutSyncTicket_AW0B LMS外同步票接口{数量:24}
2022-10-13 22:26:06    VehicOverPointInfo_BM00 二厂整车过点{数量:1}
2022-10-13 22:27:06    VehicOverPointInfo_BM00 二厂整车过点{数量:1}
2022-10-13 22:28:06    OutSyncTicket_AW0B LMS外同步票接口{数量:5}
2022-10-13 22:28:06    VehicOverPointInfo_BM00 二厂整车过点{数量:1}
2022-10-13 22:28:06    BatteryFarmSecLock_AM64 电池锁定生产计划,二次锁定{数量:1}
2022-10-13 22:29:06    VehicOverPointInfo_BM00 二厂整车过点{数量:1}
2022-10-13 22:29:06    VehicLockProducPlan_AM0A 整车锁定生产计划,二次锁定{数量:1}
2022-10-13 22:30:06    OutSyncTicket_AW0B LMS外同步票接口{数量:15}
2022-10-13 22:30:06    VehicOverPointInfo_BM00 二厂整车过点{数量:1}
2022-10-13 22:31:06    VehicOverPointInfo_BM00 二厂整车过点{数量:1}
2022-10-13 22:32:06    OutSyncTicket_AW0B LMS外同步票接口{数量:10}
2022-10-13 22:32:06    VehicOverPointInfo_BM00 二厂整车过点{数量:1}
2022-10-13 22:32:06    BatteryFarmSecLock_AM64 电池锁定生产计划,二次锁定{数量:1}
2022-10-13 22:33:06    ExceptOrderAplFeedback_AP0W 例外订购申请反馈{数量:2}
2022-10-13 22:33:06    VehicOverPointInfo_BM00 二厂整车过点{数量:1}
2022-10-13 22:33:06    VehicLockProducPlan_AM0A 整车锁定生产计划,二次锁定{数量:1}
2022-10-13 22:34:06    OutSyncTicket_AW0B LMS外同步票接口{数量:2}
2022-10-13 22:34:06    VehicOverPointInfo_BM00 二厂整车过点{数量:1}
2022-10-13 22:35:06    VehicOverPointInfo_BM00 二厂整车过点{数量:1}
2022-10-13 22:35:06    BatteryFarmSecLock_AM64 电池锁定生产计划,二次锁定{数量:1}
2022-10-13 22:36:06    OutSyncTicket_AW0B LMS外同步票接口{数量:136}
2022-10-13 22:37:06    VehicOverPointInfo_BM00 二厂整车过点{数量:1}
2022-10-13 22:37:06    ReceivePurchaseOrder_AP11 DMS支给件总成{数量:1}
2022-10-13 22:38:06    VehicOverPointInfo_BM00 二厂整车过点{数量:1}
2022-10-13 22:38:06    ReceivePurchaseOrder_AP11 DMS支给件总成{数量:1}
2022-10-13 22:39:06    VehicOverPointInfo_BM00 二厂整车过点{数量:1}
2022-10-13 22:39:06    ReceivePurchaseOrder_AP11 DMS支给件总成{数量:2}
2022-10-13 22:40:06    OutSyncTicket_AW0B LMS外同步票接口{数量:21}
2022-10-13 22:40:06    VehicOverPointInfo_BM00 二厂整车过点{数量:1}
2022-10-13 22:40:06    ReceivePurchaseOrder_AP11 DMS支给件总成{数量:2}
2022-10-13 22:40:06    BatteryFarmSecLock_AM64 电池锁定生产计划,二次锁定{数量:1}
2022-10-13 22:41:06    VehicOverPointInfo_BM00 二厂整车过点{数量:1}
2022-10-13 22:41:06    ReceivePurchaseOrder_AP11 DMS支给件总成{数量:1}
2022-10-13 22:42:06    OutSyncTicket_AW0B LMS外同步票接口{数量:2}
2022-10-13 22:42:06    VehicOverPointInfo_BM00 二厂整车过点{数量:1}
2022-10-13 22:42:06    ReceivePurchaseOrder_AP11 DMS支给件总成{数量:1}
2022-10-13 22:42:06    BatteryFarmSecLock_AM64 电池锁定生产计划,二次锁定{数量:1}
2022-10-13 22:43:06    ExceptOrderAplFeedback_AP0W 例外订购申请反馈{数量:5}
2022-10-13 22:43:06    VehicOverPointInfo_BM00 二厂整车过点{数量:1}
2022-10-13 22:43:06    ReceivePurchaseOrder_AP11 DMS支给件总成{数量:1}
2022-10-13 22:44:06    OutSyncTicket_AW0B LMS外同步票接口{数量:13}
2022-10-13 22:44:06    VehicOverPointInfo_BM00 二厂整车过点{数量:1}
2022-10-13 22:44:06    ReceivePurchaseOrder_AP11 DMS支给件总成{数量:1}
2022-10-13 22:45:06    VehicOverPointInfo_BM00 二厂整车过点{数量:1}
2022-10-13 22:45:06    ReceivePurchaseOrder_AP11 DMS支给件总成{数量:1}
2022-10-13 22:46:06    OutSyncTicket_AW0B LMS外同步票接口{数量:24}
2022-10-13 22:46:06    VehicOverPointInfo_BM00 二厂整车过点{数量:1}
2022-10-13 22:46:06    ReceivePurchaseOrder_AP11 DMS支给件总成{数量:1}
2022-10-13 22:46:06    BatteryFarmSecLock_AM64 电池锁定生产计划,二次锁定{数量:1}
2022-10-13 22:47:06    VehicOverPointInfo_BM00 二厂整车过点{数量:1}
2022-10-13 22:47:06    ReceivePurchaseOrder_AP11 DMS支给件总成{数量:1}
2022-10-13 22:48:06    OutSyncTicket_AW0B LMS外同步票接口{数量:10}
2022-10-13 22:48:06    VehicOverPointInfo_BM00 二厂整车过点{数量:1}
2022-10-13 22:48:06    ReceivePurchaseOrder_AP11 DMS支给件总成{数量:1}
2022-10-13 22:48:06    BatteryFarmSecLock_AM64 电池锁定生产计划,二次锁定{数量:1}
2022-10-13 22:49:06    VehicOverPointInfo_BM00 二厂整车过点{数量:1}
2022-10-13 22:49:06    ReceivePurchaseOrder_AP11 DMS支给件总成{数量:3}
2022-10-13 22:49:06    VehicLockProducPlan_AM0A 整车锁定生产计划,二次锁定{数量:1}
2022-10-13 22:50:06    OutSyncTicket_AW0B LMS外同步票接口{数量:4}
2022-10-13 22:50:06    VehicOverPointInfo_BM00 二厂整车过点{数量:1}
2022-10-13 22:50:06    ReceivePurchaseOrder_AP11 DMS支给件总成{数量:3}
2022-10-13 22:51:06    VehicOverPointInfo_BM00 二厂整车过点{数量:1}
2022-10-13 22:52:06    OutSyncTicket_AW0B LMS外同步票接口{数量:38}
2022-10-13 22:52:06    VehicOverPointInfo_BM00 二厂整车过点{数量:1}
2022-10-13 22:53:06    ExceptOrderAplFeedback_AP0W 例外订购申请反馈{数量:2}
2022-10-13 22:53:06    VehicOverPointInfo_BM00 二厂整车过点{数量:1}
2022-10-13 22:53:06    VehicLockProducPlan_AM0A 整车锁定生产计划,二次锁定{数量:1}
2022-10-13 22:54:07    OutSyncTicket_AW0B LMS外同步票接口{数量:12}
2022-10-13 22:54:07    BatteryFarmSecLock_AM64 电池锁定生产计划,二次锁定{数量:1}
2022-10-13 22:55:07    VehicOverPointInfo_BM00 二厂整车过点{数量:1}
2022-10-13 22:55:07    VehicOverPointInfo_AM0D 整车实绩过点信息{数量:1}
2022-10-13 22:56:07    OutSyncTicket_AW0B LMS外同步票接口{数量:90}
2022-10-13 22:57:07    VehicOverPointInfo_BM00 二厂整车过点{数量:1}
2022-10-13 22:58:07    OutSyncTicket_AW0B LMS外同步票接口{数量:30}
2022-10-13 22:58:07    VehicOverPointInfo_BM00 二厂整车过点{数量:1}
2022-10-13 22:59:07    VehicOverPointInfo_BM00 二厂整车过点{数量:1}
2022-10-13 22:59:07    ReceivePurchaseOrder_AP11 DMS支给件总成{数量:2}
2022-10-13 23:00:07    OutSyncTicket_AW0B LMS外同步票接口{数量:17}
2022-10-13 23:00:07    ReceivePurchaseOrder_AP11 DMS支给件总成{数量:2}
2022-10-13 23:01:07    VehicOverPointInfo_BM00 二厂整车过点{数量:1}
2022-10-13 23:01:07    ReceivePurchaseOrder_AP11 DMS支给件总成{数量:1}
2022-10-13 23:02:07    OutSyncTicket_AW0B LMS外同步票接口{数量:7}
2022-10-13 23:02:07    VehicOverPointInfo_BM00 二厂整车过点{数量:1}
2022-10-13 23:02:07    ReceivePurchaseOrder_AP11 DMS支给件总成{数量:1}
2022-10-13 23:03:07    VehicOverPointInfo_BM00 二厂整车过点{数量:1}
2022-10-13 23:03:07    ReceivePurchaseOrder_AP11 DMS支给件总成{数量:3}
2022-10-13 23:04:07    OutSyncTicket_AW0B LMS外同步票接口{数量:5}
2022-10-13 23:04:07    VehicOverPointInfo_BM00 二厂整车过点{数量:1}
2022-10-13 23:04:07    ReceivePurchaseOrder_AP11 DMS支给件总成{数量:3}
2022-10-13 23:04:07    OrderTheOrder_AP0L 订购订单接口{数量:4}
2022-10-13 23:05:07    VehicOverPointInfo_BM00 二厂整车过点{数量:1}
2022-10-13 23:05:07    ReceivePurchaseOrder_AP11 DMS支给件总成{数量:16}
2022-10-13 23:06:07    OutSyncTicket_AW0B LMS外同步票接口{数量:61}
2022-10-13 23:07:08    VehicOverPointInfo_BM00 二厂整车过点{数量:1}
2022-10-13 23:07:08    ReceivePurchaseOrder_AP11 DMS支给件总成{数量:18}
2022-10-13 23:08:08    OutSyncTicket_AW0B LMS外同步票接口{数量:10}
2022-10-13 23:08:08    VehicOverPointInfo_BM00 二厂整车过点{数量:1}
2022-10-13 23:08:08    ReceivePurchaseOrder_AP11 DMS支给件总成{数量:18}
2022-10-13 23:09:08    VehicOverPointInfo_BM00 二厂整车过点{数量:1}
2022-10-13 23:09:08    ReceivePurchaseOrder_AP11 DMS支给件总成{数量:20}
2022-10-13 23:09:08    VehicLockProducPlan_AM0A 整车锁定生产计划,二次锁定{数量:1}
2022-10-13 23:10:08    OutSyncTicket_AW0B LMS外同步票接口{数量:5}
2022-10-13 23:10:08    VehicOverPointInfo_BM00 二厂整车过点{数量:1}
2022-10-13 23:10:08    ReceivePurchaseOrder_AP11 DMS支给件总成{数量:20}
2022-10-13 23:10:08    OrderTheOrder_AP0L 订购订单接口{数量:1}
2022-10-13 23:11:08    VehicOverPointInfo_BM00 二厂整车过点{数量:1}
2022-10-13 23:11:08    ReceivePurchaseOrder_AP11 DMS支给件总成{数量:2}
2022-10-13 23:12:08    OutSyncTicket_AW0B LMS外同步票接口{数量:14}
2022-10-13 23:12:08    VehicOverPointInfo_BM00 二厂整车过点{数量:1}
2022-10-13 23:12:08    ReceivePurchaseOrder_AP11 DMS支给件总成{数量:2}
2022-10-13 23:12:08    OrderTheOrder_AP0L 订购订单接口{数量:2}
2022-10-13 23:13:08    VehicOverPointInfo_BM00 二厂整车过点{数量:1}
2022-10-13 23:13:08    ReceivePurchaseOrder_AP11 DMS支给件总成{数量:4}
2022-10-13 23:14:08    OutSyncTicket_AW0B LMS外同步票接口{数量:18}
2022-10-13 23:14:08    VehicOverPointInfo_BM00 二厂整车过点{数量:1}
2022-10-13 23:14:08    ReceivePurchaseOrder_AP11 DMS支给件总成{数量:4}
2022-10-13 23:14:08    OrderTheOrder_AP0L 订购订单接口{数量:2}
2022-10-13 23:15:08    VehicOverPointInfo_BM00 二厂整车过点{数量:1}
2022-10-13 23:15:08    ReceivePurchaseOrder_AP11 DMS支给件总成{数量:4}
2022-10-13 23:16:08    OutSyncTicket_AW0B LMS外同步票接口{数量:71}
2022-10-13 23:17:08    VehicOverPointInfo_BM00 二厂整车过点{数量:1}
2022-10-13 23:17:08    ReceivePurchaseOrder_AP11 DMS支给件总成{数量:4}
2022-10-13 23:18:08    OutSyncTicket_AW0B LMS外同步票接口{数量:2}
2022-10-13 23:18:08    VehicOverPointInfo_BM00 二厂整车过点{数量:1}
2022-10-13 23:18:08    ReceivePurchaseOrder_AP11 DMS支给件总成{数量:4}
2022-10-13 23:19:08    VehicOverPointInfo_BM00 二厂整车过点{数量:1}
2022-10-13 23:19:08    ReceivePurchaseOrder_AP11 DMS支给件总成{数量:4}
2022-10-13 23:19:08    VehicLockProducPlan_AM0A 整车锁定生产计划,二次锁定{数量:1}
2022-10-13 23:20:08    OutSyncTicket_AW0B LMS外同步票接口{数量:3}
2022-10-13 23:20:08    VehicOverPointInfo_BM00 二厂整车过点{数量:1}
2022-10-13 23:20:08    ReceivePurchaseOrder_AP11 DMS支给件总成{数量:4}
2022-10-13 23:20:08    OrderTheOrder_AP0L 订购订单接口{数量:2}
2022-10-13 23:21:08    VehicOverPointInfo_BM00 二厂整车过点{数量:1}
2022-10-13 23:22:08    OutSyncTicket_AW0B LMS外同步票接口{数量:36}
2022-10-13 23:22:08    VehicOverPointInfo_BM00 二厂整车过点{数量:1}
2022-10-13 23:23:08    VehicOverPointInfo_BM00 二厂整车过点{数量:1}
2022-10-13 23:23:08    ReceivePurchaseOrder_AP11 DMS支给件总成{数量:1}
2022-10-13 23:24:08    VehicOverPointInfo_BM00 二厂整车过点{数量:1}
2022-10-13 23:24:08    ReceivePurchaseOrder_AP11 DMS支给件总成{数量:1}
2022-10-13 23:25:08    VehicOverPointInfo_BM00 二厂整车过点{数量:1}
2022-10-13 23:25:08    ReceivePurchaseOrder_AP11 DMS支给件总成{数量:2}
2022-10-13 23:26:08    VehicOverPointInfo_BM00 二厂整车过点{数量:1}
2022-10-13 23:26:08    ReceivePurchaseOrder_AP11 DMS支给件总成{数量:2}
2022-10-13 23:26:08    OrderTheOrder_AP0L 订购订单接口{数量:9}
2022-10-13 23:27:08    VehicOverPointInfo_BM00 二厂整车过点{数量:1}
2022-10-13 23:27:08    ReceivePurchaseOrder_AP11 DMS支给件总成{数量:2}
2022-10-13 23:28:08    VehicOverPointInfo_BM00 二厂整车过点{数量:1}
2022-10-13 23:28:08    ReceivePurchaseOrder_AP11 DMS支给件总成{数量:2}
2022-10-13 23:29:08    VehicOverPointInfo_BM00 二厂整车过点{数量:1}
2022-10-13 23:29:08    ReceivePurchaseOrder_AP11 DMS支给件总成{数量:2}
2022-10-13 23:29:08    VehicLockProducPlan_AM0A 整车锁定生产计划,二次锁定{数量:1}
2022-10-13 23:30:08    VehicOverPointInfo_BM00 二厂整车过点{数量:1}
2022-10-13 23:30:08    ReceivePurchaseOrder_AP11 DMS支给件总成{数量:2}
2022-10-13 23:30:08    OrderTheOrder_AP0L 订购订单接口{数量:2}
2022-10-13 23:31:09    VehicOverPointInfo_BM00 二厂整车过点{数量:1}
2022-10-13 23:31:09    ReceivePurchaseOrder_AP11 DMS支给件总成{数量:5}
2022-10-13 23:32:09    OutSyncTicket_AW0B LMS外同步票接口{数量:32}
2022-10-13 23:32:09    VehicOverPointInfo_BM00 二厂整车过点{数量:1}
2022-10-13 23:32:09    ReceivePurchaseOrder_AP11 DMS支给件总成{数量:5}
2022-10-13 23:33:09    VehicOverPointInfo_BM00 二厂整车过点{数量:1}
2022-10-13 23:33:09    ReceivePurchaseOrder_AP11 DMS支给件总成{数量:7}
2022-10-13 23:34:09    OutSyncTicket_AW0B LMS外同步票接口{数量:18}
2022-10-13 23:34:09    VehicOverPointInfo_BM00 二厂整车过点{数量:1}
2022-10-13 23:34:09    ReceivePurchaseOrder_AP11 DMS支给件总成{数量:7}
2022-10-13 23:35:09    VehicOverPointInfo_BM00 二厂整车过点{数量:1}
2022-10-13 23:35:09    ReceivePurchaseOrder_AP11 DMS支给件总成{数量:8}
2022-10-13 23:36:09    OutSyncTicket_AW0B LMS外同步票接口{数量:2}
2022-10-13 23:36:09    VehicOverPointInfo_BM00 二厂整车过点{数量:1}
2022-10-13 23:36:09    ReceivePurchaseOrder_AP11 DMS支给件总成{数量:8}
2022-10-13 23:36:09    OrderTheOrder_AP0L 订购订单接口{数量:9}
2022-10-13 23:37:09    VehicOverPointInfo_BM00 二厂整车过点{数量:1}
2022-10-13 23:37:09    ReceivePurchaseOrder_AP11 DMS支给件总成{数量:8}
2022-10-13 23:38:09    OutSyncTicket_AW0B LMS外同步票接口{数量:31}
2022-10-13 23:38:09    VehicOverPointInfo_BM00 二厂整车过点{数量:1}
2022-10-13 23:38:09    ReceivePurchaseOrder_AP11 DMS支给件总成{数量:8}
2022-10-13 23:38:09    OrderTheOrder_AP0L 订购订单接口{数量:1}
2022-10-13 23:39:09    VehicOverPointInfo_BM00 二厂整车过点{数量:1}
2022-10-13 23:39:09    ReceivePurchaseOrder_AP11 DMS支给件总成{数量:8}
2022-10-13 23:39:09    VehicLockProducPlan_AM0A 整车锁定生产计划,二次锁定{数量:1}
2022-10-13 23:40:09    OutSyncTicket_AW0B LMS外同步票接口{数量:106}
2022-10-13 23:41:09    VehicOverPointInfo_BM00 二厂整车过点{数量:1}
2022-10-13 23:42:09    OutSyncTicket_AW0B LMS外同步票接口{数量:14}
2022-10-13 23:42:09    VehicOverPointInfo_BM00 二厂整车过点{数量:1}
2022-10-13 23:42:09    OrderTheOrder_AP0L 订购订单接口{数量:1}
2022-10-13 23:43:09    VehicOverPointInfo_BM00 二厂整车过点{数量:1}
2022-10-13 23:43:09    VehicLockProducPlan_AM0A 整车锁定生产计划,二次锁定{数量:1}
2022-10-13 23:44:09    OutSyncTicket_AW0B LMS外同步票接口{数量:11}
2022-10-13 23:44:09    VehicOverPointInfo_BM00 二厂整车过点{数量:1}
2022-10-13 23:44:09    OrderTheOrder_AP0L 订购订单接口{数量:1}
2022-10-13 23:45:09    VehicOverPointInfo_BM00 二厂整车过点{数量:1}
2022-10-13 23:46:09    OutSyncTicket_AW0B LMS外同步票接口{数量:22}
2022-10-13 23:46:09    VehicOverPointInfo_BM00 二厂整车过点{数量:1}
2022-10-13 23:46:09    OrderTheOrder_AP0L 订购订单接口{数量:5}
2022-10-13 23:47:09    VehicOverPointInfo_BM00 二厂整车过点{数量:1}
2022-10-13 23:48:09    OutSyncTicket_AW0B LMS外同步票接口{数量:103}
2022-10-13 23:49:09    VehicOverPointInfo_BM00 二厂整车过点{数量:1}
2022-10-13 23:50:09    OutSyncTicket_AW0B LMS外同步票接口{数量:10}
2022-10-13 23:50:09    VehicOverPointInfo_BM00 二厂整车过点{数量:1}
2022-10-13 23:50:09    OrderTheOrder_AP0L 订购订单接口{数量:1}
2022-10-13 23:51:09    VehicOverPointInfo_BM00 二厂整车过点{数量:1}
2022-10-13 23:52:09    OutSyncTicket_AW0B LMS外同步票接口{数量:39}
2022-10-13 23:52:09    VehicOverPointInfo_BM00 二厂整车过点{数量:1}
2022-10-13 23:53:09    VehicOverPointInfo_BM00 二厂整车过点{数量:1}
2022-10-13 23:53:09    VehicLockProducPlan_AM0A 整车锁定生产计划,二次锁定{数量:1}
2022-10-13 23:54:09    OutSyncTicket_AW0B LMS外同步票接口{数量:16}
2022-10-13 23:54:09    VehicOverPointInfo_BM00 二厂整车过点{数量:1}
2022-10-13 23:55:09    VehicOverPointInfo_BM00 二厂整车过点{数量:1}
2022-10-13 23:56:09    OutSyncTicket_AW0B LMS外同步票接口{数量:36}
2022-10-13 23:56:09    VehicOverPointInfo_BM00 二厂整车过点{数量:1}
2022-10-13 23:56:09    OrderTheOrder_AP0L 订购订单接口{数量:4}
2022-10-13 23:57:09    VehicOverPointInfo_BM00 二厂整车过点{数量:1}
2022-10-13 23:58:09    OutSyncTicket_AW0B LMS外同步票接口{数量:7}
2022-10-13 23:58:09    ExceptOrderAplFeedback_AP0W 例外订购申请反馈{数量:1}
2022-10-13 23:58:09    VehicOverPointInfo_BM00 二厂整车过点{数量:1}
2022-10-13 23:59:09    VehicOverPointInfo_BM00 二厂整车过点{数量:1}