
2022-10-27 11:12:40    TransferVehicleBOM_AD15 转移单车BOM{数量:412}
2022-10-27 11:12:40    VehicOverPointInfo_BM00 二厂整车过点{数量:1}
2022-10-27 11:12:40    VehicOverPointInfo_AM0D 整车实绩过点信息{数量:1}
2022-10-27 11:13:40    OutSyncTicket_AW0B LMS外同步票接口{数量:3}
2022-10-27 11:13:40    TransferVehicleBOM_AD15 转移单车BOM{数量:402}
2022-10-27 11:13:40    VehicOverPointInfo_BM00 二厂整车过点{数量:1}
2022-10-27 11:13:40    VehicLockProducPlan_AM0A 整车锁定生产计划,二次锁定{数量:1}
2022-10-27 11:13:40    VehicOverPointInfo_AM0D 整车实绩过点信息{数量:1}
2022-10-27 11:14:40    TransferVehicleBOM_AD15 转移单车BOM{数量:392}
2022-10-27 11:14:40    VehicOverPointInfo_BM00 二厂整车过点{数量:1}
2022-10-27 11:14:40    OrderTheOrder_AP0L 订购订单接口{数量:28}
2022-10-27 11:14:40    VehicOverPointInfo_AM0D 整车实绩过点信息{数量:1}
2022-10-27 11:14:40    BatteryFarmSecLock_AM64 电池锁定生产计划,二次锁定{数量:1}
2022-10-27 11:15:40    OutSyncTicket_AW0B LMS外同步票接口{数量:5}
2022-10-27 11:15:40    TransferVehicleBOM_AD15 转移单车BOM{数量:382}
2022-10-27 11:15:40    VehicOverPointInfo_BM00 二厂整车过点{数量:1}
2022-10-27 11:15:40    BatteryFarmOverPoint_AM65 电池实际过点信息{数量:1}
2022-10-27 11:15:40    VehicOverPointInfo_AM0D 整车实绩过点信息{数量:1}
2022-10-27 11:16:40    TransferVehicleBOM_AD15 转移单车BOM{数量:372}
2022-10-27 11:16:40    VehicOverPointInfo_BM00 二厂整车过点{数量:1}
2022-10-27 11:16:40    VehicOverPointInfo_AM0D 整车实绩过点信息{数量:1}
2022-10-27 11:17:40    OutSyncTicket_AW0B LMS外同步票接口{数量:41}
2022-10-27 11:17:40    TransferVehicleBOM_AD15 转移单车BOM{数量:362}
2022-10-27 11:17:40    VehicOverPointInfo_BM00 二厂整车过点{数量:1}
2022-10-27 11:17:40    BatteryFarmOverPoint_AM65 电池实际过点信息{数量:1}
2022-10-27 11:17:40    VehicOverPointInfo_AM0D 整车实绩过点信息{数量:1}
2022-10-27 11:17:40    BatteryFarmSecLock_AM64 电池锁定生产计划,二次锁定{数量:1}
2022-10-27 11:17:40    ReciveSupportMaterialOrder_AP16 同步支给件收货零部件{数量:1}
2022-10-27 11:18:40    TransferVehicleBOM_AD15 转移单车BOM{数量:352}
2022-10-27 11:18:40    DeliveryOrder_AP15 发货单{数量:8}
2022-10-27 11:18:40    VehicOverPointInfo_BM00 二厂整车过点{数量:1}
2022-10-27 11:18:40    OrderTheOrder_AP0L 订购订单接口{数量:4}
2022-10-27 11:18:40    VehicOverPointInfo_AM0D 整车实绩过点信息{数量:1}
2022-10-27 11:18:40    ReciveSupportMaterialOrder_AP16 同步支给件收货零部件{数量:1}
2022-10-27 11:19:40    OutSyncTicket_AW0B LMS外同步票接口{数量:6}
2022-10-27 11:19:40    TransferVehicleBOM_AD15 转移单车BOM{数量:342}
2022-10-27 11:19:40    VehicOverPointInfo_BM00 二厂整车过点{数量:1}
2022-10-27 11:19:40    VehicOverPointInfo_AM0D 整车实绩过点信息{数量:1}
2022-10-27 11:19:40    BatteryFarmSecLock_AM64 电池锁定生产计划,二次锁定{数量:1}
2022-10-27 11:19:40    ReciveSupportMaterialOrder_AP16 同步支给件收货零部件{数量:1}
2022-10-27 11:20:40    TransferVehicleBOM_AD15 转移单车BOM{数量:432}
2022-10-27 11:20:40    VehicOverPointInfo_BM00 二厂整车过点{数量:1}
2022-10-27 11:20:40    VehicOverPointInfo_AM0D 整车实绩过点信息{数量:1}
2022-10-27 11:21:40    OutSyncTicket_AW0B LMS外同步票接口{数量:41}
2022-10-27 11:21:40    TransferVehicleBOM_AD15 转移单车BOM{数量:530}
2022-10-27 11:21:40    VehicOverPointInfo_BM00 二厂整车过点{数量:1}
2022-10-27 11:21:40    VehicOverPointInfo_AM0D 整车实绩过点信息{数量:1}
2022-10-27 11:21:40    BatteryFarmSecLock_AM64 电池锁定生产计划,二次锁定{数量:1}
2022-10-27 11:22:40    TransferVehicleBOM_AD15 转移单车BOM{数量:612}
2022-10-27 11:22:40    VehicOverPointInfo_BM00 二厂整车过点{数量:1}
2022-10-27 11:22:40    OrderTheOrder_AP0L 订购订单接口{数量:1}
2022-10-27 11:22:40    VehicOverPointInfo_AM0D 整车实绩过点信息{数量:1}
2022-10-27 11:23:40    OutSyncTicket_AW0B LMS外同步票接口{数量:5}
2022-10-27 11:23:40    TransferVehicleBOM_AD15 转移单车BOM{数量:732}
2022-10-27 11:23:40    VehicOverPointInfo_BM00 二厂整车过点{数量:1}
2022-10-27 11:23:40    VehicLockProducPlan_AM0A 整车锁定生产计划,二次锁定{数量:1}
2022-10-27 11:23:40    BatteryFarmSecLock_AM64 电池锁定生产计划,二次锁定{数量:1}
2022-10-27 11:23:40    VehicOverPointInfo_AM0D 整车实绩过点信息{数量:1}
2022-10-27 11:24:40    TransferVehicleBOM_AD15 转移单车BOM{数量:794}
2022-10-27 11:24:40    VehicOverPointInfo_BM00 二厂整车过点{数量:1}
2022-10-27 11:24:40    ReceivePurchaseOrder_AP11 DMS支给件总成{数量:3}
2022-10-27 11:24:40    VehicOverPointInfo_AM0D 整车实绩过点信息{数量:1}
2022-10-27 11:25:40    OutSyncTicket_AW0B LMS外同步票接口{数量:38}
2022-10-27 11:25:40    TransferVehicleBOM_AD15 转移单车BOM{数量:784}
2022-10-27 11:25:40    VehicOverPointInfo_BM00 二厂整车过点{数量:1}
2022-10-27 11:25:40    ReceivePurchaseOrder_AP11 DMS支给件总成{数量:3}
2022-10-27 11:25:40    BatteryFarmSecLock_AM64 电池锁定生产计划,二次锁定{数量:1}
2022-10-27 11:25:40    VehicOverPointInfo_AM0D 整车实绩过点信息{数量:1}
2022-10-27 11:26:40    TransferVehicleBOM_AD15 转移单车BOM{数量:774}
2022-10-27 11:26:40    VehicOverPointInfo_BM00 二厂整车过点{数量:1}
2022-10-27 11:26:40    ReceivePurchaseOrder_AP11 DMS支给件总成{数量:3}
2022-10-27 11:26:40    OrderTheOrder_AP0L 订购订单接口{数量:11}
2022-10-27 11:26:40    VehicOverPointInfo_AM0D 整车实绩过点信息{数量:1}
2022-10-27 11:27:40    OutSyncTicket_AW0B LMS外同步票接口{数量:60}
2022-10-27 11:28:40    TransferVehicleBOM_AD15 转移单车BOM{数量:754}
2022-10-27 11:28:40    DeliveryOrder_AP15 发货单{数量:8}
2022-10-27 11:28:40    VehicOverPointInfo_BM00 二厂整车过点{数量:1}
2022-10-27 11:28:40    ReceivePurchaseOrder_AP11 DMS支给件总成{数量:3}
2022-10-27 11:28:40    VehicOverPointInfo_AM0D 整车实绩过点信息{数量:1}
2022-10-27 11:29:40    OutSyncTicket_AW0B LMS外同步票接口{数量:3}
2022-10-27 11:29:40    TransferVehicleBOM_AD15 转移单车BOM{数量:744}
2022-10-27 11:29:40    VehicOverPointInfo_BM00 二厂整车过点{数量:1}
2022-10-27 11:29:40    ReceivePurchaseOrder_AP11 DMS支给件总成{数量:3}
2022-10-27 11:29:40    VehicOverPointInfo_AM0D 整车实绩过点信息{数量:1}
2022-10-27 11:30:40    TransferVehicleBOM_AD15 转移单车BOM{数量:734}
2022-10-27 11:30:40    VehicOverPointInfo_BM00 二厂整车过点{数量:1}
2022-10-27 11:30:40    VehicOverPointInfo_AM0D 整车实绩过点信息{数量:1}
2022-10-27 11:30:40    BatteryFarmSecLock_AM64 电池锁定生产计划,二次锁定{数量:1}
2022-10-27 11:31:40    OutSyncTicket_AW0B LMS外同步票接口{数量:1}
2022-10-27 11:31:40    TransferVehicleBOM_AD15 转移单车BOM{数量:724}
2022-10-27 11:31:40    VehicOverPointInfo_BM00 二厂整车过点{数量:1}
2022-10-27 11:31:40    VehicOverPointInfo_AM0D 整车实绩过点信息{数量:1}
2022-10-27 11:32:40    TransferVehicleBOM_AD15 转移单车BOM{数量:714}
2022-10-27 11:32:40    VehicOverPointInfo_BM00 二厂整车过点{数量:1}
2022-10-27 11:32:40    VehicOverPointInfo_AM0D 整车实绩过点信息{数量:1}
2022-10-27 11:32:40    BatteryFarmSecLock_AM64 电池锁定生产计划,二次锁定{数量:1}
2022-10-27 11:33:40    TransferVehicleBOM_AD15 转移单车BOM{数量:704}
2022-10-27 11:33:40    VehicOverPointInfo_BM00 二厂整车过点{数量:1}
2022-10-27 11:33:40    VehicOverPointInfo_AM0D 整车实绩过点信息{数量:1}
2022-10-27 11:33:40    BatteryFarmSecLock_AM64 电池锁定生产计划,二次锁定{数量:1}
2022-10-27 11:34:40    TransferVehicleBOM_AD15 转移单车BOM{数量:694}
2022-10-27 11:34:40    VehicOverPointInfo_BM00 二厂整车过点{数量:1}
2022-10-27 11:34:40    OrderTheOrder_AP0L 订购订单接口{数量:6}
2022-10-27 11:34:40    VehicOverPointInfo_AM0D 整车实绩过点信息{数量:1}
2022-10-27 11:35:41    OutSyncTicket_AW0B LMS外同步票接口{数量:1}
2022-10-27 11:35:41    TransferVehicleBOM_AD15 转移单车BOM{数量:684}
2022-10-27 11:35:41    VehicOverPointInfo_BM00 二厂整车过点{数量:1}
2022-10-27 11:35:41    VehicOverPointInfo_AM0D 整车实绩过点信息{数量:1}
2022-10-27 11:35:41    BatteryFarmSecLock_AM64 电池锁定生产计划,二次锁定{数量:1}
2022-10-27 11:36:41    TransferVehicleBOM_AD15 转移单车BOM{数量:674}
2022-10-27 11:36:41    VehicOverPointInfo_BM00 二厂整车过点{数量:1}
2022-10-27 11:36:41    VehicOverPointInfo_AM0D 整车实绩过点信息{数量:1}
2022-10-27 11:37:41    TransferVehicleBOM_AD15 转移单车BOM{数量:664}
2022-10-27 11:37:41    VehicOverPointInfo_BM00 二厂整车过点{数量:1}
2022-10-27 11:37:41    TransferVehicleBOM_BD00 二厂单车BOM{数量:4}
2022-10-27 11:37:41    BatteryFarmSecLock_AM64 电池锁定生产计划,二次锁定{数量:1}
2022-10-27 11:38:41    TransferVehicleBOM_AD15 转移单车BOM{数量:654}
2022-10-27 11:38:41    TransferVehicleBOM_BD00 二厂单车BOM{数量:205}
2022-10-27 11:38:41    DeliveryOrder_AP15 发货单{数量:1}
2022-10-27 11:38:41    VehicOverPointInfo_BM00 二厂整车过点{数量:1}
2022-10-27 11:38:41    BatteryFarmSecLock_AM64 电池锁定生产计划,二次锁定{数量:1}
2022-10-27 11:38:41    VehicOverPointInfo_AM0D 整车实绩过点信息{数量:1}
2022-10-27 11:39:41    OutSyncTicket_AW0B LMS外同步票接口{数量:1}
2022-10-27 11:39:41    TransferVehicleBOM_AD15 转移单车BOM{数量:644}
2022-10-27 11:39:41    TransferVehicleBOM_BD00 二厂单车BOM{数量:386}
2022-10-27 11:39:41    VehicOverPointInfo_BM00 二厂整车过点{数量:1}
2022-10-27 11:40:41    TransferVehicleBOM_AD15 转移单车BOM{数量:634}
2022-10-27 11:40:41    VehicOverPointInfo_BM00 二厂整车过点{数量:1}
2022-10-27 11:40:41    TransferVehicleBOM_BD00 二厂单车BOM{数量:561}
2022-10-27 11:40:41    VehicLockProducPlan_AM0A 整车锁定生产计划,二次锁定{数量:1}
2022-10-27 11:40:41    VehicOverPointInfo_AM0D 整车实绩过点信息{数量:1}
2022-10-27 11:41:41    TransferVehicleBOM_AD15 转移单车BOM{数量:624}
2022-10-27 11:41:41    TransferVehicleBOM_BD00 二厂单车BOM{数量:736}
2022-10-27 11:41:41    VehicOverPointInfo_BM00 二厂整车过点{数量:1}
2022-10-27 11:41:41    BatteryFarmSecLock_AM64 电池锁定生产计划,二次锁定{数量:1}
2022-10-27 11:42:41    TransferVehicleBOM_AD15 转移单车BOM{数量:614}
2022-10-27 11:42:41    TransferVehicleBOM_BD00 二厂单车BOM{数量:892}
2022-10-27 11:42:41    VehicOverPointInfo_BM00 二厂整车过点{数量:1}
2022-10-27 11:42:41    VehicOverPointInfo_AM0D 整车实绩过点信息{数量:1}
2022-10-27 11:42:41    BatteryFarmSecLock_AM64 电池锁定生产计划,二次锁定{数量:1}
2022-10-27 11:43:41    OutSyncTicket_AW0B LMS外同步票接口{数量:4}
2022-10-27 11:43:41    TransferVehicleBOM_AD15 转移单车BOM{数量:604}
2022-10-27 11:43:41    TransferVehicleBOM_BD00 二厂单车BOM{数量:1061}
2022-10-27 11:43:41    VehicOverPointInfo_BM00 二厂整车过点{数量:1}
2022-10-27 11:43:41    VehicLockProducPlan_AM0A 整车锁定生产计划,二次锁定{数量:1}
2022-10-27 11:43:41    VehicOverPointInfo_AM0D 整车实绩过点信息{数量:1}
2022-10-27 11:44:41    TransferVehicleBOM_AD15 转移单车BOM{数量:594}
2022-10-27 11:44:41    VehicOverPointInfo_BM00 二厂整车过点{数量:1}
2022-10-27 11:44:41    TransferVehicleBOM_BD00 二厂单车BOM{数量:1224}
2022-10-27 11:44:41    VehicOverPointInfo_AM0D 整车实绩过点信息{数量:1}
2022-10-27 11:45:41    TransferVehicleBOM_AD15 转移单车BOM{数量:584}
2022-10-27 11:45:41    TransferVehicleBOM_BD00 二厂单车BOM{数量:1397}
2022-10-27 11:45:41    VehicOverPointInfo_BM00 二厂整车过点{数量:1}
2022-10-27 11:45:41    BatteryFarmSecLock_AM64 电池锁定生产计划,二次锁定{数量:1}
2022-10-27 11:45:41    VehicOverPointInfo_AM0D 整车实绩过点信息{数量:1}
2022-10-27 11:46:41    TransferVehicleBOM_AD15 转移单车BOM{数量:574}
2022-10-27 11:46:41    TransferVehicleBOM_BD00 二厂单车BOM{数量:1577}
2022-10-27 11:46:41    VehicOverPointInfo_BM00 二厂整车过点{数量:1}
2022-10-27 11:46:41    ReceivePurchaseOrder_AP11 DMS支给件总成{数量:6}
2022-10-27 11:46:41    OrderTheOrder_AP0L 订购订单接口{数量:152}
2022-10-27 11:46:41    VehicOverPointInfo_AM0D 整车实绩过点信息{数量:1}
2022-10-27 11:47:41    TransferVehicleBOM_AD15 转移单车BOM{数量:564}
2022-10-27 11:47:41    TransferVehicleBOM_BD00 二厂单车BOM{数量:1734}
2022-10-27 11:47:41    VehicOverPointInfo_BM00 二厂整车过点{数量:1}
2022-10-27 11:47:41    ReceivePurchaseOrder_AP11 DMS支给件总成{数量:6}
2022-10-27 11:47:41    OrderTheOrder_AP0L 订购订单接口{数量:211}
2022-10-27 11:47:41    BatteryFarmSecLock_AM64 电池锁定生产计划,二次锁定{数量:1}
2022-10-27 11:47:41    VehicOverPointInfo_AM0D 整车实绩过点信息{数量:1}
2022-10-27 11:48:41    TransferVehicleBOM_AD15 转移单车BOM{数量:554}
2022-10-27 11:48:41    TransferVehicleBOM_BD00 二厂单车BOM{数量:1888}
2022-10-27 11:48:41    VehicOverPointInfo_BM00 二厂整车过点{数量:1}
2022-10-27 11:48:41    ReceivePurchaseOrder_AP11 DMS支给件总成{数量:11}
2022-10-27 11:48:41    OrderTheOrder_AP0L 订购订单接口{数量:201}
2022-10-27 11:48:41    VehicOverPointInfo_AM0D 整车实绩过点信息{数量:1}
2022-10-27 11:49:41    TransferVehicleBOM_AD15 转移单车BOM{数量:544}
2022-10-27 11:49:41    TransferVehicleBOM_BD00 二厂单车BOM{数量:2045}
2022-10-27 11:49:41    VehicOverPointInfo_BM00 二厂整车过点{数量:1}
2022-10-27 11:49:41    ReceivePurchaseOrder_AP11 DMS支给件总成{数量:14}
2022-10-27 11:49:41    BatteryFarmSecLock_AM64 电池锁定生产计划,二次锁定{数量:1}
2022-10-27 11:49:41    VehicOverPointInfo_AM0D 整车实绩过点信息{数量:1}
2022-10-27 11:50:41    TransferVehicleBOM_AD15 转移单车BOM{数量:534}
2022-10-27 11:50:41    VehicOverPointInfo_BM00 二厂整车过点{数量:1}
2022-10-27 11:50:41    TransferVehicleBOM_BD00 二厂单车BOM{数量:2188}
2022-10-27 11:50:41    ReceivePurchaseOrder_AP11 DMS支给件总成{数量:1}
2022-10-27 11:50:41    VehicOverPointInfo_AM0D 整车实绩过点信息{数量:1}
2022-10-27 11:51:41    TransferVehicleBOM_AD15 转移单车BOM{数量:524}
2022-10-27 11:51:41    VehicOverPointInfo_BM00 二厂整车过点{数量:1}
2022-10-27 11:51:41    TransferVehicleBOM_BD00 二厂单车BOM{数量:2359}
2022-10-27 11:51:41    ReceivePurchaseOrder_AP11 DMS支给件总成{数量:2}
2022-10-27 11:51:41    VehicOverPointInfo_AM0D 整车实绩过点信息{数量:1}
2022-10-27 11:52:41    TransferVehicleBOM_AD15 转移单车BOM{数量:514}
2022-10-27 11:52:41    VehicOverPointInfo_BM00 二厂整车过点{数量:1}
2022-10-27 11:52:41    TransferVehicleBOM_BD00 二厂单车BOM{数量:2529}
2022-10-27 11:52:41    ReceivePurchaseOrder_AP11 DMS支给件总成{数量:9}
2022-10-27 11:52:41    OrderTheOrder_AP0L 订购订单接口{数量:142}
2022-10-27 11:52:41    VehicOverPointInfo_AM0D 整车实绩过点信息{数量:1}
2022-10-27 11:53:41    OutSyncTicket_AW0B LMS外同步票接口{数量:1}
2022-10-27 11:53:41    TransferVehicleBOM_AD15 转移单车BOM{数量:504}
2022-10-27 11:53:41    TransferVehicleBOM_BD00 二厂单车BOM{数量:2711}
2022-10-27 11:53:41    VehicOverPointInfo_BM00 二厂整车过点{数量:1}
2022-10-27 11:53:41    ReceivePurchaseOrder_AP11 DMS支给件总成{数量:11}
2022-10-27 11:53:41    OrderTheOrder_AP0L 订购订单接口{数量:239}
2022-10-27 11:53:41    VehicOverPointInfo_AM0D 整车实绩过点信息{数量:1}
2022-10-27 11:54:41    TransferVehicleBOM_AD15 转移单车BOM{数量:494}
2022-10-27 11:54:41    TransferVehicleBOM_BD00 二厂单车BOM{数量:2877}
2022-10-27 11:54:41    VehicOverPointInfo_BM00 二厂整车过点{数量:1}
2022-10-27 11:54:41    ReceivePurchaseOrder_AP11 DMS支给件总成{数量:13}
2022-10-27 11:54:41    OrderTheOrder_AP0L 订购订单接口{数量:328}
2022-10-27 11:54:41    BatteryFarmSecLock_AM64 电池锁定生产计划,二次锁定{数量:1}
2022-10-27 11:54:41    VehicOverPointInfo_AM0D 整车实绩过点信息{数量:1}
2022-10-27 11:55:41    OutSyncTicket_AW0B LMS外同步票接口{数量:1}
2022-10-27 11:55:41    TransferVehicleBOM_AD15 转移单车BOM{数量:484}
2022-10-27 11:55:41    TransferVehicleBOM_BD00 二厂单车BOM{数量:3048}
2022-10-27 11:55:41    VehicOverPointInfo_BM00 二厂整车过点{数量:1}
2022-10-27 11:55:41    ReceivePurchaseOrder_AP11 DMS支给件总成{数量:13}
2022-10-27 11:55:41    OrderTheOrder_AP0L 订购订单接口{数量:3}
2022-10-27 11:55:41    VehicOverPointInfo_AM0D 整车实绩过点信息{数量:1}
2022-10-27 11:56:41    TransferVehicleBOM_AD15 转移单车BOM{数量:474}
2022-10-27 11:56:41    TransferVehicleBOM_BD00 二厂单车BOM{数量:3218}
2022-10-27 11:56:41    VehicOverPointInfo_BM00 二厂整车过点{数量:1}
2022-10-27 11:56:41    ReceivePurchaseOrder_AP11 DMS支给件总成{数量:15}
2022-10-27 11:56:41    VehicOverPointInfo_AM0D 整车实绩过点信息{数量:1}
2022-10-27 11:57:41    OutSyncTicket_AW0B LMS外同步票接口{数量:1}
2022-10-27 11:57:41    TransferVehicleBOM_AD15 转移单车BOM{数量:464}
2022-10-27 11:57:41    ExceptOrderAplFeedback_AP0W 例外订购申请反馈{数量:1}
2022-10-27 11:57:41    TransferVehicleBOM_BD00 二厂单车BOM{数量:3285}
2022-10-27 11:57:41    VehicOverPointInfo_BM00 二厂整车过点{数量:1}
2022-10-27 11:57:41    ReceivePurchaseOrder_AP11 DMS支给件总成{数量:15}
2022-10-27 11:57:41    VehicOverPointInfo_AM0D 整车实绩过点信息{数量:1}
2022-10-27 11:58:41    TransferVehicleBOM_AD15 转移单车BOM{数量:454}
2022-10-27 11:58:41    ExceptOrderAplFeedback_AP0W 例外订购申请反馈{数量:56}
2022-10-27 11:58:41    TransferVehicleBOM_BD00 二厂单车BOM{数量:3362}
2022-10-27 11:58:41    VehicOverPointInfo_BM00 二厂整车过点{数量:1}
2022-10-27 11:58:41    ReceivePurchaseOrder_AP11 DMS支给件总成{数量:19}
2022-10-27 11:58:41    VehicOverPointInfo_AM0D 整车实绩过点信息{数量:1}
2022-10-27 11:59:41    TransferVehicleBOM_AD15 转移单车BOM{数量:444}
2022-10-27 11:59:41    ExceptOrderAplFeedback_AP0W 例外订购申请反馈{数量:39}
2022-10-27 11:59:41    TransferVehicleBOM_BD00 二厂单车BOM{数量:3421}
2022-10-27 11:59:41    VehicOverPointInfo_BM00 二厂整车过点{数量:1}
2022-10-27 11:59:41    ReceivePurchaseOrder_AP11 DMS支给件总成{数量:19}
2022-10-27 11:59:41    VehicOverPointInfo_AM0D 整车实绩过点信息{数量:1}
2022-10-27 12:00:42    TransferVehicleBOM_AD15 转移单车BOM{数量:434}
2022-10-27 12:00:42    TransferVehicleBOM_BD00 二厂单车BOM{数量:3428}
2022-10-27 12:00:42    VehicOverPointInfo_BM00 二厂整车过点{数量:1}
2022-10-27 12:00:42    VehicOverPointInfo_AM0D 整车实绩过点信息{数量:1}
2022-10-27 12:01:42    TransferVehicleBOM_AD15 转移单车BOM{数量:424}
2022-10-27 12:01:42    TransferVehicleBOM_BD00 二厂单车BOM{数量:3418}
2022-10-27 12:01:42    VehicOverPointInfo_BM00 二厂整车过点{数量:1}
2022-10-27 12:01:42    VehicOverPointInfo_AM0D 整车实绩过点信息{数量:1}
2022-10-27 12:02:42    TransferVehicleBOM_AD15 转移单车BOM{数量:414}
2022-10-27 12:02:42    TransferVehicleBOM_BD00 二厂单车BOM{数量:3408}
2022-10-27 12:02:42    VehicOverPointInfo_BM00 二厂整车过点{数量:1}
2022-10-27 12:02:42    ReciveSupportMaterialOrder_AP16 同步支给件收货零部件{数量:14}
2022-10-27 12:02:42    VehicOverPointInfo_AM0D 整车实绩过点信息{数量:1}
2022-10-27 12:03:42    TransferVehicleBOM_AD15 转移单车BOM{数量:404}
2022-10-27 12:03:42    TransferVehicleBOM_BD00 二厂单车BOM{数量:3398}
2022-10-27 12:03:42    VehicOverPointInfo_BM00 二厂整车过点{数量:1}
2022-10-27 12:03:42    ReciveSupportMaterialOrder_AP16 同步支给件收货零部件{数量:14}
2022-10-27 12:03:42    VehicOverPointInfo_AM0D 整车实绩过点信息{数量:1}
2022-10-27 12:04:42    TransferVehicleBOM_AD15 转移单车BOM{数量:394}
2022-10-27 12:04:42    TransferVehicleBOM_BD00 二厂单车BOM{数量:3388}
2022-10-27 12:04:42    VehicOverPointInfo_BM00 二厂整车过点{数量:1}
2022-10-27 12:04:42    ReciveSupportMaterialOrder_AP16 同步支给件收货零部件{数量:14}
2022-10-27 12:04:42    VehicOverPointInfo_AM0D 整车实绩过点信息{数量:1}
2022-10-27 12:05:42    TransferVehicleBOM_AD15 转移单车BOM{数量:384}
2022-10-27 12:05:42    TransferVehicleBOM_BD00 二厂单车BOM{数量:3378}
2022-10-27 12:05:42    VehicOverPointInfo_BM00 二厂整车过点{数量:1}
2022-10-27 12:05:42    ReciveSupportMaterialOrder_AP16 同步支给件收货零部件{数量:14}
2022-10-27 12:05:42    VehicOverPointInfo_AM0D 整车实绩过点信息{数量:1}
2022-10-27 12:06:42    TransferVehicleBOM_AD15 转移单车BOM{数量:374}
2022-10-27 12:06:42    TransferVehicleBOM_BD00 二厂单车BOM{数量:3368}
2022-10-27 12:06:42    VehicOverPointInfo_BM00 二厂整车过点{数量:1}
2022-10-27 12:06:42    ReciveSupportMaterialOrder_AP16 同步支给件收货零部件{数量:14}
2022-10-27 12:06:42    VehicOverPointInfo_AM0D 整车实绩过点信息{数量:1}
2022-10-27 12:07:42    TransferVehicleBOM_AD15 转移单车BOM{数量:364}
2022-10-27 12:07:42    TransferVehicleBOM_BD00 二厂单车BOM{数量:3358}
2022-10-27 12:07:42    VehicOverPointInfo_BM00 二厂整车过点{数量:1}
2022-10-27 12:07:42    ReciveSupportMaterialOrder_AP16 同步支给件收货零部件{数量:14}
2022-10-27 12:07:42    VehicOverPointInfo_AM0D 整车实绩过点信息{数量:1}
2022-10-27 12:08:42    TransferVehicleBOM_AD15 转移单车BOM{数量:354}
2022-10-27 12:08:42    TransferVehicleBOM_BD00 二厂单车BOM{数量:3348}
2022-10-27 12:08:42    VehicOverPointInfo_BM00 二厂整车过点{数量:1}
2022-10-27 12:08:42    OrderTheOrder_AP0L 订购订单接口{数量:101}
2022-10-27 12:08:42    ReciveSupportMaterialOrder_AP16 同步支给件收货零部件{数量:14}
2022-10-27 12:08:42    VehicOverPointInfo_AM0D 整车实绩过点信息{数量:1}
2022-10-27 12:09:42    TransferVehicleBOM_AD15 转移单车BOM{数量:344}
2022-10-27 12:09:42    TransferVehicleBOM_BD00 二厂单车BOM{数量:3338}
2022-10-27 12:09:42    VehicOverPointInfo_BM00 二厂整车过点{数量:1}
2022-10-27 12:09:42    ReciveSupportMaterialOrder_AP16 同步支给件收货零部件{数量:14}
2022-10-27 12:09:42    VehicOverPointInfo_AM0D 整车实绩过点信息{数量:1}
2022-10-27 12:10:42    TransferVehicleBOM_AD15 转移单车BOM{数量:334}
2022-10-27 12:10:42    TransferVehicleBOM_BD00 二厂单车BOM{数量:3328}
2022-10-27 12:10:42    VehicOverPointInfo_BM00 二厂整车过点{数量:1}
2022-10-27 12:10:42    VehicLockProducPlan_AM0A 整车锁定生产计划,二次锁定{数量:1}
2022-10-27 12:10:42    VehicOverPointInfo_AM0D 整车实绩过点信息{数量:1}
2022-10-27 12:11:42    TransferVehicleBOM_AD15 转移单车BOM{数量:324}
2022-10-27 12:11:42    TransferVehicleBOM_BD00 二厂单车BOM{数量:3318}
2022-10-27 12:11:42    VehicOverPointInfo_BM00 二厂整车过点{数量:1}
2022-10-27 12:11:42    VehicOverPointInfo_AM0D 整车实绩过点信息{数量:1}
2022-10-27 12:12:42    TransferVehicleBOM_AD15 转移单车BOM{数量:314}
2022-10-27 12:12:42    TransferVehicleBOM_BD00 二厂单车BOM{数量:3308}
2022-10-27 12:12:42    VehicOverPointInfo_BM00 二厂整车过点{数量:1}
2022-10-27 12:12:42    VehicOverPointInfo_AM0D 整车实绩过点信息{数量:1}
2022-10-27 12:13:42    OutSyncTicket_AW0B LMS外同步票接口{数量:18}
2022-10-27 12:13:42    TransferVehicleBOM_AD15 转移单车BOM{数量:304}
2022-10-27 12:13:42    TransferVehicleBOM_BD00 二厂单车BOM{数量:3298}
2022-10-27 12:13:42    VehicOverPointInfo_BM00 二厂整车过点{数量:1}
2022-10-27 12:13:42    VehicLockProducPlan_AM0A 整车锁定生产计划,二次锁定{数量:1}
2022-10-27 12:13:42    VehicOverPointInfo_AM0D 整车实绩过点信息{数量:1}
2022-10-27 12:14:42    TransferVehicleBOM_AD15 转移单车BOM{数量:294}
2022-10-27 12:14:42    TransferVehicleBOM_BD00 二厂单车BOM{数量:3288}
2022-10-27 12:14:42    VehicOverPointInfo_BM00 二厂整车过点{数量:1}
2022-10-27 12:14:42    VehicOverPointInfo_AM0D 整车实绩过点信息{数量:1}
2022-10-27 12:15:42    OutSyncTicket_AW0B LMS外同步票接口{数量:10}
2022-10-27 12:15:42    TransferVehicleBOM_AD15 转移单车BOM{数量:284}
2022-10-27 12:15:42    TransferVehicleBOM_BD00 二厂单车BOM{数量:3278}
2022-10-27 12:15:42    VehicOverPointInfo_BM00 二厂整车过点{数量:1}
2022-10-27 12:15:42    VehicOverPointInfo_AM0D 整车实绩过点信息{数量:1}
2022-10-27 12:16:42    TransferVehicleBOM_AD15 转移单车BOM{数量:274}
2022-10-27 12:16:42    TransferVehicleBOM_BD00 二厂单车BOM{数量:3268}
2022-10-27 12:16:42    VehicOverPointInfo_BM00 二厂整车过点{数量:1}
2022-10-27 12:16:42    VehicOverPointInfo_AM0D 整车实绩过点信息{数量:1}
2022-10-27 12:17:42    OutSyncTicket_AW0B LMS外同步票接口{数量:42}
2022-10-27 12:17:42    TransferVehicleBOM_AD15 转移单车BOM{数量:264}
2022-10-27 12:17:42    TransferVehicleBOM_BD00 二厂单车BOM{数量:3258}
2022-10-27 12:17:42    VehicOverPointInfo_BM00 二厂整车过点{数量:1}
2022-10-27 12:17:42    VehicOverPointInfo_AM0D 整车实绩过点信息{数量:1}
2022-10-27 12:18:42    TransferVehicleBOM_AD15 转移单车BOM{数量:254}
2022-10-27 12:18:42    TransferVehicleBOM_BD00 二厂单车BOM{数量:3248}
2022-10-27 12:18:42    VehicOverPointInfo_BM00 二厂整车过点{数量:1}
2022-10-27 12:18:42    VehicOverPointInfo_AM0D 整车实绩过点信息{数量:1}
2022-10-27 12:19:42    OutSyncTicket_AW0B LMS外同步票接口{数量:15}
2022-10-27 12:19:42    TransferVehicleBOM_AD15 转移单车BOM{数量:244}
2022-10-27 12:19:42    TransferVehicleBOM_BD00 二厂单车BOM{数量:3238}
2022-10-27 12:19:42    VehicOverPointInfo_BM00 二厂整车过点{数量:1}
2022-10-27 12:19:42    VehicOverPointInfo_AM0D 整车实绩过点信息{数量:1}
2022-10-27 12:20:42    TransferVehicleBOM_AD15 转移单车BOM{数量:234}
2022-10-27 12:20:42    TransferVehicleBOM_BD00 二厂单车BOM{数量:3228}
2022-10-27 12:20:42    VehicOverPointInfo_BM00 二厂整车过点{数量:1}
2022-10-27 12:20:42    VehicOverPointInfo_AM0D 整车实绩过点信息{数量:1}
2022-10-27 12:21:43    OutSyncTicket_AW0B LMS外同步票接口{数量:50}
2022-10-27 12:21:43    TransferVehicleBOM_AD15 转移单车BOM{数量:224}
2022-10-27 12:21:43    TransferVehicleBOM_BD00 二厂单车BOM{数量:3218}
2022-10-27 12:21:43    VehicOverPointInfo_BM00 二厂整车过点{数量:1}
2022-10-27 12:21:43    VehicOverPointInfo_AM0D 整车实绩过点信息{数量:1}
2022-10-27 12:22:43    TransferVehicleBOM_AD15 转移单车BOM{数量:214}
2022-10-27 12:22:43    TransferVehicleBOM_BD00 二厂单车BOM{数量:3208}
2022-10-27 12:22:43    VehicOverPointInfo_BM00 二厂整车过点{数量:1}
2022-10-27 12:22:43    VehicOverPointInfo_AM0D 整车实绩过点信息{数量:1}
2022-10-27 12:23:43    OutSyncTicket_AW0B LMS外同步票接口{数量:43}
2022-10-27 12:23:43    TransferVehicleBOM_AD15 转移单车BOM{数量:204}
2022-10-27 12:23:43    TransferVehicleBOM_BD00 二厂单车BOM{数量:3198}
2022-10-27 12:23:43    VehicOverPointInfo_BM00 二厂整车过点{数量:1}
2022-10-27 12:23:43    VehicLockProducPlan_AM0A 整车锁定生产计划,二次锁定{数量:1}
2022-10-27 12:23:43    VehicOverPointInfo_AM0D 整车实绩过点信息{数量:1}
2022-10-27 12:24:43    TransferVehicleBOM_AD15 转移单车BOM{数量:194}
2022-10-27 12:24:43    TransferVehicleBOM_BD00 二厂单车BOM{数量:3188}
2022-10-27 12:24:43    VehicOverPointInfo_BM00 二厂整车过点{数量:1}
2022-10-27 12:24:43    OrderTheOrder_AP0L 订购订单接口{数量:10}
2022-10-27 12:24:43    VehicOverPointInfo_AM0D 整车实绩过点信息{数量:1}
2022-10-27 12:25:43    OutSyncTicket_AW0B LMS外同步票接口{数量:7}
2022-10-27 12:25:43    TransferVehicleBOM_AD15 转移单车BOM{数量:184}
2022-10-27 12:25:43    TransferVehicleBOM_BD00 二厂单车BOM{数量:3178}
2022-10-27 12:25:43    VehicOverPointInfo_BM00 二厂整车过点{数量:1}
2022-10-27 12:25:43    VehicOverPointInfo_AM0D 整车实绩过点信息{数量:1}
2022-10-27 12:26:43    TransferVehicleBOM_AD15 转移单车BOM{数量:174}
2022-10-27 12:26:43    TransferVehicleBOM_BD00 二厂单车BOM{数量:3168}
2022-10-27 12:26:43    VehicOverPointInfo_BM00 二厂整车过点{数量:1}
2022-10-27 12:26:43    VehicOverPointInfo_AM0D 整车实绩过点信息{数量:1}
2022-10-27 12:27:43    OutSyncTicket_AW0B LMS外同步票接口{数量:15}
2022-10-27 12:27:43    TransferVehicleBOM_AD15 转移单车BOM{数量:164}
2022-10-27 12:27:43    ExceptOrderAplFeedback_AP0W 例外订购申请反馈{数量:2}
2022-10-27 12:27:43    TransferVehicleBOM_BD00 二厂单车BOM{数量:3158}
2022-10-27 12:27:43    VehicOverPointInfo_BM00 二厂整车过点{数量:1}
2022-10-27 12:27:43    VehicOverPointInfo_AM0D 整车实绩过点信息{数量:1}
2022-10-27 12:28:43    TransferVehicleBOM_AD15 转移单车BOM{数量:154}
2022-10-27 12:28:43    TransferVehicleBOM_BD00 二厂单车BOM{数量:3148}
2022-10-27 12:28:43    VehicOverPointInfo_BM00 二厂整车过点{数量:1}
2022-10-27 12:28:43    VehicOverPointInfo_AM0D 整车实绩过点信息{数量:1}
2022-10-27 12:29:43    OutSyncTicket_AW0B LMS外同步票接口{数量:5}
2022-10-27 12:29:43    TransferVehicleBOM_AD15 转移单车BOM{数量:144}
2022-10-27 12:29:43    TransferVehicleBOM_BD00 二厂单车BOM{数量:3138}
2022-10-27 12:29:43    VehicOverPointInfo_BM00 二厂整车过点{数量:1}
2022-10-27 12:29:43    VehicOverPointInfo_AM0D 整车实绩过点信息{数量:1}
2022-10-27 12:30:43    TransferVehicleBOM_AD15 转移单车BOM{数量:134}
2022-10-27 12:30:43    TransferVehicleBOM_BD00 二厂单车BOM{数量:3128}
2022-10-27 12:30:43    VehicOverPointInfo_BM00 二厂整车过点{数量:1}
2022-10-27 12:30:43    VehicOverPointInfo_AM0D 整车实绩过点信息{数量:1}
2022-10-27 12:31:43    OutSyncTicket_AW0B LMS外同步票接口{数量:18}
2022-10-27 12:31:43    TransferVehicleBOM_AD15 转移单车BOM{数量:124}
2022-10-27 12:31:43    TransferVehicleBOM_BD00 二厂单车BOM{数量:3118}
2022-10-27 12:31:43    VehicOverPointInfo_BM00 二厂整车过点{数量:1}
2022-10-27 12:31:43    VehicOverPointInfo_AM0D 整车实绩过点信息{数量:1}
2022-10-27 12:32:43    TransferVehicleBOM_AD15 转移单车BOM{数量:114}
2022-10-27 12:32:43    TransferVehicleBOM_BD00 二厂单车BOM{数量:3108}
2022-10-27 12:32:43    VehicOverPointInfo_BM00 二厂整车过点{数量:1}
2022-10-27 12:32:43    OrderTheOrder_AP0L 订购订单接口{数量:2}
2022-10-27 12:32:43    VehicOverPointInfo_AM0D 整车实绩过点信息{数量:1}
2022-10-27 12:33:43    OutSyncTicket_AW0B LMS外同步票接口{数量:13}
2022-10-27 12:33:43    TransferVehicleBOM_AD15 转移单车BOM{数量:104}
2022-10-27 12:33:43    TransferVehicleBOM_BD00 二厂单车BOM{数量:3098}
2022-10-27 12:33:43    VehicOverPointInfo_BM00 二厂整车过点{数量:1}
2022-10-27 12:33:43    VehicOverPointInfo_AM0D 整车实绩过点信息{数量:1}
2022-10-27 12:34:43    TransferVehicleBOM_AD15 转移单车BOM{数量:94}
2022-10-27 12:34:43    TransferVehicleBOM_BD00 二厂单车BOM{数量:3088}
2022-10-27 12:34:43    VehicOverPointInfo_BM00 二厂整车过点{数量:1}
2022-10-27 12:34:43    OrderTheOrder_AP0L 订购订单接口{数量:28}
2022-10-27 12:34:43    VehicOverPointInfo_AM0D 整车实绩过点信息{数量:1}
2022-10-27 12:35:43    OutSyncTicket_AW0B LMS外同步票接口{数量:62}
2022-10-27 12:36:43    TransferVehicleBOM_AD15 转移单车BOM{数量:74}
2022-10-27 12:36:43    TransferVehicleBOM_BD00 二厂单车BOM{数量:3068}
2022-10-27 12:36:43    VehicOverPointInfo_BM00 二厂整车过点{数量:1}
2022-10-27 12:36:43    VehicOverPointInfo_AM0D 整车实绩过点信息{数量:1}
2022-10-27 12:37:43    OutSyncTicket_AW0B LMS外同步票接口{数量:5}
2022-10-27 12:37:43    TransferVehicleBOM_AD15 转移单车BOM{数量:64}
2022-10-27 12:37:43    TransferVehicleBOM_BD00 二厂单车BOM{数量:3058}
2022-10-27 12:37:43    VehicOverPointInfo_BM00 二厂整车过点{数量:1}
2022-10-27 12:37:43    VehicOverPointInfo_AM0D 整车实绩过点信息{数量:1}
2022-10-27 12:38:43    TransferVehicleBOM_AD15 转移单车BOM{数量:54}
2022-10-27 12:38:43    TransferVehicleBOM_BD00 二厂单车BOM{数量:3048}
2022-10-27 12:38:43    VehicOverPointInfo_BM00 二厂整车过点{数量:1}
2022-10-27 12:38:43    VehicOverPointInfo_AM0D 整车实绩过点信息{数量:1}
2022-10-27 12:39:43    OutSyncTicket_AW0B LMS外同步票接口{数量:11}
2022-10-27 12:39:43    TransferVehicleBOM_AD15 转移单车BOM{数量:44}
2022-10-27 12:39:43    TransferVehicleBOM_BD00 二厂单车BOM{数量:3038}
2022-10-27 12:39:43    VehicOverPointInfo_BM00 二厂整车过点{数量:1}
2022-10-27 12:39:43    VehicOverPointInfo_AM0D 整车实绩过点信息{数量:1}
2022-10-27 12:39:43    BatteryFarmSecLock_AM64 电池锁定生产计划,二次锁定{数量:1}
2022-10-27 12:40:44    TransferVehicleBOM_AD15 转移单车BOM{数量:34}
2022-10-27 12:40:44    TransferVehicleBOM_BD00 二厂单车BOM{数量:3028}
2022-10-27 12:40:44    VehicOverPointInfo_BM00 二厂整车过点{数量:1}
2022-10-27 12:40:44    VehicLockProducPlan_AM0A 整车锁定生产计划,二次锁定{数量:1}
2022-10-27 12:40:44    VehicOverPointInfo_AM0D 整车实绩过点信息{数量:1}
2022-10-27 12:41:44    OutSyncTicket_AW0B LMS外同步票接口{数量:28}
2022-10-27 12:41:44    TransferVehicleBOM_AD15 转移单车BOM{数量:24}
2022-10-27 12:41:44    TransferVehicleBOM_BD00 二厂单车BOM{数量:3018}
2022-10-27 12:41:44    VehicOverPointInfo_BM00 二厂整车过点{数量:1}
2022-10-27 12:41:44    VehicOverPointInfo_AM0D 整车实绩过点信息{数量:1}
2022-10-27 12:42:44    TransferVehicleBOM_AD15 转移单车BOM{数量:14}
2022-10-27 12:42:44    TransferVehicleBOM_BD00 二厂单车BOM{数量:3008}
2022-10-27 12:42:44    VehicOverPointInfo_BM00 二厂整车过点{数量:1}
2022-10-27 12:42:44    BatteryFarmOverPoint_AM65 电池实际过点信息{数量:1}
2022-10-27 12:42:44    VehicOverPointInfo_AM0D 整车实绩过点信息{数量:1}
2022-10-27 12:42:44    BatteryFarmSecLock_AM64 电池锁定生产计划,二次锁定{数量:1}
2022-10-27 12:43:44    OutSyncTicket_AW0B LMS外同步票接口{数量:39}
2022-10-27 12:43:44    TransferVehicleBOM_AD15 转移单车BOM{数量:4}
2022-10-27 12:43:44    TransferVehicleBOM_BD00 二厂单车BOM{数量:2998}
2022-10-27 12:43:44    VehicOverPointInfo_BM00 二厂整车过点{数量:1}
2022-10-27 12:43:44    VehicLockProducPlan_AM0A 整车锁定生产计划,二次锁定{数量:1}
2022-10-27 12:43:44    VehicOverPointInfo_AM0D 整车实绩过点信息{数量:1}
2022-10-27 12:44:44    TransferVehicleBOM_BD00 二厂单车BOM{数量:2988}
2022-10-27 12:44:44    VehicOverPointInfo_BM00 二厂整车过点{数量:1}
2022-10-27 12:44:44    VehicOverPointInfo_AM0D 整车实绩过点信息{数量:1}
2022-10-27 12:45:44    OutSyncTicket_AW0B LMS外同步票接口{数量:32}
2022-10-27 12:45:44    TransferVehicleBOM_BD00 二厂单车BOM{数量:2978}
2022-10-27 12:45:44    VehicOverPointInfo_BM00 二厂整车过点{数量:1}
2022-10-27 12:45:44    BatteryFarmOverPoint_AM65 电池实际过点信息{数量:1}
2022-10-27 12:45:44    VehicOverPointInfo_AM0D 整车实绩过点信息{数量:1}
2022-10-27 12:45:44    BatteryFarmSecLock_AM64 电池锁定生产计划,二次锁定{数量:1}
2022-10-27 12:46:44    TransferVehicleBOM_BD00 二厂单车BOM{数量:2968}
2022-10-27 12:46:44    VehicOverPointInfo_BM00 二厂整车过点{数量:1}
2022-10-27 12:46:44    VehicOverPointInfo_AM0D 整车实绩过点信息{数量:1}
2022-10-27 12:46:44    BatteryFarmSecLock_AM64 电池锁定生产计划,二次锁定{数量:1}
2022-10-27 12:47:44    OutSyncTicket_AW0B LMS外同步票接口{数量:5}
2022-10-27 12:47:44    TransferVehicleBOM_BD00 二厂单车BOM{数量:2958}
2022-10-27 12:47:44    VehicOverPointInfo_BM00 二厂整车过点{数量:1}
2022-10-27 12:47:44    VehicOverPointInfo_AM0D 整车实绩过点信息{数量:1}
2022-10-27 12:47:44    BatteryFarmSecLock_AM64 电池锁定生产计划,二次锁定{数量:1}
2022-10-27 12:48:44    TransferVehicleBOM_BD00 二厂单车BOM{数量:2948}
2022-10-27 12:48:44    VehicOverPointInfo_BM00 二厂整车过点{数量:1}
2022-10-27 12:48:44    VehicOverPointInfo_AM0D 整车实绩过点信息{数量:1}
2022-10-27 12:49:44    OutSyncTicket_AW0B LMS外同步票接口{数量:4}
2022-10-27 12:49:44    TransferVehicleBOM_BD00 二厂单车BOM{数量:2938}
2022-10-27 12:49:44    VehicOverPointInfo_BM00 二厂整车过点{数量:1}
2022-10-27 12:49:44    VehicOverPointInfo_AM0D 整车实绩过点信息{数量:1}
2022-10-27 12:50:44    TransferVehicleBOM_BD00 二厂单车BOM{数量:2928}
2022-10-27 12:50:44    VehicOverPointInfo_BM00 二厂整车过点{数量:1}
2022-10-27 12:50:44    VehicOverPointInfo_AM0D 整车实绩过点信息{数量:1}
2022-10-27 12:51:44    OutSyncTicket_AW0B LMS外同步票接口{数量:11}
2022-10-27 12:51:44    TransferVehicleBOM_BD00 二厂单车BOM{数量:2918}
2022-10-27 12:51:44    VehicOverPointInfo_BM00 二厂整车过点{数量:1}
2022-10-27 12:51:44    BatteryFarmSecLock_AM64 电池锁定生产计划,二次锁定{数量:1}
2022-10-27 12:51:44    VehicOverPointInfo_AM0D 整车实绩过点信息{数量:1}
2022-10-27 12:52:44    TransferVehicleBOM_BD00 二厂单车BOM{数量:2908}
2022-10-27 12:52:44    VehicOverPointInfo_BM00 二厂整车过点{数量:1}
2022-10-27 12:52:44    VehicOverPointInfo_AM0D 整车实绩过点信息{数量:1}
2022-10-27 12:53:44    OutSyncTicket_AW0B LMS外同步票接口{数量:24}
2022-10-27 12:53:44    TransferVehicleBOM_BD00 二厂单车BOM{数量:2898}
2022-10-27 12:53:44    VehicOverPointInfo_BM00 二厂整车过点{数量:1}
2022-10-27 12:53:44    VehicLockProducPlan_AM0A 整车锁定生产计划,二次锁定{数量:1}
2022-10-27 12:53:44    VehicOverPointInfo_AM0D 整车实绩过点信息{数量:1}
2022-10-27 12:54:44    TransferVehicleBOM_BD00 二厂单车BOM{数量:2888}
2022-10-27 12:54:44    VehicOverPointInfo_BM00 二厂整车过点{数量:1}
2022-10-27 12:54:44    VehicOverPointInfo_AM0D 整车实绩过点信息{数量:1}
2022-10-27 12:54:44    BatteryFarmSecLock_AM64 电池锁定生产计划,二次锁定{数量:1}
2022-10-27 12:55:44    OutSyncTicket_AW0B LMS外同步票接口{数量:37}
2022-10-27 12:55:44    TransferVehicleBOM_BD00 二厂单车BOM{数量:2878}
2022-10-27 12:55:44    VehicOverPointInfo_BM00 二厂整车过点{数量:1}
2022-10-27 12:55:44    VehicOverPointInfo_AM0D 整车实绩过点信息{数量:1}
2022-10-27 12:56:44    TransferVehicleBOM_BD00 二厂单车BOM{数量:2868}
2022-10-27 12:56:44    VehicOverPointInfo_BM00 二厂整车过点{数量:1}
2022-10-27 12:56:44    VehicOverPointInfo_AM0D 整车实绩过点信息{数量:1}
2022-10-27 12:57:44    OutSyncTicket_AW0B LMS外同步票接口{数量:71}
2022-10-27 12:58:44    TransferVehicleBOM_BD00 二厂单车BOM{数量:2848}
2022-10-27 12:58:44    VehicOverPointInfo_BM00 二厂整车过点{数量:1}
2022-10-27 12:58:44    VehicOverPointInfo_AM0D 整车实绩过点信息{数量:1}
2022-10-27 12:59:44    OutSyncTicket_AW0B LMS外同步票接口{数量:21}
2022-10-27 12:59:44    TransferVehicleBOM_BD00 二厂单车BOM{数量:2838}
2022-10-27 12:59:44    VehicOverPointInfo_BM00 二厂整车过点{数量:1}
2022-10-27 12:59:44    VehicOverPointInfo_AM0D 整车实绩过点信息{数量:1}
2022-10-27 13:00:44    TransferVehicleBOM_BD00 二厂单车BOM{数量:2828}
2022-10-27 13:00:44    VehicOverPointInfo_BM00 二厂整车过点{数量:1}
2022-10-27 13:00:44    VehicOverPointInfo_AM0D 整车实绩过点信息{数量:1}
2022-10-27 13:01:44    OutSyncTicket_AW0B LMS外同步票接口{数量:11}
2022-10-27 13:01:44    TransferVehicleBOM_BD00 二厂单车BOM{数量:2818}
2022-10-27 13:01:44    VehicOverPointInfo_BM00 二厂整车过点{数量:1}
2022-10-27 13:01:44    VehicOverPointInfo_AM0D 整车实绩过点信息{数量:1}
2022-10-27 13:02:44    TransferVehicleBOM_BD00 二厂单车BOM{数量:2808}
2022-10-27 13:02:44    VehicOverPointInfo_BM00 二厂整车过点{数量:1}
2022-10-27 13:02:44    VehicOverPointInfo_AM0D 整车实绩过点信息{数量:1}
2022-10-27 13:02:44    BatteryFarmSecLock_AM64 电池锁定生产计划,二次锁定{数量:1}
2022-10-27 13:03:44    OutSyncTicket_AW0B LMS外同步票接口{数量:14}
2022-10-27 13:03:44    TransferVehicleBOM_BD00 二厂单车BOM{数量:2798}
2022-10-27 13:03:44    VehicOverPointInfo_BM00 二厂整车过点{数量:1}
2022-10-27 13:03:44    VehicOverPointInfo_AM0D 整车实绩过点信息{数量:1}
2022-10-27 13:04:44    TransferVehicleBOM_BD00 二厂单车BOM{数量:2788}
2022-10-27 13:04:44    VehicOverPointInfo_BM00 二厂整车过点{数量:1}
2022-10-27 13:04:44    VehicOverPointInfo_AM0D 整车实绩过点信息{数量:1}
2022-10-27 13:05:44    OutSyncTicket_AW0B LMS外同步票接口{数量:6}
2022-10-27 13:05:44    TransferVehicleBOM_BD00 二厂单车BOM{数量:2778}
2022-10-27 13:05:44    VehicOverPointInfo_BM00 二厂整车过点{数量:1}
2022-10-27 13:05:44    VehicOverPointInfo_AM0D 整车实绩过点信息{数量:1}
2022-10-27 13:05:44    BatteryFarmSecLock_AM64 电池锁定生产计划,二次锁定{数量:1}
2022-10-27 13:06:44    TransferVehicleBOM_BD00 二厂单车BOM{数量:2768}
2022-10-27 13:06:44    VehicOverPointInfo_BM00 二厂整车过点{数量:1}
2022-10-27 13:06:44    ReceivePurchaseOrder_AP11 DMS支给件总成{数量:4}
2022-10-27 13:06:44    VehicOverPointInfo_AM0D 整车实绩过点信息{数量:1}
2022-10-27 13:07:44    OutSyncTicket_AW0B LMS外同步票接口{数量:31}
2022-10-27 13:07:44    TransferVehicleBOM_BD00 二厂单车BOM{数量:2758}
2022-10-27 13:07:44    VehicOverPointInfo_BM00 二厂整车过点{数量:1}
2022-10-27 13:07:44    ReceivePurchaseOrder_AP11 DMS支给件总成{数量:4}
2022-10-27 13:07:44    VehicOverPointInfo_AM0D 整车实绩过点信息{数量:1}
2022-10-27 13:08:44    TransferVehicleBOM_BD00 二厂单车BOM{数量:2748}
2022-10-27 13:08:44    VehicOverPointInfo_BM00 二厂整车过点{数量:1}
2022-10-27 13:08:44    ReceivePurchaseOrder_AP11 DMS支给件总成{数量:6}
2022-10-27 13:08:44    VehicOverPointInfo_AM0D 整车实绩过点信息{数量:1}
2022-10-27 13:09:44    OutSyncTicket_AW0B LMS外同步票接口{数量:47}
2022-10-27 13:09:44    TransferVehicleBOM_BD00 二厂单车BOM{数量:2738}
2022-10-27 13:09:44    VehicOverPointInfo_BM00 二厂整车过点{数量:1}
2022-10-27 13:09:44    ReceivePurchaseOrder_AP11 DMS支给件总成{数量:6}
2022-10-27 13:09:44    VehicOverPointInfo_AM0D 整车实绩过点信息{数量:1}
2022-10-27 13:10:44    TransferVehicleBOM_BD00 二厂单车BOM{数量:2728}
2022-10-27 13:10:44    VehicOverPointInfo_BM00 二厂整车过点{数量:1}
2022-10-27 13:10:44    VehicLockProducPlan_AM0A 整车锁定生产计划,二次锁定{数量:1}
2022-10-27 13:10:44    VehicOverPointInfo_AM0D 整车实绩过点信息{数量:1}
2022-10-27 13:11:45    OutSyncTicket_AW0B LMS外同步票接口{数量:74}
2022-10-27 13:12:45    TransferVehicleBOM_BD00 二厂单车BOM{数量:2708}
2022-10-27 13:12:45    VehicOverPointInfo_BM00 二厂整车过点{数量:1}
2022-10-27 13:12:45    VehicOverPointInfo_AM0D 整车实绩过点信息{数量:1}
2022-10-27 13:13:45    OutSyncTicket_AW0B LMS外同步票接口{数量:21}
2022-10-27 13:13:45    TransferVehicleBOM_BD00 二厂单车BOM{数量:2698}
2022-10-27 13:13:45    VehicOverPointInfo_BM00 二厂整车过点{数量:1}
2022-10-27 13:13:45    VehicOverPointInfo_AM0D 整车实绩过点信息{数量:1}
2022-10-27 13:13:45    BatteryFarmSecLock_AM64 电池锁定生产计划,二次锁定{数量:1}
2022-10-27 13:14:45    TransferVehicleBOM_BD00 二厂单车BOM{数量:2688}
2022-10-27 13:14:45    VehicOverPointInfo_BM00 二厂整车过点{数量:1}
2022-10-27 13:14:45    ReceivePurchaseOrder_AP11 DMS支给件总成{数量:1}
2022-10-27 13:14:45    VehicOverPointInfo_AM0D 整车实绩过点信息{数量:1}
2022-10-27 13:15:45    OutSyncTicket_AW0B LMS外同步票接口{数量:16}
2022-10-27 13:15:45    TransferVehicleBOM_BD00 二厂单车BOM{数量:2678}
2022-10-27 13:15:45    VehicOverPointInfo_BM00 二厂整车过点{数量:1}
2022-10-27 13:15:45    ReceivePurchaseOrder_AP11 DMS支给件总成{数量:1}
2022-10-27 13:15:45    VehicOverPointInfo_AM0D 整车实绩过点信息{数量:1}
2022-10-27 13:16:45    TransferVehicleBOM_BD00 二厂单车BOM{数量:2668}
2022-10-27 13:16:45    VehicOverPointInfo_BM00 二厂整车过点{数量:1}
2022-10-27 13:16:45    ReceivePurchaseOrder_AP11 DMS支给件总成{数量:6}
2022-10-27 13:16:45    VehicOverPointInfo_AM0D 整车实绩过点信息{数量:1}
2022-10-27 13:17:45    OutSyncTicket_AW0B LMS外同步票接口{数量:78}
2022-10-27 13:18:45    TransferVehicleBOM_BD00 二厂单车BOM{数量:2648}
2022-10-27 13:18:45    VehicOverPointInfo_BM00 二厂整车过点{数量:1}
2022-10-27 13:18:45    ReceivePurchaseOrder_AP11 DMS支给件总成{数量:6}
2022-10-27 13:18:45    VehicOverPointInfo_AM0D 整车实绩过点信息{数量:1}
2022-10-27 13:19:45    OutSyncTicket_AW0B LMS外同步票接口{数量:11}
2022-10-27 13:19:45    TransferVehicleBOM_BD00 二厂单车BOM{数量:2638}
2022-10-27 13:19:45    VehicOverPointInfo_BM00 二厂整车过点{数量:1}
2022-10-27 13:19:45    ReceivePurchaseOrder_AP11 DMS支给件总成{数量:6}
2022-10-27 13:19:45    VehicOverPointInfo_AM0D 整车实绩过点信息{数量:1}
2022-10-27 13:20:45    TransferVehicleBOM_BD00 二厂单车BOM{数量:2628}
2022-10-27 13:20:45    VehicOverPointInfo_BM00 二厂整车过点{数量:1}
2022-10-27 13:20:45    VehicLockProducPlan_AM0A 整车锁定生产计划,二次锁定{数量:1}
2022-10-27 13:20:45    VehicOverPointInfo_AM0D 整车实绩过点信息{数量:1}
2022-10-27 13:21:45    OutSyncTicket_AW0B LMS外同步票接口{数量:73}
2022-10-27 13:22:45    TransferVehicleBOM_BD00 二厂单车BOM{数量:2608}
2022-10-27 13:22:45    VehicOverPointInfo_BM00 二厂整车过点{数量:1}
2022-10-27 13:22:45    VehicOverPointInfo_AM0D 整车实绩过点信息{数量:1}
2022-10-27 13:23:45    OutSyncTicket_AW0B LMS外同步票接口{数量:8}
2022-10-27 13:23:45    TransferVehicleBOM_BD00 二厂单车BOM{数量:2598}
2022-10-27 13:23:45    VehicOverPointInfo_BM00 二厂整车过点{数量:1}
2022-10-27 13:23:45    VehicLockProducPlan_AM0A 整车锁定生产计划,二次锁定{数量:1}
2022-10-27 13:23:45    VehicOverPointInfo_AM0D 整车实绩过点信息{数量:1}
2022-10-27 13:24:45    TransferVehicleBOM_BD00 二厂单车BOM{数量:2588}
2022-10-27 13:24:45    VehicOverPointInfo_BM00 二厂整车过点{数量:1}
2022-10-27 13:24:45    ReceivePurchaseOrder_AP11 DMS支给件总成{数量:1}
2022-10-27 13:24:45    VehicOverPointInfo_AM0D 整车实绩过点信息{数量:1}
2022-10-27 13:25:45    OutSyncTicket_AW0B LMS外同步票接口{数量:5}
2022-10-27 13:25:45    TransferVehicleBOM_BD00 二厂单车BOM{数量:2578}
2022-10-27 13:25:45    VehicOverPointInfo_BM00 二厂整车过点{数量:1}
2022-10-27 13:25:45    ReceivePurchaseOrder_AP11 DMS支给件总成{数量:1}
2022-10-27 13:25:45    VehicOverPointInfo_AM0D 整车实绩过点信息{数量:1}
2022-10-27 13:26:45    TransferVehicleBOM_BD00 二厂单车BOM{数量:2568}
2022-10-27 13:26:45    VehicOverPointInfo_BM00 二厂整车过点{数量:1}
2022-10-27 13:26:45    ReceivePurchaseOrder_AP11 DMS支给件总成{数量:4}
2022-10-27 13:26:45    VehicOverPointInfo_AM0D 整车实绩过点信息{数量:1}
2022-10-27 13:27:45    OutSyncTicket_AW0B LMS外同步票接口{数量:6}
2022-10-27 13:27:45    TransferVehicleBOM_BD00 二厂单车BOM{数量:2558}
2022-10-27 13:27:45    VehicOverPointInfo_BM00 二厂整车过点{数量:1}
2022-10-27 13:27:45    ReceivePurchaseOrder_AP11 DMS支给件总成{数量:4}
2022-10-27 13:27:45    VehicOverPointInfo_AM0D 整车实绩过点信息{数量:1}
2022-10-27 13:28:45    TransferVehicleBOM_BD00 二厂单车BOM{数量:2548}
2022-10-27 13:28:45    VehicOverPointInfo_BM00 二厂整车过点{数量:1}
2022-10-27 13:28:45    ReceivePurchaseOrder_AP11 DMS支给件总成{数量:12}
2022-10-27 13:28:45    VehicOverPointInfo_AM0D 整车实绩过点信息{数量:1}
2022-10-27 13:29:45    OutSyncTicket_AW0B LMS外同步票接口{数量:62}
2022-10-27 13:30:45    TransferVehicleBOM_BD00 二厂单车BOM{数量:2528}
2022-10-27 13:30:45    VehicOverPointInfo_BM00 二厂整车过点{数量:1}
2022-10-27 13:30:45    ReceivePurchaseOrder_AP11 DMS支给件总成{数量:5}
2022-10-27 13:30:45    VehicOverPointInfo_AM0D 整车实绩过点信息{数量:1}
2022-10-27 13:31:45    PickGoodsPlan_AJ09 取货计划{数量:2}
2022-10-27 13:31:45    OutSyncTicket_AW0B LMS外同步票接口{数量:16}
2022-10-27 13:31:45    TransferVehicleBOM_BD00 二厂单车BOM{数量:2518}
2022-10-27 13:31:45    VehicOverPointInfo_BM00 二厂整车过点{数量:1}
2022-10-27 13:31:45    ReceivePurchaseOrder_AP11 DMS支给件总成{数量:5}
2022-10-27 13:31:45    VehicOverPointInfo_AM0D 整车实绩过点信息{数量:1}
2022-10-27 13:32:45    PickGoodsPlan_AJ09 取货计划{数量:4}
2022-10-27 13:32:45    TransferVehicleBOM_BD00 二厂单车BOM{数量:2508}
2022-10-27 13:32:45    VehicOverPointInfo_BM00 二厂整车过点{数量:1}
2022-10-27 13:32:45    ReceivePurchaseOrder_AP11 DMS支给件总成{数量:8}
2022-10-27 13:32:45    VehicOverPointInfo_AM0D 整车实绩过点信息{数量:1}
2022-10-27 13:33:45    PickGoodsPlan_AJ09 取货计划{数量:5}
2022-10-27 13:33:45    OutSyncTicket_AW0B LMS外同步票接口{数量:7}
2022-10-27 13:33:45    TransferVehicleBOM_BD00 二厂单车BOM{数量:2498}
2022-10-27 13:33:45    VehicOverPointInfo_BM00 二厂整车过点{数量:1}
2022-10-27 13:33:45    ReceivePurchaseOrder_AP11 DMS支给件总成{数量:8}
2022-10-27 13:33:45    VehicOverPointInfo_AM0D 整车实绩过点信息{数量:1}
2022-10-27 13:34:45    PickGoodsPlan_AJ09 取货计划{数量:7}
2022-10-27 13:34:45    TransferVehicleBOM_BD00 二厂单车BOM{数量:2488}
2022-10-27 13:34:45    VehicOverPointInfo_BM00 二厂整车过点{数量:1}
2022-10-27 13:34:45    ReceivePurchaseOrder_AP11 DMS支给件总成{数量:8}
2022-10-27 13:34:45    VehicOverPointInfo_AM0D 整车实绩过点信息{数量:1}
2022-10-27 13:35:45    OutSyncTicket_AW0B LMS外同步票接口{数量:14}
2022-10-27 13:35:45    PickGoodsPlan_AJ09 取货计划{数量:8}
2022-10-27 13:35:45    TransferVehicleBOM_BD00 二厂单车BOM{数量:2478}
2022-10-27 13:35:45    VehicOverPointInfo_BM00 二厂整车过点{数量:1}
2022-10-27 13:35:45    ReceivePurchaseOrder_AP11 DMS支给件总成{数量:8}
2022-10-27 13:35:45    VehicOverPointInfo_AM0D 整车实绩过点信息{数量:1}
2022-10-27 13:36:45    PickGoodsPlan_AJ09 取货计划{数量:8}
2022-10-27 13:36:45    TransferVehicleBOM_BD00 二厂单车BOM{数量:2468}
2022-10-27 13:36:45    VehicOverPointInfo_BM00 二厂整车过点{数量:1}
2022-10-27 13:36:45    ReceivePurchaseOrder_AP11 DMS支给件总成{数量:8}
2022-10-27 13:36:45    VehicOverPointInfo_AM0D 整车实绩过点信息{数量:1}
2022-10-27 13:37:46    PickGoodsPlan_AJ09 取货计划{数量:7}
2022-10-27 13:37:46    OutSyncTicket_AW0B LMS外同步票接口{数量:42}
2022-10-27 13:37:46    TransferVehicleBOM_BD00 二厂单车BOM{数量:2458}
2022-10-27 13:37:46    VehicOverPointInfo_BM00 二厂整车过点{数量:1}
2022-10-27 13:37:46    ReceivePurchaseOrder_AP11 DMS支给件总成{数量:8}
2022-10-27 13:37:46    VehicOverPointInfo_AM0D 整车实绩过点信息{数量:1}
2022-10-27 13:38:46    PickGoodsPlan_AJ09 取货计划{数量:7}
2022-10-27 13:38:46    TransferVehicleBOM_BD00 二厂单车BOM{数量:2448}
2022-10-27 13:38:46    VehicOverPointInfo_BM00 二厂整车过点{数量:1}
2022-10-27 13:38:46    ReceivePurchaseOrder_AP11 DMS支给件总成{数量:8}
2022-10-27 13:38:46    VehicOverPointInfo_AM0D 整车实绩过点信息{数量:1}
2022-10-27 13:39:46    PickGoodsPlan_AJ09 取货计划{数量:6}
2022-10-27 13:39:46    OutSyncTicket_AW0B LMS外同步票接口{数量:31}
2022-10-27 13:39:46    TransferVehicleBOM_BD00 二厂单车BOM{数量:2438}
2022-10-27 13:39:46    VehicOverPointInfo_BM00 二厂整车过点{数量:1}
2022-10-27 13:39:46    ReceivePurchaseOrder_AP11 DMS支给件总成{数量:8}
2022-10-27 13:39:46    VehicOverPointInfo_AM0D 整车实绩过点信息{数量:1}
2022-10-27 13:40:46    PickGoodsPlan_AJ09 取货计划{数量:5}
2022-10-27 13:40:46    TransferVehicleBOM_BD00 二厂单车BOM{数量:2428}
2022-10-27 13:40:46    VehicOverPointInfo_BM00 二厂整车过点{数量:1}
2022-10-27 13:40:46    VehicLockProducPlan_AM0A 整车锁定生产计划,二次锁定{数量:1}
2022-10-27 13:40:46    VehicOverPointInfo_AM0D 整车实绩过点信息{数量:1}
2022-10-27 13:41:46    PickGoodsPlan_AJ09 取货计划{数量:5}
2022-10-27 13:41:46    OutSyncTicket_AW0B LMS外同步票接口{数量:8}
2022-10-27 13:41:46    TransferVehicleBOM_BD00 二厂单车BOM{数量:2418}
2022-10-27 13:41:46    VehicOverPointInfo_BM00 二厂整车过点{数量:1}
2022-10-27 13:41:46    VehicOverPointInfo_AM0D 整车实绩过点信息{数量:1}
2022-10-27 13:42:46    PickGoodsPlan_AJ09 取货计划{数量:4}
2022-10-27 13:42:46    TransferVehicleBOM_BD00 二厂单车BOM{数量:2408}
2022-10-27 13:42:46    VehicOverPointInfo_BM00 二厂整车过点{数量:1}
2022-10-27 13:42:46    VehicOverPointInfo_AM0D 整车实绩过点信息{数量:1}
2022-10-27 13:43:46    PickGoodsPlan_AJ09 取货计划{数量:3}
2022-10-27 13:43:46    OutSyncTicket_AW0B LMS外同步票接口{数量:66}
2022-10-27 13:44:46    PickGoodsPlan_AJ09 取货计划{数量:3}
2022-10-27 13:44:46    TransferVehicleBOM_BD00 二厂单车BOM{数量:2388}
2022-10-27 13:44:46    VehicOverPointInfo_BM00 二厂整车过点{数量:1}
2022-10-27 13:44:46    ReceivePurchaseOrder_AP11 DMS支给件总成{数量:1}
2022-10-27 13:44:46    VehicOverPointInfo_AM0D 整车实绩过点信息{数量:1}
2022-10-27 13:45:46    OutSyncTicket_AW0B LMS外同步票接口{数量:5}
2022-10-27 13:45:46    TransferVehicleBOM_BD00 二厂单车BOM{数量:2378}
2022-10-27 13:45:46    VehicOverPointInfo_BM00 二厂整车过点{数量:1}
2022-10-27 13:45:46    ReceivePurchaseOrder_AP11 DMS支给件总成{数量:1}
2022-10-27 13:45:46    VehicOverPointInfo_AM0D 整车实绩过点信息{数量:1}
2022-10-27 13:46:46    TransferVehicleBOM_BD00 二厂单车BOM{数量:2368}
2022-10-27 13:46:46    VehicOverPointInfo_BM00 二厂整车过点{数量:1}
2022-10-27 13:46:46    ReceivePurchaseOrder_AP11 DMS支给件总成{数量:5}
2022-10-27 13:46:46    VehicOverPointInfo_AM0D 整车实绩过点信息{数量:1}
2022-10-27 13:47:46    OutSyncTicket_AW0B LMS外同步票接口{数量:8}
2022-10-27 13:47:46    TransferVehicleBOM_BD00 二厂单车BOM{数量:2358}
2022-10-27 13:47:46    VehicOverPointInfo_BM00 二厂整车过点{数量:1}
2022-10-27 13:47:46    ReceivePurchaseOrder_AP11 DMS支给件总成{数量:5}
2022-10-27 13:47:46    VehicOverPointInfo_AM0D 整车实绩过点信息{数量:1}
2022-10-27 13:48:46    TransferVehicleBOM_BD00 二厂单车BOM{数量:2348}
2022-10-27 13:48:46    VehicOverPointInfo_BM00 二厂整车过点{数量:1}
2022-10-27 13:48:46    ReceivePurchaseOrder_AP11 DMS支给件总成{数量:9}
2022-10-27 13:48:46    VehicOverPointInfo_AM0D 整车实绩过点信息{数量:1}
2022-10-27 13:49:46    TransferVehicleBOM_BD00 二厂单车BOM{数量:2338}
2022-10-27 13:49:46    VehicOverPointInfo_BM00 二厂整车过点{数量:1}
2022-10-27 13:49:46    ReceivePurchaseOrder_AP11 DMS支给件总成{数量:9}
2022-10-27 13:49:46    VehicOverPointInfo_AM0D 整车实绩过点信息{数量:1}
2022-10-27 13:50:46    TransferVehicleBOM_BD00 二厂单车BOM{数量:2328}
2022-10-27 13:50:46    VehicOverPointInfo_BM00 二厂整车过点{数量:1}
2022-10-27 13:50:46    ReceivePurchaseOrder_AP11 DMS支给件总成{数量:1}
2022-10-27 13:50:46    VehicLockProducPlan_AM0A 整车锁定生产计划,二次锁定{数量:1}
2022-10-27 13:50:46    VehicOverPointInfo_AM0D 整车实绩过点信息{数量:1}
2022-10-27 13:51:46    OutSyncTicket_AW0B LMS外同步票接口{数量:60}
本次程序运行时长:02时:39分:18秒
