
2022-10-07 00:00:53    BatteryFarmOverPoint_AM65电池实际过点信息{数量:1}  
2022-10-07 00:00:53    TransferVehicleBOM_AD08单车BOM{数量:1959}  
2022-10-07 00:00:53    VehicOverPointInfo_AM0D整车实绩过点信息{数量:2}  
2022-10-07 00:01:53    OutSyncTicket_AW0BLMS外同步票接口{数量:5}  
2022-10-07 00:01:53    BatteryFarmOverPoint_AM65电池实际过点信息{数量:1}  
2022-10-07 00:01:53    ReceivePurchaseOrder_AP11DMS支给件总成{数量:1}  
2022-10-07 00:01:53    TransferVehicleBOM_AD08单车BOM{数量:1939}  
2022-10-07 00:01:53    VehicOverPointInfo_AM0D整车实绩过点信息{数量:2}  
2022-10-07 00:02:53    ReceivePurchaseOrder_AP11DMS支给件总成{数量:8}  
2022-10-07 00:02:53    TransferVehicleBOM_AD08单车BOM{数量:1919}  
2022-10-07 00:02:53    VehicOverPointInfo_AM0D整车实绩过点信息{数量:2}  
2022-10-07 00:03:53    OutSyncTicket_AW0BLMS外同步票接口{数量:8}  
2022-10-07 00:03:53    BatteryFarmOverPoint_AM65电池实际过点信息{数量:1}  
2022-10-07 00:03:53    ReceivePurchaseOrder_AP11DMS支给件总成{数量:14}  
2022-10-07 00:03:53    TransferVehicleBOM_AD08单车BOM{数量:1899}  
2022-10-07 00:03:53    VehicOverPointInfo_AM0D整车实绩过点信息{数量:2}  
2022-10-07 00:04:53    BatteryFarmOverPoint_AM65电池实际过点信息{数量:1}  
2022-10-07 00:04:53    ReceivePurchaseOrder_AP11DMS支给件总成{数量:20}  
2022-10-07 00:04:53    TransferVehicleBOM_AD08单车BOM{数量:1879}  
2022-10-07 00:04:53    VehicOverPointInfo_AM0D整车实绩过点信息{数量:2}  
2022-10-07 00:05:53    OutSyncTicket_AW0BLMS外同步票接口{数量:6}  
2022-10-07 00:05:53    BatteryFarmOverPoint_AM65电池实际过点信息{数量:1}  
2022-10-07 00:05:53    ReceivePurchaseOrder_AP11DMS支给件总成{数量:28}  
2022-10-07 00:05:53    TransferVehicleBOM_AD08单车BOM{数量:1859}  
2022-10-07 00:05:53    VehicOverPointInfo_AM0D整车实绩过点信息{数量:2}  
2022-10-07 00:06:53    ReceivePurchaseOrder_AP11DMS支给件总成{数量:35}  
2022-10-07 00:06:53    TransferVehicleBOM_AD08单车BOM{数量:1839}  
2022-10-07 00:06:53    VehicOverPointInfo_AM0D整车实绩过点信息{数量:2}  
2022-10-07 00:07:53    OutSyncTicket_AW0BLMS外同步票接口{数量:13}  
2022-10-07 00:07:53    BatteryFarmOverPoint_AM65电池实际过点信息{数量:1}  
2022-10-07 00:07:53    ReceivePurchaseOrder_AP11DMS支给件总成{数量:35}  
2022-10-07 00:07:53    TransferVehicleBOM_AD08单车BOM{数量:1819}  
2022-10-07 00:07:53    VehicOverPointInfo_AM0D整车实绩过点信息{数量:2}  
2022-10-07 00:08:53    ReceivePurchaseOrder_AP11DMS支给件总成{数量:35}  
2022-10-07 00:08:53    TransferVehicleBOM_AD08单车BOM{数量:1799}  
2022-10-07 00:08:53    VehicOverPointInfo_AM0D整车实绩过点信息{数量:2}  
2022-10-07 00:09:53    OutSyncTicket_AW0BLMS外同步票接口{数量:9}  
2022-10-07 00:09:53    BatteryFarmOverPoint_AM65电池实际过点信息{数量:1}  
2022-10-07 00:09:53    ReceivePurchaseOrder_AP11DMS支给件总成{数量:35}  
2022-10-07 00:09:53    TransferVehicleBOM_AD08单车BOM{数量:1779}  
2022-10-07 00:09:53    VehicOverPointInfo_AM0D整车实绩过点信息{数量:2}  
2022-10-07 00:10:54    TransferVehicleBOM_AD08单车BOM{数量:1759}  
2022-10-07 00:10:54    VehicOverPointInfo_AM0D整车实绩过点信息{数量:1}  
2022-10-07 00:11:54    OutSyncTicket_AW0BLMS外同步票接口{数量:92}  
2022-10-07 00:11:54    BatteryFarmOverPoint_AM65电池实际过点信息{数量:1}  
2022-10-07 00:11:54    TransferVehicleBOM_AD08单车BOM{数量:1739}  
2022-10-07 00:11:54    VehicOverPointInfo_AM0D整车实绩过点信息{数量:2}  
2022-10-07 00:12:54    ExceptOrderAplFeedback_AP0W例外订购申请反馈{数量:2}  
2022-10-07 00:12:54    BatteryFarmOverPoint_AM65电池实际过点信息{数量:1}  
2022-10-07 00:12:54    TransferVehicleBOM_AD08单车BOM{数量:1719}  
2022-10-07 00:12:54    VehicOverPointInfo_AM0D整车实绩过点信息{数量:2}  
2022-10-07 00:13:54    OutSyncTicket_AW0BLMS外同步票接口{数量:8}  
2022-10-07 00:13:54    BatteryFarmOverPoint_AM65电池实际过点信息{数量:1}  
2022-10-07 00:13:54    TransferVehicleBOM_AD08单车BOM{数量:1699}  
2022-10-07 00:13:54    VehicOverPointInfo_AM0D整车实绩过点信息{数量:2}  
2022-10-07 00:14:54    TransferVehicleBOM_AD08单车BOM{数量:1679}  
2022-10-07 00:14:54    VehicOverPointInfo_AM0D整车实绩过点信息{数量:2}  
2022-10-07 00:15:54    OutSyncTicket_AW0BLMS外同步票接口{数量:34}  
2022-10-07 00:15:54    BatteryFarmOverPoint_AM65电池实际过点信息{数量:1}  
2022-10-07 00:15:54    TransferVehicleBOM_AD08单车BOM{数量:1659}  
2022-10-07 00:15:54    VehicOverPointInfo_AM0D整车实绩过点信息{数量:2}  
2022-10-07 00:16:54    BatteryFarmOverPoint_AM65电池实际过点信息{数量:1}  
2022-10-07 00:16:54    TransferVehicleBOM_AD08单车BOM{数量:1639}  
2022-10-07 00:16:54    VehicOverPointInfo_AM0D整车实绩过点信息{数量:2}  
2022-10-07 00:17:54    OutSyncTicket_AW0BLMS外同步票接口{数量:9}  
2022-10-07 00:17:54    BatteryFarmOverPoint_AM65电池实际过点信息{数量:1}  
2022-10-07 00:17:54    TransferVehicleBOM_AD08单车BOM{数量:1619}  
2022-10-07 00:17:54    VehicOverPointInfo_AM0D整车实绩过点信息{数量:2}  
2022-10-07 00:18:54    TransferVehicleBOM_AD08单车BOM{数量:1599}  
2022-10-07 00:18:54    VehicOverPointInfo_AM0D整车实绩过点信息{数量:2}  
2022-10-07 00:19:54    OutSyncTicket_AW0BLMS外同步票接口{数量:8}  
2022-10-07 00:19:54    BatteryFarmOverPoint_AM65电池实际过点信息{数量:1}  
2022-10-07 00:19:54    TransferVehicleBOM_AD08单车BOM{数量:1579}  
2022-10-07 00:19:54    VehicOverPointInfo_AM0D整车实绩过点信息{数量:2}  
2022-10-07 00:20:54    BatteryFarmOverPoint_AM65电池实际过点信息{数量:1}  
2022-10-07 00:20:54    TransferVehicleBOM_AD08单车BOM{数量:1559}  
2022-10-07 00:20:54    VehicOverPointInfo_AM0D整车实绩过点信息{数量:2}  
2022-10-07 00:21:54    OutSyncTicket_AW0BLMS外同步票接口{数量:28}  
2022-10-07 00:21:54    TransferVehicleBOM_AD08单车BOM{数量:1539}  
2022-10-07 00:21:54    VehicOverPointInfo_AM0D整车实绩过点信息{数量:2}  
2022-10-07 00:22:54    BatteryFarmOverPoint_AM65电池实际过点信息{数量:1}  
2022-10-07 00:22:54    VehicLockProducPlan_AM0A整车锁定生产计划,二次锁定{数量:1}  
2022-10-07 00:22:54    TransferVehicleBOM_AD08单车BOM{数量:1519}  
2022-10-07 00:22:54    VehicOverPointInfo_AM0D整车实绩过点信息{数量:2}  
2022-10-07 00:23:54    OutSyncTicket_AW0BLMS外同步票接口{数量:30}  
2022-10-07 00:23:54    TransferVehicleBOM_AD08单车BOM{数量:1499}  
2022-10-07 00:23:54    VehicOverPointInfo_AM0D整车实绩过点信息{数量:2}  
2022-10-07 00:24:54    TransferVehicleBOM_AD08单车BOM{数量:1479}  
2022-10-07 00:24:54    VehicOverPointInfo_AM0D整车实绩过点信息{数量:2}  
2022-10-07 00:25:54    OutSyncTicket_AW0BLMS外同步票接口{数量:10}  
2022-10-07 00:25:54    BatteryFarmOverPoint_AM65电池实际过点信息{数量:1}  
2022-10-07 00:25:54    TransferVehicleBOM_AD08单车BOM{数量:1459}  
2022-10-07 00:25:54    VehicOverPointInfo_AM0D整车实绩过点信息{数量:2}  
2022-10-07 00:26:54    BatteryFarmOverPoint_AM65电池实际过点信息{数量:1}  
2022-10-07 00:26:54    TransferVehicleBOM_AD08单车BOM{数量:1439}  
2022-10-07 00:26:54    VehicOverPointInfo_AM0D整车实绩过点信息{数量:2}  
2022-10-07 00:27:54    OutSyncTicket_AW0BLMS外同步票接口{数量:6}  
2022-10-07 00:27:54    TransferVehicleBOM_AD08单车BOM{数量:1419}  
2022-10-07 00:27:54    VehicOverPointInfo_AM0D整车实绩过点信息{数量:2}  
2022-10-07 00:28:54    BatteryFarmOverPoint_AM65电池实际过点信息{数量:1}  
2022-10-07 00:28:54    TransferVehicleBOM_AD08单车BOM{数量:1399}  
2022-10-07 00:28:54    VehicOverPointInfo_AM0D整车实绩过点信息{数量:2}  
2022-10-07 00:29:54    OutSyncTicket_AW0BLMS外同步票接口{数量:15}  
2022-10-07 00:29:54    BatteryFarmOverPoint_AM65电池实际过点信息{数量:1}  
2022-10-07 00:29:54    TransferVehicleBOM_AD08单车BOM{数量:1379}  
2022-10-07 00:29:54    VehicOverPointInfo_AM0D整车实绩过点信息{数量:2}  
2022-10-07 00:30:54    BatteryFarmOverPoint_AM65电池实际过点信息{数量:1}  
2022-10-07 00:30:54    TransferVehicleBOM_AD08单车BOM{数量:1359}  
2022-10-07 00:30:54    VehicOverPointInfo_AM0D整车实绩过点信息{数量:2}  
2022-10-07 00:31:54    OutSyncTicket_AW0BLMS外同步票接口{数量:6}  
2022-10-07 00:31:54    TransferVehicleBOM_AD08单车BOM{数量:1339}  
2022-10-07 00:31:54    VehicOverPointInfo_AM0D整车实绩过点信息{数量:2}  
2022-10-07 00:31:54    MaterialMasterData_AD04sap物流主数据{数量:1}  
2022-10-07 00:32:54    BatteryFarmOverPoint_AM65电池实际过点信息{数量:1}  
2022-10-07 00:32:54    TransferVehicleBOM_AD08单车BOM{数量:1319}  
2022-10-07 00:32:54    VehicOverPointInfo_AM0D整车实绩过点信息{数量:2}  
2022-10-07 00:33:54    OutSyncTicket_AW0BLMS外同步票接口{数量:116}  
2022-10-07 00:33:54    BatteryFarmOverPoint_AM65电池实际过点信息{数量:1}  
2022-10-07 00:33:54    TransferVehicleBOM_AD08单车BOM{数量:1299}  
2022-10-07 00:33:54    VehicOverPointInfo_AM0D整车实绩过点信息{数量:2}  
2022-10-07 00:33:54    MaterialMasterData_AD04sap物流主数据{数量:1}  
2022-10-07 00:34:54    BatteryFarmOverPoint_AM65电池实际过点信息{数量:1}  
2022-10-07 00:34:54    TransferVehicleBOM_AD08单车BOM{数量:1279}  
2022-10-07 00:34:54    VehicOverPointInfo_AM0D整车实绩过点信息{数量:2}  
2022-10-07 00:35:54    OutSyncTicket_AW0BLMS外同步票接口{数量:3}  
2022-10-07 00:35:54    BatteryFarmOverPoint_AM65电池实际过点信息{数量:1}  
2022-10-07 00:35:54    TransferVehicleBOM_AD08单车BOM{数量:1259}  
2022-10-07 00:35:54    VehicOverPointInfo_AM0D整车实绩过点信息{数量:2}  
2022-10-07 00:36:55    BatteryFarmOverPoint_AM65电池实际过点信息{数量:1}  
2022-10-07 00:36:55    TransferVehicleBOM_AD08单车BOM{数量:1239}  
2022-10-07 00:36:55    VehicOverPointInfo_AM0D整车实绩过点信息{数量:2}  
2022-10-07 00:37:55    OutSyncTicket_AW0BLMS外同步票接口{数量:5}  
2022-10-07 00:37:55    ExceptOrderAplFeedback_AP0W例外订购申请反馈{数量:1}  
2022-10-07 00:37:55    BatteryFarmOverPoint_AM65电池实际过点信息{数量:1}  
2022-10-07 00:37:55    TransferVehicleBOM_AD08单车BOM{数量:1219}  
2022-10-07 00:37:55    VehicOverPointInfo_AM0D整车实绩过点信息{数量:2}  
2022-10-07 00:38:55    BatteryFarmOverPoint_AM65电池实际过点信息{数量:1}  
2022-10-07 00:38:55    TransferVehicleBOM_AD08单车BOM{数量:1199}  
2022-10-07 00:38:55    VehicOverPointInfo_AM0D整车实绩过点信息{数量:2}  
2022-10-07 00:39:55    OutSyncTicket_AW0BLMS外同步票接口{数量:7}  
2022-10-07 00:39:55    TransferVehicleBOM_AD08单车BOM{数量:1179}  
2022-10-07 00:39:55    VehicOverPointInfo_AM0D整车实绩过点信息{数量:2}  
2022-10-07 00:40:55    TransferVehicleBOM_AD08单车BOM{数量:1159}  
2022-10-07 00:40:55    VehicOverPointInfo_AM0D整车实绩过点信息{数量:2}  
2022-10-07 00:41:55    OutSyncTicket_AW0BLMS外同步票接口{数量:13}  
2022-10-07 00:41:55    BatteryFarmOverPoint_AM65电池实际过点信息{数量:1}  
2022-10-07 00:41:55    TransferVehicleBOM_AD08单车BOM{数量:1139}  
2022-10-07 00:41:55    VehicOverPointInfo_AM0D整车实绩过点信息{数量:2}  
2022-10-07 00:42:55    ExceptOrderAplFeedback_AP0W例外订购申请反馈{数量:5}  
2022-10-07 00:42:55    BatteryFarmOverPoint_AM65电池实际过点信息{数量:1}  
2022-10-07 00:42:55    TransferVehicleBOM_AD08单车BOM{数量:1119}  
2022-10-07 00:42:55    VehicOverPointInfo_AM0D整车实绩过点信息{数量:2}  
2022-10-07 00:43:55    OutSyncTicket_AW0BLMS外同步票接口{数量:22}  
2022-10-07 00:43:55    BatteryFarmOverPoint_AM65电池实际过点信息{数量:1}  
2022-10-07 00:43:55    TransferVehicleBOM_AD08单车BOM{数量:1099}  
2022-10-07 00:43:55    VehicOverPointInfo_AM0D整车实绩过点信息{数量:2}  
2022-10-07 00:44:55    TransferVehicleBOM_AD08单车BOM{数量:1079}  
2022-10-07 00:44:55    VehicOverPointInfo_AM0D整车实绩过点信息{数量:2}  
2022-10-07 00:45:55    OutSyncTicket_AW0BLMS外同步票接口{数量:12}  
2022-10-07 00:45:55    BatteryFarmOverPoint_AM65电池实际过点信息{数量:1}  
2022-10-07 00:45:55    TransferVehicleBOM_AD08单车BOM{数量:1059}  
2022-10-07 00:45:55    VehicOverPointInfo_AM0D整车实绩过点信息{数量:2}  
2022-10-07 00:46:55    BatteryFarmOverPoint_AM65电池实际过点信息{数量:1}  
2022-10-07 00:46:55    TransferVehicleBOM_AD08单车BOM{数量:1039}  
2022-10-07 00:46:55    VehicOverPointInfo_AM0D整车实绩过点信息{数量:1}  
2022-10-07 00:47:55    OutSyncTicket_AW0BLMS外同步票接口{数量:72}  
2022-10-07 00:47:55    BatteryFarmOverPoint_AM65电池实际过点信息{数量:1}  
2022-10-07 00:47:55    TransferVehicleBOM_AD08单车BOM{数量:1019}  
2022-10-07 00:47:55    VehicOverPointInfo_AM0D整车实绩过点信息{数量:1}  
2022-10-07 00:48:55    BatteryFarmOverPoint_AM65电池实际过点信息{数量:1}  
2022-10-07 00:48:55    TransferVehicleBOM_AD08单车BOM{数量:999}  
2022-10-07 00:48:55    VehicOverPointInfo_AM0D整车实绩过点信息{数量:1}  
2022-10-07 00:49:55    OutSyncTicket_AW0BLMS外同步票接口{数量:8}  
2022-10-07 00:49:55    BatteryFarmOverPoint_AM65电池实际过点信息{数量:1}  
2022-10-07 00:49:55    TransferVehicleBOM_AD08单车BOM{数量:979}  
2022-10-07 00:49:55    VehicOverPointInfo_AM0D整车实绩过点信息{数量:1}  
2022-10-07 00:50:55    BatteryFarmOverPoint_AM65电池实际过点信息{数量:1}  
2022-10-07 00:50:55    TransferVehicleBOM_AD08单车BOM{数量:959}  
2022-10-07 00:50:55    VehicOverPointInfo_AM0D整车实绩过点信息{数量:1}  
2022-10-07 00:51:55    OutSyncTicket_AW0BLMS外同步票接口{数量:5}  
2022-10-07 00:51:55    BatteryFarmOverPoint_AM65电池实际过点信息{数量:1}  
2022-10-07 00:51:55    TransferVehicleBOM_AD08单车BOM{数量:939}  
2022-10-07 00:51:55    VehicOverPointInfo_AM0D整车实绩过点信息{数量:1}  
2022-10-07 00:52:55    BatteryFarmOverPoint_AM65电池实际过点信息{数量:1}  
2022-10-07 00:52:55    TransferVehicleBOM_AD08单车BOM{数量:919}  
2022-10-07 00:52:55    VehicOverPointInfo_AM0D整车实绩过点信息{数量:1}  
2022-10-07 00:53:55    OutSyncTicket_AW0BLMS外同步票接口{数量:74}  
2022-10-07 00:53:55    BatteryFarmOverPoint_AM65电池实际过点信息{数量:1}  
2022-10-07 00:53:55    TransferVehicleBOM_AD08单车BOM{数量:899}  
2022-10-07 00:53:55    VehicOverPointInfo_AM0D整车实绩过点信息{数量:1}  
2022-10-07 00:54:55    BatteryFarmOverPoint_AM65电池实际过点信息{数量:1}  
2022-10-07 00:54:55    TransferVehicleBOM_AD08单车BOM{数量:879}  
2022-10-07 00:54:55    VehicOverPointInfo_AM0D整车实绩过点信息{数量:1}  
2022-10-07 00:55:55    OutSyncTicket_AW0BLMS外同步票接口{数量:16}  
2022-10-07 00:55:55    TransferVehicleBOM_AD08单车BOM{数量:859}  
2022-10-07 00:55:55    VehicOverPointInfo_AM0D整车实绩过点信息{数量:1}  
2022-10-07 00:56:55    BatteryFarmOverPoint_AM65电池实际过点信息{数量:1}  
2022-10-07 00:56:55    TransferVehicleBOM_AD08单车BOM{数量:839}  
2022-10-07 00:56:55    VehicOverPointInfo_AM0D整车实绩过点信息{数量:1}  
2022-10-07 00:57:55    OutSyncTicket_AW0BLMS外同步票接口{数量:9}  
2022-10-07 00:57:55    BatteryFarmOverPoint_AM65电池实际过点信息{数量:1}  
2022-10-07 00:57:55    TransferVehicleBOM_AD08单车BOM{数量:819}  
2022-10-07 00:57:55    VehicOverPointInfo_AM0D整车实绩过点信息{数量:1}  
2022-10-07 00:58:55    TransferVehicleBOM_AD08单车BOM{数量:799}  
2022-10-07 00:58:55    VehicOverPointInfo_AM0D整车实绩过点信息{数量:1}  
2022-10-07 00:59:55    OutSyncTicket_AW0BLMS外同步票接口{数量:7}  
2022-10-07 00:59:55    TransferVehicleBOM_AD08单车BOM{数量:779}  
2022-10-07 00:59:55    VehicOverPointInfo_AM0D整车实绩过点信息{数量:1}  
2022-10-07 01:00:55    BatteryFarmOverPoint_AM65电池实际过点信息{数量:1}  
2022-10-07 01:00:55    TransferVehicleBOM_AD08单车BOM{数量:759}  
2022-10-07 01:00:55    VehicOverPointInfo_AM0D整车实绩过点信息{数量:1}  
2022-10-07 01:01:55    OutSyncTicket_AW0BLMS外同步票接口{数量:5}  
2022-10-07 01:01:55    BatteryFarmOverPoint_AM65电池实际过点信息{数量:1}  
2022-10-07 01:01:55    TransferVehicleBOM_AD08单车BOM{数量:739}  
2022-10-07 01:01:55    VehicOverPointInfo_AM0D整车实绩过点信息{数量:1}  
2022-10-07 01:02:55    ExceptOrderAplFeedback_AP0W例外订购申请反馈{数量:1}  
2022-10-07 01:02:55    BatteryFarmOverPoint_AM65电池实际过点信息{数量:1}  
2022-10-07 01:02:55    TransferVehicleBOM_AD08单车BOM{数量:719}  
2022-10-07 01:02:55    VehicOverPointInfo_AM0D整车实绩过点信息{数量:2}  
2022-10-07 01:03:55    OutSyncTicket_AW0BLMS外同步票接口{数量:5}  
2022-10-07 01:03:55    TransferVehicleBOM_AD08单车BOM{数量:699}  
2022-10-07 01:03:55    VehicOverPointInfo_AM0D整车实绩过点信息{数量:2}  
2022-10-07 01:04:55    BatteryFarmOverPoint_AM65电池实际过点信息{数量:1}  
2022-10-07 01:04:55    TransferVehicleBOM_AD08单车BOM{数量:679}  
2022-10-07 01:04:55    VehicOverPointInfo_AM0D整车实绩过点信息{数量:2}  
2022-10-07 01:05:55    TransferVehicleBOM_AD08单车BOM{数量:659}  
2022-10-07 01:05:55    VehicOverPointInfo_AM0D整车实绩过点信息{数量:2}  
2022-10-07 01:06:55    TransferVehicleBOM_AD08单车BOM{数量:639}  
2022-10-07 01:06:55    VehicOverPointInfo_AM0D整车实绩过点信息{数量:2}  
2022-10-07 01:07:55    BatteryFarmOverPoint_AM65电池实际过点信息{数量:1}  
2022-10-07 01:07:55    TransferVehicleBOM_AD08单车BOM{数量:619}  
2022-10-07 01:07:55    VehicOverPointInfo_AM0D整车实绩过点信息{数量:2}  
2022-10-07 01:08:55    BatteryFarmOverPoint_AM65电池实际过点信息{数量:1}  
2022-10-07 01:08:55    TransferVehicleBOM_AD08单车BOM{数量:599}  
2022-10-07 01:08:55    VehicOverPointInfo_AM0D整车实绩过点信息{数量:2}  
2022-10-07 01:09:55    TransferVehicleBOM_AD08单车BOM{数量:579}  
2022-10-07 01:09:55    VehicOverPointInfo_AM0D整车实绩过点信息{数量:2}  
2022-10-07 01:10:55    BatteryFarmOverPoint_AM65电池实际过点信息{数量:1}  
2022-10-07 01:10:55    TransferVehicleBOM_AD08单车BOM{数量:559}  
2022-10-07 01:10:55    VehicOverPointInfo_AM0D整车实绩过点信息{数量:1}  
2022-10-07 01:11:55    TransferVehicleBOM_AD08单车BOM{数量:539}  
2022-10-07 01:11:55    VehicOverPointInfo_AM0D整车实绩过点信息{数量:2}  
2022-10-07 01:12:55    TransferVehicleBOM_AD08单车BOM{数量:519}  
2022-10-07 01:12:55    VehicOverPointInfo_AM0D整车实绩过点信息{数量:2}  
2022-10-07 01:13:55    BatteryFarmOverPoint_AM65电池实际过点信息{数量:1}  
2022-10-07 01:13:55    TransferVehicleBOM_AD08单车BOM{数量:499}  
2022-10-07 01:13:55    VehicOverPointInfo_AM0D整车实绩过点信息{数量:2}  
2022-10-07 01:14:55    TransferVehicleBOM_AD08单车BOM{数量:479}  
2022-10-07 01:14:55    VehicOverPointInfo_AM0D整车实绩过点信息{数量:2}  
2022-10-07 01:15:55    TransferVehicleBOM_AD08单车BOM{数量:459}  
2022-10-07 01:15:55    VehicOverPointInfo_AM0D整车实绩过点信息{数量:1}  
2022-10-07 01:16:55    TransferVehicleBOM_AD08单车BOM{数量:439}  
2022-10-07 01:16:55    VehicOverPointInfo_AM0D整车实绩过点信息{数量:1}  
2022-10-07 01:17:55    TransferVehicleBOM_AD08单车BOM{数量:419}  
2022-10-07 01:17:55    VehicOverPointInfo_AM0D整车实绩过点信息{数量:2}  
2022-10-07 01:18:56    TransferVehicleBOM_AD08单车BOM{数量:399}  
2022-10-07 01:18:56    VehicOverPointInfo_AM0D整车实绩过点信息{数量:2}  
2022-10-07 01:19:56    TransferVehicleBOM_AD08单车BOM{数量:382}  
2022-10-07 01:19:56    VehicOverPointInfo_AM0D整车实绩过点信息{数量:2}  
2022-10-07 01:20:56    TransferVehicleBOM_AD08单车BOM{数量:359}  
2022-10-07 01:20:56    VehicOverPointInfo_AM0D整车实绩过点信息{数量:2}  
2022-10-07 01:21:56    OutSyncTicket_AW0BLMS外同步票接口{数量:47}  
2022-10-07 01:21:56    TransferVehicleBOM_AD08单车BOM{数量:339}  
2022-10-07 01:21:56    VehicOverPointInfo_AM0D整车实绩过点信息{数量:2}  
2022-10-07 01:22:56    ExceptOrderAplFeedback_AP0W例外订购申请反馈{数量:3}  
2022-10-07 01:22:56    VehicLockProducPlan_AM0A整车锁定生产计划,二次锁定{数量:1}  
2022-10-07 01:22:56    TransferVehicleBOM_AD08单车BOM{数量:319}  
2022-10-07 01:22:56    VehicOverPointInfo_AM0D整车实绩过点信息{数量:2}  
2022-10-07 01:23:56    OutSyncTicket_AW0BLMS外同步票接口{数量:6}  
2022-10-07 01:23:56    TransferVehicleBOM_AD08单车BOM{数量:299}  
2022-10-07 01:23:56    VehicOverPointInfo_AM0D整车实绩过点信息{数量:2}  
2022-10-07 01:24:56    TransferVehicleBOM_AD08单车BOM{数量:279}  
2022-10-07 01:24:56    VehicOverPointInfo_AM0D整车实绩过点信息{数量:2}  
2022-10-07 01:25:56    OutSyncTicket_AW0BLMS外同步票接口{数量:15}  
2022-10-07 01:25:56    TransferVehicleBOM_AD08单车BOM{数量:259}  
2022-10-07 01:25:56    VehicOverPointInfo_AM0D整车实绩过点信息{数量:2}  
2022-10-07 01:26:56    TransferVehicleBOM_AD08单车BOM{数量:239}  
2022-10-07 01:26:56    VehicOverPointInfo_AM0D整车实绩过点信息{数量:2}  
2022-10-07 01:27:56    OutSyncTicket_AW0BLMS外同步票接口{数量:21}  
2022-10-07 01:27:56    TransferVehicleBOM_AD08单车BOM{数量:219}  
2022-10-07 01:27:56    VehicOverPointInfo_AM0D整车实绩过点信息{数量:2}  
2022-10-07 01:28:56    TransferVehicleBOM_AD08单车BOM{数量:199}  
2022-10-07 01:28:56    VehicOverPointInfo_AM0D整车实绩过点信息{数量:2}  
2022-10-07 01:29:56    OutSyncTicket_AW0BLMS外同步票接口{数量:29}  
2022-10-07 01:29:56    TransferVehicleBOM_AD08单车BOM{数量:179}  
2022-10-07 01:29:56    VehicOverPointInfo_AM0D整车实绩过点信息{数量:2}  
2022-10-07 01:30:56    TransferVehicleBOM_AD08单车BOM{数量:159}  
2022-10-07 01:30:56    VehicOverPointInfo_AM0D整车实绩过点信息{数量:2}  
2022-10-07 01:31:56    OutSyncTicket_AW0BLMS外同步票接口{数量:60}  
2022-10-07 01:31:56    TransferVehicleBOM_AD08单车BOM{数量:139}  
2022-10-07 01:31:56    VehicOverPointInfo_AM0D整车实绩过点信息{数量:1}  
2022-10-07 01:32:56    ExceptOrderAplFeedback_AP0W例外订购申请反馈{数量:2}  
2022-10-07 01:32:56    BatteryFarmOverPoint_AM65电池实际过点信息{数量:1}  
2022-10-07 01:32:56    TransferVehicleBOM_AD08单车BOM{数量:119}  
2022-10-07 01:32:56    VehicOverPointInfo_AM0D整车实绩过点信息{数量:2}  
2022-10-07 01:33:56    OutSyncTicket_AW0BLMS外同步票接口{数量:10}  
2022-10-07 01:33:56    BatteryFarmOverPoint_AM65电池实际过点信息{数量:1}  
2022-10-07 01:33:56    TransferVehicleBOM_AD08单车BOM{数量:99}  
2022-10-07 01:33:56    VehicOverPointInfo_AM0D整车实绩过点信息{数量:2}  
2022-10-07 01:34:56    TransferVehicleBOM_AD08单车BOM{数量:79}  
2022-10-07 01:34:56    VehicOverPointInfo_AM0D整车实绩过点信息{数量:2}  
2022-10-07 01:35:56    OutSyncTicket_AW0BLMS外同步票接口{数量:42}  
2022-10-07 01:35:56    BatteryFarmOverPoint_AM65电池实际过点信息{数量:1}  
2022-10-07 01:35:56    TransferVehicleBOM_AD08单车BOM{数量:59}  
2022-10-07 01:35:56    VehicOverPointInfo_AM0D整车实绩过点信息{数量:2}  
2022-10-07 01:36:56    BatteryFarmOverPoint_AM65电池实际过点信息{数量:1}  
2022-10-07 01:36:56    TransferVehicleBOM_AD08单车BOM{数量:39}  
2022-10-07 01:36:56    VehicOverPointInfo_AM0D整车实绩过点信息{数量:2}  
2022-10-07 01:37:57    OutSyncTicket_AW0BLMS外同步票接口{数量:5}  
2022-10-07 01:37:57    BatteryFarmOverPoint_AM65电池实际过点信息{数量:1}  
2022-10-07 01:37:57    TransferVehicleBOM_AD08单车BOM{数量:19}  
2022-10-07 01:37:57    VehicOverPointInfo_AM0D整车实绩过点信息{数量:2}  
2022-10-07 01:38:57    VehicOverPointInfo_AM0D整车实绩过点信息{数量:2}  
2022-10-07 01:39:57    OutSyncTicket_AW0BLMS外同步票接口{数量:13}  
2022-10-07 01:39:57    VehicOverPointInfo_AM0D整车实绩过点信息{数量:1}  
2022-10-07 01:40:57    VehicOverPointInfo_AM0D整车实绩过点信息{数量:2}  
2022-10-07 01:41:57    OutSyncTicket_AW0BLMS外同步票接口{数量:26}  
2022-10-07 01:41:57    BatteryFarmOverPoint_AM65电池实际过点信息{数量:1}  
2022-10-07 01:41:57    VehicOverPointInfo_AM0D整车实绩过点信息{数量:2}  
2022-10-07 01:42:57    VehicOverPointInfo_AM0D整车实绩过点信息{数量:2}  
2022-10-07 01:43:57    OutSyncTicket_AW0BLMS外同步票接口{数量:7}  
2022-10-07 01:43:57    BatteryFarmOverPoint_AM65电池实际过点信息{数量:1}  
2022-10-07 01:43:57    VehicOverPointInfo_AM0D整车实绩过点信息{数量:2}  
2022-10-07 01:44:57    VehicOverPointInfo_AM0D整车实绩过点信息{数量:2}  
2022-10-07 01:45:57    OutSyncTicket_AW0BLMS外同步票接口{数量:19}  
2022-10-07 01:45:57    BatteryFarmOverPoint_AM65电池实际过点信息{数量:1}  
2022-10-07 01:45:57    VehicOverPointInfo_AM0D整车实绩过点信息{数量:2}  
2022-10-07 01:46:57    BatteryFarmOverPoint_AM65电池实际过点信息{数量:1}  
2022-10-07 01:46:57    VehicOverPointInfo_AM0D整车实绩过点信息{数量:2}  
2022-10-07 01:47:57    OutSyncTicket_AW0BLMS外同步票接口{数量:9}  
2022-10-07 01:47:57    VehicOverPointInfo_AM0D整车实绩过点信息{数量:1}  
2022-10-07 01:48:57    BatteryFarmOverPoint_AM65电池实际过点信息{数量:1}  
2022-10-07 01:48:57    VehicOverPointInfo_AM0D整车实绩过点信息{数量:2}  
2022-10-07 01:49:57    OutSyncTicket_AW0BLMS外同步票接口{数量:5}  
2022-10-07 01:49:57    VehicOverPointInfo_AM0D整车实绩过点信息{数量:1}  
2022-10-07 01:50:57    BatteryFarmOverPoint_AM65电池实际过点信息{数量:1}  
2022-10-07 01:50:57    VehicOverPointInfo_AM0D整车实绩过点信息{数量:1}  
2022-10-07 01:51:57    OutSyncTicket_AW0BLMS外同步票接口{数量:91}  
2022-10-07 01:51:57    VehicOverPointInfo_AM0D整车实绩过点信息{数量:1}  
2022-10-07 01:52:57    ExceptOrderAplFeedback_AP0W例外订购申请反馈{数量:1}  
2022-10-07 01:52:57    BatteryFarmOverPoint_AM65电池实际过点信息{数量:1}  
2022-10-07 01:52:57    VehicOverPointInfo_AM0D整车实绩过点信息{数量:1}  
2022-10-07 01:53:57    OutSyncTicket_AW0BLMS外同步票接口{数量:3}  
2022-10-07 01:53:57    BatteryFarmOverPoint_AM65电池实际过点信息{数量:1}  
2022-10-07 01:53:57    VehicOverPointInfo_AM0D整车实绩过点信息{数量:1}  
2022-10-07 01:54:57    VehicOverPointInfo_AM0D整车实绩过点信息{数量:1}  
2022-10-07 01:55:57    OutSyncTicket_AW0BLMS外同步票接口{数量:35}  
2022-10-07 01:55:57    BatteryFarmOverPoint_AM65电池实际过点信息{数量:1}  
2022-10-07 01:55:57    VehicOverPointInfo_AM0D整车实绩过点信息{数量:1}  
2022-10-07 01:56:57    VehicOverPointInfo_AM0D整车实绩过点信息{数量:2}  
2022-10-07 01:57:57    OutSyncTicket_AW0BLMS外同步票接口{数量:4}  
2022-10-07 01:57:57    BatteryFarmOverPoint_AM65电池实际过点信息{数量:1}  
2022-10-07 01:57:57    VehicOverPointInfo_AM0D整车实绩过点信息{数量:1}  
2022-10-07 01:58:57    VehicOverPointInfo_AM0D整车实绩过点信息{数量:2}  
2022-10-07 01:59:57    OutSyncTicket_AW0BLMS外同步票接口{数量:9}  
2022-10-07 01:59:57    BatteryFarmOverPoint_AM65电池实际过点信息{数量:1}  
2022-10-07 01:59:57    VehicOverPointInfo_AM0D整车实绩过点信息{数量:2}  
2022-10-07 02:00:57    VehicOverPointInfo_AM0D整车实绩过点信息{数量:1}  
2022-10-07 02:01:57    OutSyncTicket_AW0BLMS外同步票接口{数量:5}  
2022-10-07 02:01:57    BatteryFarmOverPoint_AM65电池实际过点信息{数量:1}  
2022-10-07 02:01:57    VehicOverPointInfo_AM0D整车实绩过点信息{数量:2}  
2022-10-07 02:02:57    BatteryFarmOverPoint_AM65电池实际过点信息{数量:1}  
2022-10-07 02:02:57    VehicOverPointInfo_AM0D整车实绩过点信息{数量:1}  
2022-10-07 02:03:57    OutSyncTicket_AW0BLMS外同步票接口{数量:26}  
2022-10-07 02:03:57    VehicOverPointInfo_AM0D整车实绩过点信息{数量:2}  
2022-10-07 02:04:57    BatteryFarmOverPoint_AM65电池实际过点信息{数量:1}  
2022-10-07 02:04:57    VehicOverPointInfo_AM0D整车实绩过点信息{数量:1}  
2022-10-07 02:05:57    OutSyncTicket_AW0BLMS外同步票接口{数量:26}  
2022-10-07 02:05:57    BatteryFarmOverPoint_AM65电池实际过点信息{数量:1}  
2022-10-07 02:05:57    VehicOverPointInfo_AM0D整车实绩过点信息{数量:1}  
2022-10-07 02:06:57    BatteryFarmOverPoint_AM65电池实际过点信息{数量:1}  
2022-10-07 02:06:57    VehicOverPointInfo_AM0D整车实绩过点信息{数量:1}  
2022-10-07 02:07:57    OutSyncTicket_AW0BLMS外同步票接口{数量:36}  
2022-10-07 02:07:57    VehicOverPointInfo_AM0D整车实绩过点信息{数量:1}  
2022-10-07 02:08:57    VehicOverPointInfo_AM0D整车实绩过点信息{数量:2}  
2022-10-07 02:09:57    OutSyncTicket_AW0BLMS外同步票接口{数量:5}  
2022-10-07 02:09:57    BatteryFarmOverPoint_AM65电池实际过点信息{数量:1}  
2022-10-07 02:09:57    VehicOverPointInfo_AM0D整车实绩过点信息{数量:1}  
2022-10-07 02:10:57    BatteryFarmOverPoint_AM65电池实际过点信息{数量:1}  
2022-10-07 02:10:57    VehicOverPointInfo_AM0D整车实绩过点信息{数量:2}  
2022-10-07 02:11:57    OutSyncTicket_AW0BLMS外同步票接口{数量:10}  
2022-10-07 02:11:57    VehicOverPointInfo_AM0D整车实绩过点信息{数量:1}  
2022-10-07 02:12:58    BatteryFarmOverPoint_AM65电池实际过点信息{数量:1}  
2022-10-07 02:12:58    VehicOverPointInfo_AM0D整车实绩过点信息{数量:1}  
2022-10-07 02:13:58    OutSyncTicket_AW0BLMS外同步票接口{数量:79}  
2022-10-07 02:13:58    VehicOverPointInfo_AM0D整车实绩过点信息{数量:1}  
2022-10-07 02:14:58    VehicOverPointInfo_AM0D整车实绩过点信息{数量:1}  
2022-10-07 02:15:58    OutSyncTicket_AW0BLMS外同步票接口{数量:2}  
2022-10-07 02:15:58    BatteryFarmOverPoint_AM65电池实际过点信息{数量:1}  
2022-10-07 02:15:58    VehicOverPointInfo_AM0D整车实绩过点信息{数量:1}  
2022-10-07 02:16:58    BatteryFarmOverPoint_AM65电池实际过点信息{数量:1}  
2022-10-07 02:16:58    VehicOverPointInfo_AM0D整车实绩过点信息{数量:2}  
2022-10-07 02:17:58    OutSyncTicket_AW0BLMS外同步票接口{数量:9}  
2022-10-07 02:17:58    BatteryFarmOverPoint_AM65电池实际过点信息{数量:1}  
2022-10-07 02:17:58    VehicOverPointInfo_AM0D整车实绩过点信息{数量:1}  
2022-10-07 02:18:58    VehicOverPointInfo_AM0D整车实绩过点信息{数量:1}  
2022-10-07 02:19:58    OutSyncTicket_AW0BLMS外同步票接口{数量:10}  
2022-10-07 02:19:58    BatteryFarmOverPoint_AM65电池实际过点信息{数量:1}  
2022-10-07 02:19:58    VehicOverPointInfo_AM0D整车实绩过点信息{数量:2}  
2022-10-07 02:20:58    BatteryFarmOverPoint_AM65电池实际过点信息{数量:1}  
2022-10-07 02:20:58    VehicOverPointInfo_AM0D整车实绩过点信息{数量:1}  
2022-10-07 02:21:58    OutSyncTicket_AW0BLMS外同步票接口{数量:30}  
2022-10-07 02:21:58    VehicOverPointInfo_AM0D整车实绩过点信息{数量:1}  
2022-10-07 02:22:58    BatteryFarmOverPoint_AM65电池实际过点信息{数量:1}  
2022-10-07 02:22:58    VehicOverPointInfo_AM0D整车实绩过点信息{数量:1}  
2022-10-07 02:23:58    OutSyncTicket_AW0BLMS外同步票接口{数量:6}  
2022-10-07 02:23:58    VehicOverPointInfo_AM0D整车实绩过点信息{数量:1}  
2022-10-07 02:24:58    BatteryFarmOverPoint_AM65电池实际过点信息{数量:1}  
2022-10-07 02:24:58    VehicOverPointInfo_AM0D整车实绩过点信息{数量:1}  
2022-10-07 02:25:58    OutSyncTicket_AW0BLMS外同步票接口{数量:53}  
2022-10-07 02:25:58    BatteryFarmOverPoint_AM65电池实际过点信息{数量:1}  
2022-10-07 02:25:58    VehicOverPointInfo_AM0D整车实绩过点信息{数量:1}  
2022-10-07 02:26:58    VehicOverPointInfo_AM0D整车实绩过点信息{数量:1}  
2022-10-07 02:27:58    OutSyncTicket_AW0BLMS外同步票接口{数量:20}  
2022-10-07 02:27:58    BatteryFarmOverPoint_AM65电池实际过点信息{数量:1}  
2022-10-07 02:27:58    VehicOverPointInfo_AM0D整车实绩过点信息{数量:2}  
2022-10-07 02:28:58    VehicOverPointInfo_AM0D整车实绩过点信息{数量:1}  
2022-10-07 02:29:58    OutSyncTicket_AW0BLMS外同步票接口{数量:9}  
2022-10-07 02:29:58    BatteryFarmOverPoint_AM65电池实际过点信息{数量:1}  
2022-10-07 02:29:58    VehicOverPointInfo_AM0D整车实绩过点信息{数量:2}  
2022-10-07 02:30:58    BatteryFarmOverPoint_AM65电池实际过点信息{数量:1}  
2022-10-07 02:30:58    VehicOverPointInfo_AM0D整车实绩过点信息{数量:2}  
2022-10-07 02:31:58    OutSyncTicket_AW0BLMS外同步票接口{数量:13}  
2022-10-07 02:31:58    BatteryFarmOverPoint_AM65电池实际过点信息{数量:1}  
2022-10-07 02:31:58    VehicOverPointInfo_AM0D整车实绩过点信息{数量:2}  
2022-10-07 02:32:58    BatteryFarmOverPoint_AM65电池实际过点信息{数量:1}  
2022-10-07 02:32:58    VehicOverPointInfo_AM0D整车实绩过点信息{数量:2}  
2022-10-07 02:33:58    OutSyncTicket_AW0BLMS外同步票接口{数量:62}  
2022-10-07 02:33:58    VehicOverPointInfo_AM0D整车实绩过点信息{数量:1}  
2022-10-07 02:34:58    VehicOverPointInfo_AM0D整车实绩过点信息{数量:1}  
2022-10-07 02:35:58    OutSyncTicket_AW0BLMS外同步票接口{数量:5}  
2022-10-07 02:35:58    BatteryFarmOverPoint_AM65电池实际过点信息{数量:1}  
2022-10-07 02:35:58    VehicOverPointInfo_AM0D整车实绩过点信息{数量:2}  
2022-10-07 02:36:58    VehicOverPointInfo_AM0D整车实绩过点信息{数量:2}  
2022-10-07 02:37:58    OutSyncTicket_AW0BLMS外同步票接口{数量:8}  
2022-10-07 02:37:58    BatteryFarmOverPoint_AM65电池实际过点信息{数量:1}  
2022-10-07 02:37:58    VehicOverPointInfo_AM0D整车实绩过点信息{数量:2}  
2022-10-07 02:38:58    VehicOverPointInfo_AM0D整车实绩过点信息{数量:1}  
2022-10-07 02:39:58    OutSyncTicket_AW0BLMS外同步票接口{数量:35}  
2022-10-07 02:39:58    BatteryFarmOverPoint_AM65电池实际过点信息{数量:1}  
2022-10-07 02:39:58    VehicOverPointInfo_AM0D整车实绩过点信息{数量:1}  
2022-10-07 02:40:58    BatteryFarmOverPoint_AM65电池实际过点信息{数量:1}  
2022-10-07 02:40:58    VehicOverPointInfo_AM0D整车实绩过点信息{数量:1}  
2022-10-07 02:41:58    OutSyncTicket_AW0BLMS外同步票接口{数量:10}  
2022-10-07 02:41:58    BatteryFarmOverPoint_AM65电池实际过点信息{数量:1}  
2022-10-07 02:41:58    VehicOverPointInfo_AM0D整车实绩过点信息{数量:2}  
2022-10-07 02:42:58    ExceptOrderAplFeedback_AP0W例外订购申请反馈{数量:1}  
2022-10-07 02:42:58    VehicOverPointInfo_AM0D整车实绩过点信息{数量:2}  
2022-10-07 02:43:58    OutSyncTicket_AW0BLMS外同步票接口{数量:8}  
2022-10-07 02:43:58    VehicOverPointInfo_AM0D整车实绩过点信息{数量:2}  
2022-10-07 02:45:00    BatteryFarmOverPoint_AM65电池实际过点信息{数量:1}  
2022-10-07 02:45:00    VehicOverPointInfo_AM0D整车实绩过点信息{数量:1}  
2022-10-07 02:46:00    OutSyncTicket_AW0BLMS外同步票接口{数量:26}  
2022-10-07 02:46:00    BatteryFarmOverPoint_AM65电池实际过点信息{数量:1}  
2022-10-07 02:46:00    VehicOverPointInfo_AM0D整车实绩过点信息{数量:1}  
2022-10-07 02:47:00    BatteryFarmOverPoint_AM65电池实际过点信息{数量:1}  
2022-10-07 02:47:00    VehicOverPointInfo_AM0D整车实绩过点信息{数量:1}  
2022-10-07 02:48:00    OutSyncTicket_AW0BLMS外同步票接口{数量:44}  
2022-10-07 02:48:00    VehicOverPointInfo_AM0D整车实绩过点信息{数量:2}  
2022-10-07 02:49:00    BatteryFarmOverPoint_AM65电池实际过点信息{数量:1}  
2022-10-07 02:49:00    VehicOverPointInfo_AM0D整车实绩过点信息{数量:1}  
2022-10-07 02:50:00    OutSyncTicket_AW0BLMS外同步票接口{数量:12}  
2022-10-07 02:50:00    VehicOverPointInfo_AM0D整车实绩过点信息{数量:1}  
2022-10-07 02:51:00    BatteryFarmOverPoint_AM65电池实际过点信息{数量:1}  
2022-10-07 02:51:00    VehicOverPointInfo_AM0D整车实绩过点信息{数量:1}  
2022-10-07 02:52:00    OutSyncTicket_AW0BLMS外同步票接口{数量:5}  
2022-10-07 02:52:00    VehicOverPointInfo_AM0D整车实绩过点信息{数量:2}  
2022-10-07 02:53:00    ExceptOrderAplFeedback_AP0W例外订购申请反馈{数量:1}  
2022-10-07 02:53:00    VehicOverPointInfo_AM0D整车实绩过点信息{数量:1}  
2022-10-07 02:54:00    OutSyncTicket_AW0BLMS外同步票接口{数量:5}  
2022-10-07 02:54:00    VehicOverPointInfo_AM0D整车实绩过点信息{数量:1}  
2022-10-07 02:55:00    VehicOverPointInfo_AM0D整车实绩过点信息{数量:1}  
2022-10-07 02:56:00    OutSyncTicket_AW0BLMS外同步票接口{数量:90}  
2022-10-07 02:56:00    VehicOverPointInfo_AM0D整车实绩过点信息{数量:1}  
2022-10-07 02:57:00    VehicOverPointInfo_AM0D整车实绩过点信息{数量:1}  
2022-10-07 02:58:00    OutSyncTicket_AW0BLMS外同步票接口{数量:5}  
2022-10-07 02:58:00    VehicOverPointInfo_AM0D整车实绩过点信息{数量:1}  
2022-10-07 02:59:00    VehicOverPointInfo_AM0D整车实绩过点信息{数量:1}  
2022-10-07 03:00:00    OutSyncTicket_AW0BLMS外同步票接口{数量:7}  
2022-10-07 03:00:00    VehicOverPointInfo_AM0D整车实绩过点信息{数量:2}  
2022-10-07 03:01:00    BatteryFarmOverPoint_AM65电池实际过点信息{数量:1}  
2022-10-07 03:01:00    VehicOverPointInfo_AM0D整车实绩过点信息{数量:1}  
2022-10-07 03:02:00    OutSyncTicket_AW0BLMS外同步票接口{数量:8}  
2022-10-07 03:02:00    VehicOverPointInfo_AM0D整车实绩过点信息{数量:1}  
2022-10-07 03:03:00    VehicOverPointInfo_AM0D整车实绩过点信息{数量:1}  
2022-10-07 03:04:00    OutSyncTicket_AW0BLMS外同步票接口{数量:6}  
2022-10-07 03:04:00    VehicOverPointInfo_AM0D整车实绩过点信息{数量:1}  
2022-10-07 03:05:00    VehicOverPointInfo_AM0D整车实绩过点信息{数量:1}  
2022-10-07 03:06:00    OutSyncTicket_AW0BLMS外同步票接口{数量:20}  
2022-10-07 03:06:00    VehicOverPointInfo_AM0D整车实绩过点信息{数量:1}  
2022-10-07 03:07:00    VehicOverPointInfo_AM0D整车实绩过点信息{数量:1}  