
2022-10-20 10:03:26    VehicOverPointInfo_BM00 二厂整车过点{数量:1}
2022-10-20 10:03:26    TransferVehicleBOM_BD00 二厂单车BOM{数量:31}
2022-10-20 10:03:26    BatteryFarmSecLock_AM64 电池锁定生产计划,二次锁定{数量:1}
2022-10-20 10:04:26    OutSyncTicket_AW0B LMS外同步票接口{数量:17}
2022-10-20 10:04:26    VehicOverPointInfo_BM00 二厂整车过点{数量:1}
2022-10-20 10:04:26    TransferVehicleBOM_BD00 二厂单车BOM{数量:21}
2022-10-20 10:04:26    BatteryFarmOverPoint_AM65 电池实际过点信息{数量:1}
2022-10-20 10:04:26    OrderTheOrder_AP0L 订购订单接口{数量:4}
2022-10-20 10:05:26    VehicOverPointInfo_BM00 二厂整车过点{数量:1}
2022-10-20 10:05:26    TransferVehicleBOM_BD00 二厂单车BOM{数量:11}
2022-10-20 10:05:26    BatteryFarmSecLock_AM64 电池锁定生产计划,二次锁定{数量:1}
2022-10-20 10:05:26    VehicOverPointInfo_AM0D 整车实绩过点信息{数量:1}
2022-10-20 10:06:26    VehicOverPointInfo_BM00 二厂整车过点{数量:1}
2022-10-20 10:06:26    TransferVehicleBOM_BD00 二厂单车BOM{数量:1}
2022-10-20 10:06:26    OrderTheOrder_AP0L 订购订单接口{数量:16}
2022-10-20 10:07:26    VehicOverPointInfo_BM00 二厂整车过点{数量:1}
2022-10-20 10:07:26    BatteryFarmOverPoint_AM65 电池实际过点信息{数量:1}
2022-10-20 10:07:26    BatteryFarmSecLock_AM64 电池锁定生产计划,二次锁定{数量:1}
2022-10-20 10:08:26    DeliveryOrder_AP15 发货单{数量:3}
2022-10-20 10:08:26    VehicOverPointInfo_BM00 二厂整车过点{数量:1}
2022-10-20 10:08:26    BatteryFarmOverPoint_AM65 电池实际过点信息{数量:1}
2022-10-20 10:09:26    VehicOverPointInfo_BM00 二厂整车过点{数量:1}
2022-10-20 10:10:26    VehicOverPointInfo_BM00 二厂整车过点{数量:1}
2022-10-20 10:10:26    BatteryFarmOverPoint_AM65 电池实际过点信息{数量:1}
2022-10-20 10:10:26    VehicLockProducPlan_AM0A 整车锁定生产计划,二次锁定{数量:1}
2022-10-20 10:10:26    BatteryFarmSecLock_AM64 电池锁定生产计划,二次锁定{数量:1}
2022-10-20 10:11:26    VehicOverPointInfo_BM00 二厂整车过点{数量:1}
2022-10-20 10:12:26    VehicOverPointInfo_BM00 二厂整车过点{数量:1}
2022-10-20 10:12:26    BatteryFarmOverPoint_AM65 电池实际过点信息{数量:1}
2022-10-20 10:12:26    OrderTheOrder_AP0L 订购订单接口{数量:6}
2022-10-20 10:12:26    BatteryFarmSecLock_AM64 电池锁定生产计划,二次锁定{数量:1}
2022-10-20 10:13:26    VehicOverPointInfo_BM00 二厂整车过点{数量:1}
2022-10-20 10:13:26    BatteryFarmOverPoint_AM65 电池实际过点信息{数量:1}
2022-10-20 10:13:26    VehicLockProducPlan_AM0A 整车锁定生产计划,二次锁定{数量:1}
2022-10-20 10:14:26    VehicOverPointInfo_BM00 二厂整车过点{数量:1}
2022-10-20 10:14:26    BatteryFarmOverPoint_AM65 电池实际过点信息{数量:1}
2022-10-20 10:15:26    VehicOverPointInfo_BM00 二厂整车过点{数量:1}
2022-10-20 10:15:26    BatteryFarmSecLock_AM64 电池锁定生产计划,二次锁定{数量:1}
2022-10-20 10:16:27    VehicOverPointInfo_BM00 二厂整车过点{数量:1}
2022-10-20 10:16:27    OrderTheOrder_AP0L 订购订单接口{数量:15}
2022-10-20 10:17:27    VehicOverPointInfo_BM00 二厂整车过点{数量:1}
2022-10-20 10:17:27    BatteryFarmOverPoint_AM65 电池实际过点信息{数量:1}
2022-10-20 10:17:27    BatteryFarmSecLock_AM64 电池锁定生产计划,二次锁定{数量:1}
2022-10-20 10:18:27    DeliveryOrder_AP15 发货单{数量:1}
2022-10-20 10:18:27    VehicOverPointInfo_BM00 二厂整车过点{数量:1}
2022-10-20 10:18:27    OrderTheOrder_AP0L 订购订单接口{数量:3}
2022-10-20 10:19:27    VehicOverPointInfo_BM00 二厂整车过点{数量:1}
2022-10-20 10:20:27    VehicOverPointInfo_BM00 二厂整车过点{数量:1}
2022-10-20 10:20:27    BatteryFarmOverPoint_AM65 电池实际过点信息{数量:1}
2022-10-20 10:20:27    OrderTheOrder_AP0L 订购订单接口{数量:2}
2022-10-20 10:21:27    VehicOverPointInfo_BM00 二厂整车过点{数量:1}
2022-10-20 10:21:27    ReceivePurchaseOrder_AP11 DMS支给件总成{数量:1}
2022-10-20 10:21:27    BatteryFarmSecLock_AM64 电池锁定生产计划,二次锁定{数量:1}
2022-10-20 10:22:27    VehicOverPointInfo_BM00 二厂整车过点{数量:1}
2022-10-20 10:22:27    ReceivePurchaseOrder_AP11 DMS支给件总成{数量:1}
2022-10-20 10:22:27    OrderTheOrder_AP0L 订购订单接口{数量:17}
2022-10-20 10:23:27    OutSyncTicket_AW0B LMS外同步票接口{数量:1}
2022-10-20 10:23:27    VehicOverPointInfo_BM00 二厂整车过点{数量:1}
2022-10-20 10:23:27    BatteryFarmOverPoint_AM65 电池实际过点信息{数量:1}
2022-10-20 10:23:27    ReceivePurchaseOrder_AP11 DMS支给件总成{数量:4}
2022-10-20 10:23:27    VehicLockProducPlan_AM0A 整车锁定生产计划,二次锁定{数量:1}
2022-10-20 10:24:27    VehicOverPointInfo_BM00 二厂整车过点{数量:1}
2022-10-20 10:24:27    BatteryFarmOverPoint_AM65 电池实际过点信息{数量:1}
2022-10-20 10:24:27    ReceivePurchaseOrder_AP11 DMS支给件总成{数量:4}
2022-10-20 10:24:27    OrderTheOrder_AP0L 订购订单接口{数量:1}
2022-10-20 10:24:27    BatteryFarmSecLock_AM64 电池锁定生产计划,二次锁定{数量:1}
2022-10-20 10:25:27    VehicOverPointInfo_BM00 二厂整车过点{数量:1}
2022-10-20 10:25:27    BatteryFarmOverPoint_AM65 电池实际过点信息{数量:1}
2022-10-20 10:25:27    ReceivePurchaseOrder_AP11 DMS支给件总成{数量:4}
2022-10-20 10:26:27    VehicOverPointInfo_BM00 二厂整车过点{数量:1}
2022-10-20 10:26:27    BatteryFarmOverPoint_AM65 电池实际过点信息{数量:1}
2022-10-20 10:26:27    ReceivePurchaseOrder_AP11 DMS支给件总成{数量:4}
2022-10-20 10:26:27    OrderTheOrder_AP0L 订购订单接口{数量:26}
2022-10-20 10:26:27    BatteryFarmSecLock_AM64 电池锁定生产计划,二次锁定{数量:1}
2022-10-20 10:27:27    OutSyncTicket_AW0B LMS外同步票接口{数量:1}
2022-10-20 10:27:27    VehicOverPointInfo_BM00 二厂整车过点{数量:1}
2022-10-20 10:27:27    ReceivePurchaseOrder_AP11 DMS支给件总成{数量:4}
2022-10-20 10:28:27    DeliveryOrder_AP15 发货单{数量:1}
2022-10-20 10:28:27    VehicOverPointInfo_BM00 二厂整车过点{数量:1}
2022-10-20 10:28:27    ReceivePurchaseOrder_AP11 DMS支给件总成{数量:4}
2022-10-20 10:29:27    OutSyncTicket_AW0B LMS外同步票接口{数量:1}
2022-10-20 10:29:27    VehicOverPointInfo_BM00 二厂整车过点{数量:1}
2022-10-20 10:29:27    BatteryFarmOverPoint_AM65 电池实际过点信息{数量:1}
2022-10-20 10:29:27    ReceivePurchaseOrder_AP11 DMS支给件总成{数量:4}
2022-10-20 10:30:27    VehicOverPointInfo_BM00 二厂整车过点{数量:1}
2022-10-20 10:30:27    BatteryFarmSecLock_AM64 电池锁定生产计划,二次锁定{数量:1}
2022-10-20 10:31:27    OutSyncTicket_AW0B LMS外同步票接口{数量:3}
2022-10-20 10:31:27    VehicOverPointInfo_BM00 二厂整车过点{数量:1}
2022-10-20 10:31:27    BatteryFarmOverPoint_AM65 电池实际过点信息{数量:1}
2022-10-20 10:32:27    VehicOverPointInfo_BM00 二厂整车过点{数量:1}
2022-10-20 10:32:27    OrderTheOrder_AP0L 订购订单接口{数量:4}
2022-10-20 10:33:27    OutSyncTicket_AW0B LMS外同步票接口{数量:4}
2022-10-20 10:33:27    VehicOverPointInfo_BM00 二厂整车过点{数量:1}
2022-10-20 10:33:27    BatteryFarmOverPoint_AM65 电池实际过点信息{数量:1}
2022-10-20 10:34:27    VehicOverPointInfo_BM00 二厂整车过点{数量:1}
2022-10-20 10:34:27    BatteryFarmSecLock_AM64 电池锁定生产计划,二次锁定{数量:1}
2022-10-20 10:35:27    VehicOverPointInfo_BM00 二厂整车过点{数量:1}
2022-10-20 10:35:27    BatteryFarmOverPoint_AM65 电池实际过点信息{数量:1}
2022-10-20 10:36:27    VehicOverPointInfo_BM00 二厂整车过点{数量:1}
2022-10-20 10:36:27    OrderTheOrder_AP0L 订购订单接口{数量:15}
2022-10-20 10:36:27    BatteryFarmSecLock_AM64 电池锁定生产计划,二次锁定{数量:1}
2022-10-20 10:37:27    OutSyncTicket_AW0B LMS外同步票接口{数量:2}
2022-10-20 10:37:27    VehicOverPointInfo_BM00 二厂整车过点{数量:1}
2022-10-20 10:37:27    BatteryFarmOverPoint_AM65 电池实际过点信息{数量:1}
2022-10-20 10:38:27    DeliveryOrder_AP15 发货单{数量:4}
2022-10-20 10:38:27    VehicOverPointInfo_BM00 二厂整车过点{数量:1}
2022-10-20 10:38:27    BatteryFarmSecLock_AM64 电池锁定生产计划,二次锁定{数量:1}
2022-10-20 10:39:27    OutSyncTicket_AW0B LMS外同步票接口{数量:2}
2022-10-20 10:39:27    VehicOverPointInfo_BM00 二厂整车过点{数量:1}
2022-10-20 10:39:27    BatteryFarmOverPoint_AM65 电池实际过点信息{数量:1}
2022-10-20 10:44:56    VehicOverPointInfo_BM00 二厂整车过点{数量:1}
2022-10-20 10:44:56    BatteryFarmOverPoint_AM65 电池实际过点信息{数量:1}
2022-10-20 10:44:56    ReceivePurchaseOrder_AP11 DMS支给件总成{数量:3}
2022-10-20 10:44:56    VehicOverPointInfo_AM0D 整车实绩过点信息{数量:1}
2022-10-20 10:45:56    VehicOverPointInfo_BM00 二厂整车过点{数量:1}
2022-10-20 10:45:56    BatteryFarmOverPoint_AM65 电池实际过点信息{数量:1}
2022-10-20 10:45:56    ReceivePurchaseOrder_AP11 DMS支给件总成{数量:3}
2022-10-20 10:46:56    VehicOverPointInfo_BM00 二厂整车过点{数量:1}
2022-10-20 10:46:56    BatteryFarmOverPoint_AM65 电池实际过点信息{数量:1}
2022-10-20 10:46:56    ReceivePurchaseOrder_AP11 DMS支给件总成{数量:3}
2022-10-20 10:47:56    OutSyncTicket_AW0B LMS外同步票接口{数量:10}
2022-10-20 10:47:56    VehicOverPointInfo_BM00 二厂整车过点{数量:1}
2022-10-20 10:47:56    BatteryFarmOverPoint_AM65 电池实际过点信息{数量:1}
2022-10-20 10:47:56    ReceivePurchaseOrder_AP11 DMS支给件总成{数量:3}
2022-10-20 10:47:56    VehicOverPointInfo_AM0D 整车实绩过点信息{数量:1}
2022-10-20 10:48:56    VehicOverPointInfo_BM00 二厂整车过点{数量:1}
2022-10-20 10:48:56    ReceivePurchaseOrder_AP11 DMS支给件总成{数量:3}
2022-10-20 10:49:56    OutSyncTicket_AW0B LMS外同步票接口{数量:90}
2022-10-20 10:50:56    VehicOverPointInfo_BM00 二厂整车过点{数量:1}
2022-10-20 10:50:56    VehicOverPointInfo_AM0D 整车实绩过点信息{数量:1}
2022-10-20 10:51:56    OutSyncTicket_AW0B LMS外同步票接口{数量:7}
2022-10-20 10:51:56    VehicOverPointInfo_BM00 二厂整车过点{数量:1}
2022-10-20 10:51:56    BatteryFarmOverPoint_AM65 电池实际过点信息{数量:1}
2022-10-20 10:52:56    VehicOverPointInfo_BM00 二厂整车过点{数量:1}
2022-10-20 10:52:56    BatteryFarmOverPoint_AM65 电池实际过点信息{数量:1}
2022-10-20 10:52:56    ReceivePurchaseOrder_AP11 DMS支给件总成{数量:1}
2022-10-20 10:52:56    VehicOverPointInfo_AM0D 整车实绩过点信息{数量:1}
2022-10-20 10:53:56    OutSyncTicket_AW0B LMS外同步票接口{数量:9}
2022-10-20 10:53:56    VehicOverPointInfo_BM00 二厂整车过点{数量:1}
2022-10-20 10:53:56    BatteryFarmOverPoint_AM65 电池实际过点信息{数量:1}
2022-10-20 10:53:56    ReceivePurchaseOrder_AP11 DMS支给件总成{数量:1}
2022-10-20 10:54:56    VehicOverPointInfo_BM00 二厂整车过点{数量:1}
2022-10-20 10:54:56    ReceivePurchaseOrder_AP11 DMS支给件总成{数量:1}
2022-10-20 10:55:56    OutSyncTicket_AW0B LMS外同步票接口{数量:51}
2022-10-20 10:56:56    PickGoodsPlan_AJ09 取货计划{数量:7}
2022-10-20 10:56:56    VehicOverPointInfo_BM00 二厂整车过点{数量:1}
2022-10-20 10:56:56    ReceivePurchaseOrder_AP11 DMS支给件总成{数量:2}
2022-10-20 10:57:56    OutSyncTicket_AW0B LMS外同步票接口{数量:8}
2022-10-20 10:57:56    PickGoodsPlan_AJ09 取货计划{数量:6}
2022-10-20 10:57:56    VehicOverPointInfo_BM00 二厂整车过点{数量:1}
2022-10-20 10:57:56    ReceivePurchaseOrder_AP11 DMS支给件总成{数量:2}
2022-10-20 10:58:56    PickGoodsPlan_AJ09 取货计划{数量:5}
2022-10-20 10:58:56    VehicOverPointInfo_BM00 二厂整车过点{数量:1}
2022-10-20 10:58:56    BatteryFarmOverPoint_AM65 电池实际过点信息{数量:1}
2022-10-20 10:58:56    ReceivePurchaseOrder_AP11 DMS支给件总成{数量:2}
2022-10-20 10:59:56    OutSyncTicket_AW0B LMS外同步票接口{数量:16}
2022-10-20 10:59:56    PickGoodsPlan_AJ09 取货计划{数量:5}
2022-10-20 10:59:56    VehicOverPointInfo_BM00 二厂整车过点{数量:1}
2022-10-20 10:59:56    BatteryFarmOverPoint_AM65 电池实际过点信息{数量:1}
2022-10-20 10:59:56    ReceivePurchaseOrder_AP11 DMS支给件总成{数量:2}
本次程序运行时长:00时:57分:25秒

2022-10-20 11:00:56    PickGoodsPlan_AJ09 取货计划{数量:7}
2022-10-20 11:00:56    VehicOverPointInfo_BM00 二厂整车过点{数量:1}
2022-10-20 11:00:56    BatteryFarmOverPoint_AM65 电池实际过点信息{数量:1}
2022-10-20 11:01:56    OutSyncTicket_AW0B LMS外同步票接口{数量:131}
2022-10-20 11:02:56    PickGoodsPlan_AJ09 取货计划{数量:6}
2022-10-20 11:02:56    VehicOverPointInfo_BM00 二厂整车过点{数量:1}
2022-10-20 11:02:56    BatteryFarmOverPoint_AM65 电池实际过点信息{数量:1}
2022-10-20 11:02:56    ReceivePurchaseOrder_AP11 DMS支给件总成{数量:1}
2022-10-20 11:03:56    OutSyncTicket_AW0B LMS外同步票接口{数量:36}
2022-10-20 11:03:56    PickGoodsPlan_AJ09 取货计划{数量:5}
2022-10-20 11:03:56    VehicOverPointInfo_BM00 二厂整车过点{数量:1}
2022-10-20 11:03:56    ReceivePurchaseOrder_AP11 DMS支给件总成{数量:1}
2022-10-20 11:03:56    VehicOverPointInfo_AM0D 整车实绩过点信息{数量:1}
2022-10-20 11:04:56    PickGoodsPlan_AJ09 取货计划{数量:5}
2022-10-20 11:04:56    VehicOverPointInfo_BM00 二厂整车过点{数量:1}
2022-10-20 11:04:56    BatteryFarmOverPoint_AM65 电池实际过点信息{数量:1}
2022-10-20 11:04:56    ReceivePurchaseOrder_AP11 DMS支给件总成{数量:2}
2022-10-20 11:05:56    OutSyncTicket_AW0B LMS外同步票接口{数量:2}
2022-10-20 11:05:56    PickGoodsPlan_AJ09 取货计划{数量:4}
2022-10-20 11:05:56    VehicOverPointInfo_BM00 二厂整车过点{数量:1}
2022-10-20 11:05:56    ReceivePurchaseOrder_AP11 DMS支给件总成{数量:2}
2022-10-20 11:06:56    PickGoodsPlan_AJ09 取货计划{数量:3}
2022-10-20 11:06:56    VehicOverPointInfo_BM00 二厂整车过点{数量:1}
2022-10-20 11:06:56    ReceivePurchaseOrder_AP11 DMS支给件总成{数量:2}
2022-10-20 11:07:56    PickGoodsPlan_AJ09 取货计划{数量:2}
2022-10-20 11:07:56    VehicOverPointInfo_BM00 二厂整车过点{数量:1}
2022-10-20 11:07:56    ReceivePurchaseOrder_AP11 DMS支给件总成{数量:2}
2022-10-20 11:07:56    ReciveSupportMaterialOrder_AP16 同步支给件收货零部件{数量:8}
2022-10-20 11:08:57    PickGoodsPlan_AJ09 取货计划{数量:2}
2022-10-20 11:08:57    VehicOverPointInfo_BM00 二厂整车过点{数量:1}
2022-10-20 11:08:57    ReceivePurchaseOrder_AP11 DMS支给件总成{数量:2}
2022-10-20 11:08:57    ReciveSupportMaterialOrder_AP16 同步支给件收货零部件{数量:8}
2022-10-20 11:09:57    OutSyncTicket_AW0B LMS外同步票接口{数量:3}
2022-10-20 11:09:57    PickGoodsPlan_AJ09 取货计划{数量:1}
2022-10-20 11:09:57    VehicOverPointInfo_BM00 二厂整车过点{数量:1}
2022-10-20 11:09:57    BatteryFarmOverPoint_AM65 电池实际过点信息{数量:1}
2022-10-20 11:09:57    ReceivePurchaseOrder_AP11 DMS支给件总成{数量:2}
2022-10-20 11:09:57    ReciveSupportMaterialOrder_AP16 同步支给件收货零部件{数量:8}
2022-10-20 11:10:57    ReceivePurchaseOrder_AP11 DMS支给件总成{数量:2}
2022-10-20 11:10:57    VehicOverPointInfo_AM0D 整车实绩过点信息{数量:1}
2022-10-20 11:11:57    OutSyncTicket_AW0B LMS外同步票接口{数量:19}
2022-10-20 11:11:57    VehicOverPointInfo_BM00 二厂整车过点{数量:1}
2022-10-20 11:11:57    BatteryFarmOverPoint_AM65 电池实际过点信息{数量:1}
2022-10-20 11:11:57    ReceivePurchaseOrder_AP11 DMS支给件总成{数量:2}
2022-10-20 11:12:57    VehicOverPointInfo_BM00 二厂整车过点{数量:1}
2022-10-20 11:12:57    BatteryFarmOverPoint_AM65 电池实际过点信息{数量:1}
2022-10-20 11:12:57    ReceivePurchaseOrder_AP11 DMS支给件总成{数量:2}
2022-10-20 11:13:57    OutSyncTicket_AW0B LMS外同步票接口{数量:19}
2022-10-20 11:13:57    VehicOverPointInfo_BM00 二厂整车过点{数量:1}
2022-10-20 11:13:57    ReceivePurchaseOrder_AP11 DMS支给件总成{数量:2}
2022-10-20 11:14:57    VehicOverPointInfo_BM00 二厂整车过点{数量:1}
2022-10-20 11:14:57    BatteryFarmOverPoint_AM65 电池实际过点信息{数量:1}
2022-10-20 11:14:57    ReceivePurchaseOrder_AP11 DMS支给件总成{数量:2}
2022-10-20 11:15:57    OutSyncTicket_AW0B LMS外同步票接口{数量:9}
2022-10-20 11:15:57    VehicOverPointInfo_BM00 二厂整车过点{数量:1}
2022-10-20 11:15:57    ReceivePurchaseOrder_AP11 DMS支给件总成{数量:2}
2022-10-20 11:16:57    VehicOverPointInfo_BM00 二厂整车过点{数量:1}
2022-10-20 11:16:57    BatteryFarmOverPoint_AM65 电池实际过点信息{数量:1}
2022-10-20 11:16:57    ReceivePurchaseOrder_AP11 DMS支给件总成{数量:2}
2022-10-20 11:17:57    OutSyncTicket_AW0B LMS外同步票接口{数量:5}
2022-10-20 11:17:57    VehicOverPointInfo_BM00 二厂整车过点{数量:1}
2022-10-20 11:17:57    ReceivePurchaseOrder_AP11 DMS支给件总成{数量:2}
2022-10-20 11:18:57    VehicOverPointInfo_BM00 二厂整车过点{数量:1}
2022-10-20 11:18:57    BatteryFarmOverPoint_AM65 电池实际过点信息{数量:1}
2022-10-20 11:18:57    ReceivePurchaseOrder_AP11 DMS支给件总成{数量:2}
2022-10-20 11:19:57    OutSyncTicket_AW0B LMS外同步票接口{数量:97}
2022-10-20 11:20:57    VehicOverPointInfo_BM00 二厂整车过点{数量:1}
2022-10-20 11:20:57    BatteryFarmOverPoint_AM65 电池实际过点信息{数量:1}
2022-10-20 11:20:57    ReceivePurchaseOrder_AP11 DMS支给件总成{数量:1}
2022-10-20 11:21:57    OutSyncTicket_AW0B LMS外同步票接口{数量:15}
2022-10-20 11:21:57    VehicOverPointInfo_BM00 二厂整车过点{数量:1}
2022-10-20 11:21:57    BatteryFarmOverPoint_AM65 电池实际过点信息{数量:1}
2022-10-20 11:21:57    ReceivePurchaseOrder_AP11 DMS支给件总成{数量:1}
2022-10-20 11:22:57    ExceptOrderAplFeedback_AP0W 例外订购申请反馈{数量:77}
2022-10-20 11:22:57    VehicOverPointInfo_BM00 二厂整车过点{数量:1}
2022-10-20 11:22:57    ReceivePurchaseOrder_AP11 DMS支给件总成{数量:1}
2022-10-20 11:23:57    ExceptOrderAplFeedback_AP0W 例外订购申请反馈{数量:15}
2022-10-20 11:23:57    VehicOverPointInfo_BM00 二厂整车过点{数量:1}
2022-10-20 11:23:57    BatteryFarmOverPoint_AM65 电池实际过点信息{数量:1}
2022-10-20 11:23:57    ReceivePurchaseOrder_AP11 DMS支给件总成{数量:1}
2022-10-20 11:24:57    VehicOverPointInfo_BM00 二厂整车过点{数量:1}
2022-10-20 11:24:57    ReceivePurchaseOrder_AP11 DMS支给件总成{数量:1}
2022-10-20 11:25:57    OutSyncTicket_AW0B LMS外同步票接口{数量:3}
2022-10-20 11:25:57    VehicOverPointInfo_BM00 二厂整车过点{数量:1}
2022-10-20 11:25:57    ReceivePurchaseOrder_AP11 DMS支给件总成{数量:1}
2022-10-20 11:26:57    VehicOverPointInfo_BM00 二厂整车过点{数量:1}
2022-10-20 11:26:57    BatteryFarmOverPoint_AM65 电池实际过点信息{数量:1}
2022-10-20 11:26:57    ReceivePurchaseOrder_AP11 DMS支给件总成{数量:4}
2022-10-20 11:27:57    OutSyncTicket_AW0B LMS外同步票接口{数量:2}
2022-10-20 11:27:57    ExceptOrderAplFeedback_AP0W 例外订购申请反馈{数量:62}
2022-10-20 11:27:57    VehicOverPointInfo_BM00 二厂整车过点{数量:1}
2022-10-20 11:27:57    ReceivePurchaseOrder_AP11 DMS支给件总成{数量:4}
2022-10-20 11:27:57    BatteryFarmSecLock_AM64 电池锁定生产计划,二次锁定{数量:1}
2022-10-20 11:28:57    VehicOverPointInfo_BM00 二厂整车过点{数量:1}
2022-10-20 11:28:57    ReceivePurchaseOrder_AP11 DMS支给件总成{数量:4}
2022-10-20 11:29:57    OutSyncTicket_AW0B LMS外同步票接口{数量:20}
2022-10-20 11:29:57    VehicOverPointInfo_BM00 二厂整车过点{数量:1}
2022-10-20 11:29:57    BatteryFarmOverPoint_AM65 电池实际过点信息{数量:1}
2022-10-20 11:29:57    ReceivePurchaseOrder_AP11 DMS支给件总成{数量:4}
2022-10-20 11:30:57    VehicOverPointInfo_BM00 二厂整车过点{数量:1}
2022-10-20 11:30:57    BatteryFarmOverPoint_AM65 电池实际过点信息{数量:1}
2022-10-20 11:31:57    OutSyncTicket_AW0B LMS外同步票接口{数量:1}
2022-10-20 11:31:57    VehicOverPointInfo_BM00 二厂整车过点{数量:1}
2022-10-20 11:31:57    BatteryFarmOverPoint_AM65 电池实际过点信息{数量:1}
2022-10-20 11:32:57    VehicOverPointInfo_BM00 二厂整车过点{数量:1}
2022-10-20 11:32:57    BatteryFarmOverPoint_AM65 电池实际过点信息{数量:1}
2022-10-20 11:32:57    ReceivePurchaseOrder_AP11 DMS支给件总成{数量:1}
2022-10-20 11:33:57    OutSyncTicket_AW0B LMS外同步票接口{数量:2}
2022-10-20 11:33:57    VehicOverPointInfo_BM00 二厂整车过点{数量:1}
2022-10-20 11:33:57    ReceivePurchaseOrder_AP11 DMS支给件总成{数量:1}
2022-10-20 11:34:57    VehicOverPointInfo_BM00 二厂整车过点{数量:1}
2022-10-20 11:34:57    BatteryFarmOverPoint_AM65 电池实际过点信息{数量:1}
2022-10-20 11:34:57    ReceivePurchaseOrder_AP11 DMS支给件总成{数量:3}
2022-10-20 11:35:57    OutSyncTicket_AW0B LMS外同步票接口{数量:1}
2022-10-20 11:35:57    VehicOverPointInfo_BM00 二厂整车过点{数量:1}
2022-10-20 11:35:57    ReceivePurchaseOrder_AP11 DMS支给件总成{数量:3}
2022-10-20 11:36:57    VehicOverPointInfo_BM00 二厂整车过点{数量:1}
2022-10-20 11:36:57    BatteryFarmOverPoint_AM65 电池实际过点信息{数量:1}
2022-10-20 11:36:57    ReceivePurchaseOrder_AP11 DMS支给件总成{数量:3}
2022-10-20 11:37:57    VehicOverPointInfo_BM00 二厂整车过点{数量:1}
2022-10-20 11:37:57    BatteryFarmOverPoint_AM65 电池实际过点信息{数量:1}
2022-10-20 11:37:57    ReceivePurchaseOrder_AP11 DMS支给件总成{数量:3}
2022-10-20 11:38:57    VehicOverPointInfo_BM00 二厂整车过点{数量:1}
2022-10-20 11:38:57    BatteryFarmOverPoint_AM65 电池实际过点信息{数量:1}
2022-10-20 11:38:57    ReceivePurchaseOrder_AP11 DMS支给件总成{数量:3}
2022-10-20 11:39:57    VehicOverPointInfo_BM00 二厂整车过点{数量:1}
2022-10-20 11:39:57    ReceivePurchaseOrder_AP11 DMS支给件总成{数量:3}
2022-10-20 11:40:57    VehicOverPointInfo_BM00 二厂整车过点{数量:1}
2022-10-20 11:40:57    ReceivePurchaseOrder_AP11 DMS支给件总成{数量:1}
2022-10-20 11:41:57    VehicOverPointInfo_BM00 二厂整车过点{数量:1}
2022-10-20 11:41:57    BatteryFarmOverPoint_AM65 电池实际过点信息{数量:1}
2022-10-20 11:41:57    ReceivePurchaseOrder_AP11 DMS支给件总成{数量:5}
2022-10-20 11:42:57    VehicOverPointInfo_BM00 二厂整车过点{数量:1}
2022-10-20 11:42:57    ReceivePurchaseOrder_AP11 DMS支给件总成{数量:9}
2022-10-20 11:43:57    VehicOverPointInfo_BM00 二厂整车过点{数量:1}
2022-10-20 11:43:57    BatteryFarmOverPoint_AM65 电池实际过点信息{数量:1}
2022-10-20 11:43:57    ReceivePurchaseOrder_AP11 DMS支给件总成{数量:10}
2022-10-20 11:44:57    VehicOverPointInfo_BM00 二厂整车过点{数量:1}
2022-10-20 11:44:57    ReceivePurchaseOrder_AP11 DMS支给件总成{数量:12}
2022-10-20 11:45:57    VehicOverPointInfo_BM00 二厂整车过点{数量:1}
2022-10-20 11:45:57    BatteryFarmOverPoint_AM65 电池实际过点信息{数量:1}
2022-10-20 11:45:57    ReceivePurchaseOrder_AP11 DMS支给件总成{数量:12}
2022-10-20 11:46:58    VehicOverPointInfo_BM00 二厂整车过点{数量:1}
2022-10-20 11:46:58    ReceivePurchaseOrder_AP11 DMS支给件总成{数量:13}
2022-10-20 11:47:58    VehicOverPointInfo_BM00 二厂整车过点{数量:1}
2022-10-20 11:47:58    BatteryFarmOverPoint_AM65 电池实际过点信息{数量:1}
2022-10-20 11:47:58    ReceivePurchaseOrder_AP11 DMS支给件总成{数量:13}
2022-10-20 11:48:58    VehicOverPointInfo_BM00 二厂整车过点{数量:1}
2022-10-20 11:48:58    BatteryFarmOverPoint_AM65 电池实际过点信息{数量:1}
2022-10-20 11:48:58    ReceivePurchaseOrder_AP11 DMS支给件总成{数量:13}
2022-10-20 11:49:58    VehicOverPointInfo_BM00 二厂整车过点{数量:1}
2022-10-20 11:49:58    BatteryFarmOverPoint_AM65 电池实际过点信息{数量:1}
2022-10-20 11:49:58    ReceivePurchaseOrder_AP11 DMS支给件总成{数量:13}
2022-10-20 11:50:58    VehicOverPointInfo_BM00 二厂整车过点{数量:1}
2022-10-20 11:51:58    VehicOverPointInfo_BM00 二厂整车过点{数量:1}
2022-10-20 11:51:58    SuperBom_AG03 超级bom{数量:1}
2022-10-20 11:52:58    VehicOverPointInfo_BM00 二厂整车过点{数量:1}
2022-10-20 11:52:58    ReceivePurchaseOrder_AP11 DMS支给件总成{数量:1}
2022-10-20 11:53:58    VehicOverPointInfo_BM00 二厂整车过点{数量:1}
2022-10-20 11:53:58    ReceivePurchaseOrder_AP11 DMS支给件总成{数量:1}
2022-10-20 11:54:58    VehicOverPointInfo_BM00 二厂整车过点{数量:1}
2022-10-20 11:54:58    ReceivePurchaseOrder_AP11 DMS支给件总成{数量:2}
2022-10-20 11:55:58    OutSyncTicket_AW0B LMS外同步票接口{数量:5}
2022-10-20 11:55:58    VehicOverPointInfo_BM00 二厂整车过点{数量:1}
2022-10-20 11:55:58    ReceivePurchaseOrder_AP11 DMS支给件总成{数量:2}
2022-10-20 11:56:58    VehicOverPointInfo_BM00 二厂整车过点{数量:1}
2022-10-20 11:56:58    ReceivePurchaseOrder_AP11 DMS支给件总成{数量:2}
2022-10-20 11:57:58    VehicOverPointInfo_BM00 二厂整车过点{数量:1}
2022-10-20 11:57:58    ReceivePurchaseOrder_AP11 DMS支给件总成{数量:2}
2022-10-20 11:58:58    VehicOverPointInfo_BM00 二厂整车过点{数量:1}
2022-10-20 11:58:58    ReceivePurchaseOrder_AP11 DMS支给件总成{数量:2}
2022-10-20 11:59:58    VehicOverPointInfo_BM00 二厂整车过点{数量:1}
2022-10-20 11:59:58    ReceivePurchaseOrder_AP11 DMS支给件总成{数量:2}
2022-10-20 12:00:58    VehicOverPointInfo_BM00 二厂整车过点{数量:1}
2022-10-20 12:01:58    OutSyncTicket_AW0B LMS外同步票接口{数量:3}
2022-10-20 12:01:58    VehicOverPointInfo_BM00 二厂整车过点{数量:1}
2022-10-20 12:02:58    ExceptOrderAplFeedback_AP0W 例外订购申请反馈{数量:2}
2022-10-20 12:02:58    VehicOverPointInfo_BM00 二厂整车过点{数量:1}
2022-10-20 12:03:58    VehicOverPointInfo_BM00 二厂整车过点{数量:1}
2022-10-20 12:04:58    VehicOverPointInfo_BM00 二厂整车过点{数量:1}
2022-10-20 12:05:58    VehicOverPointInfo_BM00 二厂整车过点{数量:1}
2022-10-20 12:06:58    VehicOverPointInfo_BM00 二厂整车过点{数量:1}
2022-10-20 12:07:58    VehicOverPointInfo_BM00 二厂整车过点{数量:1}
2022-10-20 12:07:58    ReciveSupportMaterialOrder_AP16 同步支给件收货零部件{数量:6}
2022-10-20 12:08:58    VehicOverPointInfo_BM00 二厂整车过点{数量:1}
2022-10-20 12:08:58    ReciveSupportMaterialOrder_AP16 同步支给件收货零部件{数量:6}
2022-10-20 12:09:58    VehicOverPointInfo_BM00 二厂整车过点{数量:1}
2022-10-20 12:09:58    ReciveSupportMaterialOrder_AP16 同步支给件收货零部件{数量:6}
2022-10-20 12:10:58    VehicOverPointInfo_BM00 二厂整车过点{数量:1}
2022-10-20 12:11:58    VehicOverPointInfo_BM00 二厂整车过点{数量:1}
2022-10-20 12:13:01    VehicOverPointInfo_BM00 二厂整车过点{数量:1}
2022-10-20 12:14:02    VehicOverPointInfo_BM00 二厂整车过点{数量:2}
2022-10-20 12:15:02    VehicOverPointInfo_BM00 二厂整车过点{数量:1}
2022-10-20 12:16:02    VehicOverPointInfo_BM00 二厂整车过点{数量:1}
2022-10-20 12:17:02    VehicOverPointInfo_BM00 二厂整车过点{数量:1}
2022-10-20 12:18:02    OutSyncTicket_AW0B LMS外同步票接口{数量:5}
2022-10-20 12:18:02    VehicOverPointInfo_BM00 二厂整车过点{数量:1}
2022-10-20 12:19:03    VehicOverPointInfo_BM00 二厂整车过点{数量:1}
2022-10-20 12:19:03    VehicOverPointInfo_AM0D 整车实绩过点信息{数量:1}
2022-10-20 12:20:03    OutSyncTicket_AW0B LMS外同步票接口{数量:75}
2022-10-20 12:21:03    VehicOverPointInfo_BM00 二厂整车过点{数量:1}
2022-10-20 12:22:03    OutSyncTicket_AW0B LMS外同步票接口{数量:11}
2022-10-20 12:22:03    VehicOverPointInfo_BM00 二厂整车过点{数量:1}
2022-10-20 12:23:03    VehicOverPointInfo_BM00 二厂整车过点{数量:1}
2022-10-20 12:24:03    OutSyncTicket_AW0B LMS外同步票接口{数量:10}
2022-10-20 12:24:03    VehicOverPointInfo_BM00 二厂整车过点{数量:1}
2022-10-20 12:25:03    VehicOverPointInfo_BM00 二厂整车过点{数量:1}
2022-10-20 12:26:03    OutSyncTicket_AW0B LMS外同步票接口{数量:31}
2022-10-20 12:26:03    VehicOverPointInfo_BM00 二厂整车过点{数量:1}
2022-10-20 12:27:03    VehicOverPointInfo_BM00 二厂整车过点{数量:1}
2022-10-20 12:28:03    OutSyncTicket_AW0B LMS外同步票接口{数量:8}
2022-10-20 12:28:03    PickGoodsPlan_AJ09 取货计划{数量:3}
2022-10-20 12:28:03    VehicOverPointInfo_BM00 二厂整车过点{数量:1}
2022-10-20 12:29:03    VehicOverPointInfo_BM00 二厂整车过点{数量:1}
2022-10-20 12:30:03    OutSyncTicket_AW0B LMS外同步票接口{数量:109}
2022-10-20 12:31:03    VehicOverPointInfo_BM00 二厂整车过点{数量:1}
2022-10-20 12:32:03    OutSyncTicket_AW0B LMS外同步票接口{数量:15}
2022-10-20 12:32:03    VehicOverPointInfo_BM00 二厂整车过点{数量:1}
2022-10-20 12:33:03    ExceptOrderAplFeedback_AP0W 例外订购申请反馈{数量:3}
2022-10-20 12:33:03    VehicOverPointInfo_BM00 二厂整车过点{数量:1}
2022-10-20 12:34:03    OutSyncTicket_AW0B LMS外同步票接口{数量:47}
2022-10-20 12:34:03    VehicOverPointInfo_BM00 二厂整车过点{数量:1}
2022-10-20 12:35:03    VehicOverPointInfo_BM00 二厂整车过点{数量:1}
2022-10-20 12:36:03    OutSyncTicket_AW0B LMS外同步票接口{数量:13}
2022-10-20 12:36:03    VehicOverPointInfo_BM00 二厂整车过点{数量:1}
2022-10-20 12:37:03    VehicOverPointInfo_BM00 二厂整车过点{数量:1}
2022-10-20 12:38:03    OutSyncTicket_AW0B LMS外同步票接口{数量:31}
2022-10-20 12:38:03    ExceptOrderAplFeedback_AP0W 例外订购申请反馈{数量:1}
2022-10-20 12:38:03    VehicOverPointInfo_BM00 二厂整车过点{数量:1}
2022-10-20 12:38:03    BatteryFarmOverPoint_AM65 电池实际过点信息{数量:1}
2022-10-20 12:39:03    VehicOverPointInfo_BM00 二厂整车过点{数量:1}
2022-10-20 12:39:03    BatteryFarmOverPoint_AM65 电池实际过点信息{数量:1}
2022-10-20 12:40:03    OutSyncTicket_AW0B LMS外同步票接口{数量:6}
2022-10-20 12:40:03    VehicOverPointInfo_BM00 二厂整车过点{数量:1}
2022-10-20 12:40:03    BatteryFarmOverPoint_AM65 电池实际过点信息{数量:1}
2022-10-20 12:40:03    VehicLockProducPlan_AM0A 整车锁定生产计划,二次锁定{数量:1}
2022-10-20 12:41:03    VehicOverPointInfo_BM00 二厂整车过点{数量:1}
2022-10-20 12:42:03    OutSyncTicket_AW0B LMS外同步票接口{数量:12}
2022-10-20 12:42:03    VehicOverPointInfo_BM00 二厂整车过点{数量:1}
2022-10-20 12:42:03    BatteryFarmOverPoint_AM65 电池实际过点信息{数量:1}
2022-10-20 12:43:06    VehicOverPointInfo_BM00 二厂整车过点{数量:1}
2022-10-20 12:43:06    BatteryFarmSecLock_AM64 电池锁定生产计划,二次锁定{数量:1}
2022-10-20 12:44:06    OutSyncTicket_AW0B LMS外同步票接口{数量:51}
2022-10-20 12:45:06    VehicOverPointInfo_BM00 二厂整车过点{数量:1}
2022-10-20 12:45:06    BatteryFarmOverPoint_AM65 电池实际过点信息{数量:1}
2022-10-20 12:46:06    OutSyncTicket_AW0B LMS外同步票接口{数量:85}
2022-10-20 12:47:06    VehicOverPointInfo_BM00 二厂整车过点{数量:1}
2022-10-20 12:48:06    OutSyncTicket_AW0B LMS外同步票接口{数量:47}
2022-10-20 12:48:06    VehicOverPointInfo_BM00 二厂整车过点{数量:1}
2022-10-20 12:48:06    BatteryFarmOverPoint_AM65 电池实际过点信息{数量:1}
2022-10-20 12:48:06    OrderTheOrder_AP0L 订购订单接口{数量:1}
2022-10-20 12:49:06    PickGoodsPlan_AJ09 取货计划{数量:2}
2022-10-20 12:49:06    VehicOverPointInfo_BM00 二厂整车过点{数量:1}
2022-10-20 12:50:06    OutSyncTicket_AW0B LMS外同步票接口{数量:8}
2022-10-20 12:50:06    PickGoodsPlan_AJ09 取货计划{数量:10}
2022-10-20 12:50:06    VehicOverPointInfo_BM00 二厂整车过点{数量:1}
2022-10-20 12:50:06    BatteryFarmOverPoint_AM65 电池实际过点信息{数量:1}
2022-10-20 12:50:06    OrderTheOrder_AP0L 订购订单接口{数量:2}
2022-10-20 12:51:07    PickGoodsPlan_AJ09 取货计划{数量:17}
2022-10-20 12:51:07    VehicOverPointInfo_BM00 二厂整车过点{数量:1}
2022-10-20 12:51:07    BatteryFarmOverPoint_AM65 电池实际过点信息{数量:1}
2022-10-20 12:52:07    OutSyncTicket_AW0B LMS外同步票接口{数量:25}
2022-10-20 12:52:07    PickGoodsPlan_AJ09 取货计划{数量:17}
2022-10-20 12:52:07    VehicOverPointInfo_BM00 二厂整车过点{数量:1}
2022-10-20 12:53:07    PickGoodsPlan_AJ09 取货计划{数量:16}
2022-10-20 12:53:07    VehicOverPointInfo_BM00 二厂整车过点{数量:1}
2022-10-20 12:53:07    BatteryFarmOverPoint_AM65 电池实际过点信息{数量:1}
2022-10-20 12:53:07    VehicLockProducPlan_AM0A 整车锁定生产计划,二次锁定{数量:1}
2022-10-20 12:54:07    OutSyncTicket_AW0B LMS外同步票接口{数量:2}
2022-10-20 12:54:07    PickGoodsPlan_AJ09 取货计划{数量:15}
2022-10-20 12:54:07    VehicOverPointInfo_BM00 二厂整车过点{数量:1}
2022-10-20 12:54:07    BatteryFarmOverPoint_AM65 电池实际过点信息{数量:1}
2022-10-20 12:54:07    OrderTheOrder_AP0L 订购订单接口{数量:7}
2022-10-20 12:55:07    PickGoodsPlan_AJ09 取货计划{数量:15}
2022-10-20 12:55:07    VehicOverPointInfo_BM00 二厂整车过点{数量:1}
2022-10-20 12:55:07    BatteryFarmOverPoint_AM65 电池实际过点信息{数量:1}
2022-10-20 12:55:07    ReceivePurchaseOrder_AP11 DMS支给件总成{数量:1}
2022-10-20 12:56:07    OutSyncTicket_AW0B LMS外同步票接口{数量:75}
2022-10-20 12:57:07    PickGoodsPlan_AJ09 取货计划{数量:14}
2022-10-20 12:57:07    VehicOverPointInfo_BM00 二厂整车过点{数量:1}
2022-10-20 12:57:07    BatteryFarmOverPoint_AM65 电池实际过点信息{数量:1}
2022-10-20 12:57:07    ReceivePurchaseOrder_AP11 DMS支给件总成{数量:2}
2022-10-20 12:58:07    OutSyncTicket_AW0B LMS外同步票接口{数量:5}
2022-10-20 12:58:07    PickGoodsPlan_AJ09 取货计划{数量:15}
2022-10-20 12:58:07    VehicOverPointInfo_BM00 二厂整车过点{数量:1}
2022-10-20 12:58:07    BatteryFarmOverPoint_AM65 电池实际过点信息{数量:1}
2022-10-20 12:58:07    ReceivePurchaseOrder_AP11 DMS支给件总成{数量:2}
2022-10-20 12:58:07    OrderTheOrder_AP0L 订购订单接口{数量:2}
2022-10-20 12:59:07    PickGoodsPlan_AJ09 取货计划{数量:14}
2022-10-20 12:59:07    VehicOverPointInfo_BM00 二厂整车过点{数量:1}
2022-10-20 12:59:07    BatteryFarmOverPoint_AM65 电池实际过点信息{数量:1}
2022-10-20 12:59:07    ReceivePurchaseOrder_AP11 DMS支给件总成{数量:2}
2022-10-20 13:00:07    OutSyncTicket_AW0B LMS外同步票接口{数量:20}
2022-10-20 13:00:07    PickGoodsPlan_AJ09 取货计划{数量:13}
2022-10-20 13:00:07    VehicOverPointInfo_BM00 二厂整车过点{数量:1}
2022-10-20 13:00:07    BatteryFarmOverPoint_AM65 电池实际过点信息{数量:1}
2022-10-20 13:00:07    ReceivePurchaseOrder_AP11 DMS支给件总成{数量:2}
2022-10-20 13:00:07    OrderTheOrder_AP0L 订购订单接口{数量:1}
2022-10-20 13:00:07    VehicOverPointInfo_AM0D 整车实绩过点信息{数量:1}
2022-10-20 13:01:07    PickGoodsPlan_AJ09 取货计划{数量:13}
2022-10-20 13:01:07    VehicOverPointInfo_BM00 二厂整车过点{数量:1}
2022-10-20 13:01:07    BatteryFarmOverPoint_AM65 电池实际过点信息{数量:1}
2022-10-20 13:01:07    ReceivePurchaseOrder_AP11 DMS支给件总成{数量:1}
2022-10-20 13:01:07    VehicOverPointInfo_AM0D 整车实绩过点信息{数量:1}
2022-10-20 13:02:07    OutSyncTicket_AW0B LMS外同步票接口{数量:27}
2022-10-20 13:02:07    PickGoodsPlan_AJ09 取货计划{数量:12}
2022-10-20 13:02:07    VehicOverPointInfo_BM00 二厂整车过点{数量:1}
2022-10-20 13:02:07    BatteryFarmOverPoint_AM65 电池实际过点信息{数量:1}
2022-10-20 13:02:07    ReceivePurchaseOrder_AP11 DMS支给件总成{数量:1}
2022-10-20 13:03:07    PickGoodsPlan_AJ09 取货计划{数量:11}
2022-10-20 13:03:07    VehicOverPointInfo_BM00 二厂整车过点{数量:1}
2022-10-20 13:03:07    BatteryFarmOverPoint_AM65 电池实际过点信息{数量:1}
2022-10-20 13:03:07    ReceivePurchaseOrder_AP11 DMS支给件总成{数量:2}
2022-10-20 13:03:07    VehicOverPointInfo_AM0D 整车实绩过点信息{数量:1}
2022-10-20 13:04:07    OutSyncTicket_AW0B LMS外同步票接口{数量:13}
2022-10-20 13:04:07    PickGoodsPlan_AJ09 取货计划{数量:12}
2022-10-20 13:04:07    VehicOverPointInfo_BM00 二厂整车过点{数量:1}
2022-10-20 13:04:07    ReceivePurchaseOrder_AP11 DMS支给件总成{数量:2}
2022-10-20 13:04:07    OrderTheOrder_AP0L 订购订单接口{数量:7}
2022-10-20 13:05:07    PickGoodsPlan_AJ09 取货计划{数量:11}
2022-10-20 13:05:07    VehicOverPointInfo_BM00 二厂整车过点{数量:1}
2022-10-20 13:05:07    BatteryFarmOverPoint_AM65 电池实际过点信息{数量:1}
2022-10-20 13:05:07    ReceivePurchaseOrder_AP11 DMS支给件总成{数量:3}
2022-10-20 13:06:07    OutSyncTicket_AW0B LMS外同步票接口{数量:46}
2022-10-20 13:06:07    PickGoodsPlan_AJ09 取货计划{数量:11}
2022-10-20 13:06:07    VehicOverPointInfo_BM00 二厂整车过点{数量:1}
2022-10-20 13:06:07    BatteryFarmOverPoint_AM65 电池实际过点信息{数量:1}
2022-10-20 13:06:07    ReceivePurchaseOrder_AP11 DMS支给件总成{数量:3}
2022-10-20 13:06:07    OrderTheOrder_AP0L 订购订单接口{数量:7}
2022-10-20 13:07:07    PickGoodsPlan_AJ09 取货计划{数量:11}
2022-10-20 13:07:07    VehicOverPointInfo_BM00 二厂整车过点{数量:1}
2022-10-20 13:07:07    ReceivePurchaseOrder_AP11 DMS支给件总成{数量:3}
2022-10-20 13:08:07    OutSyncTicket_AW0B LMS外同步票接口{数量:45}
2022-10-20 13:08:07    PickGoodsPlan_AJ09 取货计划{数量:10}
2022-10-20 13:08:07    VehicOverPointInfo_BM00 二厂整车过点{数量:1}
2022-10-20 13:08:07    BatteryFarmOverPoint_AM65 电池实际过点信息{数量:1}
2022-10-20 13:08:07    ReceivePurchaseOrder_AP11 DMS支给件总成{数量:3}
2022-10-20 13:08:07    OrderTheOrder_AP0L 订购订单接口{数量:4}
2022-10-20 13:09:07    PickGoodsPlan_AJ09 取货计划{数量:10}
2022-10-20 13:09:07    VehicOverPointInfo_BM00 二厂整车过点{数量:1}
2022-10-20 13:09:07    ReceivePurchaseOrder_AP11 DMS支给件总成{数量:4}
2022-10-20 13:10:07    OutSyncTicket_AW0B LMS外同步票接口{数量:2}
2022-10-20 13:10:07    PickGoodsPlan_AJ09 取货计划{数量:9}
2022-10-20 13:10:07    VehicOverPointInfo_BM00 二厂整车过点{数量:1}
2022-10-20 13:10:07    BatteryFarmOverPoint_AM65 电池实际过点信息{数量:1}
2022-10-20 13:10:07    ReceivePurchaseOrder_AP11 DMS支给件总成{数量:4}
2022-10-20 13:11:08    PickGoodsPlan_AJ09 取货计划{数量:8}
2022-10-20 13:11:08    VehicOverPointInfo_BM00 二厂整车过点{数量:1}
2022-10-20 13:11:08    BatteryFarmOverPoint_AM65 电池实际过点信息{数量:1}
2022-10-20 13:12:08    OutSyncTicket_AW0B LMS外同步票接口{数量:10}
2022-10-20 13:12:08    PickGoodsPlan_AJ09 取货计划{数量:9}
2022-10-20 13:12:08    VehicOverPointInfo_BM00 二厂整车过点{数量:1}
2022-10-20 13:12:08    BatteryFarmOverPoint_AM65 电池实际过点信息{数量:1}
2022-10-20 13:12:08    OrderTheOrder_AP0L 订购订单接口{数量:3}
2022-10-20 13:13:08    PickGoodsPlan_AJ09 取货计划{数量:8}
2022-10-20 13:13:08    ExceptOrderAplFeedback_AP0W 例外订购申请反馈{数量:2}
2022-10-20 13:13:08    VehicOverPointInfo_BM00 二厂整车过点{数量:1}
2022-10-20 13:13:08    ReceivePurchaseOrder_AP11 DMS支给件总成{数量:1}
2022-10-20 13:14:08    OutSyncTicket_AW0B LMS外同步票接口{数量:40}
2022-10-20 13:14:08    PickGoodsPlan_AJ09 取货计划{数量:8}
2022-10-20 13:14:08    VehicOverPointInfo_BM00 二厂整车过点{数量:1}
2022-10-20 13:14:08    BatteryFarmOverPoint_AM65 电池实际过点信息{数量:1}
2022-10-20 13:14:08    ReceivePurchaseOrder_AP11 DMS支给件总成{数量:1}
2022-10-20 13:15:08    PickGoodsPlan_AJ09 取货计划{数量:7}
2022-10-20 13:15:08    VehicOverPointInfo_BM00 二厂整车过点{数量:1}
2022-10-20 13:15:08    ReceivePurchaseOrder_AP11 DMS支给件总成{数量:1}
2022-10-20 13:16:08    OutSyncTicket_AW0B LMS外同步票接口{数量:13}
2022-10-20 13:16:08    PickGoodsPlan_AJ09 取货计划{数量:8}
2022-10-20 13:16:08    VehicOverPointInfo_BM00 二厂整车过点{数量:1}
2022-10-20 13:16:08    BatteryFarmOverPoint_AM65 电池实际过点信息{数量:1}
2022-10-20 13:16:08    ReceivePurchaseOrder_AP11 DMS支给件总成{数量:1}
2022-10-20 13:16:08    OrderTheOrder_AP0L 订购订单接口{数量:10}
2022-10-20 13:17:08    PickGoodsPlan_AJ09 取货计划{数量:7}
2022-10-20 13:17:08    VehicOverPointInfo_BM00 二厂整车过点{数量:1}
2022-10-20 13:17:08    BatteryFarmOverPoint_AM65 电池实际过点信息{数量:1}
2022-10-20 13:17:08    ReceivePurchaseOrder_AP11 DMS支给件总成{数量:1}
2022-10-20 13:18:08    PickGoodsPlan_AJ09 取货计划{数量:3}
2022-10-20 13:18:08    VehicOverPointInfo_BM00 二厂整车过点{数量:1}
2022-10-20 13:18:08    BatteryFarmOverPoint_AM65 电池实际过点信息{数量:1}
2022-10-20 13:18:08    ReceivePurchaseOrder_AP11 DMS支给件总成{数量:1}
2022-10-20 13:19:08    VehicOverPointInfo_BM00 二厂整车过点{数量:1}
2022-10-20 13:19:08    BatteryFarmOverPoint_AM65 电池实际过点信息{数量:1}
2022-10-20 13:19:08    ReceivePurchaseOrder_AP11 DMS支给件总成{数量:2}
2022-10-20 13:20:08    OutSyncTicket_AW0B LMS外同步票接口{数量:114}
2022-10-20 13:21:08    PickGoodsPlan_AJ09 取货计划{数量:1}
2022-10-20 13:21:08    VehicOverPointInfo_BM00 二厂整车过点{数量:1}
2022-10-20 13:21:08    BatteryFarmOverPoint_AM65 电池实际过点信息{数量:1}
2022-10-20 13:21:08    ReceivePurchaseOrder_AP11 DMS支给件总成{数量:1}
2022-10-20 13:22:08    VehicOverPointInfo_BM00 二厂整车过点{数量:1}
2022-10-20 13:22:08    BatteryFarmOverPoint_AM65 电池实际过点信息{数量:1}
2022-10-20 13:22:08    ReceivePurchaseOrder_AP11 DMS支给件总成{数量:1}
2022-10-20 13:23:08    VehicOverPointInfo_BM00 二厂整车过点{数量:1}
2022-10-20 13:23:08    BatteryFarmOverPoint_AM65 电池实际过点信息{数量:1}
2022-10-20 13:23:08    ReceivePurchaseOrder_AP11 DMS支给件总成{数量:1}
2022-10-20 13:23:08    VehicLockProducPlan_AM0A 整车锁定生产计划,二次锁定{数量:1}
2022-10-20 13:24:08    OutSyncTicket_AW0B LMS外同步票接口{数量:21}
2022-10-20 13:24:08    VehicOverPointInfo_BM00 二厂整车过点{数量:1}
2022-10-20 13:24:08    ReceivePurchaseOrder_AP11 DMS支给件总成{数量:1}
2022-10-20 13:24:08    OrderTheOrder_AP0L 订购订单接口{数量:3}
2022-10-20 13:25:08    VehicOverPointInfo_BM00 二厂整车过点{数量:1}
2022-10-20 13:25:08    BatteryFarmOverPoint_AM65 电池实际过点信息{数量:1}
2022-10-20 13:25:08    ReceivePurchaseOrder_AP11 DMS支给件总成{数量:2}
2022-10-20 13:26:08    VehicOverPointInfo_BM00 二厂整车过点{数量:1}
2022-10-20 13:26:08    BatteryFarmOverPoint_AM65 电池实际过点信息{数量:1}
2022-10-20 13:26:08    ReceivePurchaseOrder_AP11 DMS支给件总成{数量:2}
2022-10-20 13:26:08    OrderTheOrder_AP0L 订购订单接口{数量:14}
2022-10-20 13:27:08    VehicOverPointInfo_BM00 二厂整车过点{数量:1}
2022-10-20 13:27:08    BatteryFarmOverPoint_AM65 电池实际过点信息{数量:1}
2022-10-20 13:27:08    ReceivePurchaseOrder_AP11 DMS支给件总成{数量:8}
2022-10-20 13:28:09    OutSyncTicket_AW0B LMS外同步票接口{数量:18}
2022-10-20 13:28:09    DeliveryOrder_AP15 发货单{数量:2}
2022-10-20 13:28:09    VehicOverPointInfo_BM00 二厂整车过点{数量:1}
2022-10-20 13:28:09    ReceivePurchaseOrder_AP11 DMS支给件总成{数量:8}
2022-10-20 13:28:09    OrderTheOrder_AP0L 订购订单接口{数量:4}
2022-10-20 13:29:09    PickGoodsPlan_AJ09 取货计划{数量:2}
2022-10-20 13:29:09    VehicOverPointInfo_BM00 二厂整车过点{数量:1}
2022-10-20 13:29:09    ReceivePurchaseOrder_AP11 DMS支给件总成{数量:11}
2022-10-20 13:30:09    VehicOverPointInfo_BM00 二厂整车过点{数量:1}
2022-10-20 13:30:09    BatteryFarmOverPoint_AM65 电池实际过点信息{数量:1}
2022-10-20 13:30:09    ReceivePurchaseOrder_AP11 DMS支给件总成{数量:11}
2022-10-20 13:31:09    VehicOverPointInfo_BM00 二厂整车过点{数量:1}
2022-10-20 13:32:09    OutSyncTicket_AW0B LMS外同步票接口{数量:47}
2022-10-20 13:32:09    VehicOverPointInfo_BM00 二厂整车过点{数量:1}
2022-10-20 13:32:09    BatteryFarmOverPoint_AM65 电池实际过点信息{数量:1}
2022-10-20 13:33:09    ExceptOrderAplFeedback_AP0W 例外订购申请反馈{数量:1}
2022-10-20 13:33:09    VehicOverPointInfo_BM00 二厂整车过点{数量:1}
2022-10-20 13:33:09    BatteryFarmOverPoint_AM65 电池实际过点信息{数量:1}
2022-10-20 13:34:09    VehicOverPointInfo_BM00 二厂整车过点{数量:1}
2022-10-20 13:34:09    OrderTheOrder_AP0L 订购订单接口{数量:3}
2022-10-20 13:35:09    VehicOverPointInfo_BM00 二厂整车过点{数量:1}
2022-10-20 13:35:09    BatteryFarmOverPoint_AM65 电池实际过点信息{数量:1}
2022-10-20 13:36:09    OutSyncTicket_AW0B LMS外同步票接口{数量:7}
2022-10-20 13:36:09    VehicOverPointInfo_BM00 二厂整车过点{数量:1}
2022-10-20 13:36:09    BatteryFarmOverPoint_AM65 电池实际过点信息{数量:1}
2022-10-20 13:36:09    OrderTheOrder_AP0L 订购订单接口{数量:7}
2022-10-20 13:37:09    VehicOverPointInfo_BM00 二厂整车过点{数量:1}
2022-10-20 13:38:09    OutSyncTicket_AW0B LMS外同步票接口{数量:74}
2022-10-20 13:39:09    VehicOverPointInfo_BM00 二厂整车过点{数量:1}
2022-10-20 13:40:09    PickGoodsPlan_AJ09 取货计划{数量:1}
2022-10-20 13:40:09    VehicOverPointInfo_BM00 二厂整车过点{数量:1}
2022-10-20 13:40:09    BatteryFarmOverPoint_AM65 电池实际过点信息{数量:1}
2022-10-20 13:40:09    OrderTheOrder_AP0L 订购订单接口{数量:3}
2022-10-20 13:40:09    VehicLockProducPlan_AM0A 整车锁定生产计划,二次锁定{数量:1}
2022-10-20 13:41:09    VehicOverPointInfo_BM00 二厂整车过点{数量:1}
2022-10-20 13:41:09    BatteryFarmOverPoint_AM65 电池实际过点信息{数量:1}
2022-10-20 13:42:09    OutSyncTicket_AW0B LMS外同步票接口{数量:134}
本次程序运行时长:02时:41分:39秒

2022-10-20 14:17:19    VehicOverPointInfo_BM00 二厂整车过点{数量:1}
2022-10-20 14:17:19    BatteryFarmOverPoint_AM65 电池实际过点信息{数量:1}
2022-10-20 14:17:19    ReceivePurchaseOrder_AP11 DMS支给件总成{数量:1}
2022-10-20 14:18:19    OutSyncTicket_AW0B LMS外同步票接口{数量:12}
2022-10-20 14:18:19    PickGoodsPlan_AJ09 取货计划{数量:1}
2022-10-20 14:18:19    DeliveryOrder_AP15 发货单{数量:2}
2022-10-20 14:18:19    VehicOverPointInfo_BM00 二厂整车过点{数量:1}
2022-10-20 14:18:19    BatteryFarmOverPoint_AM65 电池实际过点信息{数量:1}
2022-10-20 14:18:19    ReceivePurchaseOrder_AP11 DMS支给件总成{数量:1}
2022-10-20 14:18:19    OrderTheOrder_AP0L 订购订单接口{数量:3}
2022-10-20 14:19:19    PickGoodsPlan_AJ09 取货计划{数量:1}
2022-10-20 14:19:19    VehicOverPointInfo_BM00 二厂整车过点{数量:1}
2022-10-20 14:19:19    ReceivePurchaseOrder_AP11 DMS支给件总成{数量:1}
2022-10-20 14:20:19    OutSyncTicket_AW0B LMS外同步票接口{数量:15}
2022-10-20 14:20:19    PickGoodsPlan_AJ09 取货计划{数量:1}
2022-10-20 14:20:19    VehicOverPointInfo_BM00 二厂整车过点{数量:1}
2022-10-20 14:20:19    ReceivePurchaseOrder_AP11 DMS支给件总成{数量:1}
2022-10-20 14:21:19    PickGoodsPlan_AJ09 取货计划{数量:1}
2022-10-20 14:21:19    VehicOverPointInfo_BM00 二厂整车过点{数量:1}
2022-10-20 14:21:19    ReceivePurchaseOrder_AP11 DMS支给件总成{数量:2}
2022-10-20 14:22:19    OutSyncTicket_AW0B LMS外同步票接口{数量:19}
2022-10-20 14:22:19    PickGoodsPlan_AJ09 取货计划{数量:1}
2022-10-20 14:22:19    TransferVehicleBOM_AD15 转移单车BOM{数量:16}
2022-10-20 14:22:19    VehicOverPointInfo_BM00 二厂整车过点{数量:1}
2022-10-20 14:22:19    ReceivePurchaseOrder_AP11 DMS支给件总成{数量:2}
2022-10-20 14:23:19    PickGoodsPlan_AJ09 取货计划{数量:1}
2022-10-20 14:23:19    TransferVehicleBOM_AD15 转移单车BOM{数量:122}
2022-10-20 14:23:19    VehicOverPointInfo_BM00 二厂整车过点{数量:1}
2022-10-20 14:23:19    ReceivePurchaseOrder_AP11 DMS支给件总成{数量:2}
2022-10-20 14:24:19    OutSyncTicket_AW0B LMS外同步票接口{数量:2}
2022-10-20 14:24:19    PickGoodsPlan_AJ09 取货计划{数量:1}
2022-10-20 14:24:19    TransferVehicleBOM_AD15 转移单车BOM{数量:205}
2022-10-20 14:24:19    VehicOverPointInfo_BM00 二厂整车过点{数量:1}
2022-10-20 14:24:19    ReceivePurchaseOrder_AP11 DMS支给件总成{数量:2}
2022-10-20 14:24:19    OrderTheOrder_AP0L 订购订单接口{数量:6}