
2022-10-11 00:00:47    VehicOverPointInfo_AM0D 整车实绩过点信息{数量:1}
2022-10-11 00:01:47    OutSyncTicket_AW0B LMS外同步票接口{数量:79}
2022-10-11 00:02:47    ReceivePurchaseOrder_AP11 DMS支给件总成{数量:6}
2022-10-11 00:02:47    VehicOverPointInfo_AM0D 整车实绩过点信息{数量:1}
2022-10-11 00:03:47    OutSyncTicket_AW0B LMS外同步票接口{数量:24}
2022-10-11 00:03:47    ReceivePurchaseOrder_AP11 DMS支给件总成{数量:12}
2022-10-11 00:03:47    VehicOverPointInfo_AM0D 整车实绩过点信息{数量:1}
2022-10-11 00:04:47    VehicOverPointInfo_BM00 二厂整车过点{数量:1}
2022-10-11 00:04:47    ReceivePurchaseOrder_AP11 DMS支给件总成{数量:21}
2022-10-11 00:04:47    VehicOverPointInfo_AM0D 整车实绩过点信息{数量:1}
2022-10-11 00:05:47    OutSyncTicket_AW0B LMS外同步票接口{数量:17}
2022-10-11 00:05:47    VehicOverPointInfo_BM00 二厂整车过点{数量:1}
2022-10-11 00:05:47    ReceivePurchaseOrder_AP11 DMS支给件总成{数量:30}
2022-10-11 00:05:47    VehicOverPointInfo_AM0D 整车实绩过点信息{数量:1}
2022-10-11 00:06:47    VehicOverPointInfo_BM00 二厂整车过点{数量:1}
2022-10-11 00:06:47    ReceivePurchaseOrder_AP11 DMS支给件总成{数量:36}
2022-10-11 00:06:47    VehicOverPointInfo_AM0D 整车实绩过点信息{数量:1}
2022-10-11 00:07:47    OutSyncTicket_AW0B LMS外同步票接口{数量:9}
2022-10-11 00:07:47    ReceivePurchaseOrder_AP11 DMS支给件总成{数量:36}
2022-10-11 00:07:47    VehicOverPointInfo_AM0D 整车实绩过点信息{数量:1}
2022-10-11 00:08:47    ReceivePurchaseOrder_AP11 DMS支给件总成{数量:36}
2022-10-11 00:08:47    VehicOverPointInfo_AM0D 整车实绩过点信息{数量:1}
2022-10-11 00:09:48    OutSyncTicket_AW0B LMS外同步票接口{数量:8}
2022-10-11 00:09:48    ReceivePurchaseOrder_AP11 DMS支给件总成{数量:36}
2022-10-11 00:09:48    VehicLockProducPlan_AM0A 整车锁定生产计划,二次锁定{数量:1}
2022-10-11 00:09:48    VehicOverPointInfo_AM0D 整车实绩过点信息{数量:1}
2022-10-11 00:10:48    VehicOverPointInfo_BM00 二厂整车过点{数量:1}
2022-10-11 00:10:48    VehicOverPointInfo_AM0D 整车实绩过点信息{数量:1}
2022-10-11 00:11:48    OutSyncTicket_AW0B LMS外同步票接口{数量:69}
2022-10-11 00:12:48    VehicOverPointInfo_BM00 二厂整车过点{数量:1}
2022-10-11 00:12:48    VehicOverPointInfo_AM0D 整车实绩过点信息{数量:1}
2022-10-11 00:13:48    OutSyncTicket_AW0B LMS外同步票接口{数量:12}
2022-10-11 00:13:48    VehicOverPointInfo_BM00 二厂整车过点{数量:1}
2022-10-11 00:13:48    VehicLockProducPlan_AM0A 整车锁定生产计划,二次锁定{数量:1}
2022-10-11 00:13:48    VehicOverPointInfo_AM0D 整车实绩过点信息{数量:1}
2022-10-11 00:14:48    VehicOverPointInfo_AM0D 整车实绩过点信息{数量:1}
2022-10-11 00:15:48    OutSyncTicket_AW0B LMS外同步票接口{数量:13}
2022-10-11 00:15:48    VehicOverPointInfo_AM0D 整车实绩过点信息{数量:1}
2022-10-11 00:16:48    VehicOverPointInfo_AM0D 整车实绩过点信息{数量:1}
2022-10-11 00:17:48    OutSyncTicket_AW0B LMS外同步票接口{数量:43}
2022-10-11 00:17:48    VehicOverPointInfo_AM0D 整车实绩过点信息{数量:1}
2022-10-11 00:18:48    VehicOverPointInfo_BM00 二厂整车过点{数量:1}
2022-10-11 00:18:48    VehicOverPointInfo_AM0D 整车实绩过点信息{数量:1}
2022-10-11 00:19:48    OutSyncTicket_AW0B LMS外同步票接口{数量:24}
2022-10-11 00:19:48    VehicOverPointInfo_AM0D 整车实绩过点信息{数量:1}
2022-10-11 00:20:48    VehicOverPointInfo_AM0D 整车实绩过点信息{数量:1}
2022-10-11 00:21:48    OutSyncTicket_AW0B LMS外同步票接口{数量:67}
2022-10-11 00:22:48    ExceptOrderAplFeedback_AP0W 例外订购申请反馈{数量:1}
2022-10-11 00:22:48    VehicOverPointInfo_AM0D 整车实绩过点信息{数量:1}
2022-10-11 00:23:48    OutSyncTicket_AW0B LMS外同步票接口{数量:17}
2022-10-11 00:23:48    VehicLockProducPlan_AM0A 整车锁定生产计划,二次锁定{数量:1}
2022-10-11 00:23:48    VehicOverPointInfo_AM0D 整车实绩过点信息{数量:1}
2022-10-11 00:24:48    VehicOverPointInfo_AM0D 整车实绩过点信息{数量:1}
2022-10-11 00:25:48    OutSyncTicket_AW0B LMS外同步票接口{数量:46}
2022-10-11 00:25:48    VehicOverPointInfo_AM0D 整车实绩过点信息{数量:1}
2022-10-11 00:26:48    VehicOverPointInfo_AM0D 整车实绩过点信息{数量:1}
2022-10-11 00:27:48    OutSyncTicket_AW0B LMS外同步票接口{数量:3}
2022-10-11 00:27:48    VehicOverPointInfo_AM0D 整车实绩过点信息{数量:1}
2022-10-11 00:28:48    VehicOverPointInfo_AM0D 整车实绩过点信息{数量:1}
2022-10-11 00:29:48    OutSyncTicket_AW0B LMS外同步票接口{数量:2}
2022-10-11 00:29:48    VehicOverPointInfo_AM0D 整车实绩过点信息{数量:1}
2022-10-11 00:30:48    VehicOverPointInfo_AM0D 整车实绩过点信息{数量:1}
2022-10-11 00:30:48    MaterialMasterData_AD04 sap物流主数据{数量:1}
2022-10-11 00:31:48    OutSyncTicket_AW0B LMS外同步票接口{数量:10}
2022-10-11 00:31:48    VehicOverPointInfo_AM0D 整车实绩过点信息{数量:1}
2022-10-11 00:31:48    MaterialMasterData_AD04 sap物流主数据{数量:1}
2022-10-11 00:32:48    VehicOverPointInfo_AM0D 整车实绩过点信息{数量:1}
2022-10-11 00:33:48    OutSyncTicket_AW0B LMS外同步票接口{数量:31}
2022-10-11 00:33:48    VehicOverPointInfo_AM0D 整车实绩过点信息{数量:1}
2022-10-11 00:34:48    VehicOverPointInfo_AM0D 整车实绩过点信息{数量:1}
2022-10-11 00:35:48    OutSyncTicket_AW0B LMS外同步票接口{数量:6}
2022-10-11 00:35:48    VehicOverPointInfo_AM0D 整车实绩过点信息{数量:1}
2022-10-11 00:36:48    VehicOverPointInfo_BM00 二厂整车过点{数量:1}
2022-10-11 00:36:48    VehicOverPointInfo_AM0D 整车实绩过点信息{数量:1}
2022-10-11 00:37:48    OutSyncTicket_AW0B LMS外同步票接口{数量:9}
2022-10-11 00:37:48    VehicOverPointInfo_AM0D 整车实绩过点信息{数量:1}
2022-10-11 00:38:49    VehicOverPointInfo_AM0D 整车实绩过点信息{数量:1}
2022-10-11 00:39:49    OutSyncTicket_AW0B LMS外同步票接口{数量:3}
2022-10-11 00:39:49    VehicLockProducPlan_AM0A 整车锁定生产计划,二次锁定{数量:1}
2022-10-11 00:39:49    VehicOverPointInfo_AM0D 整车实绩过点信息{数量:1}
2022-10-11 00:40:49    VehicOverPointInfo_AM0D 整车实绩过点信息{数量:1}
2022-10-11 00:41:49    OutSyncTicket_AW0B LMS外同步票接口{数量:2}
2022-10-11 00:41:49    VehicOverPointInfo_AM0D 整车实绩过点信息{数量:1}
2022-10-11 00:42:49    VehicOverPointInfo_AM0D 整车实绩过点信息{数量:1}
2022-10-11 00:43:49    OutSyncTicket_AW0B LMS外同步票接口{数量:11}
2022-10-11 00:43:49    VehicLockProducPlan_AM0A 整车锁定生产计划,二次锁定{数量:1}
2022-10-11 00:43:49    VehicOverPointInfo_AM0D 整车实绩过点信息{数量:1}
2022-10-11 17:05:05    ReceivePurchaseOrder_AP11 DMS支给件总成{数量:14}
2022-10-11 17:05:05    VehicOverPointInfo_AM0D 整车实绩过点信息{数量:1}
2022-10-11 17:06:05    OutSyncTicket_AW0B LMS外同步票接口{数量:83}
2022-10-11 17:07:05    ReceivePurchaseOrder_AP11 DMS支给件总成{数量:14}
2022-10-11 17:07:05    VehicOverPointInfo_AM0D 整车实绩过点信息{数量:1}
2022-10-11 17:08:05    OutSyncTicket_AW0B LMS外同步票接口{数量:27}
2022-10-11 17:08:05    ExceptOrderAplFeedback_AP0W 例外订购申请反馈{数量:2}
2022-10-11 17:08:05    DeliveryOrder_AP15 发货单{数量:2}
2022-10-11 17:08:05    ReceivePurchaseOrder_AP11 DMS支给件总成{数量:14}
2022-10-11 17:08:05    VehicOverPointInfo_AM0D 整车实绩过点信息{数量:1}
2022-10-11 17:09:05    ReceivePurchaseOrder_AP11 DMS支给件总成{数量:14}
2022-10-11 17:09:05    VehicLockProducPlan_AM0A 整车锁定生产计划,二次锁定{数量:1}
2022-10-11 17:09:05    VehicOverPointInfo_AM0D 整车实绩过点信息{数量:1}
2022-10-11 17:10:05    OutSyncTicket_AW0B LMS外同步票接口{数量:21}
2022-10-11 17:10:05    ReceivePurchaseOrder_AP11 DMS支给件总成{数量:14}
2022-10-11 17:10:05    VehicOverPointInfo_AM0D 整车实绩过点信息{数量:1}
2022-10-11 17:11:05    ReceivePurchaseOrder_AP11 DMS支给件总成{数量:1}
2022-10-11 17:11:05    VehicOverPointInfo_AM0D 整车实绩过点信息{数量:1}
2022-10-11 17:12:05    OutSyncTicket_AW0B LMS外同步票接口{数量:10}
2022-10-11 17:12:05    ReceivePurchaseOrder_AP11 DMS支给件总成{数量:1}
2022-10-11 17:12:05    VehicOverPointInfo_AM0D 整车实绩过点信息{数量:1}
2022-10-11 17:13:05    ReceivePurchaseOrder_AP11 DMS支给件总成{数量:2}
2022-10-11 17:13:05    VehicOverPointInfo_AM0D 整车实绩过点信息{数量:1}
2022-10-11 17:14:05    OutSyncTicket_AW0B LMS外同步票接口{数量:61}
2022-10-11 17:15:05    ReceivePurchaseOrder_AP11 DMS支给件总成{数量:2}
2022-10-11 17:15:05    VehicOverPointInfo_AM0D 整车实绩过点信息{数量:1}
2022-10-11 17:16:06    OutSyncTicket_AW0B LMS外同步票接口{数量:13}
2022-10-11 17:16:06    ReceivePurchaseOrder_AP11 DMS支给件总成{数量:2}
2022-10-11 17:16:06    VehicOverPointInfo_AM0D 整车实绩过点信息{数量:1}
2022-10-11 17:17:06    ReceivePurchaseOrder_AP11 DMS支给件总成{数量:2}
2022-10-11 17:17:06    VehicOverPointInfo_AM0D 整车实绩过点信息{数量:1}
2022-10-11 17:18:06    OutSyncTicket_AW0B LMS外同步票接口{数量:21}
2022-10-11 17:18:06    ReceivePurchaseOrder_AP11 DMS支给件总成{数量:2}
2022-10-11 17:18:06    VehicOverPointInfo_AM0D 整车实绩过点信息{数量:1}
2022-10-11 17:19:06    ReceivePurchaseOrder_AP11 DMS支给件总成{数量:4}
2022-10-11 17:19:06    VehicOverPointInfo_AM0D 整车实绩过点信息{数量:1}
2022-10-11 17:20:06    OutSyncTicket_AW0B LMS外同步票接口{数量:27}
2022-10-11 17:20:06    ReceivePurchaseOrder_AP11 DMS支给件总成{数量:4}
2022-10-11 17:20:06    VehicOverPointInfo_AM0D 整车实绩过点信息{数量:1}
2022-10-11 17:21:06    VehicOverPointInfo_AM0D 整车实绩过点信息{数量:1}
2022-10-11 17:22:06    OutSyncTicket_AW0B LMS外同步票接口{数量:71}
2022-10-11 17:23:06    ReceivePurchaseOrder_AP11 DMS支给件总成{数量:1}
2022-10-11 17:23:06    VehicOverPointInfo_AM0D 整车实绩过点信息{数量:1}
2022-10-11 17:24:06    OutSyncTicket_AW0B LMS外同步票接口{数量:14}
2022-10-11 17:24:06    ReceivePurchaseOrder_AP11 DMS支给件总成{数量:1}
2022-10-11 17:24:06    VehicOverPointInfo_AM0D 整车实绩过点信息{数量:1}
2022-10-11 17:25:06    ReceivePurchaseOrder_AP11 DMS支给件总成{数量:4}
2022-10-11 17:25:06    VehicOverPointInfo_AM0D 整车实绩过点信息{数量:1}
2022-10-11 17:26:06    OutSyncTicket_AW0B LMS外同步票接口{数量:40}
2022-10-11 17:26:06    ReceivePurchaseOrder_AP11 DMS支给件总成{数量:4}
2022-10-11 17:26:06    OrderTheOrder_AP0L 订购订单接口{数量:2}
2022-10-11 17:26:06    VehicOverPointInfo_AM0D 整车实绩过点信息{数量:1}
2022-10-11 17:27:06    ReceivePurchaseOrder_AP11 DMS支给件总成{数量:8}
2022-10-11 17:27:06    VehicOverPointInfo_AM0D 整车实绩过点信息{数量:1}
2022-10-11 17:28:06    OutSyncTicket_AW0B LMS外同步票接口{数量:5}
2022-10-11 17:28:06    ReceivePurchaseOrder_AP11 DMS支给件总成{数量:8}
2022-10-11 17:28:06    OrderTheOrder_AP0L 订购订单接口{数量:1}
2022-10-11 17:28:06    VehicOverPointInfo_AM0D 整车实绩过点信息{数量:1}
2022-10-11 17:29:06    ReceivePurchaseOrder_AP11 DMS支给件总成{数量:10}
2022-10-11 17:29:06    VehicOverPointInfo_AM0D 整车实绩过点信息{数量:1}
2022-10-11 17:30:06    OutSyncTicket_AW0B LMS外同步票接口{数量:14}
2022-10-11 17:30:06    ReceivePurchaseOrder_AP11 DMS支给件总成{数量:10}
2022-10-11 17:30:06    OrderTheOrder_AP0L 订购订单接口{数量:2}
2022-10-11 17:30:06    VehicOverPointInfo_AM0D 整车实绩过点信息{数量:1}
2022-10-11 17:31:06    ReceivePurchaseOrder_AP11 DMS支给件总成{数量:4}
2022-10-11 17:31:06    VehicOverPointInfo_AM0D 整车实绩过点信息{数量:1}
2022-10-11 17:32:06    OutSyncTicket_AW0B LMS外同步票接口{数量:28}
2022-10-11 17:32:06    ReceivePurchaseOrder_AP11 DMS支给件总成{数量:4}
2022-10-11 17:32:06    VehicOverPointInfo_AM0D 整车实绩过点信息{数量:1}
2022-10-11 17:33:06    ReceivePurchaseOrder_AP11 DMS支给件总成{数量:6}
2022-10-11 17:33:06    VehicOverPointInfo_AM0D 整车实绩过点信息{数量:1}
2022-10-11 17:34:06    OutSyncTicket_AW0B LMS外同步票接口{数量:2}
2022-10-11 17:34:06    ReceivePurchaseOrder_AP11 DMS支给件总成{数量:6}
2022-10-11 17:34:06    OrderTheOrder_AP0L 订购订单接口{数量:1}
2022-10-11 17:34:06    VehicOverPointInfo_AM0D 整车实绩过点信息{数量:1}
2022-10-11 17:35:06    ReceivePurchaseOrder_AP11 DMS支给件总成{数量:9}
2022-10-11 17:35:06    VehicOverPointInfo_AM0D 整车实绩过点信息{数量:1}
2022-10-11 17:36:06    OutSyncTicket_AW0B LMS外同步票接口{数量:9}
2022-10-11 17:36:06    ReceivePurchaseOrder_AP11 DMS支给件总成{数量:9}
2022-10-11 17:36:06    VehicOverPointInfo_AM0D 整车实绩过点信息{数量:1}
2022-10-11 17:37:06    ReceivePurchaseOrder_AP11 DMS支给件总成{数量:9}
2022-10-11 17:37:06    VehicOverPointInfo_AM0D 整车实绩过点信息{数量:1}
2022-10-11 17:38:06    OutSyncTicket_AW0B LMS外同步票接口{数量:9}
2022-10-11 17:38:06    ExceptOrderAplFeedback_AP0W 例外订购申请反馈{数量:1}
2022-10-11 17:38:06    DeliveryOrder_AP15 发货单{数量:1}
2022-10-11 17:38:06    ReceivePurchaseOrder_AP11 DMS支给件总成{数量:9}
2022-10-11 17:38:06    OrderTheOrder_AP0L 订购订单接口{数量:4}
2022-10-11 17:38:06    VehicOverPointInfo_AM0D 整车实绩过点信息{数量:1}
2022-10-11 17:39:06    ReceivePurchaseOrder_AP11 DMS支给件总成{数量:10}
2022-10-11 17:39:06    VehicLockProducPlan_AM0A 整车锁定生产计划,二次锁定{数量:1}
2022-10-11 17:39:06    VehicOverPointInfo_AM0D 整车实绩过点信息{数量:1}
2022-10-11 17:40:06    OutSyncTicket_AW0B LMS外同步票接口{数量:5}
2022-10-11 17:40:06    ReceivePurchaseOrder_AP11 DMS支给件总成{数量:10}
2022-10-11 17:40:06    OrderTheOrder_AP0L 订购订单接口{数量:1}
2022-10-11 17:40:06    VehicOverPointInfo_AM0D 整车实绩过点信息{数量:1}
2022-10-11 17:41:06    ReceivePurchaseOrder_AP11 DMS支给件总成{数量:1}
2022-10-11 17:41:06    VehicOverPointInfo_AM0D 整车实绩过点信息{数量:1}
2022-10-11 17:42:06    OutSyncTicket_AW0B LMS外同步票接口{数量:26}
2022-10-11 17:42:06    ReceivePurchaseOrder_AP11 DMS支给件总成{数量:1}
2022-10-11 17:42:06    OrderTheOrder_AP0L 订购订单接口{数量:5}
2022-10-11 17:42:06    VehicOverPointInfo_AM0D 整车实绩过点信息{数量:1}
2022-10-11 17:43:06    ReceivePurchaseOrder_AP11 DMS支给件总成{数量:1}
2022-10-11 17:43:06    VehicOverPointInfo_AM0D 整车实绩过点信息{数量:1}
2022-10-11 17:44:06    OutSyncTicket_AW0B LMS外同步票接口{数量:107}
2022-10-11 17:45:06    ReceivePurchaseOrder_AP11 DMS支给件总成{数量:4}
2022-10-11 17:45:06    VehicOverPointInfo_AM0D 整车实绩过点信息{数量:1}
2022-10-11 17:46:06    OutSyncTicket_AW0B LMS外同步票接口{数量:3}
2022-10-11 17:46:06    ReceivePurchaseOrder_AP11 DMS支给件总成{数量:4}
2022-10-11 17:46:06    VehicOverPointInfo_AM0D 整车实绩过点信息{数量:1}
2022-10-11 17:47:06    ReceivePurchaseOrder_AP11 DMS支给件总成{数量:6}
2022-10-11 17:47:06    VehicOverPointInfo_AM0D 整车实绩过点信息{数量:1}
2022-10-11 17:48:07    OutSyncTicket_AW0B LMS外同步票接口{数量:5}
2022-10-11 17:48:07    ReceivePurchaseOrder_AP11 DMS支给件总成{数量:6}
2022-10-11 17:48:07    VehicOverPointInfo_AM0D 整车实绩过点信息{数量:1}
2022-10-11 17:49:07    ReceivePurchaseOrder_AP11 DMS支给件总成{数量:13}
2022-10-11 17:49:07    VehicOverPointInfo_AM0D 整车实绩过点信息{数量:1}
2022-10-11 17:50:07    OutSyncTicket_AW0B LMS外同步票接口{数量:4}
2022-10-11 17:50:07    ReceivePurchaseOrder_AP11 DMS支给件总成{数量:13}
2022-10-11 17:50:07    OrderTheOrder_AP0L 订购订单接口{数量:3}
2022-10-11 17:50:07    VehicOverPointInfo_AM0D 整车实绩过点信息{数量:1}
2022-10-11 17:51:07    OrderTheOrder_AP0L 订购订单接口{数量:1}
2022-10-11 17:51:07    VehicOverPointInfo_AM0D 整车实绩过点信息{数量:1}
2022-10-11 17:52:07    OutSyncTicket_AW0B LMS外同步票接口{数量:4}
2022-10-11 17:52:07    TransferVehicleBOM_BD00 二厂单车BOM{数量:9}
2022-10-11 17:52:07    OrderTheOrder_AP0L 订购订单接口{数量:1}
2022-10-11 17:52:07    TransferVehicleBOM_AD08 单车BOM{数量:11}
2022-10-11 17:52:07    VehicOverPointInfo_AM0D 整车实绩过点信息{数量:1}
2022-10-11 17:53:07    TransferVehicleBOM_BD00 二厂单车BOM{数量:34}
2022-10-11 17:53:07    TransferVehicleBOM_AD08 单车BOM{数量:36}
2022-10-11 17:53:07    VehicOverPointInfo_AM0D 整车实绩过点信息{数量:1}
2022-10-11 17:54:07    OutSyncTicket_AW0B LMS外同步票接口{数量:9}
2022-10-11 17:54:07    TransferVehicleBOM_BD00 二厂单车BOM{数量:54}
2022-10-11 17:54:07    TransferVehicleBOM_AD08 单车BOM{数量:65}
2022-10-11 17:54:07    VehicOverPointInfo_AM0D 整车实绩过点信息{数量:1}
2022-10-11 17:55:07    TransferVehicleBOM_BD00 二厂单车BOM{数量:70}
2022-10-11 17:55:07    TransferVehicleBOM_AD08 单车BOM{数量:104}
2022-10-11 17:55:07    VehicOverPointInfo_AM0D 整车实绩过点信息{数量:1}
2022-10-11 17:56:07    OutSyncTicket_AW0B LMS外同步票接口{数量:5}
2022-10-11 17:56:07    TransferVehicleBOM_BD00 二厂单车BOM{数量:92}
2022-10-11 17:56:07    OrderTheOrder_AP0L 订购订单接口{数量:1}
2022-10-11 17:56:07    TransferVehicleBOM_AD08 单车BOM{数量:144}
2022-10-11 17:56:07    VehicOverPointInfo_AM0D 整车实绩过点信息{数量:1}
2022-10-11 17:57:07    TransferVehicleBOM_BD00 二厂单车BOM{数量:110}
2022-10-11 17:57:07    TransferVehicleBOM_AD08 单车BOM{数量:183}
2022-10-11 17:57:07    VehicOverPointInfo_AM0D 整车实绩过点信息{数量:1}
2022-10-11 17:58:07    OutSyncTicket_AW0B LMS外同步票接口{数量:27}
2022-10-11 17:58:07    ExceptOrderAplFeedback_AP0W 例外订购申请反馈{数量:3}
2022-10-11 17:58:07    TransferVehicleBOM_BD00 二厂单车BOM{数量:124}
2022-10-11 17:58:07    OrderTheOrder_AP0L 订购订单接口{数量:9}
2022-10-11 17:58:07    TransferVehicleBOM_AD08 单车BOM{数量:218}
2022-10-11 17:58:07    VehicOverPointInfo_AM0D 整车实绩过点信息{数量:1}
2022-10-11 17:59:07    TransferVehicleBOM_BD00 二厂单车BOM{数量:141}
2022-10-11 17:59:07    TransferVehicleBOM_AD08 单车BOM{数量:247}
2022-10-11 17:59:07    VehicOverPointInfo_AM0D 整车实绩过点信息{数量:1}
2022-10-11 18:00:07    OutSyncTicket_AW0B LMS外同步票接口{数量:19}
2022-10-11 18:00:07    TransferVehicleBOM_BD00 二厂单车BOM{数量:155}
2022-10-11 18:00:07    OrderTheOrder_AP0L 订购订单接口{数量:1}
2022-10-11 18:00:07    TransferVehicleBOM_AD08 单车BOM{数量:286}
2022-10-11 18:00:07    VehicOverPointInfo_AM0D 整车实绩过点信息{数量:1}
2022-10-11 18:01:07    TransferVehicleBOM_BD00 二厂单车BOM{数量:177}
2022-10-11 18:01:07    TransferVehicleBOM_AD08 单车BOM{数量:303}
2022-10-11 18:01:07    VehicOverPointInfo_AM0D 整车实绩过点信息{数量:1}
2022-10-11 18:02:07    OutSyncTicket_AW0B LMS外同步票接口{数量:110}
2022-10-11 18:03:07    OutSyncTicket_AW0B LMS外同步票接口{数量:1}
2022-10-11 18:03:07    ExceptOrderAplFeedback_AP0W 例外订购申请反馈{数量:1}
2022-10-11 18:03:07    TransferVehicleBOM_BD00 二厂单车BOM{数量:201}
2022-10-11 18:03:07    VehicLockProducPlan_AM0A 整车锁定生产计划,二次锁定{数量:1}
2022-10-11 18:03:07    TransferVehicleBOM_AD08 单车BOM{数量:352}
2022-10-11 18:03:07    VehicOverPointInfo_AM0D 整车实绩过点信息{数量:1}
2022-10-11 18:04:07    OutSyncTicket_AW0B LMS外同步票接口{数量:5}
2022-10-11 18:04:07    TransferVehicleBOM_BD00 二厂单车BOM{数量:201}
2022-10-11 18:04:07    OrderTheOrder_AP0L 订购订单接口{数量:1}
2022-10-11 18:04:07    TransferVehicleBOM_AD08 单车BOM{数量:384}
2022-10-11 18:04:07    VehicOverPointInfo_AM0D 整车实绩过点信息{数量:1}
2022-10-11 18:05:07    TransferVehicleBOM_BD00 二厂单车BOM{数量:192}
2022-10-11 18:05:07    TransferVehicleBOM_AD08 单车BOM{数量:420}
2022-10-11 18:05:07    VehicOverPointInfo_AM0D 整车实绩过点信息{数量:1}
2022-10-11 18:06:07    OutSyncTicket_AW0B LMS外同步票接口{数量:8}
2022-10-11 18:06:07    TransferVehicleBOM_BD00 二厂单车BOM{数量:181}
2022-10-11 18:06:07    OrderTheOrder_AP0L 订购订单接口{数量:1}
2022-10-11 18:06:07    TransferVehicleBOM_AD08 单车BOM{数量:456}
2022-10-11 18:06:07    VehicOverPointInfo_AM0D 整车实绩过点信息{数量:1}
2022-10-11 18:07:07    TransferVehicleBOM_BD00 二厂单车BOM{数量:171}
2022-10-11 18:07:07    TransferVehicleBOM_AD08 单车BOM{数量:495}
2022-10-11 18:07:07    VehicOverPointInfo_AM0D 整车实绩过点信息{数量:1}
2022-10-11 18:08:07    OutSyncTicket_AW0B LMS外同步票接口{数量:3}
2022-10-11 18:08:07    DeliveryOrder_AP15 发货单{数量:1}
2022-10-11 18:08:07    TransferVehicleBOM_BD00 二厂单车BOM{数量:162}
2022-10-11 18:08:07    OrderTheOrder_AP0L 订购订单接口{数量:7}
2022-10-11 18:08:07    TransferVehicleBOM_AD08 单车BOM{数量:548}
2022-10-11 18:08:07    VehicOverPointInfo_AM0D 整车实绩过点信息{数量:1}
2022-10-11 18:09:07    TransferVehicleBOM_BD00 二厂单车BOM{数量:151}
2022-10-11 18:09:07    ReceivePurchaseOrder_AP11 DMS支给件总成{数量:2}
2022-10-11 18:09:07    TransferVehicleBOM_AD08 单车BOM{数量:602}
2022-10-11 18:09:07    VehicOverPointInfo_AM0D 整车实绩过点信息{数量:1}
2022-10-11 18:10:07    OutSyncTicket_AW0B LMS外同步票接口{数量:27}
2022-10-11 18:10:07    TransferVehicleBOM_BD00 二厂单车BOM{数量:141}
2022-10-11 18:10:07    ReceivePurchaseOrder_AP11 DMS支给件总成{数量:2}
2022-10-11 18:10:07    TransferVehicleBOM_AD08 单车BOM{数量:649}
2022-10-11 18:10:07    VehicOverPointInfo_AM0D 整车实绩过点信息{数量:1}
2022-10-11 18:11:07    TransferVehicleBOM_BD00 二厂单车BOM{数量:130}
2022-10-11 18:11:07    TransferVehicleBOM_AD08 单车BOM{数量:693}
2022-10-11 18:11:07    VehicOverPointInfo_AM0D 整车实绩过点信息{数量:1}
2022-10-11 18:12:07    TransferVehicleBOM_BD00 二厂单车BOM{数量:122}
2022-10-11 18:12:07    OrderTheOrder_AP0L 订购订单接口{数量:5}
2022-10-11 18:12:07    TransferVehicleBOM_AD08 单车BOM{数量:739}
2022-10-11 18:12:07    VehicOverPointInfo_AM0D 整车实绩过点信息{数量:1}
2022-10-11 18:13:07    TransferVehicleBOM_BD00 二厂单车BOM{数量:110}
2022-10-11 18:13:07    TransferVehicleBOM_AD08 单车BOM{数量:795}
2022-10-11 18:13:07    VehicOverPointInfo_AM0D 整车实绩过点信息{数量:1}
2022-10-11 18:14:08    OutSyncTicket_AW0B LMS外同步票接口{数量:85}
2022-10-11 18:15:08    TransferVehicleBOM_BD00 二厂单车BOM{数量:90}
2022-10-11 18:15:08    TransferVehicleBOM_AD08 单车BOM{数量:904}
2022-10-11 18:15:08    VehicOverPointInfo_AM0D 整车实绩过点信息{数量:1}
2022-10-11 18:16:08    OutSyncTicket_AW0B LMS外同步票接口{数量:2}
2022-10-11 18:16:08    TransferVehicleBOM_BD00 二厂单车BOM{数量:79}
2022-10-11 18:16:08    TransferVehicleBOM_AD08 单车BOM{数量:931}
2022-10-11 18:16:08    VehicOverPointInfo_AM0D 整车实绩过点信息{数量:1}
2022-10-11 18:17:08    TransferVehicleBOM_BD00 二厂单车BOM{数量:68}
2022-10-11 18:17:08    TransferVehicleBOM_AD08 单车BOM{数量:974}
2022-10-11 18:17:08    VehicOverPointInfo_AM0D 整车实绩过点信息{数量:1}
2022-10-11 18:18:08    OutSyncTicket_AW0B LMS外同步票接口{数量:3}
2022-10-11 18:18:08    TransferVehicleBOM_BD00 二厂单车BOM{数量:57}
2022-10-11 18:18:08    OrderTheOrder_AP0L 订购订单接口{数量:2}
2022-10-11 18:18:08    TransferVehicleBOM_AD08 单车BOM{数量:1006}
2022-10-11 18:18:08    VehicOverPointInfo_AM0D 整车实绩过点信息{数量:1}
2022-10-11 18:19:08    TransferVehicleBOM_BD00 二厂单车BOM{数量:49}
2022-10-11 18:19:08    VehicLockProducPlan_AM0A 整车锁定生产计划,二次锁定{数量:1}
2022-10-11 18:19:08    TransferVehicleBOM_AD08 单车BOM{数量:996}
2022-10-11 18:19:08    VehicOverPointInfo_AM0D 整车实绩过点信息{数量:1}
2022-10-11 18:20:08    OutSyncTicket_AW0B LMS外同步票接口{数量:1}
2022-10-11 18:20:08    TransferVehicleBOM_BD00 二厂单车BOM{数量:39}
2022-10-11 18:20:08    TransferVehicleBOM_AD08 单车BOM{数量:976}
2022-10-11 18:20:08    VehicOverPointInfo_AM0D 整车实绩过点信息{数量:1}
2022-10-11 18:21:08    TransferVehicleBOM_BD00 二厂单车BOM{数量:30}
2022-10-11 18:21:08    ReceivePurchaseOrder_AP11 DMS支给件总成{数量:2}
2022-10-11 18:21:08    TransferVehicleBOM_AD08 单车BOM{数量:956}
2022-10-11 18:21:08    VehicOverPointInfo_AM0D 整车实绩过点信息{数量:1}
2022-10-11 18:22:08    OutSyncTicket_AW0B LMS外同步票接口{数量:9}
2022-10-11 18:22:08    TransferVehicleBOM_BD00 二厂单车BOM{数量:19}
2022-10-11 18:22:08    ReceivePurchaseOrder_AP11 DMS支给件总成{数量:2}
2022-10-11 18:22:08    TransferVehicleBOM_AD08 单车BOM{数量:936}
2022-10-11 18:22:08    VehicOverPointInfo_AM0D 整车实绩过点信息{数量:1}
2022-10-11 18:23:08    TransferVehicleBOM_BD00 二厂单车BOM{数量:9}
2022-10-11 18:23:08    ReceivePurchaseOrder_AP11 DMS支给件总成{数量:4}
2022-10-11 18:23:08    VehicLockProducPlan_AM0A 整车锁定生产计划,二次锁定{数量:1}
2022-10-11 18:23:08    TransferVehicleBOM_AD08 单车BOM{数量:916}
2022-10-11 18:23:08    VehicOverPointInfo_AM0D 整车实绩过点信息{数量:1}
2022-10-11 18:24:08    OutSyncTicket_AW0B LMS外同步票接口{数量:22}
2022-10-11 18:24:08    ReceivePurchaseOrder_AP11 DMS支给件总成{数量:4}
2022-10-11 18:24:08    TransferVehicleBOM_AD08 单车BOM{数量:896}
2022-10-11 18:24:08    VehicOverPointInfo_AM0D 整车实绩过点信息{数量:1}
2022-10-11 18:25:08    ReceivePurchaseOrder_AP11 DMS支给件总成{数量:5}
2022-10-11 18:25:08    TransferVehicleBOM_AD08 单车BOM{数量:876}
2022-10-11 18:25:08    VehicOverPointInfo_AM0D 整车实绩过点信息{数量:1}
2022-10-11 18:26:08    OutSyncTicket_AW0B LMS外同步票接口{数量:10}
2022-10-11 18:26:08    ReceivePurchaseOrder_AP11 DMS支给件总成{数量:5}
2022-10-11 18:26:08    TransferVehicleBOM_AD08 单车BOM{数量:856}
2022-10-11 18:26:08    VehicOverPointInfo_AM0D 整车实绩过点信息{数量:1}
2022-10-11 18:27:08    ReceivePurchaseOrder_AP11 DMS支给件总成{数量:7}
2022-10-11 18:27:08    TransferVehicleBOM_AD08 单车BOM{数量:835}
2022-10-11 18:27:08    VehicOverPointInfo_AM0D 整车实绩过点信息{数量:1}
2022-10-11 18:28:08    OutSyncTicket_AW0B LMS外同步票接口{数量:9}
2022-10-11 18:28:08    DeliveryOrder_AP15 发货单{数量:2}
2022-10-11 18:28:08    ReceivePurchaseOrder_AP11 DMS支给件总成{数量:7}
2022-10-11 18:28:08    OrderTheOrder_AP0L 订购订单接口{数量:18}
2022-10-11 18:28:08    TransferVehicleBOM_AD08 单车BOM{数量:816}
2022-10-11 18:28:08    VehicOverPointInfo_AM0D 整车实绩过点信息{数量:2}
2022-10-11 18:29:08    ReceivePurchaseOrder_AP11 DMS支给件总成{数量:8}
2022-10-11 18:29:08    TransferVehicleBOM_AD08 单车BOM{数量:795}
2022-10-11 18:29:08    VehicOverPointInfo_AM0D 整车实绩过点信息{数量:2}
2022-10-11 18:30:08    OutSyncTicket_AW0B LMS外同步票接口{数量:24}
2022-10-11 18:30:08    ReceivePurchaseOrder_AP11 DMS支给件总成{数量:8}
2022-10-11 18:30:08    OrderTheOrder_AP0L 订购订单接口{数量:5}
2022-10-11 18:30:08    TransferVehicleBOM_AD08 单车BOM{数量:775}
2022-10-11 18:30:08    VehicOverPointInfo_AM0D 整车实绩过点信息{数量:1}
2022-10-11 18:31:08    ReceivePurchaseOrder_AP11 DMS支给件总成{数量:1}
2022-10-11 18:31:08    TransferVehicleBOM_AD08 单车BOM{数量:756}
2022-10-11 18:31:08    VehicOverPointInfo_AM0D 整车实绩过点信息{数量:1}
2022-10-11 18:32:08    OutSyncTicket_AW0B LMS外同步票接口{数量:58}
2022-10-11 18:33:08    ExceptOrderAplFeedback_AP0W 例外订购申请反馈{数量:1}
2022-10-11 18:33:08    ReceivePurchaseOrder_AP11 DMS支给件总成{数量:1}
2022-10-11 18:33:08    VehicLockProducPlan_AM0A 整车锁定生产计划,二次锁定{数量:1}
2022-10-11 18:33:08    TransferVehicleBOM_AD08 单车BOM{数量:715}
2022-10-11 18:33:08    VehicOverPointInfo_AM0D 整车实绩过点信息{数量:1}
2022-10-11 18:34:09    OutSyncTicket_AW0B LMS外同步票接口{数量:8}
2022-10-11 18:34:09    ReceivePurchaseOrder_AP11 DMS支给件总成{数量:1}
2022-10-11 18:34:09    OrderTheOrder_AP0L 订购订单接口{数量:1}
2022-10-11 18:34:09    TransferVehicleBOM_AD08 单车BOM{数量:695}
2022-10-11 18:34:09    VehicOverPointInfo_AM0D 整车实绩过点信息{数量:1}
2022-10-11 18:35:09    ReceivePurchaseOrder_AP11 DMS支给件总成{数量:1}
2022-10-11 18:35:09    TransferVehicleBOM_AD08 单车BOM{数量:676}
2022-10-11 18:35:09    VehicOverPointInfo_AM0D 整车实绩过点信息{数量:1}
2022-10-11 18:36:09    ReceivePurchaseOrder_AP11 DMS支给件总成{数量:1}
2022-10-11 18:36:09    OrderTheOrder_AP0L 订购订单接口{数量:1}
2022-10-11 18:36:09    TransferVehicleBOM_AD08 单车BOM{数量:655}
2022-10-11 18:36:09    VehicOverPointInfo_AM0D 整车实绩过点信息{数量:1}
2022-10-11 18:37:09    ReceivePurchaseOrder_AP11 DMS支给件总成{数量:1}
2022-10-11 18:37:09    TransferVehicleBOM_AD08 单车BOM{数量:635}
2022-10-11 18:37:09    VehicOverPointInfo_AM0D 整车实绩过点信息{数量:1}
2022-10-11 18:38:09    OutSyncTicket_AW0B LMS外同步票接口{数量:15}
2022-10-11 18:38:09    ReceivePurchaseOrder_AP11 DMS支给件总成{数量:1}
2022-10-11 18:38:09    OrderTheOrder_AP0L 订购订单接口{数量:4}
2022-10-11 18:38:09    TransferVehicleBOM_AD08 单车BOM{数量:616}
2022-10-11 18:38:09    VehicOverPointInfo_AM0D 整车实绩过点信息{数量:1}
2022-10-11 18:39:09    ReceivePurchaseOrder_AP11 DMS支给件总成{数量:1}
2022-10-11 18:39:09    TransferVehicleBOM_AD08 单车BOM{数量:595}
2022-10-11 18:39:09    VehicOverPointInfo_AM0D 整车实绩过点信息{数量:1}
2022-10-11 18:40:09    OutSyncTicket_AW0B LMS外同步票接口{数量:2}
2022-10-11 18:40:09    ReceivePurchaseOrder_AP11 DMS支给件总成{数量:1}
2022-10-11 18:40:09    TransferVehicleBOM_AD08 单车BOM{数量:575}
2022-10-11 18:40:09    VehicOverPointInfo_AM0D 整车实绩过点信息{数量:1}
2022-10-11 18:41:09    ReceivePurchaseOrder_AP11 DMS支给件总成{数量:1}
2022-10-11 18:41:09    TransferVehicleBOM_AD08 单车BOM{数量:555}
2022-10-11 18:41:09    VehicOverPointInfo_AM0D 整车实绩过点信息{数量:1}
2022-10-11 18:42:09    OutSyncTicket_AW0B LMS外同步票接口{数量:10}
2022-10-11 18:42:09    ReceivePurchaseOrder_AP11 DMS支给件总成{数量:1}
2022-10-11 18:42:09    OrderTheOrder_AP0L 订购订单接口{数量:4}
2022-10-11 18:42:09    TransferVehicleBOM_AD08 单车BOM{数量:535}
2022-10-11 18:42:09    VehicOverPointInfo_AM0D 整车实绩过点信息{数量:1}
2022-10-11 18:43:09    ReceivePurchaseOrder_AP11 DMS支给件总成{数量:1}
2022-10-11 18:43:09    VehicLockProducPlan_AM0A 整车锁定生产计划,二次锁定{数量:1}
2022-10-11 18:43:09    TransferVehicleBOM_AD08 单车BOM{数量:515}
2022-10-11 18:43:09    VehicOverPointInfo_AM0D 整车实绩过点信息{数量:1}
2022-10-11 18:44:09    OutSyncTicket_AW0B LMS外同步票接口{数量:96}
2022-10-11 18:45:09    ReceivePurchaseOrder_AP11 DMS支给件总成{数量:1}
2022-10-11 18:45:09    TransferVehicleBOM_AD08 单车BOM{数量:474}
2022-10-11 18:45:09    VehicOverPointInfo_AM0D 整车实绩过点信息{数量:1}
2022-10-11 18:46:09    OutSyncTicket_AW0B LMS外同步票接口{数量:7}
2022-10-11 18:46:09    ReceivePurchaseOrder_AP11 DMS支给件总成{数量:1}
2022-10-11 18:46:09    OrderTheOrder_AP0L 订购订单接口{数量:2}
2022-10-11 18:46:09    TransferVehicleBOM_AD08 单车BOM{数量:455}
2022-10-11 18:46:09    VehicOverPointInfo_AM0D 整车实绩过点信息{数量:1}
2022-10-11 18:47:09    ReceivePurchaseOrder_AP11 DMS支给件总成{数量:1}
2022-10-11 18:47:09    TransferVehicleBOM_AD08 单车BOM{数量:435}
2022-10-11 18:47:09    VehicOverPointInfo_AM0D 整车实绩过点信息{数量:1}
2022-10-11 18:48:09    OutSyncTicket_AW0B LMS外同步票接口{数量:44}
2022-10-11 18:48:09    DeliveryOrder_AP15 发货单{数量:1}
2022-10-11 18:48:09    ReceivePurchaseOrder_AP11 DMS支给件总成{数量:1}
2022-10-11 18:48:09    OrderTheOrder_AP0L 订购订单接口{数量:13}
2022-10-11 18:48:09    TransferVehicleBOM_AD08 单车BOM{数量:415}
2022-10-11 18:48:09    VehicOverPointInfo_AM0D 整车实绩过点信息{数量:1}
2022-10-11 18:49:09    ReceivePurchaseOrder_AP11 DMS支给件总成{数量:1}
2022-10-11 18:49:09    TransferVehicleBOM_AD08 单车BOM{数量:394}
2022-10-11 18:49:09    VehicOverPointInfo_AM0D 整车实绩过点信息{数量:1}
2022-10-11 18:50:09    OutSyncTicket_AW0B LMS外同步票接口{数量:10}
2022-10-11 18:50:09    ReceivePurchaseOrder_AP11 DMS支给件总成{数量:1}
2022-10-11 18:50:09    OrderTheOrder_AP0L 订购订单接口{数量:3}
2022-10-11 18:50:09    TransferVehicleBOM_AD08 单车BOM{数量:374}
2022-10-11 18:50:09    VehicOverPointInfo_AM0D 整车实绩过点信息{数量:1}
2022-10-11 18:51:09    TransferVehicleBOM_AD08 单车BOM{数量:355}
2022-10-11 18:51:09    VehicOverPointInfo_AM0D 整车实绩过点信息{数量:1}
2022-10-11 18:52:09    OutSyncTicket_AW0B LMS外同步票接口{数量:32}
2022-10-11 18:52:09    TransferVehicleBOM_AD08 单车BOM{数量:335}
2022-10-11 18:52:09    VehicOverPointInfo_AM0D 整车实绩过点信息{数量:1}
2022-10-11 18:53:09    VehicLockProducPlan_AM0A 整车锁定生产计划,二次锁定{数量:1}
2022-10-11 18:53:09    TransferVehicleBOM_AD08 单车BOM{数量:314}
2022-10-11 18:53:09    VehicOverPointInfo_AM0D 整车实绩过点信息{数量:1}
2022-10-11 18:54:09    OutSyncTicket_AW0B LMS外同步票接口{数量:9}
2022-10-11 18:54:09    TransferVehicleBOM_AD08 单车BOM{数量:295}
2022-10-11 18:54:09    VehicOverPointInfo_AM0D 整车实绩过点信息{数量:1}
2022-10-11 18:55:09    TransferVehicleBOM_AD08 单车BOM{数量:273}
2022-10-11 18:55:09    VehicOverPointInfo_AM0D 整车实绩过点信息{数量:1}
2022-10-11 18:56:09    OutSyncTicket_AW0B LMS外同步票接口{数量:2}
2022-10-11 18:56:09    TransferVehicleBOM_AD08 单车BOM{数量:255}
2022-10-11 18:56:09    VehicOverPointInfo_AM0D 整车实绩过点信息{数量:1}
2022-10-11 18:57:09    TransferVehicleBOM_AD08 单车BOM{数量:236}
2022-10-11 18:57:09    VehicOverPointInfo_AM0D 整车实绩过点信息{数量:1}
2022-10-11 18:58:09    OutSyncTicket_AW0B LMS外同步票接口{数量:3}
2022-10-11 18:58:09    OrderTheOrder_AP0L 订购订单接口{数量:11}
2022-10-11 18:58:09    TransferVehicleBOM_AD08 单车BOM{数量:215}
2022-10-11 18:58:09    VehicOverPointInfo_AM0D 整车实绩过点信息{数量:1}
2022-10-11 18:59:09    ReceivePurchaseOrder_AP11 DMS支给件总成{数量:2}
2022-10-11 18:59:09    TransferVehicleBOM_AD08 单车BOM{数量:195}
2022-10-11 18:59:09    VehicOverPointInfo_AM0D 整车实绩过点信息{数量:1}
2022-10-11 19:00:09    OutSyncTicket_AW0B LMS外同步票接口{数量:6}
2022-10-11 19:00:09    ReceivePurchaseOrder_AP11 DMS支给件总成{数量:2}
2022-10-11 19:00:09    TransferVehicleBOM_AD08 单车BOM{数量:174}
2022-10-11 19:00:09    VehicOverPointInfo_AM0D 整车实绩过点信息{数量:1}
2022-10-11 19:01:09    TransferVehicleBOM_AD08 单车BOM{数量:154}
2022-10-11 19:01:09    VehicOverPointInfo_AM0D 整车实绩过点信息{数量:1}
2022-10-11 19:02:09    OutSyncTicket_AW0B LMS外同步票接口{数量:8}
2022-10-11 19:02:09    OrderTheOrder_AP0L 订购订单接口{数量:16}
2022-10-11 19:02:09    TransferVehicleBOM_AD08 单车BOM{数量:134}
2022-10-11 19:02:09    VehicOverPointInfo_AM0D 整车实绩过点信息{数量:1}
2022-10-11 19:03:09    VehicLockProducPlan_AM0A 整车锁定生产计划,二次锁定{数量:1}
2022-10-11 19:03:09    TransferVehicleBOM_AD08 单车BOM{数量:114}
2022-10-11 19:03:09    VehicOverPointInfo_AM0D 整车实绩过点信息{数量:1}
本次程序运行时长:02时:07分:34秒

2022-10-11 19:12:45    ReceivePurchaseOrder_AP11 DMS支给件总成{数量:1}
2022-10-11 19:12:45    VehicOverPointInfo_AM0D 整车实绩过点信息{数量:1}
2022-10-11 19:13:45    OutSyncTicket_AW0B LMS外同步票接口{数量:20}
2022-10-11 19:13:45    VehicOverPointInfo_BM00 二厂整车过点{数量:1}
2022-10-11 19:13:45    ReceivePurchaseOrder_AP11 DMS支给件总成{数量:1}
2022-10-11 19:13:45    VehicOverPointInfo_AM0D 整车实绩过点信息{数量:1}
2022-10-11 19:14:45    ReceivePurchaseOrder_AP11 DMS支给件总成{数量:2}
2022-10-11 19:14:45    VehicOverPointInfo_AM0D 整车实绩过点信息{数量:1}
2022-10-11 19:15:45    OutSyncTicket_AW0B LMS外同步票接口{数量:10}
2022-10-11 19:15:45    ReceivePurchaseOrder_AP11 DMS支给件总成{数量:2}
2022-10-11 19:15:45    VehicOverPointInfo_AM0D 整车实绩过点信息{数量:1}
2022-10-11 19:16:45    ReceivePurchaseOrder_AP11 DMS支给件总成{数量:5}
2022-10-11 19:16:45    VehicOverPointInfo_AM0D 整车实绩过点信息{数量:1}
2022-10-11 19:17:45    OutSyncTicket_AW0B LMS外同步票接口{数量:48}
2022-10-11 19:17:45    ExceptOrderAplFeedback_AP0W 例外订购申请反馈{数量:1}
2022-10-11 19:17:45    ReceivePurchaseOrder_AP11 DMS支给件总成{数量:5}
2022-10-11 19:17:45    VehicOverPointInfo_AM0D 整车实绩过点信息{数量:1}
2022-10-11 19:18:45    ReceivePurchaseOrder_AP11 DMS支给件总成{数量:5}
2022-10-11 19:18:45    VehicOverPointInfo_AM0D 整车实绩过点信息{数量:1}
2022-10-11 19:19:45    OutSyncTicket_AW0B LMS外同步票接口{数量:9}
2022-10-11 19:19:45    VehicOverPointInfo_BM00 二厂整车过点{数量:1}
2022-10-11 19:19:45    ReceivePurchaseOrder_AP11 DMS支给件总成{数量:5}
2022-10-11 19:19:45    VehicOverPointInfo_AM0D 整车实绩过点信息{数量:1}
2022-10-11 19:20:45    VehicOverPointInfo_BM00 二厂整车过点{数量:1}
2022-10-11 19:20:45    VehicOverPointInfo_AM0D 整车实绩过点信息{数量:1}
2022-10-11 19:21:45    OutSyncTicket_AW0B LMS外同步票接口{数量:52}
2022-10-11 19:22:45    VehicOverPointInfo_BM00 二厂整车过点{数量:1}
2022-10-11 19:22:45    VehicOverPointInfo_AM0D 整车实绩过点信息{数量:1}
2022-10-11 19:23:45    OutSyncTicket_AW0B LMS外同步票接口{数量:7}
2022-10-11 19:23:45    VehicOverPointInfo_BM00 二厂整车过点{数量:1}
2022-10-11 19:23:45    VehicLockProducPlan_AM0A 整车锁定生产计划,二次锁定{数量:1}
2022-10-11 19:23:45    VehicOverPointInfo_AM0D 整车实绩过点信息{数量:1}
2022-10-11 19:24:45    VehicOverPointInfo_AM0D 整车实绩过点信息{数量:1}
2022-10-11 19:25:45    OutSyncTicket_AW0B LMS外同步票接口{数量:13}
2022-10-11 19:25:45    VehicOverPointInfo_BM00 二厂整车过点{数量:1}
2022-10-11 19:25:45    VehicOverPointInfo_AM0D 整车实绩过点信息{数量:1}
2022-10-11 19:26:45    VehicOverPointInfo_BM00 二厂整车过点{数量:1}
2022-10-11 19:26:45    VehicOverPointInfo_AM0D 整车实绩过点信息{数量:1}
2022-10-11 19:27:46    OutSyncTicket_AW0B LMS外同步票接口{数量:11}
2022-10-11 19:27:46    VehicOverPointInfo_BM00 二厂整车过点{数量:1}
2022-10-11 19:27:46    VehicOverPointInfo_AM0D 整车实绩过点信息{数量:1}
2022-10-11 19:28:46    VehicOverPointInfo_AM0D 整车实绩过点信息{数量:1}
2022-10-11 19:29:46    OutSyncTicket_AW0B LMS外同步票接口{数量:2}
2022-10-11 19:29:46    VehicOverPointInfo_AM0D 整车实绩过点信息{数量:1}
2022-10-11 19:30:46    VehicOverPointInfo_AM0D 整车实绩过点信息{数量:1}
2022-10-11 19:31:46    OutSyncTicket_AW0B LMS外同步票接口{数量:50}
2022-10-11 19:31:46    VehicOverPointInfo_BM00 二厂整车过点{数量:1}
2022-10-11 19:31:46    VehicOverPointInfo_AM0D 整车实绩过点信息{数量:1}
2022-10-11 19:32:46    VehicOverPointInfo_AM0D 整车实绩过点信息{数量:1}
2022-10-11 19:33:46    OutSyncTicket_AW0B LMS外同步票接口{数量:14}
2022-10-11 19:33:46    VehicOverPointInfo_AM0D 整车实绩过点信息{数量:1}
2022-10-11 19:34:46    VehicOverPointInfo_AM0D 整车实绩过点信息{数量:1}
2022-10-11 19:35:46    OutSyncTicket_AW0B LMS外同步票接口{数量:10}
2022-10-11 19:35:46    VehicOverPointInfo_BM00 二厂整车过点{数量:1}
2022-10-11 19:35:46    VehicOverPointInfo_AM0D 整车实绩过点信息{数量:1}
2022-10-11 19:36:46    VehicOverPointInfo_AM0D 整车实绩过点信息{数量:1}
2022-10-11 19:37:47    OutSyncTicket_AW0B LMS外同步票接口{数量:10}
2022-10-11 19:37:47    VehicOverPointInfo_BM00 二厂整车过点{数量:1}
2022-10-11 19:37:47    VehicOverPointInfo_AM0D 整车实绩过点信息{数量:1}
2022-10-11 19:38:47    VehicOverPointInfo_AM0D 整车实绩过点信息{数量:1}
2022-10-11 19:39:47    OutSyncTicket_AW0B LMS外同步票接口{数量:5}
2022-10-11 19:39:47    VehicOverPointInfo_AM0D 整车实绩过点信息{数量:1}
2022-10-11 19:40:47    VehicOverPointInfo_AM0D 整车实绩过点信息{数量:1}
2022-10-11 19:41:47    VehicOverPointInfo_AM0D 整车实绩过点信息{数量:1}
2022-10-11 19:42:47    VehicOverPointInfo_AM0D 整车实绩过点信息{数量:1}
2022-10-11 19:43:47    OutSyncTicket_AW0B LMS外同步票接口{数量:37}
2022-10-11 19:43:47    VehicLockProducPlan_AM0A 整车锁定生产计划,二次锁定{数量:1}
2022-10-11 19:43:47    VehicOverPointInfo_AM0D 整车实绩过点信息{数量:1}
2022-10-11 19:44:47    VehicOverPointInfo_AM0D 整车实绩过点信息{数量:1}
2022-10-11 19:45:47    OutSyncTicket_AW0B LMS外同步票接口{数量:4}
2022-10-11 19:45:47    VehicOverPointInfo_BM00 二厂整车过点{数量:1}
2022-10-11 19:45:47    VehicOverPointInfo_AM0D 整车实绩过点信息{数量:1}
2022-10-11 19:46:47    VehicOverPointInfo_AM0D 整车实绩过点信息{数量:1}
2022-10-11 19:47:47    VehicOverPointInfo_AM0D 整车实绩过点信息{数量:1}
2022-10-11 19:48:47    VehicOverPointInfo_AM0D 整车实绩过点信息{数量:1}
2022-10-11 19:49:47    OutSyncTicket_AW0B LMS外同步票接口{数量:41}
2022-10-11 19:49:47    VehicOverPointInfo_AM0D 整车实绩过点信息{数量:1}
2022-10-11 19:50:47    VehicOverPointInfo_AM0D 整车实绩过点信息{数量:1}
2022-10-11 19:51:47    OutSyncTicket_AW0B LMS外同步票接口{数量:18}
2022-10-11 19:51:47    VehicOverPointInfo_AM0D 整车实绩过点信息{数量:1}
2022-10-11 19:52:47    VehicOverPointInfo_AM0D 整车实绩过点信息{数量:1}
2022-10-11 19:53:47    OutSyncTicket_AW0B LMS外同步票接口{数量:28}
2022-10-11 19:53:47    VehicOverPointInfo_AM0D 整车实绩过点信息{数量:1}
本次程序运行时长:00时:58分:00秒

2022-10-11 20:10:51    VehicOverPointInfo_AM0D 整车实绩过点信息{数量:2}
2022-10-11 20:11:51    OutSyncTicket_AW0B LMS外同步票接口{数量:56}
2022-10-11 20:12:52    VehicOverPointInfo_AM0D 整车实绩过点信息{数量:2}
2022-10-11 20:13:52    VehicLockProducPlan_AM0A 整车锁定生产计划,二次锁定{数量:1}
2022-10-11 20:13:52    VehicOverPointInfo_AM0D 整车实绩过点信息{数量:2}
2022-10-11 20:14:52    VehicOverPointInfo_AM0D 整车实绩过点信息{数量:2}
2022-10-11 20:15:52    OutSyncTicket_AW0B LMS外同步票接口{数量:8}
2022-10-11 20:15:52    VehicOverPointInfo_AM0D 整车实绩过点信息{数量:2}
2022-10-11 20:16:52    ReceivePurchaseOrder_AP11 DMS支给件总成{数量:2}
2022-10-11 20:16:52    VehicOverPointInfo_AM0D 整车实绩过点信息{数量:2}
2022-10-11 20:17:52    OutSyncTicket_AW0B LMS外同步票接口{数量:3}
2022-10-11 20:17:52    ExceptOrderAplFeedback_AP0W 例外订购申请反馈{数量:1}
2022-10-11 20:17:52    ReceivePurchaseOrder_AP11 DMS支给件总成{数量:2}
2022-10-11 20:17:52    VehicOverPointInfo_AM0D 整车实绩过点信息{数量:2}
2022-10-11 20:18:52    ReceivePurchaseOrder_AP11 DMS支给件总成{数量:4}
2022-10-11 20:18:52    VehicOverPointInfo_AM0D 整车实绩过点信息{数量:2}
2022-10-11 20:19:52    OutSyncTicket_AW0B LMS外同步票接口{数量:3}
2022-10-11 20:19:52    ReceivePurchaseOrder_AP11 DMS支给件总成{数量:4}
2022-10-11 20:19:52    VehicOverPointInfo_AM0D 整车实绩过点信息{数量:2}
2022-10-11 20:20:52    ReceivePurchaseOrder_AP11 DMS支给件总成{数量:1}
2022-10-11 20:20:52    VehicOverPointInfo_AM0D 整车实绩过点信息{数量:2}
2022-10-11 20:21:52    OutSyncTicket_AW0B LMS外同步票接口{数量:12}
2022-10-11 20:21:52    ReceivePurchaseOrder_AP11 DMS支给件总成{数量:1}
2022-10-11 20:21:52    VehicOverPointInfo_AM0D 整车实绩过点信息{数量:1}
2022-10-11 20:22:52    ReceivePurchaseOrder_AP11 DMS支给件总成{数量:2}
2022-10-11 20:22:52    VehicOverPointInfo_AM0D 整车实绩过点信息{数量:2}
2022-10-11 20:23:52    OutSyncTicket_AW0B LMS外同步票接口{数量:43}
2022-10-11 20:23:52    ReceivePurchaseOrder_AP11 DMS支给件总成{数量:2}
2022-10-11 20:23:52    VehicLockProducPlan_AM0A 整车锁定生产计划,二次锁定{数量:1}
2022-10-11 20:23:52    VehicOverPointInfo_AM0D 整车实绩过点信息{数量:2}
2022-10-11 20:24:52    ReceivePurchaseOrder_AP11 DMS支给件总成{数量:4}
2022-10-11 20:24:52    VehicOverPointInfo_AM0D 整车实绩过点信息{数量:2}
2022-10-11 20:25:52    OutSyncTicket_AW0B LMS外同步票接口{数量:45}
2022-10-11 20:25:52    ReceivePurchaseOrder_AP11 DMS支给件总成{数量:4}
2022-10-11 20:25:52    VehicOverPointInfo_AM0D 整车实绩过点信息{数量:2}
2022-10-11 20:26:52    ReceivePurchaseOrder_AP11 DMS支给件总成{数量:7}
2022-10-11 20:26:52    VehicOverPointInfo_AM0D 整车实绩过点信息{数量:1}
2022-10-11 20:27:52    OutSyncTicket_AW0B LMS外同步票接口{数量:2}
2022-10-11 20:27:52    ReceivePurchaseOrder_AP11 DMS支给件总成{数量:7}
2022-10-11 20:27:52    VehicOverPointInfo_AM0D 整车实绩过点信息{数量:2}
2022-10-11 20:28:53    ReceivePurchaseOrder_AP11 DMS支给件总成{数量:8}
2022-10-11 20:28:53    VehicOverPointInfo_AM0D 整车实绩过点信息{数量:2}
2022-10-11 20:29:53    OutSyncTicket_AW0B LMS外同步票接口{数量:44}
2022-10-11 20:29:53    ReceivePurchaseOrder_AP11 DMS支给件总成{数量:8}
2022-10-11 20:29:53    VehicOverPointInfo_AM0D 整车实绩过点信息{数量:2}
2022-10-11 20:30:53    VehicOverPointInfo_AM0D 整车实绩过点信息{数量:1}
2022-10-11 20:31:53    OutSyncTicket_AW0B LMS外同步票接口{数量:73}
2022-10-11 20:32:53    VehicOverPointInfo_AM0D 整车实绩过点信息{数量:1}
2022-10-11 20:33:53    VehicOverPointInfo_AM0D 整车实绩过点信息{数量:1}
2022-10-11 20:34:53    VehicOverPointInfo_AM0D 整车实绩过点信息{数量:1}
2022-10-11 20:35:54    VehicOverPointInfo_AM0D 整车实绩过点信息{数量:1}
2022-10-11 20:36:54    VehicOverPointInfo_AM0D 整车实绩过点信息{数量:1}
2022-10-11 20:37:54    ExceptOrderAplFeedback_AP0W 例外订购申请反馈{数量:2}
2022-10-11 20:37:54    VehicOverPointInfo_AM0D 整车实绩过点信息{数量:1}
2022-10-11 20:38:54    VehicOverPointInfo_AM0D 整车实绩过点信息{数量:1}
2022-10-11 20:39:54    VehicOverPointInfo_AM0D 整车实绩过点信息{数量:1}
2022-10-11 20:40:54    ReceivePurchaseOrder_AP11 DMS支给件总成{数量:3}
2022-10-11 20:40:54    VehicOverPointInfo_AM0D 整车实绩过点信息{数量:1}
2022-10-11 20:41:54    ReceivePurchaseOrder_AP11 DMS支给件总成{数量:3}
2022-10-11 20:41:54    VehicOverPointInfo_AM0D 整车实绩过点信息{数量:1}
2022-10-11 20:42:54    ReceivePurchaseOrder_AP11 DMS支给件总成{数量:3}
2022-10-11 20:42:54    VehicOverPointInfo_AM0D 整车实绩过点信息{数量:1}
2022-10-11 20:43:54    ReceivePurchaseOrder_AP11 DMS支给件总成{数量:3}
2022-10-11 20:43:54    VehicOverPointInfo_AM0D 整车实绩过点信息{数量:1}
2022-10-11 20:44:54    ReceivePurchaseOrder_AP11 DMS支给件总成{数量:4}
2022-10-11 20:44:54    VehicOverPointInfo_AM0D 整车实绩过点信息{数量:1}
2022-10-11 20:45:54    ReceivePurchaseOrder_AP11 DMS支给件总成{数量:4}
2022-10-11 20:45:54    VehicOverPointInfo_AM0D 整车实绩过点信息{数量:1}
2022-10-11 20:46:54    ReceivePurchaseOrder_AP11 DMS支给件总成{数量:4}
2022-10-11 20:46:54    VehicOverPointInfo_AM0D 整车实绩过点信息{数量:1}
2022-10-11 20:47:54    ReceivePurchaseOrder_AP11 DMS支给件总成{数量:4}
2022-10-11 20:47:54    VehicOverPointInfo_AM0D 整车实绩过点信息{数量:1}
2022-10-11 20:48:54    ReceivePurchaseOrder_AP11 DMS支给件总成{数量:4}
2022-10-11 20:48:54    VehicOverPointInfo_AM0D 整车实绩过点信息{数量:1}
2022-10-11 20:49:54    ReceivePurchaseOrder_AP11 DMS支给件总成{数量:4}
2022-10-11 20:49:54    VehicOverPointInfo_AM0D 整车实绩过点信息{数量:1}
2022-10-11 20:50:54    ReceivePurchaseOrder_AP11 DMS支给件总成{数量:1}
2022-10-11 20:50:54    VehicOverPointInfo_AM0D 整车实绩过点信息{数量:1}
2022-10-11 20:51:54    ReceivePurchaseOrder_AP11 DMS支给件总成{数量:1}
2022-10-11 20:51:54    VehicOverPointInfo_AM0D 整车实绩过点信息{数量:1}
2022-10-11 20:52:54    ReceivePurchaseOrder_AP11 DMS支给件总成{数量:2}
2022-10-11 20:52:54    VehicOverPointInfo_AM0D 整车实绩过点信息{数量:1}
2022-10-11 20:53:54    ReceivePurchaseOrder_AP11 DMS支给件总成{数量:2}
2022-10-11 20:53:54    VehicOverPointInfo_AM0D 整车实绩过点信息{数量:1}
2022-10-11 20:54:54    ReceivePurchaseOrder_AP11 DMS支给件总成{数量:3}
2022-10-11 20:54:54    VehicOverPointInfo_AM0D 整车实绩过点信息{数量:1}
2022-10-11 20:55:54    OutSyncTicket_AW0B LMS外同步票接口{数量:2}
2022-10-11 20:55:54    ReceivePurchaseOrder_AP11 DMS支给件总成{数量:3}
2022-10-11 20:55:54    VehicOverPointInfo_AM0D 整车实绩过点信息{数量:1}
2022-10-11 20:56:54    ReceivePurchaseOrder_AP11 DMS支给件总成{数量:4}
2022-10-11 20:56:54    VehicOverPointInfo_AM0D 整车实绩过点信息{数量:1}
2022-10-11 20:57:54    ReceivePurchaseOrder_AP11 DMS支给件总成{数量:4}
2022-10-11 20:57:54    VehicOverPointInfo_AM0D 整车实绩过点信息{数量:1}
2022-10-11 20:58:54    ReceivePurchaseOrder_AP11 DMS支给件总成{数量:6}
2022-10-11 20:58:54    VehicOverPointInfo_AM0D 整车实绩过点信息{数量:1}
2022-10-11 20:59:54    ReceivePurchaseOrder_AP11 DMS支给件总成{数量:6}
2022-10-11 20:59:54    VehicOverPointInfo_AM0D 整车实绩过点信息{数量:1}
2022-10-11 21:00:54    ReceivePurchaseOrder_AP11 DMS支给件总成{数量:2}
2022-10-11 21:00:54    VehicOverPointInfo_AM0D 整车实绩过点信息{数量:1}
2022-10-11 21:01:54    ReceivePurchaseOrder_AP11 DMS支给件总成{数量:2}
2022-10-11 21:01:54    VehicOverPointInfo_AM0D 整车实绩过点信息{数量:1}
2022-10-11 21:02:54    ReceivePurchaseOrder_AP11 DMS支给件总成{数量:2}
2022-10-11 21:02:54    VehicOverPointInfo_AM0D 整车实绩过点信息{数量:1}
2022-10-11 21:03:54    OutSyncTicket_AW0B LMS外同步票接口{数量:5}
2022-10-11 21:03:54    ReceivePurchaseOrder_AP11 DMS支给件总成{数量:2}
2022-10-11 21:03:54    VehicOverPointInfo_AM0D 整车实绩过点信息{数量:1}
2022-10-11 21:04:54    ReceivePurchaseOrder_AP11 DMS支给件总成{数量:2}
2022-10-11 21:04:54    VehicOverPointInfo_AM0D 整车实绩过点信息{数量:1}
2022-10-11 21:05:54    OutSyncTicket_AW0B LMS外同步票接口{数量:13}
2022-10-11 21:05:54    ReceivePurchaseOrder_AP11 DMS支给件总成{数量:2}
2022-10-11 21:05:54    VehicOverPointInfo_AM0D 整车实绩过点信息{数量:1}
2022-10-11 21:06:54    ReceivePurchaseOrder_AP11 DMS支给件总成{数量:2}
2022-10-11 21:06:54    VehicOverPointInfo_AM0D 整车实绩过点信息{数量:1}
2022-10-11 21:07:55    ReceivePurchaseOrder_AP11 DMS支给件总成{数量:2}
2022-10-11 21:07:55    VehicOverPointInfo_AM0D 整车实绩过点信息{数量:1}
2022-10-11 21:08:55    ReceivePurchaseOrder_AP11 DMS支给件总成{数量:2}
2022-10-11 21:08:55    VehicOverPointInfo_AM0D 整车实绩过点信息{数量:1}
2022-10-11 21:09:55    OutSyncTicket_AW0B LMS外同步票接口{数量:29}
2022-10-11 21:09:55    ReceivePurchaseOrder_AP11 DMS支给件总成{数量:2}
2022-10-11 21:09:55    VehicOverPointInfo_AM0D 整车实绩过点信息{数量:1}
2022-10-11 21:10:55    VehicOverPointInfo_AM0D 整车实绩过点信息{数量:1}
2022-10-11 21:11:55    VehicOverPointInfo_AM0D 整车实绩过点信息{数量:1}
2022-10-11 21:12:55    VehicOverPointInfo_AM0D 整车实绩过点信息{数量:1}
2022-10-11 21:13:55    OutSyncTicket_AW0B LMS外同步票接口{数量:2}
2022-10-11 21:13:55    VehicOverPointInfo_AM0D 整车实绩过点信息{数量:1}
2022-10-11 21:14:55    VehicOverPointInfo_AM0D 整车实绩过点信息{数量:1}
2022-10-11 21:15:55    VehicOverPointInfo_AM0D 整车实绩过点信息{数量:1}
2022-10-11 21:16:55    VehicOverPointInfo_AM0D 整车实绩过点信息{数量:1}
2022-10-11 21:17:55    VehicOverPointInfo_AM0D 整车实绩过点信息{数量:1}
2022-10-11 21:18:55    VehicOverPointInfo_AM0D 整车实绩过点信息{数量:2}
2022-10-11 21:19:55    OutSyncTicket_AW0B LMS外同步票接口{数量:4}
2022-10-11 21:19:55    VehicOverPointInfo_AM0D 整车实绩过点信息{数量:2}
2022-10-11 21:20:55    VehicOverPointInfo_AM0D 整车实绩过点信息{数量:2}
2022-10-11 21:21:55    OutSyncTicket_AW0B LMS外同步票接口{数量:29}
2022-10-11 21:21:55    VehicOverPointInfo_AM0D 整车实绩过点信息{数量:2}
2022-10-11 21:22:55    VehicOverPointInfo_AM0D 整车实绩过点信息{数量:1}
2022-10-11 21:23:55    OutSyncTicket_AW0B LMS外同步票接口{数量:4}
2022-10-11 21:23:55    VehicLockProducPlan_AM0A 整车锁定生产计划,二次锁定{数量:1}
2022-10-11 21:23:55    VehicOverPointInfo_AM0D 整车实绩过点信息{数量:2}
2022-10-11 21:24:55    VehicOverPointInfo_AM0D 整车实绩过点信息{数量:2}
2022-10-11 21:25:55    VehicOverPointInfo_AM0D 整车实绩过点信息{数量:2}
2022-10-11 21:26:55    VehicOverPointInfo_AM0D 整车实绩过点信息{数量:2}
2022-10-11 21:27:55    VehicOverPointInfo_AM0D 整车实绩过点信息{数量:2}
2022-10-11 21:28:55    VehicOverPointInfo_AM0D 整车实绩过点信息{数量:2}
2022-10-11 21:29:55    OutSyncTicket_AW0B LMS外同步票接口{数量:2}
2022-10-11 21:29:55    VehicOverPointInfo_AM0D 整车实绩过点信息{数量:2}
2022-10-11 21:30:55    VehicOverPointInfo_AM0D 整车实绩过点信息{数量:2}
2022-10-11 21:31:55    OutSyncTicket_AW0B LMS外同步票接口{数量:55}
2022-10-11 21:32:55    VehicOverPointInfo_AM0D 整车实绩过点信息{数量:2}
2022-10-11 21:33:55    OutSyncTicket_AW0B LMS外同步票接口{数量:15}
2022-10-11 21:33:55    VehicOverPointInfo_AM0D 整车实绩过点信息{数量:2}
2022-10-11 21:34:55    VehicOverPointInfo_AM0D 整车实绩过点信息{数量:2}
2022-10-11 21:35:55    OutSyncTicket_AW0B LMS外同步票接口{数量:5}
2022-10-11 21:35:55    VehicOverPointInfo_AM0D 整车实绩过点信息{数量:2}
2022-10-11 21:36:55    ReceivePurchaseOrder_AP11 DMS支给件总成{数量:2}
2022-10-11 21:36:55    VehicOverPointInfo_AM0D 整车实绩过点信息{数量:2}
2022-10-11 21:37:55    OutSyncTicket_AW0B LMS外同步票接口{数量:18}
2022-10-11 21:37:55    ReceivePurchaseOrder_AP11 DMS支给件总成{数量:2}
2022-10-11 21:37:55    VehicOverPointInfo_AM0D 整车实绩过点信息{数量:2}
2022-10-11 21:38:55    ReceivePurchaseOrder_AP11 DMS支给件总成{数量:3}
2022-10-11 21:38:55    VehicOverPointInfo_AM0D 整车实绩过点信息{数量:2}
2022-10-11 21:39:55    OutSyncTicket_AW0B LMS外同步票接口{数量:51}
2022-10-11 21:40:55    VehicOverPointInfo_AM0D 整车实绩过点信息{数量:2}
2022-10-11 21:41:55    VehicOverPointInfo_AM0D 整车实绩过点信息{数量:2}
2022-10-11 21:42:55    ReceivePurchaseOrder_AP11 DMS支给件总成{数量:1}
2022-10-11 21:42:55    VehicOverPointInfo_AM0D 整车实绩过点信息{数量:2}
2022-10-11 21:43:56    ReceivePurchaseOrder_AP11 DMS支给件总成{数量:1}
2022-10-11 21:43:56    VehicLockProducPlan_AM0A 整车锁定生产计划,二次锁定{数量:1}
2022-10-11 21:43:56    VehicOverPointInfo_AM0D 整车实绩过点信息{数量:2}
2022-10-11 21:44:56    ReceivePurchaseOrder_AP11 DMS支给件总成{数量:1}
2022-10-11 21:44:56    VehicOverPointInfo_AM0D 整车实绩过点信息{数量:2}
2022-10-11 21:45:56    OutSyncTicket_AW0B LMS外同步票接口{数量:13}
2022-10-11 21:45:56    ReceivePurchaseOrder_AP11 DMS支给件总成{数量:1}
2022-10-11 21:45:56    VehicOverPointInfo_AM0D 整车实绩过点信息{数量:2}
2022-10-11 21:46:56    ReceivePurchaseOrder_AP11 DMS支给件总成{数量:1}
2022-10-11 21:46:56    VehicOverPointInfo_AM0D 整车实绩过点信息{数量:2}
2022-10-11 21:47:56    OutSyncTicket_AW0B LMS外同步票接口{数量:44}
2022-10-11 21:47:56    ReceivePurchaseOrder_AP11 DMS支给件总成{数量:1}
2022-10-11 21:47:56    VehicOverPointInfo_AM0D 整车实绩过点信息{数量:1}
2022-10-11 21:48:56    ReceivePurchaseOrder_AP11 DMS支给件总成{数量:1}
2022-10-11 21:48:56    VehicOverPointInfo_AM0D 整车实绩过点信息{数量:2}
2022-10-11 21:49:56    OutSyncTicket_AW0B LMS外同步票接口{数量:5}
2022-10-11 21:49:56    ReceivePurchaseOrder_AP11 DMS支给件总成{数量:1}
2022-10-11 21:49:56    VehicOverPointInfo_AM0D 整车实绩过点信息{数量:2}
2022-10-11 21:50:56    VehicOverPointInfo_AM0D 整车实绩过点信息{数量:1}
2022-10-11 21:51:56    OutSyncTicket_AW0B LMS外同步票接口{数量:10}
2022-10-11 21:51:56    VehicOverPointInfo_AM0D 整车实绩过点信息{数量:1}
2022-10-11 21:52:56    VehicOverPointInfo_AM0D 整车实绩过点信息{数量:1}
2022-10-11 21:53:56    OutSyncTicket_AW0B LMS外同步票接口{数量:55}
2022-10-11 21:54:56    VehicOverPointInfo_AM0D 整车实绩过点信息{数量:1}
2022-10-11 21:55:56    VehicOverPointInfo_AM0D 整车实绩过点信息{数量:2}
2022-10-11 21:56:56    VehicOverPointInfo_AM0D 整车实绩过点信息{数量:2}
2022-10-11 21:57:56    VehicOverPointInfo_AM0D 整车实绩过点信息{数量:1}
2022-10-11 21:58:56    VehicOverPointInfo_AM0D 整车实绩过点信息{数量:2}
2022-10-11 21:59:56    OutSyncTicket_AW0B LMS外同步票接口{数量:4}
2022-10-11 21:59:56    VehicOverPointInfo_AM0D 整车实绩过点信息{数量:2}
2022-10-11 22:00:56    VehicOverPointInfo_AM0D 整车实绩过点信息{数量:2}
2022-10-11 22:01:56    OutSyncTicket_AW0B LMS外同步票接口{数量:2}
2022-10-11 22:01:56    VehicOverPointInfo_AM0D 整车实绩过点信息{数量:2}
2022-10-11 22:02:57    VehicOverPointInfo_AM0D 整车实绩过点信息{数量:2}
2022-10-11 22:03:57    OutSyncTicket_AW0B LMS外同步票接口{数量:22}
2022-10-11 22:03:57    VehicOverPointInfo_AM0D 整车实绩过点信息{数量:2}
2022-10-11 22:04:57    VehicOverPointInfo_AM0D 整车实绩过点信息{数量:2}
2022-10-11 22:05:57    OutSyncTicket_AW0B LMS外同步票接口{数量:11}
2022-10-11 22:05:57    VehicOverPointInfo_AM0D 整车实绩过点信息{数量:2}
2022-10-11 22:06:57    VehicOverPointInfo_AM0D 整车实绩过点信息{数量:2}
2022-10-11 22:07:57    OutSyncTicket_AW0B LMS外同步票接口{数量:94}
2022-10-11 22:08:57    OutSyncTicket_AW0B LMS外同步票接口{数量:4}
2022-10-11 22:08:57    VehicOverPointInfo_AM0D 整车实绩过点信息{数量:2}
2022-10-11 22:09:57    OutSyncTicket_AW0B LMS外同步票接口{数量:13}
2022-10-11 22:09:57    VehicOverPointInfo_AM0D 整车实绩过点信息{数量:1}
2022-10-11 22:10:57    VehicOverPointInfo_AM0D 整车实绩过点信息{数量:1}
2022-10-11 22:11:57    OutSyncTicket_AW0B LMS外同步票接口{数量:3}
2022-10-11 22:11:57    VehicOverPointInfo_AM0D 整车实绩过点信息{数量:1}
2022-10-11 22:12:57    VehicOverPointInfo_AM0D 整车实绩过点信息{数量:1}
2022-10-11 22:13:57    OutSyncTicket_AW0B LMS外同步票接口{数量:2}
2022-10-11 22:13:57    VehicOverPointInfo_AM0D 整车实绩过点信息{数量:2}
2022-10-11 22:14:57    VehicOverPointInfo_AM0D 整车实绩过点信息{数量:2}
2022-10-11 22:15:57    VehicOverPointInfo_AM0D 整车实绩过点信息{数量:2}
2022-10-11 22:16:57    VehicOverPointInfo_AM0D 整车实绩过点信息{数量:1}
2022-10-11 22:17:57    OutSyncTicket_AW0B LMS外同步票接口{数量:13}
2022-10-11 22:17:57    VehicOverPointInfo_AM0D 整车实绩过点信息{数量:2}
2022-10-11 22:18:57    VehicOverPointInfo_AM0D 整车实绩过点信息{数量:1}
2022-10-11 22:19:57    OutSyncTicket_AW0B LMS外同步票接口{数量:6}
2022-10-11 22:19:57    VehicOverPointInfo_AM0D 整车实绩过点信息{数量:2}
2022-10-11 22:20:57    VehicOverPointInfo_AM0D 整车实绩过点信息{数量:1}
2022-10-11 22:21:57    OutSyncTicket_AW0B LMS外同步票接口{数量:24}
2022-10-11 22:21:57    VehicOverPointInfo_AM0D 整车实绩过点信息{数量:1}
2022-10-11 22:22:57    VehicOverPointInfo_AM0D 整车实绩过点信息{数量:1}
2022-10-11 22:23:57    OutSyncTicket_AW0B LMS外同步票接口{数量:30}
2022-10-11 22:23:57    VehicOverPointInfo_AM0D 整车实绩过点信息{数量:1}
2022-10-11 22:24:57    VehicOverPointInfo_AM0D 整车实绩过点信息{数量:1}
2022-10-11 22:25:58    OutSyncTicket_AW0B LMS外同步票接口{数量:68}
2022-10-11 22:26:58    VehicOverPointInfo_AM0D 整车实绩过点信息{数量:1}
2022-10-11 22:27:58    OutSyncTicket_AW0B LMS外同步票接口{数量:2}
2022-10-11 22:27:58    VehicOverPointInfo_AM0D 整车实绩过点信息{数量:2}
2022-10-11 22:28:58    VehicOverPointInfo_AM0D 整车实绩过点信息{数量:2}
2022-10-11 22:29:58    OutSyncTicket_AW0B LMS外同步票接口{数量:6}
2022-10-11 22:29:58    VehicOverPointInfo_AM0D 整车实绩过点信息{数量:1}
2022-10-11 22:30:58    VehicOverPointInfo_AM0D 整车实绩过点信息{数量:2}