
2022-10-12 00:00:03    BatteryFarmOverPoint_AM65 电池实际过点信息{数量:1}
2022-10-12 00:00:03    VehicOverPointInfo_AM0D 整车实绩过点信息{数量:1}
2022-10-12 00:01:03    VehicOverPointInfo_AM0D 整车实绩过点信息{数量:1}
2022-10-12 00:02:03    OutSyncTicket_AW0B LMS外同步票接口{数量:59}
2022-10-12 00:03:03    BatteryFarmOverPoint_AM65 电池实际过点信息{数量:1}
2022-10-12 00:03:03    ReceivePurchaseOrder_AP11 DMS支给件总成{数量:8}
2022-10-12 00:03:03    VehicLockProducPlan_AM0A 整车锁定生产计划,二次锁定{数量:1}
2022-10-12 00:03:03    VehicOverPointInfo_AM0D 整车实绩过点信息{数量:1}
2022-10-12 00:04:03    ReceivePurchaseOrder_AP11 DMS支给件总成{数量:17}
2022-10-12 00:04:03    VehicOverPointInfo_AM0D 整车实绩过点信息{数量:1}
2022-10-12 00:05:03    BatteryFarmOverPoint_AM65 电池实际过点信息{数量:1}
2022-10-12 00:05:03    ReceivePurchaseOrder_AP11 DMS支给件总成{数量:20}
2022-10-12 00:05:03    VehicOverPointInfo_AM0D 整车实绩过点信息{数量:2}
2022-10-12 00:06:03    OutSyncTicket_AW0B LMS外同步票接口{数量:9}
2022-10-12 00:06:03    ReceivePurchaseOrder_AP11 DMS支给件总成{数量:20}
2022-10-12 00:06:03    VehicOverPointInfo_AM0D 整车实绩过点信息{数量:1}
2022-10-12 00:07:03    BatteryFarmOverPoint_AM65 电池实际过点信息{数量:1}
2022-10-12 00:07:03    ReceivePurchaseOrder_AP11 DMS支给件总成{数量:20}
2022-10-12 00:07:03    VehicOverPointInfo_AM0D 整车实绩过点信息{数量:1}
2022-10-12 00:08:03    OutSyncTicket_AW0B LMS外同步票接口{数量:26}
2022-10-12 00:08:03    ReceivePurchaseOrder_AP11 DMS支给件总成{数量:20}
2022-10-12 00:08:03    VehicOverPointInfo_AM0D 整车实绩过点信息{数量:1}
2022-10-12 00:09:04    ReceivePurchaseOrder_AP11 DMS支给件总成{数量:20}
2022-10-12 00:09:04    VehicOverPointInfo_AM0D 整车实绩过点信息{数量:1}
2022-10-12 00:10:04    BatteryFarmOverPoint_AM65 电池实际过点信息{数量:1}
2022-10-12 00:10:04    ReceivePurchaseOrder_AP11 DMS支给件总成{数量:20}
2022-10-12 00:10:04    VehicOverPointInfo_AM0D 整车实绩过点信息{数量:1}
2022-10-12 00:11:04    BatteryFarmOverPoint_AM65 电池实际过点信息{数量:1}
2022-10-12 00:11:04    VehicOverPointInfo_AM0D 整车实绩过点信息{数量:1}
2022-10-12 00:12:04    OutSyncTicket_AW0B LMS外同步票接口{数量:67}
2022-10-12 00:13:04    BatteryFarmOverPoint_AM65 电池实际过点信息{数量:1}
2022-10-12 00:13:04    VehicOverPointInfo_AM0D 整车实绩过点信息{数量:1}
2022-10-12 00:14:04    BatteryFarmOverPoint_AM65 电池实际过点信息{数量:1}
2022-10-12 00:14:04    VehicOverPointInfo_AM0D 整车实绩过点信息{数量:1}
2022-10-12 00:15:04    BatteryFarmOverPoint_AM65 电池实际过点信息{数量:1}
2022-10-12 00:15:04    VehicOverPointInfo_AM0D 整车实绩过点信息{数量:1}
2022-10-12 00:16:04    OutSyncTicket_AW0B LMS外同步票接口{数量:11}
2022-10-12 00:16:04    VehicOverPointInfo_AM0D 整车实绩过点信息{数量:1}
2022-10-12 00:17:04    BatteryFarmOverPoint_AM65 电池实际过点信息{数量:1}
2022-10-12 00:17:04    VehicOverPointInfo_AM0D 整车实绩过点信息{数量:1}
2022-10-12 00:18:04    OutSyncTicket_AW0B LMS外同步票接口{数量:57}
2022-10-12 00:19:04    BatteryFarmOverPoint_AM65 电池实际过点信息{数量:1}
2022-10-12 00:19:04    VehicOverPointInfo_AM0D 整车实绩过点信息{数量:2}
2022-10-12 00:20:04    VehicOverPointInfo_AM0D 整车实绩过点信息{数量:1}
2022-10-12 00:21:04    BatteryFarmOverPoint_AM65 电池实际过点信息{数量:1}
2022-10-12 00:21:04    VehicOverPointInfo_AM0D 整车实绩过点信息{数量:1}
2022-10-12 00:22:04    OutSyncTicket_AW0B LMS外同步票接口{数量:2}
2022-10-12 00:22:04    BatteryFarmOverPoint_AM65 电池实际过点信息{数量:1}
2022-10-12 00:22:04    VehicOverPointInfo_AM0D 整车实绩过点信息{数量:1}
2022-10-12 00:23:04    VehicLockProducPlan_AM0A 整车锁定生产计划,二次锁定{数量:1}
2022-10-12 00:23:04    VehicOverPointInfo_AM0D 整车实绩过点信息{数量:1}
2022-10-12 00:24:04    OutSyncTicket_AW0B LMS外同步票接口{数量:65}
2022-10-12 00:25:04    VehicOverPointInfo_AM0D 整车实绩过点信息{数量:1}
2022-10-12 00:26:04    BatteryFarmOverPoint_AM65 电池实际过点信息{数量:1}
2022-10-12 00:26:04    VehicOverPointInfo_AM0D 整车实绩过点信息{数量:1}
2022-10-12 00:27:04    VehicOverPointInfo_AM0D 整车实绩过点信息{数量:1}
2022-10-12 00:28:04    OutSyncTicket_AW0B LMS外同步票接口{数量:9}
2022-10-12 00:28:04    BatteryFarmOverPoint_AM65 电池实际过点信息{数量:1}
2022-10-12 00:28:04    VehicOverPointInfo_AM0D 整车实绩过点信息{数量:1}
2022-10-12 00:29:04    BatteryFarmOverPoint_AM65 电池实际过点信息{数量:1}
2022-10-12 00:29:04    VehicOverPointInfo_AM0D 整车实绩过点信息{数量:1}
2022-10-12 00:30:04    OutSyncTicket_AW0B LMS外同步票接口{数量:8}
2022-10-12 00:30:04    VehicOverPointInfo_AM0D 整车实绩过点信息{数量:1}
2022-10-12 00:31:04    BatteryFarmOverPoint_AM65 电池实际过点信息{数量:1}
2022-10-12 00:31:04    VehicOverPointInfo_AM0D 整车实绩过点信息{数量:1}
2022-10-12 00:32:04    OutSyncTicket_AW0B LMS外同步票接口{数量:5}
2022-10-12 00:32:04    BatteryFarmOverPoint_AM65 电池实际过点信息{数量:1}
2022-10-12 00:32:04    VehicOverPointInfo_AM0D 整车实绩过点信息{数量:1}
2022-10-12 00:33:04    VehicOverPointInfo_AM0D 整车实绩过点信息{数量:1}
2022-10-12 00:34:04    OutSyncTicket_AW0B LMS外同步票接口{数量:106}
2022-10-12 00:35:04    BatteryFarmOverPoint_AM65 电池实际过点信息{数量:1}
2022-10-12 00:35:04    VehicOverPointInfo_AM0D 整车实绩过点信息{数量:1}
2022-10-12 00:36:04    BatteryFarmOverPoint_AM65 电池实际过点信息{数量:1}
2022-10-12 00:36:04    VehicOverPointInfo_AM0D 整车实绩过点信息{数量:1}
2022-10-12 00:37:04    VehicOverPointInfo_AM0D 整车实绩过点信息{数量:1}
2022-10-12 00:38:05    OutSyncTicket_AW0B LMS外同步票接口{数量:8}
2022-10-12 00:38:05    BatteryFarmOverPoint_AM65 电池实际过点信息{数量:1}
2022-10-12 00:38:05    VehicOverPointInfo_AM0D 整车实绩过点信息{数量:1}
2022-10-12 00:39:05    VehicOverPointInfo_AM0D 整车实绩过点信息{数量:1}
2022-10-12 00:40:05    OutSyncTicket_AW0B LMS外同步票接口{数量:55}
2022-10-12 00:41:05    BatteryFarmOverPoint_AM65 电池实际过点信息{数量:1}
2022-10-12 00:41:05    VehicOverPointInfo_AM0D 整车实绩过点信息{数量:1}
2022-10-12 00:42:05    VehicOverPointInfo_AM0D 整车实绩过点信息{数量:1}
2022-10-12 00:43:05    BatteryFarmOverPoint_AM65 电池实际过点信息{数量:1}
2022-10-12 00:43:05    VehicOverPointInfo_AM0D 整车实绩过点信息{数量:1}
2022-10-12 00:44:05    OutSyncTicket_AW0B LMS外同步票接口{数量:6}
2022-10-12 00:44:05    BatteryFarmOverPoint_AM65 电池实际过点信息{数量:1}
2022-10-12 00:44:05    VehicOverPointInfo_AM0D 整车实绩过点信息{数量:1}
2022-10-12 00:45:05    BatteryFarmOverPoint_AM65 电池实际过点信息{数量:1}
2022-10-12 00:45:05    VehicOverPointInfo_AM0D 整车实绩过点信息{数量:1}
2022-10-12 00:46:05    OutSyncTicket_AW0B LMS外同步票接口{数量:43}
2022-10-12 00:46:05    VehicOverPointInfo_AM0D 整车实绩过点信息{数量:1}
2022-10-12 00:47:06    BatteryFarmOverPoint_AM65 电池实际过点信息{数量:1}
2022-10-12 00:47:06    VehicOverPointInfo_AM0D 整车实绩过点信息{数量:1}
2022-10-12 00:48:06    ExceptOrderAplFeedback_AP0W 例外订购申请反馈{数量:1}
2022-10-12 00:48:06    BatteryFarmOverPoint_AM65 电池实际过点信息{数量:1}
2022-10-12 00:48:06    VehicOverPointInfo_AM0D 整车实绩过点信息{数量:1}
2022-10-12 00:49:06    BatteryFarmOverPoint_AM65 电池实际过点信息{数量:1}
2022-10-12 00:49:06    VehicOverPointInfo_AM0D 整车实绩过点信息{数量:1}
2022-10-12 00:50:06    OutSyncTicket_AW0B LMS外同步票接口{数量:68}
2022-10-12 00:51:06    VehicOverPointInfo_AM0D 整车实绩过点信息{数量:1}
2022-10-12 00:52:06    BatteryFarmOverPoint_AM65 电池实际过点信息{数量:1}
2022-10-12 00:52:06    VehicOverPointInfo_AM0D 整车实绩过点信息{数量:1}
2022-10-12 00:53:06    VehicOverPointInfo_AM0D 整车实绩过点信息{数量:1}
2022-10-12 00:54:06    OutSyncTicket_AW0B LMS外同步票接口{数量:10}
2022-10-12 00:54:06    BatteryFarmOverPoint_AM65 电池实际过点信息{数量:1}
2022-10-12 00:54:06    OrderTheOrder_AP0L 订购订单接口{数量:2}
2022-10-12 00:54:06    VehicOverPointInfo_AM0D 整车实绩过点信息{数量:1}
2022-10-12 00:55:06    BatteryFarmOverPoint_AM65 电池实际过点信息{数量:1}
2022-10-12 00:55:06    VehicOverPointInfo_AM0D 整车实绩过点信息{数量:1}
2022-10-12 00:56:06    OutSyncTicket_AW0B LMS外同步票接口{数量:73}
2022-10-12 00:57:06    BatteryFarmOverPoint_AM65 电池实际过点信息{数量:1}
2022-10-12 00:57:06    VehicOverPointInfo_AM0D 整车实绩过点信息{数量:1}
2022-10-12 00:57:54    ExceptOrderAplFeedback_AP0W 例外订购申请反馈{数量:1}
2022-10-12 00:57:54    BatteryFarmOverPoint_AM65 电池实际过点信息{数量:1}
2022-10-12 00:57:54    VehicOverPointInfo_AM0D 整车实绩过点信息{数量:2}
2022-10-12 00:58:06    ExceptOrderAplFeedback_AP0W 例外订购申请反馈{数量:1}
2022-10-12 00:58:06    BatteryFarmOverPoint_AM65 电池实际过点信息{数量:1}
2022-10-12 00:58:06    VehicOverPointInfo_AM0D 整车实绩过点信息{数量:1}
2022-10-12 00:58:54    VehicOverPointInfo_AM0D 整车实绩过点信息{数量:1}
2022-10-12 00:59:06    VehicOverPointInfo_AM0D 整车实绩过点信息{数量:1}
2022-10-12 00:59:54    OutSyncTicket_AW0B LMS外同步票接口{数量:11}
2022-10-12 00:59:54    BatteryFarmOverPoint_AM65 电池实际过点信息{数量:1}
2022-10-12 00:59:54    VehicOverPointInfo_AM0D 整车实绩过点信息{数量:1}
2022-10-12 01:00:06    OutSyncTicket_AW0B LMS外同步票接口{数量:11}
2022-10-12 01:00:06    BatteryFarmOverPoint_AM65 电池实际过点信息{数量:1}
2022-10-12 01:00:06    OrderTheOrder_AP0L 订购订单接口{数量:2}
2022-10-12 01:00:06    VehicOverPointInfo_AM0D 整车实绩过点信息{数量:1}
2022-10-12 01:00:54    BatteryFarmOverPoint_AM65 电池实际过点信息{数量:1}
2022-10-12 01:00:54    VehicOverPointInfo_AM0D 整车实绩过点信息{数量:2}
2022-10-12 01:01:06    BatteryFarmOverPoint_AM65 电池实际过点信息{数量:1}
2022-10-12 01:01:06    VehicOverPointInfo_AM0D 整车实绩过点信息{数量:1}
2022-10-12 01:01:54    OutSyncTicket_AW0B LMS外同步票接口{数量:7}
2022-10-12 01:01:54    BatteryFarmOverPoint_AM65 电池实际过点信息{数量:1}
2022-10-12 01:01:54    VehicOverPointInfo_AM0D 整车实绩过点信息{数量:1}
2022-10-12 01:02:06    OutSyncTicket_AW0B LMS外同步票接口{数量:7}
2022-10-12 01:02:06    BatteryFarmOverPoint_AM65 电池实际过点信息{数量:1}
2022-10-12 01:02:06    VehicOverPointInfo_AM0D 整车实绩过点信息{数量:1}
2022-10-12 01:02:54    BatteryFarmOverPoint_AM65 电池实际过点信息{数量:1}
2022-10-12 01:02:54    VehicOverPointInfo_AM0D 整车实绩过点信息{数量:1}
2022-10-12 01:03:06    BatteryFarmOverPoint_AM65 电池实际过点信息{数量:1}
2022-10-12 01:03:06    VehicLockProducPlan_AM0A 整车锁定生产计划,二次锁定{数量:1}
2022-10-12 01:03:06    VehicOverPointInfo_AM0D 整车实绩过点信息{数量:1}
2022-10-12 01:03:54    OutSyncTicket_AW0B LMS外同步票接口{数量:15}
2022-10-12 01:03:54    BatteryFarmOverPoint_AM65 电池实际过点信息{数量:1}
2022-10-12 01:03:54    VehicLockProducPlan_AM0A 整车锁定生产计划,二次锁定{数量:1}
2022-10-12 01:03:54    VehicOverPointInfo_AM0D 整车实绩过点信息{数量:1}
2022-10-12 01:04:06    OutSyncTicket_AW0B LMS外同步票接口{数量:15}
2022-10-12 01:04:06    BatteryFarmOverPoint_AM65 电池实际过点信息{数量:1}
2022-10-12 01:04:06    VehicOverPointInfo_AM0D 整车实绩过点信息{数量:1}
2022-10-12 01:04:54    BatteryFarmOverPoint_AM65 电池实际过点信息{数量:1}
2022-10-12 01:04:54    VehicOverPointInfo_AM0D 整车实绩过点信息{数量:2}
2022-10-12 01:05:06    BatteryFarmOverPoint_AM65 电池实际过点信息{数量:1}
2022-10-12 01:05:06    VehicOverPointInfo_AM0D 整车实绩过点信息{数量:1}
2022-10-12 01:05:54    OutSyncTicket_AW0B LMS外同步票接口{数量:5}
2022-10-12 01:05:54    VehicOverPointInfo_AM0D 整车实绩过点信息{数量:2}
2022-10-12 01:06:06    OutSyncTicket_AW0B LMS外同步票接口{数量:5}
2022-10-12 01:06:06    OrderTheOrder_AP0L 订购订单接口{数量:1}
2022-10-12 01:06:06    VehicOverPointInfo_AM0D 整车实绩过点信息{数量:1}
2022-10-12 01:06:54    BatteryFarmOverPoint_AM65 电池实际过点信息{数量:1}
2022-10-12 01:06:54    VehicOverPointInfo_AM0D 整车实绩过点信息{数量:1}
2022-10-12 01:07:06    BatteryFarmOverPoint_AM65 电池实际过点信息{数量:1}
2022-10-12 01:07:06    VehicOverPointInfo_AM0D 整车实绩过点信息{数量:1}