
2022-10-08 02:20:18    VehicOverPointInfo_AM0D 整车实绩过点信息{数量:1}  
2022-10-08 02:22:39    VehicOverPointInfo_AM0D 整车实绩过点信息{数量:1}  
2022-10-08 02:22:39    BatteryFarmSecLock_AM64 电池锁定生产计划,二次锁定{数量:1}  
2022-10-08 02:23:39    OutSyncTicket_AW0B LMS外同步票接口{数量:31}  
2022-10-08 02:23:39    VehicOverPointInfo_AM0D 整车实绩过点信息{数量:1}  
2022-10-08 02:24:39    VehicOverPointInfo_AM0D 整车实绩过点信息{数量:1}  
2022-10-08 02:24:39    BatteryFarmSecLock_AM64 电池锁定生产计划,二次锁定{数量:1}  
2022-10-08 02:25:39    OutSyncTicket_AW0B LMS外同步票接口{数量:23}  
2022-10-08 02:25:39    VehicOverPointInfo_AM0D 整车实绩过点信息{数量:1}  
2022-10-08 02:26:39    VehicOverPointInfo_AM0D 整车实绩过点信息{数量:1}  
2022-10-08 02:27:39    OutSyncTicket_AW0B LMS外同步票接口{数量:29}  
2022-10-08 02:27:39    VehicOverPointInfo_AM0D 整车实绩过点信息{数量:1}  
2022-10-08 02:28:39    OrderTheOrder_AP0L 订购订单接口{数量:6}  
2022-10-08 02:28:39    VehicOverPointInfo_AM0D 整车实绩过点信息{数量:1}  
2022-10-08 02:29:39    OutSyncTicket_AW0B LMS外同步票接口{数量:2}  
2022-10-08 02:29:39    VehicOverPointInfo_AM0D 整车实绩过点信息{数量:1}  
2022-10-08 02:30:39    VehicOverPointInfo_AM0D 整车实绩过点信息{数量:1}  
2022-10-08 02:31:39    OutSyncTicket_AW0B LMS外同步票接口{数量:10}  
2022-10-08 02:31:39    VehicOverPointInfo_AM0D 整车实绩过点信息{数量:1}  
2022-10-08 02:32:39    VehicLockProducPlan_AM0A 整车锁定生产计划,二次锁定{数量:1}  
2022-10-08 02:32:39    OrderTheOrder_AP0L 订购订单接口{数量:12}  
2022-10-08 02:32:39    VehicOverPointInfo_AM0D 整车实绩过点信息{数量:1}  
2022-10-08 02:33:39    OutSyncTicket_AW0B LMS外同步票接口{数量:49}  
2022-10-08 02:33:39    VehicOverPointInfo_AM0D 整车实绩过点信息{数量:1}  
2022-10-08 02:34:39    VehicOverPointInfo_AM0D 整车实绩过点信息{数量:1}  
2022-10-08 02:35:39    VehicOverPointInfo_BM00 null{数量:1}  
2022-10-08 02:35:39    VehicOverPointInfo_AM0D 整车实绩过点信息{数量:1}  
2022-10-08 02:36:39    VehicOverPointInfo_AM0D 整车实绩过点信息{数量:1}  
2022-10-08 02:37:39    OutSyncTicket_AW0B LMS外同步票接口{数量:5}  
2022-10-08 02:37:39    VehicOverPointInfo_BM00 null{数量:1}  
2022-10-08 02:37:39    VehicOverPointInfo_AM0D 整车实绩过点信息{数量:1}  
2022-10-08 02:38:39    VehicOverPointInfo_BM00 null{数量:1}  
2022-10-08 02:38:39    OrderTheOrder_AP0L 订购订单接口{数量:3}  
2022-10-08 02:38:39    VehicOverPointInfo_AM0D 整车实绩过点信息{数量:1}  
2022-10-08 02:39:39    OutSyncTicket_AW0B LMS外同步票接口{数量:7}  
2022-10-08 02:39:39    VehicOverPointInfo_AM0D 整车实绩过点信息{数量:1}  
2022-10-08 02:40:39    VehicOverPointInfo_BM00 null{数量:1}  
2022-10-08 02:40:39    VehicOverPointInfo_AM0D 整车实绩过点信息{数量:1}  
2022-10-08 02:41:39    OutSyncTicket_AW0B LMS外同步票接口{数量:10}  
2022-10-08 02:41:39    VehicOverPointInfo_BM00 null{数量:1}  
2022-10-08 02:41:39    VehicOverPointInfo_AM0D 整车实绩过点信息{数量:1}  
2022-10-08 02:41:58    OutSyncTicket_AW0B LMS外同步票接口{数量:10}  
2022-10-08 02:42:27    VehicLockProducPlan_AM0A 整车锁定生产计划,二次锁定{数量:1}  
2022-10-08 02:42:27    VehicOverPointInfo_AM0D 整车实绩过点信息{数量:1}  
2022-10-08 02:43:27    VehicOverPointInfo_AM0D 整车实绩过点信息{数量:1}  
2022-10-08 02:44:27    OrderTheOrder_AP0L 订购订单接口{数量:1}  
2022-10-08 02:44:27    VehicOverPointInfo_AM0D 整车实绩过点信息{数量:1}  
2022-10-08 02:45:27    OutSyncTicket_AW0B LMS外同步票接口{数量:1}  
2022-10-08 02:45:27    VehicOverPointInfo_AM0D 整车实绩过点信息{数量:1}  
2022-10-08 02:46:27    OrderTheOrder_AP0L 订购订单接口{数量:2}  
2022-10-08 02:46:27    VehicOverPointInfo_AM0D 整车实绩过点信息{数量:1}  
2022-10-08 02:47:27    OutSyncTicket_AW0B LMS外同步票接口{数量:1}  
2022-10-08 02:47:27    VehicOverPointInfo_AM0D 整车实绩过点信息{数量:1}  
2022-10-08 02:48:27    OrderTheOrder_AP0L 订购订单接口{数量:11}  
2022-10-08 02:48:27    VehicOverPointInfo_AM0D 整车实绩过点信息{数量:1}  
2022-10-08 02:49:27    OutSyncTicket_AW0B LMS外同步票接口{数量:2}  
2022-10-08 02:49:27    VehicOverPointInfo_AM0D 整车实绩过点信息{数量:1}  
2022-10-08 02:50:27    VehicOverPointInfo_AM0D 整车实绩过点信息{数量:1}  
2022-10-08 02:51:27    OutSyncTicket_AW0B LMS外同步票接口{数量:1}  
2022-10-08 02:51:27    VehicOverPointInfo_AM0D 整车实绩过点信息{数量:1}  
2022-10-08 02:52:27    OrderTheOrder_AP0L 订购订单接口{数量:4}  
2022-10-08 02:52:27    VehicLockProducPlan_AM0A 整车锁定生产计划,二次锁定{数量:1}  
2022-10-08 02:52:27    VehicOverPointInfo_AM0D 整车实绩过点信息{数量:1}  
2022-10-08 02:53:27    OutSyncTicket_AW0B LMS外同步票接口{数量:2}  
2022-10-08 02:53:27    VehicOverPointInfo_AM0D 整车实绩过点信息{数量:1}  
2022-10-08 02:54:27    VehicOverPointInfo_AM0D 整车实绩过点信息{数量:1}  
2022-10-08 02:55:28    OutSyncTicket_AW0B LMS外同步票接口{数量:4}  
2022-10-08 02:55:28    VehicOverPointInfo_AM0D 整车实绩过点信息{数量:1}  
2022-10-08 02:56:28    OrderTheOrder_AP0L 订购订单接口{数量:12}  
2022-10-08 02:56:28    VehicOverPointInfo_AM0D 整车实绩过点信息{数量:1}  
2022-10-08 02:57:28    OutSyncTicket_AW0B LMS外同步票接口{数量:3}  
2022-10-08 02:57:28    VehicOverPointInfo_AM0D 整车实绩过点信息{数量:1}  
2022-10-08 02:58:28    OrderTheOrder_AP0L 订购订单接口{数量:14}  
2022-10-08 02:58:28    VehicOverPointInfo_AM0D 整车实绩过点信息{数量:1}  
2022-10-08 02:59:28    OutSyncTicket_AW0B LMS外同步票接口{数量:7}  
2022-10-08 02:59:28    VehicOverPointInfo_AM0D 整车实绩过点信息{数量:1}  
2022-10-08 03:00:28    VehicOverPointInfo_AM0D 整车实绩过点信息{数量:1}  
2022-10-08 03:01:28    OutSyncTicket_AW0B LMS外同步票接口{数量:6}  
2022-10-08 03:01:28    VehicOverPointInfo_AM0D 整车实绩过点信息{数量:1}  
2022-10-08 03:02:28    VehicOverPointInfo_AM0D 整车实绩过点信息{数量:1}  
2022-10-08 03:03:28    OutSyncTicket_AW0B LMS外同步票接口{数量:5}  
2022-10-08 03:03:28    BatteryFarmOverPoint_AM65 电池实际过点信息{数量:1}  
2022-10-08 03:03:28    VehicOverPointInfo_AM0D 整车实绩过点信息{数量:1}  
2022-10-08 03:04:28    VehicOverPointInfo_AM0D 整车实绩过点信息{数量:1}  
2022-10-08 03:05:28    OutSyncTicket_AW0B LMS外同步票接口{数量:6}  
2022-10-08 03:05:28    VehicOverPointInfo_AM0D 整车实绩过点信息{数量:1}  
2022-10-08 03:06:22    OrderTheOrder_AP0L 订购订单接口{数量:8}  
2022-10-08 03:06:22    VehicOverPointInfo_AM0D 整车实绩过点信息{数量:1}  
2022-10-08 03:07:12    VehicOverPointInfo_AM0D 整车实绩过点信息{数量:1}  
2022-10-08 03:16:06    VehicOverPointInfo_AM0D 整车实绩过点信息{数量:1}  
2022-10-08 03:16:06    VehicOverPointInfo_AM0D 整车实绩过点信息{数量:1}  
2022-10-08 03:16:07    VehicOverPointInfo_AM0D 整车实绩过点信息{数量:1}  
2022-10-08 03:16:07    VehicOverPointInfo_AM0D 整车实绩过点信息{数量:1}  
2022-10-08 03:16:08    VehicOverPointInfo_AM0D 整车实绩过点信息{数量:1}  
2022-10-08 03:16:08    VehicOverPointInfo_AM0D 整车实绩过点信息{数量:1}  
2022-10-08 03:16:09    VehicOverPointInfo_AM0D 整车实绩过点信息{数量:1}  
2022-10-08 03:16:55    VehicOverPointInfo_AM0D 整车实绩过点信息{数量:1}  
2022-10-08 03:16:56    VehicOverPointInfo_AM0D 整车实绩过点信息{数量:1}  
2022-10-08 03:16:56    VehicOverPointInfo_AM0D 整车实绩过点信息{数量:1}  
2022-10-08 03:16:57    VehicOverPointInfo_AM0D 整车实绩过点信息{数量:1}  
2022-10-08 03:16:57    VehicOverPointInfo_AM0D 整车实绩过点信息{数量:1}  
2022-10-08 03:16:58    VehicOverPointInfo_AM0D 整车实绩过点信息{数量:1}  
2022-10-08 03:16:58    VehicOverPointInfo_AM0D 整车实绩过点信息{数量:1}  
2022-10-08 03:17:44    OutSyncTicket_AW0B LMS外同步票接口{数量:5}  
2022-10-08 03:17:44    VehicOverPointInfo_AM0D 整车实绩过点信息{数量:1}  
2022-10-08 03:18:46    VehicOverPointInfo_AM0D 整车实绩过点信息{数量:1}  
2022-10-08 03:18:50    VehicOverPointInfo_AM0D 整车实绩过点信息{数量:1}  
2022-10-08 03:20:24    OutSyncTicket_AW0B LMS外同步票接口{数量:40}  
2022-10-08 03:20:24    OrderTheOrder_AP0L 订购订单接口{数量:2}  
2022-10-08 03:20:24    VehicOverPointInfo_AM0D 整车实绩过点信息{数量:1}  
2022-10-08 03:20:35    OrderTheOrder_AP0L 订购订单接口{数量:2}  
2022-10-08 03:20:35    VehicOverPointInfo_AM0D 整车实绩过点信息{数量:1}  
2022-10-08 03:25:40    OutSyncTicket_AW0B LMS外同步票接口{数量:16}  
2022-10-08 03:25:40    VehicOverPointInfo_AM0D 整车实绩过点信息{数量:1}  
2022-10-08 03:25:47    OutSyncTicket_AW0B LMS外同步票接口{数量:16}  
2022-10-08 03:25:54    OutSyncTicket_AW0B LMS外同步票接口{数量:16}  
2022-10-08 03:26:02    OutSyncTicket_AW0B LMS外同步票接口{数量:16}  
2022-10-08 03:26:34    VehicOverPointInfo_AM0D 整车实绩过点信息{数量:1}  
2022-10-08 03:26:46    VehicOverPointInfo_AM0D 整车实绩过点信息{数量:1}  
2022-10-08 03:27:45    VehicOverPointInfo_AM0D 整车实绩过点信息{数量:1}  
2022-10-08 03:30:10    OutSyncTicket_AW0B LMS外同步票接口{数量:33}  
2022-10-08 03:30:10    VehicOverPointInfo_AM0D 整车实绩过点信息{数量:1}  
2022-10-08 03:31:22    VehicOverPointInfo_AM0D 整车实绩过点信息{数量:1}  
2022-10-08 03:32:08    OutSyncTicket_AW0B LMS外同步票接口{数量:5}  
2022-10-08 03:32:08    OrderTheOrder_AP0L 订购订单接口{数量:2}  
2022-10-08 03:32:08    VehicOverPointInfo_AM0D 整车实绩过点信息{数量:1}  
2022-10-08 03:32:13    OutSyncTicket_AW0B LMS外同步票接口{数量:5}  
2022-10-08 03:32:13    OrderTheOrder_AP0L 订购订单接口{数量:2}  
2022-10-08 03:32:13    VehicOverPointInfo_AM0D 整车实绩过点信息{数量:1}  
2022-10-08 03:32:36    OrderTheOrder_AP0L 订购订单接口{数量:2}  
2022-10-08 03:32:36    VehicOverPointInfo_AM0D 整车实绩过点信息{数量:1}  
2022-10-08 03:33:42    OutSyncTicket_AW0B LMS外同步票接口{数量:36}  
2022-10-08 03:33:42    VehicOverPointInfo_AM0D 整车实绩过点信息{数量:1}  
2022-10-08 03:33:49    OutSyncTicket_AW0B LMS外同步票接口{数量:36}  
2022-10-08 03:33:49    VehicOverPointInfo_AM0D 整车实绩过点信息{数量:1}  
2022-10-08 03:34:09    OutSyncTicket_AW0B LMS外同步票接口{数量:36}  
2022-10-08 03:34:09    VehicOverPointInfo_AM0D 整车实绩过点信息{数量:1}  
2022-10-08 03:35:30    OutSyncTicket_AW0B LMS外同步票接口{数量:4}  
2022-10-08 03:35:30    VehicOverPointInfo_AM0D 整车实绩过点信息{数量:1}  
2022-10-08 03:36:15    OutSyncTicket_AW0B LMS外同步票接口{数量:4}  
2022-10-08 03:36:15    VehicOverPointInfo_AM0D 整车实绩过点信息{数量:1}  
2022-10-08 03:36:48    VehicOverPointInfo_AM0D 整车实绩过点信息{数量:1}  
2022-10-08 03:37:28    VehicOverPointInfo_AM0D 整车实绩过点信息{数量:1}  
2022-10-08 03:38:42    VehicOverPointInfo_BM00 null{数量:1}  
2022-10-08 03:38:42    VehicOverPointInfo_AM0D 整车实绩过点信息{数量:1}  
2022-10-08 03:41:14    VehicOverPointInfo_AM0D 整车实绩过点信息{数量:1}  
2022-10-08 03:42:27    VehicLockProducPlan_AM0A 整车锁定生产计划,二次锁定{数量:1}  
2022-10-08 03:42:27    VehicOverPointInfo_AM0D 整车实绩过点信息{数量:1}  
2022-10-08 03:42:37    VehicLockProducPlan_AM0A 整车锁定生产计划,二次锁定{数量:1}  
2022-10-08 03:42:37    VehicOverPointInfo_AM0D 整车实绩过点信息{数量:1}  
2022-10-08 03:43:19    VehicOverPointInfo_AM0D 整车实绩过点信息{数量:1}  
2022-10-08 03:43:40    VehicOverPointInfo_AM0D 整车实绩过点信息{数量:1}  
2022-10-08 03:44:55    VehicOverPointInfo_AM0D 整车实绩过点信息{数量:1}  
2022-10-08 03:44:56    VehicOverPointInfo_AM0D 整车实绩过点信息{数量:1}  
2022-10-08 03:46:09    OutSyncTicket_AW0B LMS外同步票接口{数量:2}  
2022-10-08 03:46:09    OrderTheOrder_AP0L 订购订单接口{数量:11}  
2022-10-08 03:46:09    VehicOverPointInfo_AM0D 整车实绩过点信息{数量:1}  
2022-10-08 03:46:56    VehicOverPointInfo_AM0D 整车实绩过点信息{数量:1}  
2022-10-08 03:47:30    OutSyncTicket_AW0B LMS外同步票接口{数量:11}  
2022-10-08 03:47:30    VehicOverPointInfo_AM0D 整车实绩过点信息{数量:1}  
2022-10-08 03:48:43    VehicOverPointInfo_AM0D 整车实绩过点信息{数量:1}  
2022-10-08 03:49:56    OutSyncTicket_AW0B LMS外同步票接口{数量:2}  
2022-10-08 03:49:56    VehicOverPointInfo_AM0D 整车实绩过点信息{数量:1}  
2022-10-08 03:51:10    VehicOverPointInfo_AM0D 整车实绩过点信息{数量:1}  
2022-10-08 03:52:23    VehicLockProducPlan_AM0A 整车锁定生产计划,二次锁定{数量:1}  
2022-10-08 03:52:23    VehicOverPointInfo_AM0D 整车实绩过点信息{数量:1}  
2022-10-08 03:53:36    OutSyncTicket_AW0B LMS外同步票接口{数量:8}  
2022-10-08 03:53:36    VehicOverPointInfo_AM0D 整车实绩过点信息{数量:1}  
2022-10-08 03:54:50    VehicOverPointInfo_AM0D 整车实绩过点信息{数量:1}  
2022-10-08 03:56:02    OutSyncTicket_AW0B LMS外同步票接口{数量:12}  
2022-10-08 03:56:55    VehicOverPointInfo_AM0D 整车实绩过点信息{数量:1}  
2022-10-08 03:57:15    VehicOverPointInfo_AM0D 整车实绩过点信息{数量:1}  
2022-10-08 03:57:59    OutSyncTicket_AW0B LMS外同步票接口{数量:5}  
2022-10-08 03:57:59    VehicOverPointInfo_AM0D 整车实绩过点信息{数量:1}  
2022-10-08 03:58:28    OrderTheOrder_AP0L 订购订单接口{数量:17}  
2022-10-08 03:58:28    VehicOverPointInfo_AM0D 整车实绩过点信息{数量:1}  
2022-10-08 03:59:12    VehicOverPointInfo_AM0D 整车实绩过点信息{数量:1}  
2022-10-08 03:59:40    OutSyncTicket_AW0B LMS外同步票接口{数量:8}  
2022-10-08 03:59:40    VehicOverPointInfo_AM0D 整车实绩过点信息{数量:1}  
2022-10-08 04:00:52    VehicOverPointInfo_BM00 null{数量:1}  
2022-10-08 04:00:52    VehicOverPointInfo_AM0D 整车实绩过点信息{数量:1}  
2022-10-08 04:01:05    VehicOverPointInfo_BM00 null{数量:1}  
2022-10-08 04:01:05    VehicOverPointInfo_AM0D 整车实绩过点信息{数量:1}  
2022-10-08 04:02:05    OutSyncTicket_AW0B LMS外同步票接口{数量:31}  
2022-10-08 04:02:05    VehicLockProducPlan_AM0A 整车锁定生产计划,二次锁定{数量:1}  
2022-10-08 04:02:05    VehicOverPointInfo_AM0D 整车实绩过点信息{数量:1}  
2022-10-08 04:02:06    OutSyncTicket_AW0B LMS外同步票接口{数量:31}  
2022-10-08 04:02:06    VehicLockProducPlan_AM0A 整车锁定生产计划,二次锁定{数量:1}  
2022-10-08 04:02:06    VehicOverPointInfo_AM0D 整车实绩过点信息{数量:1}  
2022-10-08 04:03:18    VehicOverPointInfo_AM0D 整车实绩过点信息{数量:1}  
2022-10-08 04:03:59    OutSyncTicket_AW0B LMS外同步票接口{数量:2}  
2022-10-08 04:03:59    VehicOverPointInfo_AM0D 整车实绩过点信息{数量:1}  
2022-10-08 04:04:14    OutSyncTicket_AW0B LMS外同步票接口{数量:2}  
2022-10-08 04:04:14    OrderTheOrder_AP0L 订购订单接口{数量:2}  
2022-10-08 04:04:14    VehicOverPointInfo_AM0D 整车实绩过点信息{数量:1}  
2022-10-08 04:04:31    OrderTheOrder_AP0L 订购订单接口{数量:2}  
2022-10-08 04:04:31    VehicOverPointInfo_AM0D 整车实绩过点信息{数量:1}  
2022-10-08 04:05:14    VehicOverPointInfo_AM0D 整车实绩过点信息{数量:1}  
2022-10-08 04:05:46    OutSyncTicket_AW0B LMS外同步票接口{数量:38}  
2022-10-08 04:05:46    VehicOverPointInfo_AM0D 整车实绩过点信息{数量:1}  
2022-10-08 04:06:14    OutSyncTicket_AW0B LMS外同步票接口{数量:38}  
2022-10-08 04:06:14    OrderTheOrder_AP0L 订购订单接口{数量:3}  
2022-10-08 04:06:14    VehicOverPointInfo_AM0D 整车实绩过点信息{数量:1}  
2022-10-08 04:06:58    VehicOverPointInfo_AM0D 整车实绩过点信息{数量:1}  
2022-10-08 04:07:14    VehicOverPointInfo_AM0D 整车实绩过点信息{数量:1}  
2022-10-08 04:08:13    OutSyncTicket_AW0B LMS外同步票接口{数量:44}  
2022-10-08 04:08:13    OrderTheOrder_AP0L 订购订单接口{数量:20}  
2022-10-08 04:08:13    VehicOverPointInfo_AM0D 整车实绩过点信息{数量:1}  
2022-10-08 04:08:14    OutSyncTicket_AW0B LMS外同步票接口{数量:44}  
2022-10-08 04:08:14    OrderTheOrder_AP0L 订购订单接口{数量:20}  
2022-10-08 04:08:14    VehicOverPointInfo_AM0D 整车实绩过点信息{数量:1}  
2022-10-08 04:09:14    VehicOverPointInfo_AM0D 整车实绩过点信息{数量:1}  
2022-10-08 04:09:26    VehicOverPointInfo_AM0D 整车实绩过点信息{数量:1}  
2022-10-08 04:10:14    OutSyncTicket_AW0B LMS外同步票接口{数量:5}  
2022-10-08 04:10:14    OrderTheOrder_AP0L 订购订单接口{数量:12}  
2022-10-08 04:10:14    VehicOverPointInfo_AM0D 整车实绩过点信息{数量:1}  
2022-10-08 04:10:39    OrderTheOrder_AP0L 订购订单接口{数量:5}  
2022-10-08 04:10:39    VehicOverPointInfo_AM0D 整车实绩过点信息{数量:1}  
2022-10-08 04:11:14    VehicOverPointInfo_AM0D 整车实绩过点信息{数量:1}  
2022-10-08 04:11:51    OutSyncTicket_AW0B LMS外同步票接口{数量:70}  