
2022-10-14 00:00:09    OutSyncTicket_AW0B LMS外同步票接口{数量:23}
2022-10-14 00:00:09    VehicOverPointInfo_BM00 二厂整车过点{数量:1}
2022-10-14 00:00:09    OrderTheOrder_AP0L 订购订单接口{数量:2}
2022-10-14 00:01:09    VehicOverPointInfo_BM00 二厂整车过点{数量:1}
2022-10-14 00:02:09    OutSyncTicket_AW0B LMS外同步票接口{数量:39}
2022-10-14 00:02:09    VehicOverPointInfo_BM00 二厂整车过点{数量:1}
2022-10-14 00:02:09    ReceivePurchaseOrder_AP11 DMS支给件总成{数量:2}
2022-10-14 00:02:09    OrderTheOrder_AP0L 订购订单接口{数量:5}
2022-10-14 00:03:09    ExceptOrderAplFeedback_AP0W 例外订购申请反馈{数量:2}
2022-10-14 00:03:09    VehicOverPointInfo_BM00 二厂整车过点{数量:1}
2022-10-14 00:03:09    ReceivePurchaseOrder_AP11 DMS支给件总成{数量:8}
2022-10-14 00:04:09    OutSyncTicket_AW0B LMS外同步票接口{数量:45}
2022-10-14 00:04:09    VehicOverPointInfo_BM00 二厂整车过点{数量:1}
2022-10-14 00:04:09    ReceivePurchaseOrder_AP11 DMS支给件总成{数量:14}
2022-10-14 00:04:09    OrderTheOrder_AP0L 订购订单接口{数量:1}
2022-10-14 00:05:09    VehicOverPointInfo_BM00 二厂整车过点{数量:1}
2022-10-14 00:05:09    ReceivePurchaseOrder_AP11 DMS支给件总成{数量:19}
2022-10-14 00:06:10    OutSyncTicket_AW0B LMS外同步票接口{数量:18}
2022-10-14 00:06:10    VehicOverPointInfo_BM00 二厂整车过点{数量:1}
2022-10-14 00:06:10    ReceivePurchaseOrder_AP11 DMS支给件总成{数量:26}
2022-10-14 00:06:10    OrderTheOrder_AP0L 订购订单接口{数量:8}
2022-10-14 00:07:10    VehicOverPointInfo_BM00 二厂整车过点{数量:1}
2022-10-14 00:07:10    ReceivePurchaseOrder_AP11 DMS支给件总成{数量:28}
2022-10-14 00:08:10    OutSyncTicket_AW0B LMS外同步票接口{数量:6}
2022-10-14 00:08:10    VehicOverPointInfo_BM00 二厂整车过点{数量:1}
2022-10-14 00:08:10    ReceivePurchaseOrder_AP11 DMS支给件总成{数量:28}
2022-10-14 00:08:10    OrderTheOrder_AP0L 订购订单接口{数量:4}
2022-10-14 00:09:10    VehicOverPointInfo_BM00 二厂整车过点{数量:1}
2022-10-14 00:09:10    ReceivePurchaseOrder_AP11 DMS支给件总成{数量:28}
2022-10-14 00:10:10    OutSyncTicket_AW0B LMS外同步票接口{数量:69}
2022-10-14 00:11:10    VehicOverPointInfo_BM00 二厂整车过点{数量:1}
2022-10-14 00:12:10    OutSyncTicket_AW0B LMS外同步票接口{数量:40}
2022-10-14 00:12:10    VehicOverPointInfo_BM00 二厂整车过点{数量:1}
2022-10-14 00:13:10    VehicOverPointInfo_BM00 二厂整车过点{数量:1}
2022-10-14 00:14:10    OutSyncTicket_AW0B LMS外同步票接口{数量:14}
2022-10-14 00:14:10    VehicOverPointInfo_BM00 二厂整车过点{数量:1}
2022-10-14 00:14:10    OrderTheOrder_AP0L 订购订单接口{数量:1}
2022-10-14 00:15:10    VehicOverPointInfo_BM00 二厂整车过点{数量:1}
2022-10-14 00:16:10    OutSyncTicket_AW0B LMS外同步票接口{数量:42}
2022-10-14 00:16:10    VehicOverPointInfo_BM00 二厂整车过点{数量:1}
2022-10-14 00:16:10    OrderTheOrder_AP0L 订购订单接口{数量:11}
2022-10-14 00:17:10    VehicOverPointInfo_BM00 二厂整车过点{数量:1}
2022-10-14 00:18:10    OutSyncTicket_AW0B LMS外同步票接口{数量:58}
2022-10-14 00:19:10    VehicOverPointInfo_BM00 二厂整车过点{数量:1}
2022-10-14 00:19:10    VehicLockProducPlan_AM0A 整车锁定生产计划,二次锁定{数量:1}
2022-10-14 00:20:10    OutSyncTicket_AW0B LMS外同步票接口{数量:7}
2022-10-14 00:20:10    VehicOverPointInfo_BM00 二厂整车过点{数量:1}
2022-10-14 00:21:10    VehicOverPointInfo_BM00 二厂整车过点{数量:1}
2022-10-14 00:22:10    OutSyncTicket_AW0B LMS外同步票接口{数量:8}
2022-10-14 00:22:10    VehicOverPointInfo_BM00 二厂整车过点{数量:1}
2022-10-14 00:22:10    OrderTheOrder_AP0L 订购订单接口{数量:1}
2022-10-14 00:23:10    VehicOverPointInfo_BM00 二厂整车过点{数量:1}
2022-10-14 00:24:10    OutSyncTicket_AW0B LMS外同步票接口{数量:9}
2022-10-14 00:24:10    VehicOverPointInfo_BM00 二厂整车过点{数量:1}
2022-10-14 00:24:10    OrderTheOrder_AP0L 订购订单接口{数量:1}
2022-10-14 00:25:11    VehicOverPointInfo_BM00 二厂整车过点{数量:1}
2022-10-14 00:26:11    OutSyncTicket_AW0B LMS外同步票接口{数量:15}
2022-10-14 00:26:11    VehicOverPointInfo_BM00 二厂整车过点{数量:1}
2022-10-14 00:26:11    OrderTheOrder_AP0L 订购订单接口{数量:10}
2022-10-14 00:27:11    VehicOverPointInfo_BM00 二厂整车过点{数量:1}
2022-10-14 00:28:11    OutSyncTicket_AW0B LMS外同步票接口{数量:17}
2022-10-14 00:28:11    VehicOverPointInfo_BM00 二厂整车过点{数量:1}
2022-10-14 00:28:11    OrderTheOrder_AP0L 订购订单接口{数量:7}
2022-10-14 00:29:11    VehicOverPointInfo_BM00 二厂整车过点{数量:1}
2022-10-14 00:29:11    VehicLockProducPlan_AM0A 整车锁定生产计划,二次锁定{数量:1}
2022-10-14 00:30:11    OutSyncTicket_AW0B LMS外同步票接口{数量:61}
2022-10-14 00:31:11    VehicOverPointInfo_BM00 二厂整车过点{数量:1}
2022-10-14 00:31:11    MaterialMasterData_AD04 sap物流主数据{数量:2}
2022-10-14 00:32:11    OutSyncTicket_AW0B LMS外同步票接口{数量:4}
2022-10-14 00:32:11    VehicOverPointInfo_BM00 二厂整车过点{数量:1}
2022-10-14 00:32:11    OrderTheOrder_AP0L 订购订单接口{数量:1}
2022-10-14 00:33:11    VehicOverPointInfo_BM00 二厂整车过点{数量:1}
2022-10-14 00:33:11    VehicLockProducPlan_AM0A 整车锁定生产计划,二次锁定{数量:1}
2022-10-14 00:34:11    OutSyncTicket_AW0B LMS外同步票接口{数量:10}
2022-10-14 00:34:11    VehicOverPointInfo_BM00 二厂整车过点{数量:1}
2022-10-14 00:34:11    OrderTheOrder_AP0L 订购订单接口{数量:3}
2022-10-14 00:35:11    VehicOverPointInfo_BM00 二厂整车过点{数量:1}
2022-10-14 00:36:11    OutSyncTicket_AW0B LMS外同步票接口{数量:41}
2022-10-14 00:36:11    VehicOverPointInfo_BM00 二厂整车过点{数量:1}
2022-10-14 00:36:11    OrderTheOrder_AP0L 订购订单接口{数量:12}
2022-10-14 00:37:11    VehicOverPointInfo_BM00 二厂整车过点{数量:1}
2022-10-14 00:38:11    OutSyncTicket_AW0B LMS外同步票接口{数量:33}
2022-10-14 00:38:11    VehicOverPointInfo_BM00 二厂整车过点{数量:1}
2022-10-14 00:39:11    VehicOverPointInfo_BM00 二厂整车过点{数量:1}
2022-10-14 00:40:11    OutSyncTicket_AW0B LMS外同步票接口{数量:13}
2022-10-14 00:40:11    VehicOverPointInfo_BM00 二厂整车过点{数量:1}
2022-10-14 00:40:11    OrderTheOrder_AP0L 订购订单接口{数量:5}
2022-10-14 00:41:11    VehicOverPointInfo_BM00 二厂整车过点{数量:1}
2022-10-14 00:42:11    OutSyncTicket_AW0B LMS外同步票接口{数量:30}
2022-10-14 00:42:11    VehicOverPointInfo_BM00 二厂整车过点{数量:1}
2022-10-14 00:43:11    VehicOverPointInfo_BM00 二厂整车过点{数量:1}
2022-10-14 00:43:11    VehicLockProducPlan_AM0A 整车锁定生产计划,二次锁定{数量:1}
2022-10-14 00:44:11    OutSyncTicket_AW0B LMS外同步票接口{数量:8}
2022-10-14 00:44:11    VehicOverPointInfo_BM00 二厂整车过点{数量:1}
2022-10-14 00:45:11    VehicOverPointInfo_BM00 二厂整车过点{数量:1}
2022-10-14 00:46:11    OutSyncTicket_AW0B LMS外同步票接口{数量:79}
2022-10-14 00:47:12    VehicOverPointInfo_BM00 二厂整车过点{数量:1}
2022-10-14 00:48:12    OutSyncTicket_AW0B LMS外同步票接口{数量:24}
2022-10-14 00:48:12    VehicOverPointInfo_BM00 二厂整车过点{数量:1}
2022-10-14 00:49:12    VehicOverPointInfo_BM00 二厂整车过点{数量:1}
2022-10-14 00:50:12    OutSyncTicket_AW0B LMS外同步票接口{数量:4}
2022-10-14 00:50:12    VehicOverPointInfo_BM00 二厂整车过点{数量:1}
2022-10-14 00:51:12    VehicOverPointInfo_BM00 二厂整车过点{数量:1}
2022-10-14 00:52:12    OutSyncTicket_AW0B LMS外同步票接口{数量:7}
2022-10-14 00:52:12    VehicOverPointInfo_BM00 二厂整车过点{数量:1}
2022-10-14 00:52:12    OrderTheOrder_AP0L 订购订单接口{数量:1}
2022-10-14 00:53:12    VehicOverPointInfo_BM00 二厂整车过点{数量:1}
2022-10-14 00:54:12    OutSyncTicket_AW0B LMS外同步票接口{数量:9}
2022-10-14 00:54:12    VehicOverPointInfo_BM00 二厂整车过点{数量:1}
2022-10-14 00:54:12    OrderTheOrder_AP0L 订购订单接口{数量:10}
2022-10-14 00:55:12    VehicOverPointInfo_BM00 二厂整车过点{数量:1}
2022-10-14 00:56:12    OutSyncTicket_AW0B LMS外同步票接口{数量:102}
2022-10-14 00:57:12    VehicOverPointInfo_BM00 二厂整车过点{数量:1}
2022-10-14 00:58:12    OutSyncTicket_AW0B LMS外同步票接口{数量:11}
2022-10-14 00:58:12    ExceptOrderAplFeedback_AP0W 例外订购申请反馈{数量:1}
2022-10-14 00:58:12    VehicOverPointInfo_BM00 二厂整车过点{数量:1}
2022-10-14 00:59:12    VehicOverPointInfo_BM00 二厂整车过点{数量:1}
2022-10-14 00:59:12    VehicLockProducPlan_AM0A 整车锁定生产计划,二次锁定{数量:1}
2022-10-14 01:00:12    OutSyncTicket_AW0B LMS外同步票接口{数量:3}
2022-10-14 01:00:12    VehicOverPointInfo_BM00 二厂整车过点{数量:1}
2022-10-14 01:01:12    VehicOverPointInfo_BM00 二厂整车过点{数量:1}
2022-10-14 01:02:12    OutSyncTicket_AW0B LMS外同步票接口{数量:4}
2022-10-14 01:02:12    VehicOverPointInfo_BM00 二厂整车过点{数量:1}
2022-10-14 01:03:12    VehicOverPointInfo_BM00 二厂整车过点{数量:1}
2022-10-14 01:03:12    VehicLockProducPlan_AM0A 整车锁定生产计划,二次锁定{数量:1}
2022-10-14 01:04:12    OutSyncTicket_AW0B LMS外同步票接口{数量:10}
2022-10-14 01:04:12    VehicOverPointInfo_BM00 二厂整车过点{数量:1}
2022-10-14 01:05:12    VehicOverPointInfo_BM00 二厂整车过点{数量:1}
2022-10-14 01:06:12    OutSyncTicket_AW0B LMS外同步票接口{数量:2}
2022-10-14 01:06:12    VehicOverPointInfo_BM00 二厂整车过点{数量:1}
2022-10-14 01:06:12    OrderTheOrder_AP0L 订购订单接口{数量:10}
2022-10-14 01:07:12    VehicOverPointInfo_BM00 二厂整车过点{数量:1}
2022-10-14 01:08:13    OutSyncTicket_AW0B LMS外同步票接口{数量:46}
2022-10-14 01:08:13    VehicOverPointInfo_BM00 二厂整车过点{数量:1}
2022-10-14 01:08:13    OrderTheOrder_AP0L 订购订单接口{数量:1}
2022-10-14 01:09:13    VehicOverPointInfo_BM00 二厂整车过点{数量:1}
2022-10-14 01:10:13    OutSyncTicket_AW0B LMS外同步票接口{数量:26}
2022-10-14 01:10:13    OrderTheOrder_AP0L 订购订单接口{数量:1}
2022-10-14 01:11:13      null

2022-10-14 01:12:13    OutSyncTicket_AW0B LMS外同步票接口{数量:12}
2022-10-14 01:12:13    OrderTheOrder_AP0L 订购订单接口{数量:2}
2022-10-14 01:13:13    VehicLockProducPlan_AM0A 整车锁定生产计划,二次锁定{数量:1}
2022-10-14 01:14:13    OutSyncTicket_AW0B LMS外同步票接口{数量:36}
2022-10-14 01:14:13    OrderTheOrder_AP0L 订购订单接口{数量:1}
2022-10-14 01:15:13      null

2022-10-14 01:16:13    OutSyncTicket_AW0B LMS外同步票接口{数量:9}
2022-10-14 01:16:13    VehicOverPointInfo_BM00 二厂整车过点{数量:1}
2022-10-14 01:16:13    OrderTheOrder_AP0L 订购订单接口{数量:1}
2022-10-14 01:17:13    VehicOverPointInfo_BM00 二厂整车过点{数量:1}
2022-10-14 01:18:13    OutSyncTicket_AW0B LMS外同步票接口{数量:71}
2022-10-14 01:19:13    VehicOverPointInfo_BM00 二厂整车过点{数量:1}
2022-10-14 01:20:13    VehicOverPointInfo_BM00 二厂整车过点{数量:1}
2022-10-14 01:21:13      null

2022-10-14 01:22:13    VehicOverPointInfo_BM00 二厂整车过点{数量:1}
2022-10-14 01:23:13    VehicLockProducPlan_AM0A 整车锁定生产计划,二次锁定{数量:1}
2022-10-14 01:24:13    OrderTheOrder_AP0L 订购订单接口{数量:1}
2022-10-14 01:25:13      null

2022-10-14 01:26:13    OutSyncTicket_AW0B LMS外同步票接口{数量:6}
2022-10-14 01:26:13    OrderTheOrder_AP0L 订购订单接口{数量:2}
2022-10-14 01:27:13      null

2022-10-14 01:28:13    OutSyncTicket_AW0B LMS外同步票接口{数量:8}
2022-10-14 01:29:13      null

2022-10-14 01:30:13    OutSyncTicket_AW0B LMS外同步票接口{数量:2}
2022-10-14 01:31:13      null

2022-10-14 01:32:13    OutSyncTicket_AW0B LMS外同步票接口{数量:9}
2022-10-14 01:32:13    OrderTheOrder_AP0L 订购订单接口{数量:2}
2022-10-14 01:33:13    VehicLockProducPlan_AM0A 整车锁定生产计划,二次锁定{数量:1}
2022-10-14 01:34:13    OutSyncTicket_AW0B LMS外同步票接口{数量:18}
2022-10-14 01:35:13      null

2022-10-14 01:36:14    OutSyncTicket_AW0B LMS外同步票接口{数量:5}
2022-10-14 01:37:14      null

2022-10-14 01:38:14    OutSyncTicket_AW0B LMS外同步票接口{数量:5}
2022-10-14 01:39:14      null

2022-10-14 01:40:14      null

2022-10-14 01:41:14      null

2022-10-14 01:42:14      null

2022-10-14 01:43:14    VehicLockProducPlan_AM0A 整车锁定生产计划,二次锁定{数量:1}
2022-10-14 01:44:14    OrderTheOrder_AP0L 订购订单接口{数量:8}
2022-10-14 01:45:14      null

2022-10-14 01:46:14    OutSyncTicket_AW0B LMS外同步票接口{数量:44}
2022-10-14 01:46:14    OrderTheOrder_AP0L 订购订单接口{数量:15}
2022-10-14 01:47:14      null

2022-10-14 01:48:14    OutSyncTicket_AW0B LMS外同步票接口{数量:8}
2022-10-14 01:49:14      null

2022-10-14 01:50:14    OutSyncTicket_AW0B LMS外同步票接口{数量:5}
2022-10-14 01:50:14    OrderTheOrder_AP0L 订购订单接口{数量:1}
2022-10-14 01:51:14      null

2022-10-14 01:52:14    OutSyncTicket_AW0B LMS外同步票接口{数量:28}
2022-10-14 01:53:14    VehicLockProducPlan_AM0A 整车锁定生产计划,二次锁定{数量:1}
2022-10-14 01:54:14      null

2022-10-14 01:55:14      null

2022-10-14 01:56:14    OutSyncTicket_AW0B LMS外同步票接口{数量:13}
2022-10-14 01:56:14    OrderTheOrder_AP0L 订购订单接口{数量:12}
2022-10-14 01:57:14      null

2022-10-14 01:58:14    OutSyncTicket_AW0B LMS外同步票接口{数量:2}
2022-10-14 01:59:14      null

2022-10-14 02:00:14    OutSyncTicket_AW0B LMS外同步票接口{数量:5}
2022-10-14 02:00:14    OrderTheOrder_AP0L 订购订单接口{数量:4}
2022-10-14 02:01:15      null

2022-10-14 02:02:15    OutSyncTicket_AW0B LMS外同步票接口{数量:58}
2022-10-14 02:03:15    VehicLockProducPlan_AM0A 整车锁定生产计划,二次锁定{数量:1}
2022-10-14 02:04:15    OrderTheOrder_AP0L 订购订单接口{数量:2}
2022-10-14 02:05:15    VehicOverPointInfo_BM00 二厂整车过点{数量:1}
2022-10-14 02:06:15    OutSyncTicket_AW0B LMS外同步票接口{数量:14}
2022-10-14 02:06:15    OrderTheOrder_AP0L 订购订单接口{数量:9}
2022-10-14 02:07:15      null

2022-10-14 02:08:15    OutSyncTicket_AW0B LMS外同步票接口{数量:36}
2022-10-14 02:09:15      null

2022-10-14 02:10:15    OutSyncTicket_AW0B LMS外同步票接口{数量:5}
2022-10-14 02:10:15    OrderTheOrder_AP0L 订购订单接口{数量:1}
2022-10-14 02:11:15      null

2022-10-14 02:12:15    OutSyncTicket_AW0B LMS外同步票接口{数量:11}
2022-10-14 02:12:15    OrderTheOrder_AP0L 订购订单接口{数量:2}
2022-10-14 02:13:15    VehicLockProducPlan_AM0A 整车锁定生产计划,二次锁定{数量:1}
2022-10-14 02:14:15    OutSyncTicket_AW0B LMS外同步票接口{数量:35}
2022-10-14 02:15:15      null

2022-10-14 02:16:15    OutSyncTicket_AW0B LMS外同步票接口{数量:3}
2022-10-14 02:16:15    OrderTheOrder_AP0L 订购订单接口{数量:9}
2022-10-14 02:17:17      null

2022-10-14 02:18:17    OutSyncTicket_AW0B LMS外同步票接口{数量:5}
2022-10-14 02:19:17      null

2022-10-14 02:20:17    OutSyncTicket_AW0B LMS外同步票接口{数量:8}
2022-10-14 02:21:17      null

2022-10-14 02:22:17    OutSyncTicket_AW0B LMS外同步票接口{数量:9}
2022-10-14 02:22:17    OrderTheOrder_AP0L 订购订单接口{数量:20}
2022-10-14 02:23:17      null

2022-10-14 02:24:17    OutSyncTicket_AW0B LMS外同步票接口{数量:130}
2022-10-14 02:25:17    VehicOverPointInfo_AM0D 整车实绩过点信息{数量:1}
2022-10-14 02:26:17    OutSyncTicket_AW0B LMS外同步票接口{数量:2}
2022-10-14 02:26:17    OrderTheOrder_AP0L 订购订单接口{数量:14}
2022-10-14 02:26:17    VehicOverPointInfo_AM0D 整车实绩过点信息{数量:1}
2022-10-14 02:27:17      null

2022-10-14 02:28:17    OutSyncTicket_AW0B LMS外同步票接口{数量:5}
2022-10-14 02:28:17    ExceptOrderAplFeedback_AP0W 例外订购申请反馈{数量:1}
2022-10-14 02:28:17    OrderTheOrder_AP0L 订购订单接口{数量:1}
2022-10-14 02:29:17      null

2022-10-14 02:30:17    OutSyncTicket_AW0B LMS外同步票接口{数量:11}
2022-10-14 02:30:17    OrderTheOrder_AP0L 订购订单接口{数量:1}
2022-10-14 02:31:17      null

2022-10-14 02:32:17    OutSyncTicket_AW0B LMS外同步票接口{数量:8}
2022-10-14 02:33:17      null

2022-10-14 02:34:17    OutSyncTicket_AW0B LMS外同步票接口{数量:5}
2022-10-14 02:35:17      null

2022-10-14 02:36:17    OutSyncTicket_AW0B LMS外同步票接口{数量:5}
2022-10-14 02:36:17    OrderTheOrder_AP0L 订购订单接口{数量:16}
2022-10-14 02:37:17      null

2022-10-14 02:38:18    OutSyncTicket_AW0B LMS外同步票接口{数量:20}
2022-10-14 02:38:18    ExceptOrderAplFeedback_AP0W 例外订购申请反馈{数量:1}
2022-10-14 02:39:18      null

2022-10-14 02:40:18    OutSyncTicket_AW0B LMS外同步票接口{数量:14}
2022-10-14 02:40:18    OrderTheOrder_AP0L 订购订单接口{数量:1}
2022-10-14 02:41:18      null

2022-10-14 02:42:18    OutSyncTicket_AW0B LMS外同步票接口{数量:7}
2022-10-14 02:42:18    OrderTheOrder_AP0L 订购订单接口{数量:2}
2022-10-14 02:43:18      null

2022-10-14 02:44:18    OutSyncTicket_AW0B LMS外同步票接口{数量:24}
2022-10-14 02:45:18      null

2022-10-14 02:46:18    OutSyncTicket_AW0B LMS外同步票接口{数量:10}
2022-10-14 02:46:18    OrderTheOrder_AP0L 订购订单接口{数量:8}
2022-10-14 02:47:18      null

2022-10-14 02:48:18    OutSyncTicket_AW0B LMS外同步票接口{数量:2}
2022-10-14 02:48:18    OrderTheOrder_AP0L 订购订单接口{数量:16}
2022-10-14 02:49:18      null

2022-10-14 02:50:18    OutSyncTicket_AW0B LMS外同步票接口{数量:75}
2022-10-14 02:51:18      null

2022-10-14 02:52:18    OutSyncTicket_AW0B LMS外同步票接口{数量:6}
2022-10-14 02:52:18    OrderTheOrder_AP0L 订购订单接口{数量:1}
2022-10-14 02:53:18      null

2022-10-14 02:54:18    OutSyncTicket_AW0B LMS外同步票接口{数量:41}
2022-10-14 02:54:18    VehicOverPointInfo_BM00 二厂整车过点{数量:1}
2022-10-14 02:54:18    OrderTheOrder_AP0L 订购订单接口{数量:1}
2022-10-14 02:55:18      null

2022-10-14 02:56:18    OutSyncTicket_AW0B LMS外同步票接口{数量:9}
2022-10-14 02:56:18    OrderTheOrder_AP0L 订购订单接口{数量:12}
2022-10-14 02:57:18      null

2022-10-14 02:58:18    OutSyncTicket_AW0B LMS外同步票接口{数量:4}
2022-10-14 02:58:18    VehicOverPointInfo_BM00 二厂整车过点{数量:1}
2022-10-14 02:58:18    OrderTheOrder_AP0L 订购订单接口{数量:9}