
2022-10-06 00:00:36    VehicOverPointInfo_BM00{数量:1}  OrderTheOrder_AP0L{数量:11}  
2022-10-06 00:01:36    OutSyncTicket_AW0B{数量:29}  VehicOverPointInfo_BM00{数量:1}  
2022-10-06 00:02:36    VehicOverPointInfo_BM00{数量:1}  ReceivePurchaseOrder_AP11{数量:7}  OrderTheOrder_AP0L{数量:6}  
2022-10-06 00:03:36    OutSyncTicket_AW0B{数量:8}  ReceivePurchaseOrder_AP11{数量:15}  
2022-10-06 00:04:18    OutSyncTicket_AW0B{数量:8}  
2022-10-06 00:04:18    ReceivePurchaseOrder_AP11{数量:21}  
2022-10-06 00:04:18    VehicOverPointInfo_AM0D{数量:2}  
2022-10-06 00:05:18    ReceivePurchaseOrder_AP11{数量:25}  
2022-10-06 00:05:18    VehicOverPointInfo_AM0D{数量:1}  
2022-10-06 00:06:18    OutSyncTicket_AW0B{数量:5}  
2022-10-06 00:06:18    ReceivePurchaseOrder_AP11{数量:25}  
2022-10-06 00:07:18    ReceivePurchaseOrder_AP11{数量:25}  
2022-10-06 00:08:18    ReceivePurchaseOrder_AP11{数量:25}  
2022-10-06 00:09:18    ReceivePurchaseOrder_AP11{数量:25}  
2022-10-06 00:10:18    OutSyncTicket_AW0B{数量:20}  
2022-10-06 00:10:18    ReceivePurchaseOrder_AP11{数量:25}  
2022-10-06 00:10:18    OrderTheOrder_AP0L{数量:22}  
2022-10-06 00:10:22    ReceivePurchaseOrder_AP11{数量:25}  
2022-10-06 00:10:22    OrderTheOrder_AP0L{数量:22}  
2022-10-06 00:10:47    VehicOverPointInfo_AM0D{数量:1}  
2022-10-06 00:11:47    OutSyncTicket_AW0B{数量:14}  
2022-10-06 00:11:47    VehicOverPointInfo_AM0D{数量:1}  
2022-10-06 00:12:50    VehicOverPointInfo_AM0D{数量:1}  
2022-10-06 00:13:50    OutSyncTicket_AW0B{数量:112}  
2022-10-06 00:14:50    VehicOverPointInfo_AM0D{数量:1}  
2022-10-06 00:15:50    OutSyncTicket_AW0B{数量:5}  
2022-10-06 00:16:46    VehicOverPointInfo_AM0D{数量:1}  
2022-10-06 00:16:47    VehicOverPointInfo_AM0D{数量:1}  
2022-10-06 00:16:48    VehicOverPointInfo_AM0D{数量:1}  
2022-10-06 00:16:49    VehicOverPointInfo_AM0D{数量:1}  
2022-10-06 00:16:50    VehicOverPointInfo_AM0D{数量:1}  
2022-10-06 00:16:51    VehicOverPointInfo_AM0D{数量:1}  
2022-10-06 00:16:52    VehicOverPointInfo_AM0D{数量:1}  
2022-10-06 00:16:53    VehicOverPointInfo_AM0D{数量:1}  
2022-10-06 00:16:54    VehicOverPointInfo_AM0D{数量:1}  
2022-10-06 00:16:55    VehicOverPointInfo_AM0D{数量:1}  
2022-10-06 00:16:56    VehicOverPointInfo_AM0D{数量:1}  
2022-10-06 00:16:57    VehicOverPointInfo_AM0D{数量:1}  
2022-10-06 00:16:58    VehicOverPointInfo_AM0D{数量:1}  
2022-10-06 00:16:59    VehicOverPointInfo_AM0D{数量:1}  
2022-10-06 00:17:00    VehicOverPointInfo_AM0D{数量:1}  
2022-10-06 00:17:26    VehicOverPointInfo_BM00{数量:1}  
2022-10-06 00:17:27    VehicOverPointInfo_BM00{数量:1}  
2022-10-06 00:17:28    OutSyncTicket_AW0B{数量:4}  
2022-10-06 00:17:29    OutSyncTicket_AW0B{数量:4}  
2022-10-06 00:17:30    OutSyncTicket_AW0B{数量:4}  
2022-10-06 00:17:31    OutSyncTicket_AW0B{数量:4}  
2022-10-06 00:17:33    OutSyncTicket_AW0B{数量:4}  
2022-10-06 00:17:34    OutSyncTicket_AW0B{数量:4}  
2022-10-06 00:17:35    OutSyncTicket_AW0B{数量:4}  
2022-10-06 00:17:36    OutSyncTicket_AW0B{数量:4}  
2022-10-06 00:17:37    OutSyncTicket_AW0B{数量:4}  
2022-10-06 00:17:38    OutSyncTicket_AW0B{数量:4}  
2022-10-06 00:17:39    OutSyncTicket_AW0B{数量:4}  
2022-10-06 00:17:40    OutSyncTicket_AW0B{数量:4}  
2022-10-06 00:17:41    OutSyncTicket_AW0B{数量:4}  
2022-10-06 00:17:42    OutSyncTicket_AW0B{数量:4}  
2022-10-06 00:17:43    OutSyncTicket_AW0B{数量:4}  
2022-10-06 00:17:44    OutSyncTicket_AW0B{数量:4}  
2022-10-06 00:17:45    OutSyncTicket_AW0B{数量:4}  
2022-10-06 00:17:46    OutSyncTicket_AW0B{数量:4}  
2022-10-06 00:17:47    OutSyncTicket_AW0B{数量:4}  
2022-10-06 00:17:48    OutSyncTicket_AW0B{数量:4}  
2022-10-06 00:17:49    OutSyncTicket_AW0B{数量:4}  
2022-10-06 00:39:56    OutSyncTicket_AW0B{数量:12}  
2022-10-06 00:39:58    OutSyncTicket_AW0B{数量:12}  
2022-10-06 00:39:59    OutSyncTicket_AW0B{数量:12}  
2022-10-06 00:40:00    OutSyncTicket_AW0B{数量:12}  
2022-10-06 00:40:01    OutSyncTicket_AW0B{数量:12}  
2022-10-06 00:40:02    OutSyncTicket_AW0B{数量:12}  
2022-10-06 00:40:03    OutSyncTicket_AW0B{数量:12}  
2022-10-06 00:40:04    OutSyncTicket_AW0B{数量:12}  
2022-10-06 00:40:05    OutSyncTicket_AW0B{数量:12}  
2022-10-06 00:40:27    VehicOverPointInfo_BM00{数量:1}  
2022-10-06 00:40:27    OrderTheOrder_AP0L{数量:18}  
2022-10-06 00:42:07    OutSyncTicket_AW0B{数量:2}
2022-10-06 00:42:08    OutSyncTicket_AW0B{数量:2}
2022-10-06 00:42:10    OutSyncTicket_AW0B{数量:2}
2022-10-06 00:42:11    OutSyncTicket_AW0B{数量:2}
2022-10-06 00:42:12    OutSyncTicket_AW0B{数量:2}
2022-10-06 00:42:13    OutSyncTicket_AW0B{数量:2}
2022-10-06 00:42:14    OutSyncTicket_AW0B{数量:2}
2022-10-06 00:42:15    OutSyncTicket_AW0B{数量:2}
2022-10-06 00:42:16    OutSyncTicket_AW0B{数量:2}
2022-10-06 00:42:39    VehicOverPointInfo_BM00{数量:1}
2022-10-06 00:42:39    VehicOverPointInfo_AM0D{数量:1}
2022-10-06 00:42:40    VehicOverPointInfo_BM00{数量:1}
2022-10-06 00:42:40    VehicOverPointInfo_AM0D{数量:1}
2022-10-06 00:42:41    VehicOverPointInfo_BM00{数量:1}
2022-10-06 00:42:41    VehicOverPointInfo_AM0D{数量:1}
2022-10-06 00:42:42    VehicOverPointInfo_BM00{数量:1}
2022-10-06 00:42:42    VehicOverPointInfo_AM0D{数量:1}
2022-10-06 00:42:43    VehicOverPointInfo_BM00{数量:1}
2022-10-06 00:42:43    VehicOverPointInfo_AM0D{数量:1}
2022-10-06 00:42:44    VehicOverPointInfo_BM00{数量:1}
2022-10-06 00:42:44    VehicOverPointInfo_AM0D{数量:1}
2022-10-06 00:42:45    VehicOverPointInfo_AM0D{数量:1}
2022-10-06 00:42:54    VehicOverPointInfo_AM0D{数量:1}  
2022-10-06 00:42:55    VehicOverPointInfo_AM0D{数量:1}  
2022-10-06 00:42:56    VehicOverPointInfo_AM0D{数量:1}  
2022-10-06 00:43:26    VehicOverPointInfo_BM00{数量:1}  
2022-10-06 00:43:39    OutSyncTicket_AW0B{数量:6}
2022-10-06 00:43:40    OutSyncTicket_AW0B{数量:6}
2022-10-06 00:43:41    OutSyncTicket_AW0B{数量:6}
2022-10-06 00:43:42    OutSyncTicket_AW0B{数量:6}
2022-10-06 00:43:43    OutSyncTicket_AW0B{数量:6}
2022-10-06 00:43:44    OutSyncTicket_AW0B{数量:6}
2022-10-06 00:43:45    OutSyncTicket_AW0B{数量:6}
2022-10-06 00:43:46    OutSyncTicket_AW0B{数量:6}
2022-10-06 00:43:47    OutSyncTicket_AW0B{数量:6}
2022-10-06 00:43:48    OutSyncTicket_AW0B{数量:6}
2022-10-06 00:43:49    OutSyncTicket_AW0B{数量:6}
2022-10-06 00:43:50    OutSyncTicket_AW0B{数量:6}
2022-10-06 00:43:51    OutSyncTicket_AW0B{数量:6}
2022-10-06 00:43:52    OutSyncTicket_AW0B{数量:6}
2022-10-06 00:43:53    OutSyncTicket_AW0B{数量:6}
2022-10-06 00:43:54    OutSyncTicket_AW0B{数量:6}
2022-10-06 00:43:55    OutSyncTicket_AW0B{数量:6}
2022-10-06 00:43:56    OutSyncTicket_AW0B{数量:6}
2022-10-06 00:43:57    OutSyncTicket_AW0B{数量:6}
2022-10-06 00:43:58    OutSyncTicket_AW0B{数量:6}
2022-10-06 00:43:59    OutSyncTicket_AW0B{数量:6}
2022-10-06 00:44:00    OutSyncTicket_AW0B{数量:6}
2022-10-06 00:44:01    OutSyncTicket_AW0B{数量:6}
2022-10-06 00:44:02    OutSyncTicket_AW0B{数量:6}
2022-10-06 00:44:03    OutSyncTicket_AW0B{数量:6}
2022-10-06 00:44:04    OutSyncTicket_AW0B{数量:6}
2022-10-06 00:44:06    OutSyncTicket_AW0B{数量:6}
2022-10-06 00:44:07    OutSyncTicket_AW0B{数量:6}
2022-10-06 00:44:08    OutSyncTicket_AW0B{数量:6}
2022-10-06 00:44:09    OutSyncTicket_AW0B{数量:6}
2022-10-06 00:44:10    OutSyncTicket_AW0B{数量:6}
2022-10-06 00:44:11    OutSyncTicket_AW0B{数量:6}
2022-10-06 00:44:12    OutSyncTicket_AW0B{数量:6}
2022-10-06 00:44:13    OutSyncTicket_AW0B{数量:6}
2022-10-06 00:44:14    OutSyncTicket_AW0B{数量:6}
2022-10-06 00:44:15    OutSyncTicket_AW0B{数量:6}
2022-10-06 00:44:16    OutSyncTicket_AW0B{数量:6}
2022-10-06 00:44:17    OutSyncTicket_AW0B{数量:6}
2022-10-06 00:44:18    OutSyncTicket_AW0B{数量:6}
2022-10-06 00:44:19    OutSyncTicket_AW0B{数量:6}
2022-10-06 01:11:33    OutSyncTicket_AW0B{数量:4}
2022-10-06 01:12:39    VehicOverPointInfo_AM0D{数量:1}
2022-10-06 01:13:39    OutSyncTicket_AW0B{数量:2}
2022-10-06 01:13:39    VehicOverPointInfo_AM0D{数量:1}
2022-10-06 01:14:39    VehicOverPointInfo_AM0D{数量:1}
2022-10-06 01:15:39    OutSyncTicket_AW0B{数量:18}
2022-10-06 01:15:39    VehicOverPointInfo_AM0D{数量:1}
2022-10-06 01:16:39    VehicOverPointInfo_AM0D{数量:1}
2022-10-06 01:17:39    OutSyncTicket_AW0B{数量:9}
2022-10-06 01:17:39    VehicOverPointInfo_AM0D{数量:1}
2022-10-06 01:18:39    VehicOverPointInfo_AM0D{数量:1}
2022-10-06 01:19:39    OutSyncTicket_AW0B{数量:6}
2022-10-06 01:19:39    VehicOverPointInfo_BM00{数量:1}
2022-10-06 01:19:39    VehicOverPointInfo_AM0D{数量:1}
2022-10-06 01:20:39    VehicOverPointInfo_BM00{数量:1}
2022-10-06 01:20:39    OrderTheOrder_AP0L{数量:1}
2022-10-06 01:20:39    VehicOverPointInfo_AM0D{数量:1}
2022-10-06 01:21:39    VehicOverPointInfo_AM0D{数量:1}
2022-10-06 01:22:39    VehicOverPointInfo_AM0D{数量:1}
2022-10-06 01:23:39    VehicOverPointInfo_AM0D{数量:1}
2022-10-06 01:24:39    VehicOverPointInfo_AM0D{数量:1}
2022-10-06 01:25:39    VehicOverPointInfo_BM00{数量:1}
2022-10-06 01:25:39    VehicOverPointInfo_AM0D{数量:1}
2022-10-06 01:26:39    VehicOverPointInfo_AM0D{数量:1}
2022-10-06 01:27:39    OutSyncTicket_AW0B{数量:88}
2022-10-06 01:27:39    VehicOverPointInfo_AM0D{数量:1}
2022-10-06 01:28:39    VehicOverPointInfo_BM00{数量:1}
2022-10-06 01:28:39    OrderTheOrder_AP0L{数量:5}
2022-10-06 01:28:39    VehicOverPointInfo_AM0D{数量:1}
2022-10-06 01:29:39    OutSyncTicket_AW0B{数量:10}
2022-10-06 01:29:39    VehicOverPointInfo_AM0D{数量:1}
2022-10-06 01:30:39    VehicOverPointInfo_AM0D{数量:1}
2022-10-06 01:31:39    OutSyncTicket_AW0B{数量:11}
2022-10-06 01:31:39    VehicOverPointInfo_BM00{数量:1}
2022-10-06 01:31:39    VehicOverPointInfo_AM0D{数量:1}
2022-10-06 01:32:40    VehicOverPointInfo_BM00{数量:1}
2022-10-06 01:32:40    VehicOverPointInfo_AM0D{数量:1}
2022-10-06 01:33:40    OutSyncTicket_AW0B{数量:14}
2022-10-06 01:33:40    VehicOverPointInfo_AM0D{数量:1}
2022-10-06 01:34:40    VehicOverPointInfo_BM00{数量:1}
2022-10-06 01:34:40    VehicOverPointInfo_AM0D{数量:1}
2022-10-06 01:35:40    VehicOverPointInfo_AM0D{数量:1}
2022-10-06 01:36:40    VehicOverPointInfo_AM0D{数量:1}
2022-10-06 01:37:40    VehicOverPointInfo_BM00{数量:1}
2022-10-06 01:37:40    VehicOverPointInfo_AM0D{数量:1}
2022-10-06 01:38:40    VehicOverPointInfo_AM0D{数量:1}
2022-10-06 01:39:40    VehicOverPointInfo_AM0D{数量:1}
2022-10-06 01:40:40    VehicOverPointInfo_AM0D{数量:1}
2022-10-06 01:41:40    VehicOverPointInfo_AM0D{数量:1}
2022-10-06 01:42:40    VehicOverPointInfo_AM0D{数量:1}
2022-10-06 01:43:40    VehicOverPointInfo_AM0D{数量:1}
2022-10-06 01:44:40    VehicOverPointInfo_AM0D{数量:1}
2022-10-06 01:45:40    OutSyncTicket_AW0B{数量:2}
2022-10-06 01:45:40    VehicOverPointInfo_AM0D{数量:1}
2022-10-06 01:46:40    VehicOverPointInfo_AM0D{数量:1}
2022-10-06 01:47:40    OutSyncTicket_AW0B{数量:23}
2022-10-06 01:47:40    VehicOverPointInfo_AM0D{数量:1}
2022-10-06 01:48:43    VehicOverPointInfo_AM0D{数量:1}  
2022-10-06 01:49:35    OutSyncTicket_AW0B{数量:22}  
2022-10-06 01:50:35    OrderTheOrder_AP0L{数量:3}  
2022-10-06 01:51:35    OutSyncTicket_AW0B{数量:43}  
2022-10-06 01:52:35    OrderTheOrder_AP0L{数量:2}  
2022-10-06 01:53:35    OutSyncTicket_AW0B{数量:5}  
2022-10-06 01:56:19    OutSyncTicket_AW0B{数量:65}  
2022-10-06 01:56:19    OrderTheOrder_AP0L{数量:11}  
2022-10-06 01:58:19    OutSyncTicket_AW0B{数量:2}  
2022-10-06 01:58:19    OrderTheOrder_AP0L{数量:13}  
2022-10-06 02:00:19    OutSyncTicket_AW0B{数量:10}  
2022-10-06 02:02:19    OutSyncTicket_AW0B{数量:37}  
2022-10-06 02:02:19    OrderTheOrder_AP0L{数量:1}  
2022-10-06 02:04:19    OutSyncTicket_AW0B{数量:7}  
2022-10-06 02:06:19    OutSyncTicket_AW0B{数量:8}  
2022-10-06 02:08:19    OutSyncTicket_AW0B{数量:69}  
2022-10-06 02:08:19    OrderTheOrder_AP0L{数量:12}  
2022-10-06 02:09:19    BatteryFarmOverPoint_AM65{数量:1}  
2022-10-06 02:10:19    OutSyncTicket_AW0B{数量:2}  
2022-10-06 02:10:19    BatteryFarmOverPoint_AM65{数量:1}  
2022-10-06 02:12:19    OutSyncTicket_AW0B{数量:7}  
2022-10-06 02:14:19    OutSyncTicket_AW0B{数量:13}  
2022-10-06 02:16:19    OutSyncTicket_AW0B{数量:5}  
2022-10-06 02:18:19    OutSyncTicket_AW0B{数量:62}  
2022-10-06 02:18:19    OrderTheOrder_AP0L{数量:17}  
2022-10-06 02:20:19    OutSyncTicket_AW0B{数量:5}  
2022-10-06 02:22:19    OutSyncTicket_AW0B{数量:9}  
2022-10-06 02:24:19    OutSyncTicket_AW0B{数量:36}  
2022-10-06 02:24:19    OrderTheOrder_AP0L{数量:2}  
2022-10-06 02:26:19    OutSyncTicket_AW0B{数量:35}  
2022-10-06 02:26:19    OrderTheOrder_AP0L{数量:1}  
2022-10-06 02:28:19    OutSyncTicket_AW0B{数量:36}  
2022-10-06 02:28:19    OrderTheOrder_AP0L{数量:17}  
2022-10-06 02:34:20    OutSyncTicket_AW0B{数量:2}  
2022-10-06 20:32:42    VehicOverPointInfo_BM00{数量:1}  
2022-10-06 20:32:42    VehicOverPointInfo_AM0D{数量:1}  
2022-10-06 20:33:39    OutSyncTicket_AW0B{数量:17}  
2022-10-06 20:33:39    VehicOverPointInfo_BM00{数量:1}  
2022-10-06 20:33:39    VehicOverPointInfo_AM0D{数量:1}  
2022-10-06 20:34:39    VehicOverPointInfo_BM00{数量:1}  
2022-10-06 20:34:39    VehicOverPointInfo_AM0D{数量:1}  
2022-10-06 20:35:39    OutSyncTicket_AW0B{数量:12}  
2022-10-06 20:35:39    VehicOverPointInfo_BM00{数量:1}  
2022-10-06 20:35:39    VehicOverPointInfo_AM0D{数量:1}  
2022-10-06 20:36:39    VehicOverPointInfo_BM00{数量:1}  
2022-10-06 20:36:39    VehicOverPointInfo_AM0D{数量:1}  
2022-10-06 20:37:39    OutSyncTicket_AW0B{数量:57}  
2022-10-06 20:37:39    VehicOverPointInfo_BM00{数量:1}  
2022-10-06 20:37:39    VehicOverPointInfo_AM0D{数量:1}  
2022-10-06 20:38:39    VehicOverPointInfo_BM00{数量:1}  
2022-10-06 20:38:39    OrderTheOrder_AP0L{数量:1}  
2022-10-06 20:38:39    VehicOverPointInfo_AM0D{数量:1}  
2022-10-06 20:39:39    OutSyncTicket_AW0B{数量:41}  
2022-10-06 20:39:39    VehicOverPointInfo_BM00{数量:1}  
2022-10-06 20:39:39    VehicOverPointInfo_AM0D{数量:1}  
2022-10-06 20:40:39    VehicOverPointInfo_BM00{数量:1}  
2022-10-06 20:40:39    OrderTheOrder_AP0L{数量:1}  
2022-10-06 20:40:39    VehicOverPointInfo_AM0D{数量:1}  
2022-10-06 20:41:39    OutSyncTicket_AW0B{数量:3}  
2022-10-06 20:41:39    VehicOverPointInfo_BM00{数量:1}  
2022-10-06 20:41:39    VehicOverPointInfo_AM0D{数量:1}  
2022-10-06 20:42:39    VehicOverPointInfo_BM00{数量:1}  
2022-10-06 20:42:39    OrderTheOrder_AP0L{数量:1}  
2022-10-06 20:42:39    VehicOverPointInfo_AM0D{数量:1}  
2022-10-06 20:43:39    OutSyncTicket_AW0B{数量:2}  
2022-10-06 20:43:39    VehicOverPointInfo_BM00{数量:1}  
2022-10-06 20:43:39    VehicOverPointInfo_AM0D{数量:1}  
2022-10-06 20:44:39    VehicOverPointInfo_BM00{数量:1}  
2022-10-06 20:44:39    VehicOverPointInfo_AM0D{数量:1}  
2022-10-06 20:45:39    OutSyncTicket_AW0B{数量:35}  
2022-10-06 20:45:39    VehicOverPointInfo_BM00{数量:1}  
2022-10-06 20:45:39    VehicOverPointInfo_AM0D{数量:1}  
2022-10-06 20:46:39    VehicOverPointInfo_BM00{数量:1}  
2022-10-06 20:46:39    OrderTheOrder_AP0L{数量:1}  
2022-10-06 20:46:39    VehicOverPointInfo_AM0D{数量:1}  
2022-10-06 20:47:39    OutSyncTicket_AW0B{数量:2}  
2022-10-06 20:47:39    VehicOverPointInfo_BM00{数量:1}  
2022-10-06 20:47:39    VehicOverPointInfo_AM0D{数量:1}  
2022-10-06 20:48:16    OutSyncTicket_AW0B{数量:2}  
2022-10-06 20:48:16    VehicOverPointInfo_AM0D{数量:1}  
2022-10-06 20:49:43    OutSyncTicket_AW0B{数量:5}  
2022-10-06 20:49:43    VehicOverPointInfo_BM00{数量:1}  
2022-10-06 20:49:43    ReceivePurchaseOrder_AP11{数量:1}  
2022-10-06 20:49:43    VehicOverPointInfo_AM0D{数量:1}  
2022-10-06 20:50:01    OutSyncTicket_AW0B{数量:5}  
2022-10-06 20:50:01    ReceivePurchaseOrder_AP11{数量:1}  
2022-10-06 20:50:01    VehicOverPointInfo_AM0D{数量:1}  
2022-10-06 20:51:01    VehicOverPointInfo_AM0D{数量:1}  
2022-10-06 20:52:01    OutSyncTicket_AW0B{数量:4}  
2022-10-06 20:52:01    TransferVehicleBOM_BD00{数量:24}  
2022-10-06 20:52:01    VehicLockProducPlan_AM0A{数量:1}  
2022-10-06 20:52:01    TransferVehicleBOM_AD08{数量:9}  
2022-10-06 20:52:01    VehicOverPointInfo_AM0D{数量:1}  
2022-10-06 20:53:01    TransferVehicleBOM_BD00{数量:44}  
2022-10-06 20:53:01    TransferVehicleBOM_AD08{数量:4}  
2022-10-06 20:53:01    VehicOverPointInfo_AM0D{数量:1}  
2022-10-06 20:54:01    OutSyncTicket_AW0B{数量:19}  
2022-10-06 20:54:01    TransferVehicleBOM_BD00{数量:60}  
2022-10-06 20:54:01    TransferVehicleBOM_AD08{数量:4}  
2022-10-06 20:54:01    VehicOverPointInfo_AM0D{数量:1}  
2022-10-06 20:55:01    TransferVehicleBOM_BD00{数量:77}  
2022-10-06 20:55:01    ReceivePurchaseOrder_AP11{数量:3}  
2022-10-06 20:55:01    TransferVehicleBOM_AD08{数量:4}  
2022-10-06 20:55:01    VehicOverPointInfo_AM0D{数量:1}  
2022-10-06 20:56:01    OutSyncTicket_AW0B{数量:3}  
2022-10-06 20:56:01    TransferVehicleBOM_BD00{数量:95}  
2022-10-06 20:56:01    ReceivePurchaseOrder_AP11{数量:3}  
2022-10-06 20:56:01    TransferVehicleBOM_AD08{数量:5}  
2022-10-06 20:56:01    VehicOverPointInfo_AM0D{数量:1}  
2022-10-06 20:56:30    TransferVehicleBOM_BD00null{数量:98}  
2022-10-06 20:56:30    ReceivePurchaseOrder_AP11DMS支给件总成{数量:3}  
2022-10-06 20:56:30    TransferVehicleBOM_AD08单车BOM{数量:6}  
2022-10-06 20:56:30    VehicOverPointInfo_AM0D整车实绩过点信息{数量:1}  
2022-10-06 20:57:30    OutSyncTicket_AW0BLMS外同步票接口{数量:2}  
2022-10-06 20:57:30    TransferVehicleBOM_BD00null{数量:108}  
2022-10-06 20:57:30    ReceivePurchaseOrder_AP11DMS支给件总成{数量:5}  
2022-10-06 20:57:30    TransferVehicleBOM_AD08单车BOM{数量:7}  
2022-10-06 20:57:30    VehicOverPointInfo_AM0D整车实绩过点信息{数量:1}  
2022-10-06 20:58:30    TransferVehicleBOM_BD00null{数量:120}  
2022-10-06 20:58:30    ReceivePurchaseOrder_AP11DMS支给件总成{数量:5}  
2022-10-06 20:58:30    TransferVehicleBOM_AD08单车BOM{数量:6}  
2022-10-06 20:58:30    VehicOverPointInfo_AM0D整车实绩过点信息{数量:1}  
2022-10-06 20:59:30    TransferVehicleBOM_BD00null{数量:133}  
2022-10-06 20:59:30    ReceivePurchaseOrder_AP11DMS支给件总成{数量:5}  
2022-10-06 20:59:30    TransferVehicleBOM_AD08单车BOM{数量:6}  
2022-10-06 20:59:30    VehicOverPointInfo_AM0D整车实绩过点信息{数量:1}  
2022-10-06 21:00:32    TransferVehicleBOM_BD00null{数量:149}  
2022-10-06 21:00:32    TransferVehicleBOM_AD08单车BOM{数量:13}  
2022-10-06 21:00:32    VehicOverPointInfo_AM0D整车实绩过点信息{数量:1}  
2022-10-06 21:01:32    OutSyncTicket_AW0BLMS外同步票接口{数量:1}  
2022-10-06 21:01:32    TransferVehicleBOM_BD00null{数量:161}  
2022-10-06 21:01:32    ReceivePurchaseOrder_AP11DMS支给件总成{数量:1}  
2022-10-06 21:01:32    TransferVehicleBOM_AD08单车BOM{数量:73}  
2022-10-06 21:01:32    VehicOverPointInfo_AM0D整车实绩过点信息{数量:1}  
2022-10-06 21:02:32    TransferVehicleBOM_BD00null{数量:170}  
2022-10-06 21:02:32    ReceivePurchaseOrder_AP11DMS支给件总成{数量:1}  
2022-10-06 21:02:32    OrderTheOrder_AP0L订购订单接口{数量:3}  
2022-10-06 21:02:32    VehicLockProducPlan_AM0A整车锁定生产计划,二次锁定{数量:1}  
2022-10-06 21:02:32    TransferVehicleBOM_AD08单车BOM{数量:154}  
2022-10-06 21:02:32    VehicOverPointInfo_AM0D整车实绩过点信息{数量:1}  
2022-10-06 21:03:32    TransferVehicleBOM_BD00null{数量:178}  
2022-10-06 21:03:32    ReceivePurchaseOrder_AP11DMS支给件总成{数量:1}  
2022-10-06 21:03:32    TransferVehicleBOM_AD08单车BOM{数量:231}  
2022-10-06 21:03:32    VehicOverPointInfo_AM0D整车实绩过点信息{数量:1}  
2022-10-06 21:04:32    TransferVehicleBOM_BD00null{数量:228}  
2022-10-06 21:04:32    ReceivePurchaseOrder_AP11DMS支给件总成{数量:1}  
2022-10-06 21:04:32    TransferVehicleBOM_AD08单车BOM{数量:343}  
2022-10-06 21:04:32    VehicOverPointInfo_AM0D整车实绩过点信息{数量:1}  
2022-10-06 21:05:32    OutSyncTicket_AW0BLMS外同步票接口{数量:3}  
2022-10-06 21:05:32    TransferVehicleBOM_BD00null{数量:283}  
2022-10-06 21:05:32    ReceivePurchaseOrder_AP11DMS支给件总成{数量:1}  
2022-10-06 21:05:32    TransferVehicleBOM_AD08单车BOM{数量:479}  
2022-10-06 21:05:32    VehicOverPointInfo_AM0D整车实绩过点信息{数量:1}  
2022-10-06 21:06:32    TransferVehicleBOM_BD00null{数量:333}  
2022-10-06 21:06:32    ReceivePurchaseOrder_AP11DMS支给件总成{数量:1}  
2022-10-06 21:06:32    TransferVehicleBOM_AD08单车BOM{数量:605}  
2022-10-06 21:06:32    VehicOverPointInfo_AM0D整车实绩过点信息{数量:1}  
2022-10-06 21:07:32    TransferVehicleBOM_BD00null{数量:340}  
2022-10-06 21:07:32    ReceivePurchaseOrder_AP11DMS支给件总成{数量:1}  
2022-10-06 21:07:32    TransferVehicleBOM_AD08单车BOM{数量:741}  
2022-10-06 21:07:32    VehicOverPointInfo_AM0D整车实绩过点信息{数量:1}  
2022-10-06 21:08:32    TransferVehicleBOM_BD00null{数量:341}  
2022-10-06 21:08:32    ReceivePurchaseOrder_AP11DMS支给件总成{数量:1}  
2022-10-06 21:08:32    TransferVehicleBOM_AD08单车BOM{数量:838}  
2022-10-06 21:08:32    VehicOverPointInfo_AM0D整车实绩过点信息{数量:1}  
2022-10-06 21:09:32    TransferVehicleBOM_BD00null{数量:348}  
2022-10-06 21:09:32    ReceivePurchaseOrder_AP11DMS支给件总成{数量:2}  
2022-10-06 21:09:32    TransferVehicleBOM_AD08单车BOM{数量:979}  
2022-10-06 21:09:32    VehicOverPointInfo_AM0D整车实绩过点信息{数量:1}  
2022-10-06 21:10:32    TransferVehicleBOM_BD00null{数量:360}  
2022-10-06 21:10:32    TransferVehicleBOM_AD08单车BOM{数量:1121}  
2022-10-06 21:10:32    VehicOverPointInfo_AM0D整车实绩过点信息{数量:1}  
2022-10-06 21:11:32    TransferVehicleBOM_BD00null{数量:364}  
2022-10-06 21:11:32    ReceivePurchaseOrder_AP11DMS支给件总成{数量:1}  
2022-10-06 21:11:32    TransferVehicleBOM_AD08单车BOM{数量:1219}  
2022-10-06 21:11:32    BatteryFarmSecLock_AM64电池锁定生产计划,二次锁定{数量:1}  
2022-10-06 21:11:32    VehicOverPointInfo_AM0D整车实绩过点信息{数量:1}  
2022-10-06 21:12:32    TransferVehicleBOM_BD00null{数量:372}  
2022-10-06 21:12:32    BatteryFarmOverPoint_AM65电池实际过点信息{数量:1}  
2022-10-06 21:12:32    ReceivePurchaseOrder_AP11DMS支给件总成{数量:1}  
2022-10-06 21:12:32    VehicLockProducPlan_AM0A整车锁定生产计划,二次锁定{数量:1}  
2022-10-06 21:12:32    TransferVehicleBOM_AD08单车BOM{数量:1335}  
2022-10-06 21:12:32    BatteryFarmSecLock_AM64电池锁定生产计划,二次锁定{数量:1}  
2022-10-06 21:12:32    VehicOverPointInfo_AM0D整车实绩过点信息{数量:1}  
2022-10-06 21:13:32    TransferVehicleBOM_BD00null{数量:379}  
2022-10-06 21:13:32    BatteryFarmOverPoint_AM65电池实际过点信息{数量:1}  
2022-10-06 21:13:32    ReceivePurchaseOrder_AP11DMS支给件总成{数量:1}  
2022-10-06 21:13:32    TransferVehicleBOM_AD08单车BOM{数量:1498}  
2022-10-06 21:13:32    VehicOverPointInfo_AM0D整车实绩过点信息{数量:1}  
2022-10-06 21:14:32    TransferVehicleBOM_BD00null{数量:385}  
2022-10-06 21:14:32    BatteryFarmOverPoint_AM65电池实际过点信息{数量:1}  
2022-10-06 21:14:32    ReceivePurchaseOrder_AP11DMS支给件总成{数量:1}  
2022-10-06 21:14:32    TransferVehicleBOM_AD08单车BOM{数量:1634}  
2022-10-06 21:14:32    BatteryFarmSecLock_AM64电池锁定生产计划,二次锁定{数量:1}  
2022-10-06 21:14:32    VehicOverPointInfo_AM0D整车实绩过点信息{数量:1}  
2022-10-06 21:15:32    OutSyncTicket_AW0BLMS外同步票接口{数量:30}  
2022-10-06 21:15:32    TransferVehicleBOM_BD00null{数量:395}  
2022-10-06 21:15:32    ReceivePurchaseOrder_AP11DMS支给件总成{数量:2}  
2022-10-06 21:15:32    TransferVehicleBOM_AD08单车BOM{数量:1793}  
2022-10-06 21:15:32    VehicOverPointInfo_AM0D整车实绩过点信息{数量:1}  
2022-10-06 21:16:32    TransferVehicleBOM_BD00null{数量:421}  
2022-10-06 21:16:32    BatteryFarmOverPoint_AM65电池实际过点信息{数量:1}  
2022-10-06 21:16:32    ReceivePurchaseOrder_AP11DMS支给件总成{数量:2}  
2022-10-06 21:16:32    TransferVehicleBOM_AD08单车BOM{数量:1981}  
2022-10-06 21:16:32    BatteryFarmSecLock_AM64电池锁定生产计划,二次锁定{数量:1}  
2022-10-06 21:16:32    VehicOverPointInfo_AM0D整车实绩过点信息{数量:1}  
2022-10-06 21:17:32    TransferVehicleBOM_BD00null{数量:444}  
2022-10-06 21:17:32    ReceivePurchaseOrder_AP11DMS支给件总成{数量:2}  
2022-10-06 21:17:32    TransferVehicleBOM_AD08单车BOM{数量:2120}  
2022-10-06 21:17:32    VehicOverPointInfo_AM0D整车实绩过点信息{数量:1}  
2022-10-06 21:18:32    TransferVehicleBOM_BD00null{数量:470}  
2022-10-06 21:18:32    BatteryFarmOverPoint_AM65电池实际过点信息{数量:1}  
2022-10-06 21:18:32    ReceivePurchaseOrder_AP11DMS支给件总成{数量:2}  
2022-10-06 21:18:32    TransferVehicleBOM_AD08单车BOM{数量:2264}  
2022-10-06 21:18:32    BatteryFarmSecLock_AM64电池锁定生产计划,二次锁定{数量:1}  
2022-10-06 21:18:32    VehicOverPointInfo_AM0D整车实绩过点信息{数量:1}  
2022-10-06 21:19:33    OutSyncTicket_AW0BLMS外同步票接口{数量:8}  
2022-10-06 21:19:33    TransferVehicleBOM_BD00null{数量:493}  
2022-10-06 21:19:33    BatteryFarmOverPoint_AM65电池实际过点信息{数量:1}  
2022-10-06 21:19:33    ReceivePurchaseOrder_AP11DMS支给件总成{数量:2}  
2022-10-06 21:19:33    TransferVehicleBOM_AD08单车BOM{数量:2428}  
2022-10-06 21:19:33    VehicOverPointInfo_AM0D整车实绩过点信息{数量:1}  
2022-10-06 21:20:33    TransferVehicleBOM_BD00null{数量:516}  
2022-10-06 21:20:33    BatteryFarmOverPoint_AM65电池实际过点信息{数量:1}  
2022-10-06 21:20:33    OrderTheOrder_AP0L订购订单接口{数量:1}  
2022-10-06 21:20:33    TransferVehicleBOM_AD08单车BOM{数量:2558}  
2022-10-06 21:20:33    BatteryFarmSecLock_AM64电池锁定生产计划,二次锁定{数量:1}  
2022-10-06 21:20:33    VehicOverPointInfo_AM0D整车实绩过点信息{数量:1}  
2022-10-06 21:21:33    TransferVehicleBOM_BD00null{数量:525}  
2022-10-06 21:21:33    ReceivePurchaseOrder_AP11DMS支给件总成{数量:1}  
2022-10-06 21:21:33    TransferVehicleBOM_AD08单车BOM{数量:2661}  
2022-10-06 21:21:33    VehicOverPointInfo_AM0D整车实绩过点信息{数量:1}  
2022-10-06 21:22:33    TransferVehicleBOM_BD00null{数量:539}  
2022-10-06 21:22:33    ReceivePurchaseOrder_AP11DMS支给件总成{数量:1}  
2022-10-06 21:22:33    OrderTheOrder_AP0L订购订单接口{数量:4}  
2022-10-06 21:22:33    VehicLockProducPlan_AM0A整车锁定生产计划,二次锁定{数量:1}  
2022-10-06 21:22:33    TransferVehicleBOM_AD08单车BOM{数量:2786}  
2022-10-06 21:22:33    VehicOverPointInfo_AM0D整车实绩过点信息{数量:1}  
2022-10-06 21:23:33    OutSyncTicket_AW0BLMS外同步票接口{数量:1}  
2022-10-06 21:23:33    TransferVehicleBOM_BD00null{数量:550}  
2022-10-06 21:23:33    BatteryFarmOverPoint_AM65电池实际过点信息{数量:1}  
2022-10-06 21:23:33    ReceivePurchaseOrder_AP11DMS支给件总成{数量:2}  
2022-10-06 21:23:33    TransferVehicleBOM_AD08单车BOM{数量:2909}  
2022-10-06 21:23:33    BatteryFarmSecLock_AM64电池锁定生产计划,二次锁定{数量:1}  
2022-10-06 21:23:33    VehicOverPointInfo_AM0D整车实绩过点信息{数量:1}  
2022-10-06 21:24:33    TransferVehicleBOM_BD00null{数量:558}  
2022-10-06 21:24:33    ReceivePurchaseOrder_AP11DMS支给件总成{数量:2}  
2022-10-06 21:24:33    TransferVehicleBOM_AD08单车BOM{数量:3041}  
2022-10-06 21:24:33    VehicOverPointInfo_AM0D整车实绩过点信息{数量:1}  
2022-10-06 21:25:33    TransferVehicleBOM_BD00null{数量:565}  
2022-10-06 21:25:33    ReceivePurchaseOrder_AP11DMS支给件总成{数量:4}  
2022-10-06 21:25:33    TransferVehicleBOM_AD08单车BOM{数量:3176}  
2022-10-06 21:25:33    VehicOverPointInfo_AM0D整车实绩过点信息{数量:1}  
2022-10-06 21:26:33    TransferVehicleBOM_BD00null{数量:569}  
2022-10-06 21:26:33    BatteryFarmOverPoint_AM65电池实际过点信息{数量:1}  
2022-10-06 21:26:33    ReceivePurchaseOrder_AP11DMS支给件总成{数量:4}  
2022-10-06 21:26:33    TransferVehicleBOM_AD08单车BOM{数量:3315}  
2022-10-06 21:26:33    BatteryFarmSecLock_AM64电池锁定生产计划,二次锁定{数量:1}  
2022-10-06 21:26:33    VehicOverPointInfo_AM0D整车实绩过点信息{数量:1}  
2022-10-06 21:27:33    TransferVehicleBOM_BD00null{数量:559}  
2022-10-06 21:27:33    BatteryFarmOverPoint_AM65电池实际过点信息{数量:1}  
2022-10-06 21:27:33    ReceivePurchaseOrder_AP11DMS支给件总成{数量:6}  
2022-10-06 21:27:33    TransferVehicleBOM_AD08单车BOM{数量:3446}  
2022-10-06 21:27:33    VehicOverPointInfo_AM0D整车实绩过点信息{数量:1}  
2022-10-06 21:28:33    TransferVehicleBOM_BD00null{数量:549}  
2022-10-06 21:28:33    BatteryFarmOverPoint_AM65电池实际过点信息{数量:1}  
2022-10-06 21:28:33    ReceivePurchaseOrder_AP11DMS支给件总成{数量:6}  
2022-10-06 21:28:33    TransferVehicleBOM_AD08单车BOM{数量:3616}  
2022-10-06 21:28:33    BatteryFarmSecLock_AM64电池锁定生产计划,二次锁定{数量:1}  
2022-10-06 21:28:33    VehicOverPointInfo_AM0D整车实绩过点信息{数量:1}  
2022-10-06 21:29:33    OutSyncTicket_AW0BLMS外同步票接口{数量:3}  
2022-10-06 21:29:33    TransferVehicleBOM_BD00null{数量:539}  
2022-10-06 21:29:33    BatteryFarmOverPoint_AM65电池实际过点信息{数量:1}  
2022-10-06 21:29:33    ReceivePurchaseOrder_AP11DMS支给件总成{数量:7}  
2022-10-06 21:29:33    TransferVehicleBOM_AD08单车BOM{数量:3760}  
2022-10-06 21:29:33    VehicOverPointInfo_AM0D整车实绩过点信息{数量:1}  
2022-10-06 21:30:33    TransferVehicleBOM_BD00null{数量:529}  
2022-10-06 21:30:33    BatteryFarmOverPoint_AM65电池实际过点信息{数量:1}  
2022-10-06 21:30:33    TransferVehicleBOM_AD08单车BOM{数量:3952}  
2022-10-06 21:30:33    VehicOverPointInfo_AM0D整车实绩过点信息{数量:1}  
2022-10-06 21:31:33    OutSyncTicket_AW0BLMS外同步票接口{数量:12}  
2022-10-06 21:31:33    TransferVehicleBOM_BD00null{数量:519}  
2022-10-06 21:31:33    BatteryFarmOverPoint_AM65电池实际过点信息{数量:1}  
2022-10-06 21:31:33    ReceivePurchaseOrder_AP11DMS支给件总成{数量:1}  
2022-10-06 21:31:33    TransferVehicleBOM_AD08单车BOM{数量:4110}  
2022-10-06 21:31:33    BatteryFarmSecLock_AM64电池锁定生产计划,二次锁定{数量:1}  
2022-10-06 21:31:33    VehicOverPointInfo_AM0D整车实绩过点信息{数量:1}  
2022-10-06 21:32:33    TransferVehicleBOM_BD00null{数量:509}  
2022-10-06 21:32:33    BatteryFarmOverPoint_AM65电池实际过点信息{数量:1}  
2022-10-06 21:32:33    ReceivePurchaseOrder_AP11DMS支给件总成{数量:1}  
2022-10-06 21:32:33    OrderTheOrder_AP0L订购订单接口{数量:18}  
2022-10-06 21:32:33    VehicLockProducPlan_AM0A整车锁定生产计划,二次锁定{数量:1}  
2022-10-06 21:32:33    TransferVehicleBOM_AD08单车BOM{数量:4302}  
2022-10-06 21:32:33    VehicOverPointInfo_AM0D整车实绩过点信息{数量:1}  
2022-10-06 21:33:33    OutSyncTicket_AW0BLMS外同步票接口{数量:18}  
2022-10-06 21:33:33    TransferVehicleBOM_BD00null{数量:499}  
2022-10-06 21:33:33    ReceivePurchaseOrder_AP11DMS支给件总成{数量:2}  
2022-10-06 21:33:33    TransferVehicleBOM_AD08单车BOM{数量:4469}  
2022-10-06 21:33:33    VehicOverPointInfo_AM0D整车实绩过点信息{数量:1}  
2022-10-06 21:34:33    TransferVehicleBOM_BD00null{数量:489}  
2022-10-06 21:34:33    BatteryFarmOverPoint_AM65电池实际过点信息{数量:1}  
2022-10-06 21:34:33    ReceivePurchaseOrder_AP11DMS支给件总成{数量:2}  
2022-10-06 21:34:33    OrderTheOrder_AP0L订购订单接口{数量:1}  
2022-10-06 21:34:33    TransferVehicleBOM_AD08单车BOM{数量:4636}  
2022-10-06 21:34:33    BatteryFarmSecLock_AM64电池锁定生产计划,二次锁定{数量:1}  
2022-10-06 21:34:33    VehicOverPointInfo_AM0D整车实绩过点信息{数量:1}  
2022-10-06 21:35:33    OutSyncTicket_AW0BLMS外同步票接口{数量:7}  
2022-10-06 21:35:33    TransferVehicleBOM_BD00null{数量:479}  
2022-10-06 21:35:33    BatteryFarmOverPoint_AM65电池实际过点信息{数量:1}  
2022-10-06 21:35:33    ReceivePurchaseOrder_AP11DMS支给件总成{数量:3}  
2022-10-06 21:35:33    TransferVehicleBOM_AD08单车BOM{数量:4760}  
2022-10-06 21:35:33    VehicOverPointInfo_AM0D整车实绩过点信息{数量:1}  
2022-10-06 21:36:33    TransferVehicleBOM_BD00null{数量:469}  
2022-10-06 21:36:33    BatteryFarmOverPoint_AM65电池实际过点信息{数量:1}  
2022-10-06 21:36:33    ReceivePurchaseOrder_AP11DMS支给件总成{数量:3}  
2022-10-06 21:36:33    TransferVehicleBOM_AD08单车BOM{数量:4807}  
2022-10-06 21:36:33    BatteryFarmSecLock_AM64电池锁定生产计划,二次锁定{数量:1}  
2022-10-06 21:36:33    VehicOverPointInfo_AM0D整车实绩过点信息{数量:1}  
2022-10-06 21:37:33    OutSyncTicket_AW0BLMS外同步票接口{数量:13}  
2022-10-06 21:37:33    TransferVehicleBOM_BD00null{数量:459}  
2022-10-06 21:37:33    ReceivePurchaseOrder_AP11DMS支给件总成{数量:4}  
2022-10-06 21:37:33    TransferVehicleBOM_AD08单车BOM{数量:4818}  
2022-10-06 21:37:33    VehicOverPointInfo_AM0D整车实绩过点信息{数量:1}  
2022-10-06 21:38:33    TransferVehicleBOM_BD00null{数量:449}  
2022-10-06 21:38:33    VehicPOInfoGrant_AM0C整车W+3周生产计划,整车一次锁定{数量:11}  
2022-10-06 21:38:33    BatteryFarmOverPoint_AM65电池实际过点信息{数量:1}  
2022-10-06 21:38:33    ReceivePurchaseOrder_AP11DMS支给件总成{数量:5}  
2022-10-06 21:38:33    OrderTheOrder_AP0L订购订单接口{数量:6}  
2022-10-06 21:38:33    TransferVehicleBOM_AD08单车BOM{数量:4809}  
2022-10-06 21:38:33    BatteryFarmSecLock_AM64电池锁定生产计划,二次锁定{数量:1}  
2022-10-06 21:38:33    VehicOverPointInfo_AM0D整车实绩过点信息{数量:1}  
2022-10-06 21:39:33    OutSyncTicket_AW0BLMS外同步票接口{数量:10}  
2022-10-06 21:39:33    TransferVehicleBOM_BD00null{数量:439}  
2022-10-06 21:39:33    VehicPOInfoGrant_AM0C整车W+3周生产计划,整车一次锁定{数量:9}  
2022-10-06 21:39:33    BatteryFarmOverPoint_AM65电池实际过点信息{数量:1}  
2022-10-06 21:39:33    ReceivePurchaseOrder_AP11DMS支给件总成{数量:7}  
2022-10-06 21:39:33    TransferVehicleBOM_AD08单车BOM{数量:4789}  
2022-10-06 21:39:33    VehicOverPointInfo_AM0D整车实绩过点信息{数量:1}  
2022-10-06 21:40:33    TransferVehicleBOM_BD00null{数量:429}  
2022-10-06 21:40:33    VehicPOInfoGrant_AM0C整车W+3周生产计划,整车一次锁定{数量:7}  
2022-10-06 21:40:33    BatteryFarmOverPoint_AM65电池实际过点信息{数量:1}  
2022-10-06 21:40:33    ReceivePurchaseOrder_AP11DMS支给件总成{数量:1}  
2022-10-06 21:40:33    TransferVehicleBOM_AD08单车BOM{数量:4769}  
2022-10-06 21:40:33    VehicOverPointInfo_AM0D整车实绩过点信息{数量:1}  
2022-10-06 21:41:33    OutSyncTicket_AW0BLMS外同步票接口{数量:33}  
2022-10-06 21:41:33    TransferVehicleBOM_BD00null{数量:419}  
2022-10-06 21:41:33    VehicPOInfoGrant_AM0C整车W+3周生产计划,整车一次锁定{数量:4}  
2022-10-06 21:41:33    BatteryFarmOverPoint_AM65电池实际过点信息{数量:1}  
2022-10-06 21:41:33    ReceivePurchaseOrder_AP11DMS支给件总成{数量:1}  
2022-10-06 21:41:33    TransferVehicleBOM_AD08单车BOM{数量:4749}  
2022-10-06 21:41:33    BatteryFarmSecLock_AM64电池锁定生产计划,二次锁定{数量:1}  
2022-10-06 21:41:33    VehicOverPointInfo_AM0D整车实绩过点信息{数量:1}  
2022-10-06 21:42:33    TransferVehicleBOM_BD00null{数量:409}  
2022-10-06 21:42:33    VehicPOInfoGrant_AM0C整车W+3周生产计划,整车一次锁定{数量:2}  
2022-10-06 21:42:33    BatteryFarmOverPoint_AM65电池实际过点信息{数量:1}  
2022-10-06 21:42:33    ReceivePurchaseOrder_AP11DMS支给件总成{数量:1}  
2022-10-06 21:42:33    OrderTheOrder_AP0L订购订单接口{数量:25}  
2022-10-06 21:42:33    VehicLockProducPlan_AM0A整车锁定生产计划,二次锁定{数量:1}  
2022-10-06 21:42:33    TransferVehicleBOM_AD08单车BOM{数量:4729}  
2022-10-06 21:42:33    VehicOverPointInfo_AM0D整车实绩过点信息{数量:1}  
2022-10-06 21:43:33    OutSyncTicket_AW0BLMS外同步票接口{数量:8}  
2022-10-06 21:43:33    TransferVehicleBOM_BD00null{数量:399}  
2022-10-06 21:43:33    BatteryFarmOverPoint_AM65电池实际过点信息{数量:1}  
2022-10-06 21:43:33    ReceivePurchaseOrder_AP11DMS支给件总成{数量:1}  
2022-10-06 21:43:33    TransferVehicleBOM_AD08单车BOM{数量:4709}  
2022-10-06 21:43:33    BatteryFarmSecLock_AM64电池锁定生产计划,二次锁定{数量:1}  
2022-10-06 21:43:33    VehicOverPointInfo_AM0D整车实绩过点信息{数量:1}  
2022-10-06 21:44:33    TransferVehicleBOM_BD00null{数量:389}  
2022-10-06 21:44:33    ReceivePurchaseOrder_AP11DMS支给件总成{数量:1}  
2022-10-06 21:44:33    TransferVehicleBOM_AD08单车BOM{数量:4689}  
2022-10-06 21:44:33    VehicOverPointInfo_AM0D整车实绩过点信息{数量:1}  
2022-10-06 21:45:33    OutSyncTicket_AW0BLMS外同步票接口{数量:15}  
2022-10-06 21:45:33    TransferVehicleBOM_BD00null{数量:379}  
2022-10-06 21:45:33    BatteryFarmOverPoint_AM65电池实际过点信息{数量:1}  
2022-10-06 21:45:33    ReceivePurchaseOrder_AP11DMS支给件总成{数量:2}  
2022-10-06 21:45:33    TransferVehicleBOM_AD08单车BOM{数量:4669}  
2022-10-06 21:45:33    BatteryFarmSecLock_AM64电池锁定生产计划,二次锁定{数量:1}  
2022-10-06 21:45:33    VehicOverPointInfo_AM0D整车实绩过点信息{数量:1}  
2022-10-06 21:46:33    TransferVehicleBOM_BD00null{数量:369}  
2022-10-06 21:46:33    ReceivePurchaseOrder_AP11DMS支给件总成{数量:2}  
2022-10-06 21:46:33    TransferVehicleBOM_AD08单车BOM{数量:4649}  
2022-10-06 21:46:33    VehicOverPointInfo_AM0D整车实绩过点信息{数量:1}  
2022-10-06 21:47:33    OutSyncTicket_AW0BLMS外同步票接口{数量:32}  
2022-10-06 21:47:33    TransferVehicleBOM_BD00null{数量:359}  
2022-10-06 21:47:33    BatteryFarmOverPoint_AM65电池实际过点信息{数量:1}  
2022-10-06 21:47:33    ReceivePurchaseOrder_AP11DMS支给件总成{数量:3}  
2022-10-06 21:47:33    TransferVehicleBOM_AD08单车BOM{数量:4629}  
2022-10-06 21:47:33    BatteryFarmSecLock_AM64电池锁定生产计划,二次锁定{数量:1}  
2022-10-06 21:47:33    VehicOverPointInfo_AM0D整车实绩过点信息{数量:1}  
2022-10-06 21:48:33    TransferVehicleBOM_BD00null{数量:349}  
2022-10-06 21:48:33    BatteryFarmOverPoint_AM65电池实际过点信息{数量:1}  
2022-10-06 21:48:33    ReceivePurchaseOrder_AP11DMS支给件总成{数量:4}  
2022-10-06 21:48:33    OrderTheOrder_AP0L订购订单接口{数量:2}  
2022-10-06 21:48:33    TransferVehicleBOM_AD08单车BOM{数量:4609}  
2022-10-06 21:48:33    VehicOverPointInfo_AM0D整车实绩过点信息{数量:1}  
2022-10-06 21:49:33    OutSyncTicket_AW0BLMS外同步票接口{数量:37}  
2022-10-06 21:49:33    TransferVehicleBOM_BD00null{数量:339}  
2022-10-06 21:49:33    BatteryFarmOverPoint_AM65电池实际过点信息{数量:1}  
2022-10-06 21:49:33    ReceivePurchaseOrder_AP11DMS支给件总成{数量:5}  
2022-10-06 21:49:33    TransferVehicleBOM_AD08单车BOM{数量:4589}  
2022-10-06 21:49:33    VehicOverPointInfo_AM0D整车实绩过点信息{数量:1}  
2022-10-06 21:50:33    TransferVehicleBOM_BD00null{数量:329}  
2022-10-06 21:50:33    BatteryFarmOverPoint_AM65电池实际过点信息{数量:1}  
2022-10-06 21:50:33    OrderTheOrder_AP0L订购订单接口{数量:2}  
2022-10-06 21:50:33    TransferVehicleBOM_AD08单车BOM{数量:4569}  
2022-10-06 21:50:33    BatteryFarmSecLock_AM64电池锁定生产计划,二次锁定{数量:1}  
2022-10-06 21:50:33    VehicOverPointInfo_AM0D整车实绩过点信息{数量:1}  
2022-10-06 21:51:33    OutSyncTicket_AW0BLMS外同步票接口{数量:10}  
2022-10-06 21:51:33    TransferVehicleBOM_BD00null{数量:319}  
2022-10-06 21:51:33    TransferVehicleBOM_AD08单车BOM{数量:4549}  
2022-10-06 21:51:33    VehicOverPointInfo_AM0D整车实绩过点信息{数量:1}  
2022-10-06 21:52:33    TransferVehicleBOM_BD00null{数量:309}  
2022-10-06 21:52:33    BatteryFarmOverPoint_AM65电池实际过点信息{数量:1}  
2022-10-06 21:52:33    OrderTheOrder_AP0L订购订单接口{数量:19}  
2022-10-06 21:52:33    TransferVehicleBOM_AD08单车BOM{数量:4529}  
2022-10-06 21:52:33    BatteryFarmSecLock_AM64电池锁定生产计划,二次锁定{数量:1}  
2022-10-06 21:52:33    VehicOverPointInfo_AM0D整车实绩过点信息{数量:1}  
2022-10-06 21:53:33    TransferVehicleBOM_BD00null{数量:299}  
2022-10-06 21:53:33    BatteryFarmOverPoint_AM65电池实际过点信息{数量:1}  
2022-10-06 21:53:33    ReceivePurchaseOrder_AP11DMS支给件总成{数量:2}  
2022-10-06 21:53:33    TransferVehicleBOM_AD08单车BOM{数量:4509}  
2022-10-06 21:53:33    VehicOverPointInfo_AM0D整车实绩过点信息{数量:1}  
2022-10-06 21:54:33    TransferVehicleBOM_BD00null{数量:289}  
2022-10-06 21:54:33    BatteryFarmOverPoint_AM65电池实际过点信息{数量:1}  
2022-10-06 21:54:33    ReceivePurchaseOrder_AP11DMS支给件总成{数量:2}  
2022-10-06 21:54:33    TransferVehicleBOM_AD08单车BOM{数量:4489}  
2022-10-06 21:54:33    BatteryFarmSecLock_AM64电池锁定生产计划,二次锁定{数量:1}  
2022-10-06 21:54:33    VehicOverPointInfo_AM0D整车实绩过点信息{数量:1}  
2022-10-06 21:55:33    OutSyncTicket_AW0BLMS外同步票接口{数量:32}  
2022-10-06 21:55:33    TransferVehicleBOM_BD00null{数量:279}  
2022-10-06 21:55:33    ReceivePurchaseOrder_AP11DMS支给件总成{数量:2}  
2022-10-06 21:55:33    TransferVehicleBOM_AD08单车BOM{数量:4469}  
2022-10-06 21:55:33    VehicOverPointInfo_AM0D整车实绩过点信息{数量:1}  
2022-10-06 21:56:33    TransferVehicleBOM_BD00null{数量:269}  
2022-10-06 21:56:33    ReceivePurchaseOrder_AP11DMS支给件总成{数量:2}  
2022-10-06 21:56:33    TransferVehicleBOM_AD08单车BOM{数量:4449}  
2022-10-06 21:56:33    BatteryFarmSecLock_AM64电池锁定生产计划,二次锁定{数量:1}  
2022-10-06 21:56:33    VehicOverPointInfo_AM0D整车实绩过点信息{数量:1}  
2022-10-06 21:57:33    TransferVehicleBOM_BD00null{数量:259}  
2022-10-06 21:57:33    BatteryFarmOverPoint_AM65电池实际过点信息{数量:1}  
2022-10-06 21:57:33    ReceivePurchaseOrder_AP11DMS支给件总成{数量:2}  
2022-10-06 21:57:33    TransferVehicleBOM_AD08单车BOM{数量:4429}  
2022-10-06 21:57:33    VehicOverPointInfo_AM0D整车实绩过点信息{数量:1}  
2022-10-06 21:58:33    TransferVehicleBOM_BD00null{数量:249}  
2022-10-06 21:58:33    BatteryFarmOverPoint_AM65电池实际过点信息{数量:1}  
2022-10-06 21:58:33    ReceivePurchaseOrder_AP11DMS支给件总成{数量:2}  
2022-10-06 21:58:33    TransferVehicleBOM_AD08单车BOM{数量:4409}  
2022-10-06 21:58:33    VehicOverPointInfo_AM0D整车实绩过点信息{数量:1}  
2022-10-06 21:59:33    OutSyncTicket_AW0BLMS外同步票接口{数量:7}  
2022-10-06 21:59:33    TransferVehicleBOM_BD00null{数量:239}  
2022-10-06 21:59:33    BatteryFarmOverPoint_AM65电池实际过点信息{数量:1}  
2022-10-06 21:59:33    ReceivePurchaseOrder_AP11DMS支给件总成{数量:2}  
2022-10-06 21:59:33    TransferVehicleBOM_AD08单车BOM{数量:4389}  
2022-10-06 21:59:33    BatteryFarmSecLock_AM64电池锁定生产计划,二次锁定{数量:1}  
2022-10-06 21:59:33    VehicOverPointInfo_AM0D整车实绩过点信息{数量:1}  
2022-10-06 22:00:33    TransferVehicleBOM_BD00null{数量:229}  
2022-10-06 22:00:33    OrderTheOrder_AP0L订购订单接口{数量:10}  
2022-10-06 22:00:33    TransferVehicleBOM_AD08单车BOM{数量:4369}  
2022-10-06 22:00:33    VehicOverPointInfo_AM0D整车实绩过点信息{数量:1}  
2022-10-06 22:01:33    OutSyncTicket_AW0BLMS外同步票接口{数量:28}  
2022-10-06 22:01:33    TransferVehicleBOM_BD00null{数量:219}  
2022-10-06 22:01:33    TransferVehicleBOM_AD08单车BOM{数量:4349}  
2022-10-06 22:01:33    VehicOverPointInfo_AM0D整车实绩过点信息{数量:1}  
2022-10-06 22:02:33    TransferVehicleBOM_BD00null{数量:209}  
2022-10-06 22:02:33    BatteryFarmOverPoint_AM65电池实际过点信息{数量:1}  
2022-10-06 22:02:33    OrderTheOrder_AP0L订购订单接口{数量:9}  
2022-10-06 22:02:33    VehicLockProducPlan_AM0A整车锁定生产计划,二次锁定{数量:1}  
2022-10-06 22:02:33    TransferVehicleBOM_AD08单车BOM{数量:4329}  
2022-10-06 22:02:33    BatteryFarmSecLock_AM64电池锁定生产计划,二次锁定{数量:1}  
2022-10-06 22:02:33    VehicOverPointInfo_AM0D整车实绩过点信息{数量:1}  
2022-10-06 22:03:33    TransferVehicleBOM_BD00null{数量:199}  
2022-10-06 22:03:33    BatteryFarmOverPoint_AM65电池实际过点信息{数量:1}  
2022-10-06 22:03:33    ReceivePurchaseOrder_AP11DMS支给件总成{数量:2}  
2022-10-06 22:03:33    TransferVehicleBOM_AD08单车BOM{数量:4309}  
2022-10-06 22:03:33    VehicOverPointInfo_AM0D整车实绩过点信息{数量:1}  
2022-10-06 22:04:33    TransferVehicleBOM_BD00null{数量:189}  
2022-10-06 22:04:33    BatteryFarmOverPoint_AM65电池实际过点信息{数量:1}  
2022-10-06 22:04:33    ReceivePurchaseOrder_AP11DMS支给件总成{数量:2}  
2022-10-06 22:04:33    TransferVehicleBOM_AD08单车BOM{数量:4289}  
2022-10-06 22:04:33    VehicOverPointInfo_AM0D整车实绩过点信息{数量:1}  
2022-10-06 22:05:34    OutSyncTicket_AW0BLMS外同步票接口{数量:8}  
2022-10-06 22:05:34    TransferVehicleBOM_BD00null{数量:179}  
2022-10-06 22:05:34    BatteryFarmOverPoint_AM65电池实际过点信息{数量:1}  
2022-10-06 22:05:34    ReceivePurchaseOrder_AP11DMS支给件总成{数量:3}  
2022-10-06 22:05:34    TransferVehicleBOM_AD08单车BOM{数量:4269}  
2022-10-06 22:05:34    BatteryFarmSecLock_AM64电池锁定生产计划,二次锁定{数量:1}  
2022-10-06 22:05:34    VehicOverPointInfo_AM0D整车实绩过点信息{数量:1}  
2022-10-06 22:06:34    TransferVehicleBOM_BD00null{数量:169}  
2022-10-06 22:06:34    ReceivePurchaseOrder_AP11DMS支给件总成{数量:3}  
2022-10-06 22:06:34    TransferVehicleBOM_AD08单车BOM{数量:4249}  
2022-10-06 22:06:34    VehicOverPointInfo_AM0D整车实绩过点信息{数量:1}  
2022-10-06 22:07:34    OutSyncTicket_AW0BLMS外同步票接口{数量:7}  
2022-10-06 22:07:34    TransferVehicleBOM_BD00null{数量:159}  
2022-10-06 22:07:34    BatteryFarmOverPoint_AM65电池实际过点信息{数量:1}  
2022-10-06 22:07:34    ReceivePurchaseOrder_AP11DMS支给件总成{数量:3}  
2022-10-06 22:07:34    TransferVehicleBOM_AD08单车BOM{数量:4229}  
2022-10-06 22:07:34    BatteryFarmSecLock_AM64电池锁定生产计划,二次锁定{数量:1}  
2022-10-06 22:07:34    VehicOverPointInfo_AM0D整车实绩过点信息{数量:1}  
2022-10-06 22:08:34    TransferVehicleBOM_BD00null{数量:149}  
2022-10-06 22:08:34    BatteryFarmOverPoint_AM65电池实际过点信息{数量:1}  
2022-10-06 22:08:34    ReceivePurchaseOrder_AP11DMS支给件总成{数量:3}  
2022-10-06 22:08:34    OrderTheOrder_AP0L订购订单接口{数量:1}  
2022-10-06 22:08:34    TransferVehicleBOM_AD08单车BOM{数量:4209}  
2022-10-06 22:08:34    BatteryFarmSecLock_AM64电池锁定生产计划,二次锁定{数量:1}  
2022-10-06 22:08:34    VehicOverPointInfo_AM0D整车实绩过点信息{数量:1}  
2022-10-06 22:09:34    OutSyncTicket_AW0BLMS外同步票接口{数量:8}  
2022-10-06 22:09:34    TransferVehicleBOM_BD00null{数量:139}  
2022-10-06 22:09:34    BatteryFarmOverPoint_AM65电池实际过点信息{数量:1}  
2022-10-06 22:09:34    ReceivePurchaseOrder_AP11DMS支给件总成{数量:3}  
2022-10-06 22:09:34    TransferVehicleBOM_AD08单车BOM{数量:4189}  
2022-10-06 22:09:34    VehicOverPointInfo_AM0D整车实绩过点信息{数量:1}  
2022-10-06 22:10:34    TransferVehicleBOM_BD00null{数量:129}  
2022-10-06 22:10:34    OrderTheOrder_AP0L订购订单接口{数量:1}  
2022-10-06 22:10:34    TransferVehicleBOM_AD08单车BOM{数量:4169}  
2022-10-06 22:10:34    BatteryFarmSecLock_AM64电池锁定生产计划,二次锁定{数量:1}  
2022-10-06 22:10:34    VehicOverPointInfo_AM0D整车实绩过点信息{数量:1}  
2022-10-06 22:11:34    OutSyncTicket_AW0BLMS外同步票接口{数量:24}  
2022-10-06 22:11:34    TransferVehicleBOM_BD00null{数量:119}  
2022-10-06 22:11:34    BatteryFarmOverPoint_AM65电池实际过点信息{数量:1}  
2022-10-06 22:11:34    TransferVehicleBOM_AD08单车BOM{数量:4149}  
2022-10-06 22:11:34    VehicOverPointInfo_AM0D整车实绩过点信息{数量:1}  
2022-10-06 22:12:34    TransferVehicleBOM_BD00null{数量:109}  
2022-10-06 22:12:34    OrderTheOrder_AP0L订购订单接口{数量:16}  
2022-10-06 22:12:34    VehicLockProducPlan_AM0A整车锁定生产计划,二次锁定{数量:1}  
2022-10-06 22:12:34    TransferVehicleBOM_AD08单车BOM{数量:4129}  
2022-10-06 22:12:34    VehicOverPointInfo_AM0D整车实绩过点信息{数量:1}  
2022-10-06 22:13:34    TransferVehicleBOM_BD00null{数量:99}  
2022-10-06 22:13:34    BatteryFarmOverPoint_AM65电池实际过点信息{数量:1}  
2022-10-06 22:13:34    ReceivePurchaseOrder_AP11DMS支给件总成{数量:1}  
2022-10-06 22:13:34    TransferVehicleBOM_AD08单车BOM{数量:4109}  
2022-10-06 22:13:34    BatteryFarmSecLock_AM64电池锁定生产计划,二次锁定{数量:1}  
2022-10-06 22:13:34    VehicOverPointInfo_AM0D整车实绩过点信息{数量:1}  
2022-10-06 22:14:34    TransferVehicleBOM_BD00null{数量:89}  
2022-10-06 22:14:34    BatteryFarmOverPoint_AM65电池实际过点信息{数量:1}  
2022-10-06 22:14:34    ReceivePurchaseOrder_AP11DMS支给件总成{数量:1}  
2022-10-06 22:14:34    OrderTheOrder_AP0L订购订单接口{数量:1}  
2022-10-06 22:14:34    TransferVehicleBOM_AD08单车BOM{数量:4089}  
2022-10-06 22:14:34    VehicOverPointInfo_AM0D整车实绩过点信息{数量:1}  
2022-10-06 22:15:34    OutSyncTicket_AW0BLMS外同步票接口{数量:30}  
2022-10-06 22:15:34    TransferVehicleBOM_BD00null{数量:79}  
2022-10-06 22:15:34    BatteryFarmOverPoint_AM65电池实际过点信息{数量:1}  
2022-10-06 22:15:34    ReceivePurchaseOrder_AP11DMS支给件总成{数量:1}  
2022-10-06 22:15:34    TransferVehicleBOM_AD08单车BOM{数量:4069}  
2022-10-06 22:15:34    BatteryFarmSecLock_AM64电池锁定生产计划,二次锁定{数量:1}  
2022-10-06 22:15:34    VehicOverPointInfo_AM0D整车实绩过点信息{数量:1}  
2022-10-06 22:16:34    TransferVehicleBOM_BD00null{数量:69}  
2022-10-06 22:16:34    BatteryFarmOverPoint_AM65电池实际过点信息{数量:1}  
2022-10-06 22:16:34    ReceivePurchaseOrder_AP11DMS支给件总成{数量:1}  
2022-10-06 22:16:34    TransferVehicleBOM_AD08单车BOM{数量:4049}  
2022-10-06 22:16:34    VehicOverPointInfo_AM0D整车实绩过点信息{数量:1}  
2022-10-06 22:17:34    OutSyncTicket_AW0BLMS外同步票接口{数量:13}  
2022-10-06 22:17:34    TransferVehicleBOM_BD00null{数量:59}  
2022-10-06 22:17:34    BatteryFarmOverPoint_AM65电池实际过点信息{数量:1}  
2022-10-06 22:17:34    ReceivePurchaseOrder_AP11DMS支给件总成{数量:1}  
2022-10-06 22:17:34    TransferVehicleBOM_AD08单车BOM{数量:4029}  
2022-10-06 22:17:34    BatteryFarmSecLock_AM64电池锁定生产计划,二次锁定{数量:1}  
2022-10-06 22:17:34    VehicOverPointInfo_AM0D整车实绩过点信息{数量:1}  
2022-10-06 22:18:34    TransferVehicleBOM_BD00null{数量:49}  
2022-10-06 22:18:34    BatteryFarmOverPoint_AM65电池实际过点信息{数量:1}  
2022-10-06 22:18:34    ReceivePurchaseOrder_AP11DMS支给件总成{数量:1}  
2022-10-06 22:18:34    OrderTheOrder_AP0L订购订单接口{数量:6}  
2022-10-06 22:18:34    TransferVehicleBOM_AD08单车BOM{数量:4009}  
2022-10-06 22:18:34    VehicOverPointInfo_AM0D整车实绩过点信息{数量:1}  
2022-10-06 22:19:34    OutSyncTicket_AW0BLMS外同步票接口{数量:27}  
2022-10-06 22:19:34    TransferVehicleBOM_BD00null{数量:39}  
2022-10-06 22:19:34    BatteryFarmOverPoint_AM65电池实际过点信息{数量:1}  
2022-10-06 22:19:34    ReceivePurchaseOrder_AP11DMS支给件总成{数量:1}  
2022-10-06 22:19:34    TransferVehicleBOM_AD08单车BOM{数量:3989}  
2022-10-06 22:19:34    BatteryFarmSecLock_AM64电池锁定生产计划,二次锁定{数量:1}  
2022-10-06 22:19:34    VehicOverPointInfo_AM0D整车实绩过点信息{数量:1}  
2022-10-06 22:20:34    TransferVehicleBOM_BD00null{数量:29}  
2022-10-06 22:20:34    OrderTheOrder_AP0L订购订单接口{数量:1}  
2022-10-06 22:20:34    TransferVehicleBOM_AD08单车BOM{数量:3969}  
2022-10-06 22:20:34    VehicOverPointInfo_AM0D整车实绩过点信息{数量:1}  
2022-10-06 22:21:34    TransferVehicleBOM_BD00null{数量:19}  
2022-10-06 22:21:34    BatteryFarmOverPoint_AM65电池实际过点信息{数量:1}  
2022-10-06 22:21:34    TransferVehicleBOM_AD08单车BOM{数量:3949}  
2022-10-06 22:21:34    BatteryFarmSecLock_AM64电池锁定生产计划,二次锁定{数量:1}  
2022-10-06 22:21:34    VehicOverPointInfo_AM0D整车实绩过点信息{数量:1}  
2022-10-06 22:22:34    TransferVehicleBOM_BD00null{数量:9}  
2022-10-06 22:22:34    OrderTheOrder_AP0L订购订单接口{数量:28}  
2022-10-06 22:22:34    VehicLockProducPlan_AM0A整车锁定生产计划,二次锁定{数量:1}  
2022-10-06 22:22:34    TransferVehicleBOM_AD08单车BOM{数量:3929}  
2022-10-06 22:22:34    VehicOverPointInfo_AM0D整车实绩过点信息{数量:1}  
2022-10-06 22:23:34    OutSyncTicket_AW0BLMS外同步票接口{数量:41}  
2022-10-06 22:23:34    BatteryFarmOverPoint_AM65电池实际过点信息{数量:1}  
2022-10-06 22:23:34    TransferVehicleBOM_AD08单车BOM{数量:3909}  
2022-10-06 22:23:34    VehicOverPointInfo_AM0D整车实绩过点信息{数量:1}  
2022-10-06 22:24:34    TransferVehicleBOM_AD08单车BOM{数量:3889}  
2022-10-06 22:24:34    VehicOverPointInfo_AM0D整车实绩过点信息{数量:1}  
2022-10-06 22:25:34    BatteryFarmOverPoint_AM65电池实际过点信息{数量:1}  
2022-10-06 22:25:34    TransferVehicleBOM_AD08单车BOM{数量:3869}  
2022-10-06 22:25:34    VehicOverPointInfo_AM0D整车实绩过点信息{数量:1}  
2022-10-06 22:26:34    BatteryFarmOverPoint_AM65电池实际过点信息{数量:1}  
2022-10-06 22:26:34    OrderTheOrder_AP0L订购订单接口{数量:1}  
2022-10-06 22:26:34    TransferVehicleBOM_AD08单车BOM{数量:3849}  
2022-10-06 22:26:34    VehicOverPointInfo_AM0D整车实绩过点信息{数量:1}  
2022-10-06 22:27:34    OutSyncTicket_AW0BLMS外同步票接口{数量:16}  
2022-10-06 22:27:34    BatteryFarmOverPoint_AM65电池实际过点信息{数量:1}  
2022-10-06 22:27:34    TransferVehicleBOM_AD08单车BOM{数量:3829}  
2022-10-06 22:27:34    VehicOverPointInfo_AM0D整车实绩过点信息{数量:1}  
2022-10-06 22:28:34    BatteryFarmOverPoint_AM65电池实际过点信息{数量:1}  
2022-10-06 22:28:34    TransferVehicleBOM_AD08单车BOM{数量:3809}  
2022-10-06 22:28:34    VehicOverPointInfo_AM0D整车实绩过点信息{数量:1}  
2022-10-06 22:29:34    OutSyncTicket_AW0BLMS外同步票接口{数量:7}  
2022-10-06 22:29:34    TransferVehicleBOM_AD08单车BOM{数量:3789}  
2022-10-06 22:29:34    VehicOverPointInfo_AM0D整车实绩过点信息{数量:1}  
2022-10-06 22:30:34    BatteryFarmOverPoint_AM65电池实际过点信息{数量:1}  
2022-10-06 22:30:34    TransferVehicleBOM_AD08单车BOM{数量:3769}  
2022-10-06 22:30:34    VehicOverPointInfo_AM0D整车实绩过点信息{数量:1}  
2022-10-06 22:31:34    OutSyncTicket_AW0BLMS外同步票接口{数量:5}  
2022-10-06 22:31:34    TransferVehicleBOM_AD08单车BOM{数量:3749}  
2022-10-06 22:31:34    VehicOverPointInfo_AM0D整车实绩过点信息{数量:1}  
2022-10-06 22:32:34    BatteryFarmOverPoint_AM65电池实际过点信息{数量:1}  
2022-10-06 22:32:34    OrderTheOrder_AP0L订购订单接口{数量:19}  
2022-10-06 22:32:34    VehicLockProducPlan_AM0A整车锁定生产计划,二次锁定{数量:1}  
2022-10-06 22:32:34    TransferVehicleBOM_AD08单车BOM{数量:3729}  
2022-10-06 22:32:34    VehicOverPointInfo_AM0D整车实绩过点信息{数量:1}  
2022-10-06 22:33:34    OutSyncTicket_AW0BLMS外同步票接口{数量:26}  
2022-10-06 22:33:34    TransferVehicleBOM_AD08单车BOM{数量:3709}  
2022-10-06 22:33:34    VehicOverPointInfo_AM0D整车实绩过点信息{数量:1}  
2022-10-06 22:34:34    BatteryFarmOverPoint_AM65电池实际过点信息{数量:1}  
2022-10-06 22:34:34    OrderTheOrder_AP0L订购订单接口{数量:2}  
2022-10-06 22:34:34    TransferVehicleBOM_AD08单车BOM{数量:3689}  
2022-10-06 22:34:34    VehicOverPointInfo_AM0D整车实绩过点信息{数量:1}  
2022-10-06 22:35:34    OutSyncTicket_AW0BLMS外同步票接口{数量:6}  
2022-10-06 22:35:34    BatteryFarmOverPoint_AM65电池实际过点信息{数量:1}  
2022-10-06 22:35:34    TransferVehicleBOM_AD08单车BOM{数量:3669}  
2022-10-06 22:35:34    VehicOverPointInfo_AM0D整车实绩过点信息{数量:1}  
2022-10-06 22:36:35    TransferVehicleBOM_AD08单车BOM{数量:3649}  
2022-10-06 22:36:35    VehicOverPointInfo_AM0D整车实绩过点信息{数量:1}  
2022-10-06 22:37:35    OutSyncTicket_AW0BLMS外同步票接口{数量:8}  
2022-10-06 22:37:35    BatteryFarmOverPoint_AM65电池实际过点信息{数量:1}  
2022-10-06 22:37:35    TransferVehicleBOM_AD08单车BOM{数量:3629}  
2022-10-06 22:37:35    VehicOverPointInfo_AM0D整车实绩过点信息{数量:1}  
2022-10-06 22:38:35    BatteryFarmOverPoint_AM65电池实际过点信息{数量:1}  
2022-10-06 22:38:35    OrderTheOrder_AP0L订购订单接口{数量:3}  
2022-10-06 22:38:35    TransferVehicleBOM_AD08单车BOM{数量:3609}  
2022-10-06 22:38:35    VehicOverPointInfo_AM0D整车实绩过点信息{数量:1}  
2022-10-06 22:39:35    OutSyncTicket_AW0BLMS外同步票接口{数量:25}  
2022-10-06 22:39:35    BatteryFarmOverPoint_AM65电池实际过点信息{数量:1}  
2022-10-06 22:39:35    TransferVehicleBOM_AD08单车BOM{数量:3589}  
2022-10-06 22:39:35    VehicOverPointInfo_AM0D整车实绩过点信息{数量:1}  
2022-10-06 22:40:36    TransferVehicleBOM_AD08单车BOM{数量:3569}  
2022-10-06 22:40:36    VehicOverPointInfo_AM0D整车实绩过点信息{数量:1}  
2022-10-06 22:41:36    OutSyncTicket_AW0BLMS外同步票接口{数量:8}  
2022-10-06 22:41:36    BatteryFarmOverPoint_AM65电池实际过点信息{数量:1}  
2022-10-06 22:41:36    TransferVehicleBOM_AD08单车BOM{数量:3549}  
2022-10-06 22:41:36    VehicOverPointInfo_AM0D整车实绩过点信息{数量:1}  
2022-10-06 22:42:36    BatteryFarmOverPoint_AM65电池实际过点信息{数量:1}  
2022-10-06 22:42:36    OrderTheOrder_AP0L订购订单接口{数量:28}  
2022-10-06 22:42:36    VehicLockProducPlan_AM0A整车锁定生产计划,二次锁定{数量:1}  
2022-10-06 22:42:36    TransferVehicleBOM_AD08单车BOM{数量:3529}  
2022-10-06 22:42:36    VehicOverPointInfo_AM0D整车实绩过点信息{数量:1}  
2022-10-06 22:43:36    OutSyncTicket_AW0BLMS外同步票接口{数量:30}  
2022-10-06 22:43:36    BatteryFarmOverPoint_AM65电池实际过点信息{数量:1}  
2022-10-06 22:43:36    TransferVehicleBOM_AD08单车BOM{数量:3509}  
2022-10-06 22:43:36    VehicOverPointInfo_AM0D整车实绩过点信息{数量:1}  
2022-10-06 22:44:36    TransferVehicleBOM_AD08单车BOM{数量:3489}  
2022-10-06 22:44:36    VehicOverPointInfo_AM0D整车实绩过点信息{数量:1}  
2022-10-06 22:45:36    BatteryFarmOverPoint_AM65电池实际过点信息{数量:1}  
2022-10-06 22:45:36    TransferVehicleBOM_AD08单车BOM{数量:3469}  
2022-10-06 22:45:36    VehicOverPointInfo_AM0D整车实绩过点信息{数量:1}  
2022-10-06 22:46:36    TransferVehicleBOM_AD08单车BOM{数量:3449}  
2022-10-06 22:46:36    VehicOverPointInfo_AM0D整车实绩过点信息{数量:1}  
2022-10-06 22:47:36    OutSyncTicket_AW0BLMS外同步票接口{数量:9}  
2022-10-06 22:47:36    BatteryFarmOverPoint_AM65电池实际过点信息{数量:1}  
2022-10-06 22:47:36    TransferVehicleBOM_AD08单车BOM{数量:3429}  
2022-10-06 22:47:36    VehicOverPointInfo_AM0D整车实绩过点信息{数量:1}  
2022-10-06 22:48:36    BatteryFarmOverPoint_AM65电池实际过点信息{数量:1}  
2022-10-06 22:48:36    OrderTheOrder_AP0L订购订单接口{数量:13}  
2022-10-06 22:48:36    TransferVehicleBOM_AD08单车BOM{数量:3409}  
2022-10-06 22:48:36    VehicOverPointInfo_AM0D整车实绩过点信息{数量:1}  
2022-10-06 22:49:36    OutSyncTicket_AW0BLMS外同步票接口{数量:26}  
2022-10-06 22:49:36    TransferVehicleBOM_AD08单车BOM{数量:3389}  
2022-10-06 22:49:36    VehicOverPointInfo_AM0D整车实绩过点信息{数量:1}  
2022-10-06 22:50:36    TransferVehicleBOM_AD08单车BOM{数量:3369}  
2022-10-06 22:50:36    VehicOverPointInfo_AM0D整车实绩过点信息{数量:1}  
2022-10-06 22:51:36    BatteryFarmOverPoint_AM65电池实际过点信息{数量:1}  
2022-10-06 22:51:36    TransferVehicleBOM_AD08单车BOM{数量:3349}  
2022-10-06 22:51:36    VehicOverPointInfo_AM0D整车实绩过点信息{数量:1}  
2022-10-06 22:52:36    OrderTheOrder_AP0L订购订单接口{数量:16}  
2022-10-06 22:52:36    VehicLockProducPlan_AM0A整车锁定生产计划,二次锁定{数量:1}  
2022-10-06 22:52:36    TransferVehicleBOM_AD08单车BOM{数量:3329}  
2022-10-06 22:52:36    VehicOverPointInfo_AM0D整车实绩过点信息{数量:1}  
2022-10-06 22:53:36    OutSyncTicket_AW0BLMS外同步票接口{数量:22}  
2022-10-06 22:53:36    BatteryFarmOverPoint_AM65电池实际过点信息{数量:1}  
2022-10-06 22:53:36    TransferVehicleBOM_AD08单车BOM{数量:3309}  
2022-10-06 22:53:36    VehicOverPointInfo_AM0D整车实绩过点信息{数量:1}  
2022-10-06 22:54:36    OrderTheOrder_AP0L订购订单接口{数量:3}  
2022-10-06 22:54:36    TransferVehicleBOM_AD08单车BOM{数量:3289}  
2022-10-06 22:54:36    VehicOverPointInfo_AM0D整车实绩过点信息{数量:1}  
2022-10-06 22:55:36    OutSyncTicket_AW0BLMS外同步票接口{数量:26}  
2022-10-06 22:55:36    TransferVehicleBOM_AD08单车BOM{数量:3269}  
2022-10-06 22:55:36    VehicOverPointInfo_AM0D整车实绩过点信息{数量:1}  
2022-10-06 22:56:36    BatteryFarmOverPoint_AM65电池实际过点信息{数量:1}  
2022-10-06 22:56:36    TransferVehicleBOM_AD08单车BOM{数量:3249}  
2022-10-06 22:56:36    VehicOverPointInfo_AM0D整车实绩过点信息{数量:1}  
2022-10-06 22:57:36    OutSyncTicket_AW0BLMS外同步票接口{数量:5}  
2022-10-06 22:57:36    TransferVehicleBOM_AD08单车BOM{数量:3229}  
2022-10-06 22:57:36    VehicOverPointInfo_AM0D整车实绩过点信息{数量:1}  
2022-10-06 22:58:36    BatteryFarmOverPoint_AM65电池实际过点信息{数量:1}  
2022-10-06 22:58:36    TransferVehicleBOM_AD08单车BOM{数量:3209}  
2022-10-06 22:58:36    VehicOverPointInfo_AM0D整车实绩过点信息{数量:1}  
2022-10-06 22:59:36    OutSyncTicket_AW0BLMS外同步票接口{数量:4}  
2022-10-06 22:59:36    TransferVehicleBOM_AD08单车BOM{数量:3189}  
2022-10-06 22:59:36    VehicOverPointInfo_AM0D整车实绩过点信息{数量:1}  
2022-10-06 23:00:36    BatteryFarmOverPoint_AM65电池实际过点信息{数量:1}  
2022-10-06 23:00:36    TransferVehicleBOM_AD08单车BOM{数量:3169}  
2022-10-06 23:00:36    VehicOverPointInfo_AM0D整车实绩过点信息{数量:1}  
2022-10-06 23:01:36    OutSyncTicket_AW0BLMS外同步票接口{数量:2}  
2022-10-06 23:01:36    BatteryFarmOverPoint_AM65电池实际过点信息{数量:1}  
2022-10-06 23:01:36    TransferVehicleBOM_AD08单车BOM{数量:3149}  
2022-10-06 23:01:36    VehicOverPointInfo_AM0D整车实绩过点信息{数量:1}  
2022-10-06 23:02:36    OrderTheOrder_AP0L订购订单接口{数量:14}  
2022-10-06 23:02:36    VehicLockProducPlan_AM0A整车锁定生产计划,二次锁定{数量:1}  
2022-10-06 23:02:36    TransferVehicleBOM_AD08单车BOM{数量:3129}  
2022-10-06 23:02:36    VehicOverPointInfo_AM0D整车实绩过点信息{数量:1}  
2022-10-06 23:03:36    TransferVehicleBOM_AD08单车BOM{数量:3109}  
2022-10-06 23:03:36    VehicOverPointInfo_AM0D整车实绩过点信息{数量:1}  
2022-10-06 23:04:36    BatteryFarmOverPoint_AM65电池实际过点信息{数量:1}  
2022-10-06 23:04:36    TransferVehicleBOM_AD08单车BOM{数量:3089}  
2022-10-06 23:04:36    VehicOverPointInfo_AM0D整车实绩过点信息{数量:1}  
2022-10-06 23:05:36    OutSyncTicket_AW0BLMS外同步票接口{数量:5}  
2022-10-06 23:05:36    BatteryFarmOverPoint_AM65电池实际过点信息{数量:1}  
2022-10-06 23:05:36    TransferVehicleBOM_AD08单车BOM{数量:3069}  
2022-10-06 23:05:36    VehicOverPointInfo_AM0D整车实绩过点信息{数量:1}  
2022-10-06 23:06:36    BatteryFarmOverPoint_AM65电池实际过点信息{数量:1}  
2022-10-06 23:06:36    TransferVehicleBOM_AD08单车BOM{数量:3049}  
2022-10-06 23:06:36    VehicOverPointInfo_AM0D整车实绩过点信息{数量:1}  
2022-10-06 23:07:36    TransferVehicleBOM_AD08单车BOM{数量:3029}  
2022-10-06 23:07:36    VehicOverPointInfo_AM0D整车实绩过点信息{数量:1}  
2022-10-06 23:08:36    TransferVehicleBOM_AD08单车BOM{数量:3009}  
2022-10-06 23:08:36    VehicOverPointInfo_AM0D整车实绩过点信息{数量:1}  
2022-10-06 23:15:52    OutSyncTicket_AW0BLMS外同步票接口{数量:21}  
2022-10-06 23:15:52    TransferVehicleBOM_AD08单车BOM{数量:2859}  
2022-10-06 23:15:52    VehicOverPointInfo_AM0D整车实绩过点信息{数量:1}  
2022-10-06 23:16:52    TransferVehicleBOM_AD08单车BOM{数量:2839}  
2022-10-06 23:16:52    VehicOverPointInfo_AM0D整车实绩过点信息{数量:2}  
2022-10-06 23:17:52    OutSyncTicket_AW0BLMS外同步票接口{数量:101}  
2022-10-06 23:17:52    TransferVehicleBOM_AD08单车BOM{数量:2819}  
2022-10-06 23:17:52    VehicOverPointInfo_AM0D整车实绩过点信息{数量:2}  
2022-10-06 23:18:52    BatteryFarmOverPoint_AM65电池实际过点信息{数量:1}  
2022-10-06 23:18:52    TransferVehicleBOM_AD08单车BOM{数量:2799}  
2022-10-06 23:18:52    VehicOverPointInfo_AM0D整车实绩过点信息{数量:2}  
2022-10-06 23:19:52    OutSyncTicket_AW0BLMS外同步票接口{数量:6}  
2022-10-06 23:19:52    BatteryFarmOverPoint_AM65电池实际过点信息{数量:1}  
2022-10-06 23:19:52    TransferVehicleBOM_AD08单车BOM{数量:2779}  
2022-10-06 23:19:52    VehicOverPointInfo_AM0D整车实绩过点信息{数量:2}  
2022-10-06 23:20:52    BatteryFarmOverPoint_AM65电池实际过点信息{数量:1}  
2022-10-06 23:20:52    TransferVehicleBOM_AD08单车BOM{数量:2759}  
2022-10-06 23:20:52    VehicOverPointInfo_AM0D整车实绩过点信息{数量:2}  
2022-10-06 23:21:52    OutSyncTicket_AW0BLMS外同步票接口{数量:3}  
2022-10-06 23:21:52    TransferVehicleBOM_AD08单车BOM{数量:2739}  
2022-10-06 23:21:52    VehicOverPointInfo_AM0D整车实绩过点信息{数量:2}  
2022-10-06 23:22:52    BatteryFarmOverPoint_AM65电池实际过点信息{数量:1}  
2022-10-06 23:22:52    TransferVehicleBOM_AD08单车BOM{数量:2719}  
2022-10-06 23:22:52    VehicOverPointInfo_AM0D整车实绩过点信息{数量:2}  
2022-10-06 23:23:52    TransferVehicleBOM_AD08单车BOM{数量:2699}  
2022-10-06 23:23:52    VehicOverPointInfo_AM0D整车实绩过点信息{数量:2}  
2022-10-06 23:24:52    BatteryFarmOverPoint_AM65电池实际过点信息{数量:1}  
2022-10-06 23:24:52    TransferVehicleBOM_AD08单车BOM{数量:2679}  
2022-10-06 23:24:52    VehicOverPointInfo_AM0D整车实绩过点信息{数量:2}  
2022-10-06 23:25:52    TransferVehicleBOM_AD08单车BOM{数量:2659}  
2022-10-06 23:25:52    VehicOverPointInfo_AM0D整车实绩过点信息{数量:2}  
2022-10-06 23:26:52    BatteryFarmOverPoint_AM65电池实际过点信息{数量:1}  
2022-10-06 23:26:52    TransferVehicleBOM_AD08单车BOM{数量:2639}  
2022-10-06 23:26:52    VehicOverPointInfo_AM0D整车实绩过点信息{数量:2}  
2022-10-06 23:27:52    TransferVehicleBOM_AD08单车BOM{数量:2619}  
2022-10-06 23:27:52    VehicOverPointInfo_AM0D整车实绩过点信息{数量:2}  
2022-10-06 23:28:52    BatteryFarmOverPoint_AM65电池实际过点信息{数量:1}  
2022-10-06 23:28:52    TransferVehicleBOM_AD08单车BOM{数量:2599}  
2022-10-06 23:28:52    VehicOverPointInfo_AM0D整车实绩过点信息{数量:2}  
2022-10-06 23:29:52    BatteryFarmOverPoint_AM65电池实际过点信息{数量:1}  
2022-10-06 23:29:52    VehicLockProducPlan_AM0A整车锁定生产计划,二次锁定{数量:1}  
2022-10-06 23:29:52    TransferVehicleBOM_AD08单车BOM{数量:2579}  
2022-10-06 23:29:52    VehicOverPointInfo_AM0D整车实绩过点信息{数量:2}  
2022-10-06 23:30:52    TransferVehicleBOM_AD08单车BOM{数量:2559}  
2022-10-06 23:30:52    VehicOverPointInfo_AM0D整车实绩过点信息{数量:2}  
2022-10-06 23:31:52    OutSyncTicket_AW0BLMS外同步票接口{数量:4}  
2022-10-06 23:31:52    BatteryFarmOverPoint_AM65电池实际过点信息{数量:1}  
2022-10-06 23:31:52    TransferVehicleBOM_AD08单车BOM{数量:2539}  
2022-10-06 23:31:52    VehicOverPointInfo_AM0D整车实绩过点信息{数量:2}  
2022-10-06 23:32:52    BatteryFarmOverPoint_AM65电池实际过点信息{数量:1}  
2022-10-06 23:32:52    TransferVehicleBOM_AD08单车BOM{数量:2519}  
2022-10-06 23:32:52    VehicOverPointInfo_AM0D整车实绩过点信息{数量:2}  
2022-10-06 23:33:52    BatteryFarmOverPoint_AM65电池实际过点信息{数量:1}  
2022-10-06 23:33:52    TransferVehicleBOM_AD08单车BOM{数量:2499}  
2022-10-06 23:33:52    VehicOverPointInfo_AM0D整车实绩过点信息{数量:2}  
2022-10-06 23:34:52    BatteryFarmOverPoint_AM65电池实际过点信息{数量:1}  
2022-10-06 23:34:52    TransferVehicleBOM_AD08单车BOM{数量:2479}  
2022-10-06 23:34:52    VehicOverPointInfo_AM0D整车实绩过点信息{数量:2}  
2022-10-06 23:35:52    OutSyncTicket_AW0BLMS外同步票接口{数量:38}  
2022-10-06 23:35:52    TransferVehicleBOM_AD08单车BOM{数量:2459}  
2022-10-06 23:35:52    VehicOverPointInfo_AM0D整车实绩过点信息{数量:2}  
2022-10-06 23:36:53    TransferVehicleBOM_AD08单车BOM{数量:2439}  
2022-10-06 23:36:53    VehicOverPointInfo_AM0D整车实绩过点信息{数量:2}  
2022-10-06 23:37:53    OutSyncTicket_AW0BLMS外同步票接口{数量:7}  
2022-10-06 23:37:53    ExceptOrderAplFeedback_AP0W例外订购申请反馈{数量:2}  
2022-10-06 23:37:53    BatteryFarmOverPoint_AM65电池实际过点信息{数量:1}  
2022-10-06 23:37:53    TransferVehicleBOM_AD08单车BOM{数量:2419}  
2022-10-06 23:37:53    VehicOverPointInfo_AM0D整车实绩过点信息{数量:2}  
2022-10-06 23:38:53    BatteryFarmOverPoint_AM65电池实际过点信息{数量:1}  
2022-10-06 23:38:53    TransferVehicleBOM_AD08单车BOM{数量:2399}  
2022-10-06 23:38:53    VehicOverPointInfo_AM0D整车实绩过点信息{数量:2}  
2022-10-06 23:39:53    OutSyncTicket_AW0BLMS外同步票接口{数量:38}  
2022-10-06 23:39:53    BatteryFarmOverPoint_AM65电池实际过点信息{数量:1}  
2022-10-06 23:39:53    TransferVehicleBOM_AD08单车BOM{数量:2379}  
2022-10-06 23:39:53    VehicOverPointInfo_AM0D整车实绩过点信息{数量:2}  
2022-10-06 23:40:53    TransferVehicleBOM_AD08单车BOM{数量:2359}  
2022-10-06 23:40:53    VehicOverPointInfo_AM0D整车实绩过点信息{数量:2}  
2022-10-06 23:41:53    OutSyncTicket_AW0BLMS外同步票接口{数量:19}  
2022-10-06 23:41:53    BatteryFarmOverPoint_AM65电池实际过点信息{数量:1}  
2022-10-06 23:41:53    TransferVehicleBOM_AD08单车BOM{数量:2339}  
2022-10-06 23:41:53    VehicOverPointInfo_AM0D整车实绩过点信息{数量:2}  
2022-10-06 23:42:53    ExceptOrderAplFeedback_AP0W例外订购申请反馈{数量:8}  
2022-10-06 23:42:53    TransferVehicleBOM_AD08单车BOM{数量:2319}  
2022-10-06 23:42:53    VehicOverPointInfo_AM0D整车实绩过点信息{数量:2}  
2022-10-06 23:43:53    OutSyncTicket_AW0BLMS外同步票接口{数量:36}  
2022-10-06 23:43:53    TransferVehicleBOM_AD08单车BOM{数量:2299}  
2022-10-06 23:43:53    VehicOverPointInfo_AM0D整车实绩过点信息{数量:2}  
2022-10-06 23:44:53    BatteryFarmOverPoint_AM65电池实际过点信息{数量:1}  
2022-10-06 23:44:53    TransferVehicleBOM_AD08单车BOM{数量:2279}  
2022-10-06 23:44:53    VehicOverPointInfo_AM0D整车实绩过点信息{数量:2}  
2022-10-06 23:45:53    OutSyncTicket_AW0BLMS外同步票接口{数量:10}  
2022-10-06 23:45:53    TransferVehicleBOM_AD08单车BOM{数量:2259}  
2022-10-06 23:45:53    VehicOverPointInfo_AM0D整车实绩过点信息{数量:2}  
2022-10-06 23:46:53    BatteryFarmOverPoint_AM65电池实际过点信息{数量:1}  
2022-10-06 23:46:53    TransferVehicleBOM_AD08单车BOM{数量:2239}  
2022-10-06 23:46:53    VehicOverPointInfo_AM0D整车实绩过点信息{数量:2}  
2022-10-06 23:47:53    OutSyncTicket_AW0BLMS外同步票接口{数量:8}  
2022-10-06 23:47:53    BatteryFarmOverPoint_AM65电池实际过点信息{数量:1}  
2022-10-06 23:47:53    TransferVehicleBOM_AD08单车BOM{数量:2219}  
2022-10-06 23:47:53    VehicOverPointInfo_AM0D整车实绩过点信息{数量:2}  
2022-10-06 23:48:53    BatteryFarmOverPoint_AM65电池实际过点信息{数量:1}  
2022-10-06 23:48:53    TransferVehicleBOM_AD08单车BOM{数量:2199}  
2022-10-06 23:48:53    VehicOverPointInfo_AM0D整车实绩过点信息{数量:2}  
2022-10-06 23:49:53    OutSyncTicket_AW0BLMS外同步票接口{数量:79}  
2022-10-06 23:49:53    TransferVehicleBOM_AD08单车BOM{数量:2179}  
2022-10-06 23:49:53    VehicOverPointInfo_AM0D整车实绩过点信息{数量:2}  
2022-10-06 23:50:53    BatteryFarmOverPoint_AM65电池实际过点信息{数量:1}  
2022-10-06 23:50:53    TransferVehicleBOM_AD08单车BOM{数量:2160}  
2022-10-06 23:50:53    VehicOverPointInfo_AM0D整车实绩过点信息{数量:2}  
2022-10-06 23:51:53    OutSyncTicket_AW0BLMS外同步票接口{数量:5}  
2022-10-06 23:51:53    BatteryFarmOverPoint_AM65电池实际过点信息{数量:1}  
2022-10-06 23:51:53    TransferVehicleBOM_AD08单车BOM{数量:2139}  
2022-10-06 23:51:53    VehicOverPointInfo_AM0D整车实绩过点信息{数量:2}  
2022-10-06 23:52:53    ExceptOrderAplFeedback_AP0W例外订购申请反馈{数量:1}  
2022-10-06 23:52:53    BatteryFarmOverPoint_AM65电池实际过点信息{数量:1}  
2022-10-06 23:52:53    TransferVehicleBOM_AD08单车BOM{数量:2119}  
2022-10-06 23:52:53    VehicOverPointInfo_AM0D整车实绩过点信息{数量:2}  
2022-10-06 23:53:53    OutSyncTicket_AW0BLMS外同步票接口{数量:22}  
2022-10-06 23:53:53    TransferVehicleBOM_AD08单车BOM{数量:2099}  
2022-10-06 23:53:53    VehicOverPointInfo_AM0D整车实绩过点信息{数量:2}  
2022-10-06 23:54:53    BatteryFarmOverPoint_AM65电池实际过点信息{数量:1}  
2022-10-06 23:54:53    TransferVehicleBOM_AD08单车BOM{数量:2079}  
2022-10-06 23:54:53    VehicOverPointInfo_AM0D整车实绩过点信息{数量:2}  
2022-10-06 23:55:53    OutSyncTicket_AW0BLMS外同步票接口{数量:34}  
2022-10-06 23:55:53    BatteryFarmOverPoint_AM65电池实际过点信息{数量:1}  
2022-10-06 23:55:53    TransferVehicleBOM_AD08单车BOM{数量:2059}  
2022-10-06 23:55:53    VehicOverPointInfo_AM0D整车实绩过点信息{数量:2}  
2022-10-06 23:56:53    BatteryFarmOverPoint_AM65电池实际过点信息{数量:1}  
2022-10-06 23:56:53    TransferVehicleBOM_AD08单车BOM{数量:2039}  
2022-10-06 23:56:53    VehicOverPointInfo_AM0D整车实绩过点信息{数量:2}  
2022-10-06 23:57:53    OutSyncTicket_AW0BLMS外同步票接口{数量:8}  
2022-10-06 23:57:53    BatteryFarmOverPoint_AM65电池实际过点信息{数量:1}  
2022-10-06 23:57:53    TransferVehicleBOM_AD08单车BOM{数量:2019}  
2022-10-06 23:57:53    VehicOverPointInfo_AM0D整车实绩过点信息{数量:2}  
2022-10-06 23:58:53    BatteryFarmOverPoint_AM65电池实际过点信息{数量:1}  
2022-10-06 23:58:53    TransferVehicleBOM_AD08单车BOM{数量:1999}  
2022-10-06 23:58:53    VehicOverPointInfo_AM0D整车实绩过点信息{数量:2}  
2022-10-06 23:59:53    OutSyncTicket_AW0BLMS外同步票接口{数量:53}  
2022-10-06 23:59:53    TransferVehicleBOM_AD08单车BOM{数量:1979}  
2022-10-06 23:59:53    VehicOverPointInfo_AM0D整车实绩过点信息{数量:2}  